<?xml version="1.0" encoding="utf-8"?>
<!DOCTYPE coverage SYSTEM "http://cobertura.sourceforge.net/xml/coverage-04.dtd">
<coverage line-rate="0.997885835095137" branch-rate="1" lines-covered="472" lines-valid="473" branches-covered="120" branches-valid="120" complexity="159" version="0" timestamp="1667430048">
  <sources>
    <source>C:\Users\Dell\</source>
  </sources>
  <packages>
    <package name="MyList" line-rate="1" branch-rate="1" complexity="128">
      <classes>
        <class name="MyList.Item`1" filename="C:\Users\Dell\OneDrive\Рабочий стол\Studying\.NET\Labs\Lab1\MyList\Item.cs" line-rate="1" branch-rate="1" complexity="8">
          <methods>
            <method name="get_Data" signature="()" line-rate="1" branch-rate="1" complexity="1">
              <lines>
                <line number="5" hits="199" branch="false" />
              </lines>
            </method>
            <method name="get_Next" signature="()" line-rate="1" branch-rate="1" complexity="1">
              <lines>
                <line number="6" hits="198" branch="false" />
              </lines>
            </method>
            <method name="get_Previous" signature="()" line-rate="1" branch-rate="1" complexity="1">
              <lines>
                <line number="7" hits="82" branch="false" />
              </lines>
            </method>
            <method name="ToString" signature="()" line-rate="1" branch-rate="1" complexity="4">
              <lines>
                <line number="11" hits="2" branch="true" condition-coverage="100% (4/4)" />
              </lines>
            </method>
            <method name=".ctor" signature="(...)" line-rate="1" branch-rate="1" complexity="1">
              <lines>
                <line number="9" hits="160" branch="false" />
              </lines>
            </method>
          </methods>
          <lines>
            <line number="5" hits="199" branch="false" />
            <line number="6" hits="198" branch="false" />
            <line number="7" hits="82" branch="false" />
            <line number="9" hits="160" branch="false" />
            <line number="11" hits="2" branch="true" condition-coverage="100% (4/4)" />
          </lines>
        </class>
        <class name="MyList.MyList`1" filename="C:\Users\Dell\OneDrive\Рабочий стол\Studying\.NET\Labs\Lab1\MyList\MyList.cs" line-rate="1" branch-rate="1" complexity="120">
          <methods>
            <method name="System.Collections.Generic.ICollection&lt;T&gt;.get_IsReadOnly" signature="()" line-rate="1" branch-rate="1" complexity="1">
              <lines>
                <line number="10" hits="1" branch="false" />
              </lines>
            </method>
            <method name="get_Count" signature="()" line-rate="1" branch-rate="1" complexity="1">
              <lines>
                <line number="16" hits="373" branch="false" />
              </lines>
            </method>
            <method name="get_Item" signature="(...)" line-rate="1" branch-rate="1" complexity="4">
              <lines>
                <line number="22" hits="13" branch="false" />
                <line number="23" hits="13" branch="false" />
                <line number="24" hits="13" branch="false" />
                <line number="25" hits="13" branch="false" />
                <line number="26" hits="35" branch="true" condition-coverage="100% (2/2)" />
                <line number="27" hits="35" branch="false" />
                <line number="28" hits="35" branch="true" condition-coverage="100% (2/2)" />
                <line number="29" hits="13" branch="false" />
                <line number="30" hits="13" branch="false" />
                <line number="32" hits="22" branch="false" />
                <line number="33" hits="22" branch="false" />
                <line number="34" hits="22" branch="false" />
                <line number="35" hits="13" branch="false" />
                <line number="36" hits="13" branch="false" />
              </lines>
            </method>
            <method name="set_Item" signature="(...)" line-rate="1" branch-rate="1" complexity="2">
              <lines>
                <line number="38" hits="4" branch="false" />
                <line number="39" hits="4" branch="false" />
                <line number="40" hits="4" branch="false" />
                <line number="41" hits="8" branch="true" condition-coverage="100% (2/2)" />
                <line number="42" hits="4" branch="false" />
                <line number="43" hits="4" branch="false" />
              </lines>
            </method>
            <method name="Add" signature="(...)" line-rate="1" branch-rate="1" complexity="4">
              <lines>
                <line number="57" hits="77" branch="false" />
                <line number="58" hits="77" branch="false" />
                <line number="59" hits="76" branch="false" />
                <line number="60" hits="76" branch="true" condition-coverage="100% (2/2)" />
                <line number="61" hits="20" branch="false" />
                <line number="62" hits="20" branch="false" />
                <line number="63" hits="20" branch="false" />
                <line number="66" hits="56" branch="false" />
                <line number="67" hits="112" branch="true" condition-coverage="100% (2/2)" />
                <line number="68" hits="56" branch="false" />
                <line number="69" hits="56" branch="false" />
                <line number="70" hits="56" branch="false" />
                <line number="71" hits="56" branch="false" />
                <line number="72" hits="56" branch="false" />
                <line number="74" hits="76" branch="false" />
                <line number="75" hits="76" branch="false" />
                <line number="76" hits="76" branch="false" />
              </lines>
            </method>
            <method name="AddRange" signature="(...)" line-rate="1" branch-rate="1" complexity="4">
              <lines>
                <line number="78" hits="18" branch="false" />
                <line number="79" hits="18" branch="false" />
                <line number="80" hits="17" branch="true" condition-coverage="100% (2/2)" />
                <line number="81" hits="1" branch="false" />
                <line number="82" hits="1" branch="false" />
                <line number="85" hits="176" branch="true" condition-coverage="100% (2/2)" />
                <line number="86" hits="64" branch="false" />
                <line number="87" hits="64" branch="false" />
                <line number="88" hits="64" branch="false" />
                <line number="89" hits="16" branch="false" />
              </lines>
            </method>
            <method name="Clear" signature="()" line-rate="1" branch-rate="1" complexity="1">
              <lines>
                <line number="91" hits="2" branch="false" />
                <line number="92" hits="2" branch="false" />
                <line number="93" hits="1" branch="false" />
                <line number="94" hits="1" branch="false" />
                <line number="95" hits="1" branch="false" />
              </lines>
            </method>
            <method name="Contains" signature="(...)" line-rate="1" branch-rate="1" complexity="6">
              <lines>
                <line number="97" hits="7" branch="false" />
                <line number="98" hits="7" branch="false" />
                <line number="99" hits="7" branch="false" />
                <line number="100" hits="21" branch="true" condition-coverage="100% (2/2)" />
                <line number="101" hits="18" branch="false" />
                <line number="102" hits="18" branch="true" condition-coverage="100% (4/4)" />
                <line number="103" hits="4" branch="false" />
                <line number="104" hits="4" branch="false" />
                <line number="105" hits="4" branch="false" />
                <line number="108" hits="14" branch="false" />
                <line number="109" hits="14" branch="false" />
                <line number="111" hits="7" branch="false" />
                <line number="112" hits="7" branch="false" />
              </lines>
            </method>
            <method name="IndexOf" signature="(...)" line-rate="1" branch-rate="1" complexity="6">
              <lines>
                <line number="114" hits="6" branch="false" />
                <line number="115" hits="6" branch="false" />
                <line number="116" hits="6" branch="false" />
                <line number="117" hits="6" branch="false" />
                <line number="118" hits="18" branch="true" condition-coverage="100% (2/2)" />
                <line number="119" hits="16" branch="false" />
                <line number="120" hits="16" branch="true" condition-coverage="100% (4/4)" />
                <line number="121" hits="4" branch="false" />
                <line number="122" hits="4" branch="false" />
                <line number="123" hits="4" branch="false" />
                <line number="126" hits="12" branch="false" />
                <line number="127" hits="12" branch="false" />
                <line number="128" hits="12" branch="false" />
                <line number="130" hits="6" branch="false" />
                <line number="131" hits="6" branch="false" />
              </lines>
            </method>
            <method name="Insert" signature="(...)" line-rate="1" branch-rate="1" complexity="10">
              <lines>
                <line number="133" hits="5" branch="false" />
                <line number="134" hits="5" branch="false" />
                <line number="135" hits="5" branch="true" condition-coverage="100% (4/4)" />
                <line number="136" hits="2" branch="false" />
                <line number="137" hits="2" branch="false" />
                <line number="140" hits="3" branch="true" condition-coverage="100% (2/2)" />
                <line number="141" hits="1" branch="false" />
                <line number="142" hits="1" branch="false" />
                <line number="143" hits="1" branch="false" />
                <line number="144" hits="2" branch="true" condition-coverage="100% (2/2)" />
                <line number="145" hits="1" branch="false" />
                <line number="146" hits="1" branch="false" />
                <line number="147" hits="1" branch="false" />
                <line number="148" hits="1" branch="false" />
                <line number="149" hits="1" branch="false" />
                <line number="150" hits="1" branch="true" condition-coverage="100% (2/2)" />
                <line number="151" hits="1" branch="false" />
                <line number="152" hits="1" branch="false" />
                <line number="153" hits="1" branch="false" />
                <line number="154" hits="1" branch="false" />
                <line number="155" hits="1" branch="false" />
                <line number="156" hits="1" branch="false" />
                <line number="157" hits="1" branch="false" />
                <line number="159" hits="1" branch="false" />
                <line number="160" hits="1" branch="false" />
                <line number="161" hits="1" branch="false" />
                <line number="162" hits="1" branch="false" />
                <line number="163" hits="3" branch="false" />
              </lines>
            </method>
            <method name="Remove" signature="(...)" line-rate="1" branch-rate="1" complexity="32">
              <lines>
                <line number="165" hits="11" branch="false" />
                <line number="166" hits="11" branch="false" />
                <line number="168" hits="11" branch="false" />
                <line number="170" hits="11" branch="true" condition-coverage="100% (8/8)" />
                <line number="171" hits="4" branch="false" />
                <line number="172" hits="4" branch="false" />
                <line number="173" hits="4" branch="true" condition-coverage="100% (2/2)" />
                <line number="174" hits="3" branch="false" />
                <line number="175" hits="3" branch="false" />
                <line number="176" hits="3" branch="false" />
                <line number="177" hits="4" branch="false" />
                <line number="179" hits="7" branch="false" />
                <line number="180" hits="7" branch="true" condition-coverage="100% (2/2)" />
                <line number="182" hits="16" branch="true" condition-coverage="100% (4/4)" />
                <line number="183" hits="9" branch="false" />
                <line number="184" hits="9" branch="true" condition-coverage="100% (4/4)" />
                <line number="185" hits="2" branch="false" />
                <line number="186" hits="2" branch="false" />
                <line number="187" hits="2" branch="false" />
                <line number="188" hits="2" branch="false" />
                <line number="190" hits="9" branch="false" />
                <line number="191" hits="9" branch="false" />
                <line number="192" hits="7" branch="false" />
                <line number="194" hits="11" branch="true" condition-coverage="100% (10/10)" />
                <line number="195" hits="4" branch="false" />
                <line number="196" hits="4" branch="false" />
                <line number="197" hits="4" branch="true" condition-coverage="100% (2/2)" />
                <line number="198" hits="3" branch="false" />
                <line number="199" hits="3" branch="false" />
                <line number="200" hits="3" branch="false" />
                <line number="201" hits="4" branch="false" />
                <line number="203" hits="11" branch="false" />
                <line number="204" hits="11" branch="false" />
              </lines>
            </method>
            <method name="RemoveAt" signature="(...)" line-rate="1" branch-rate="1" complexity="8">
              <lines>
                <line number="206" hits="5" branch="false" />
                <line number="207" hits="5" branch="false" />
                <line number="208" hits="5" branch="false" />
                <line number="209" hits="3" branch="true" condition-coverage="100% (4/4)" />
                <line number="210" hits="1" branch="false" />
                <line number="211" hits="1" branch="false" />
                <line number="212" hits="1" branch="false" />
                <line number="213" hits="1" branch="false" />
                <line number="214" hits="2" branch="true" condition-coverage="100% (4/4)" />
                <line number="215" hits="1" branch="false" />
                <line number="216" hits="1" branch="false" />
                <line number="217" hits="1" branch="false" />
                <line number="218" hits="1" branch="false" />
                <line number="220" hits="1" branch="false" />
                <line number="221" hits="1" branch="false" />
                <line number="222" hits="1" branch="false" />
                <line number="223" hits="3" branch="false" />
              </lines>
            </method>
            <method name="CopyTo" signature="(...)" line-rate="1" branch-rate="1" complexity="12">
              <lines>
                <line number="225" hits="6" branch="false" />
                <line number="226" hits="6" branch="true" condition-coverage="100% (2/2)" />
                <line number="227" hits="1" branch="false" />
                <line number="228" hits="1" branch="false" />
                <line number="230" hits="5" branch="true" condition-coverage="100% (2/2)" />
                <line number="231" hits="1" branch="false" />
                <line number="232" hits="1" branch="false" />
                <line number="234" hits="4" branch="true" condition-coverage="100% (4/4)" />
                <line number="235" hits="2" branch="false" />
                <line number="236" hits="2" branch="false" />
                <line number="239" hits="2" branch="false" />
                <line number="240" hits="2" branch="false" />
                <line number="241" hits="2" branch="false" />
                <line number="242" hits="10" branch="true" condition-coverage="100% (4/4)" />
                <line number="243" hits="16" branch="false" />
                <line number="244" hits="8" branch="false" />
                <line number="245" hits="8" branch="false" />
                <line number="246" hits="8" branch="false" />
                <line number="248" hits="2" branch="false" />
                <line number="249" hits="2" branch="false" />
                <line number="250" hits="2" branch="false" />
              </lines>
            </method>
            <method name="OnEvent" signature="(...)" line-rate="1" branch-rate="1" complexity="2">
              <lines>
                <line number="262" hits="96" branch="false" />
                <line number="263" hits="96" branch="true" condition-coverage="100% (2/2)" />
                <line number="264" hits="96" branch="false" />
              </lines>
            </method>
            <method name="RemoveLast" signature="()" line-rate="1" branch-rate="1" complexity="4">
              <lines>
                <line number="266" hits="5" branch="false" />
                <line number="267" hits="5" branch="true" condition-coverage="100% (4/4)" />
                <line number="268" hits="4" branch="false" />
                <line number="269" hits="4" branch="false" />
                <line number="270" hits="4" branch="false" />
                <line number="271" hits="4" branch="false" />
                <line number="272" hits="4" branch="false" />
                <line number="275" hits="1" branch="false" />
                <line number="276" hits="5" branch="false" />
              </lines>
            </method>
            <method name="RemoveFirst" signature="()" line-rate="1" branch-rate="1" complexity="4">
              <lines>
                <line number="278" hits="5" branch="false" />
                <line number="279" hits="5" branch="true" condition-coverage="100% (4/4)" />
                <line number="280" hits="4" branch="false" />
                <line number="281" hits="4" branch="false" />
                <line number="282" hits="4" branch="false" />
                <line number="283" hits="4" branch="false" />
                <line number="284" hits="4" branch="false" />
                <line number="287" hits="1" branch="false" />
                <line number="288" hits="5" branch="false" />
              </lines>
            </method>
            <method name="CheckingCorrectnessIndex" signature="(...)" line-rate="1" branch-rate="1" complexity="4">
              <lines>
                <line number="290" hits="22" branch="false" />
                <line number="291" hits="22" branch="true" condition-coverage="100% (4/4)" />
                <line number="292" hits="2" branch="false" />
                <line number="293" hits="2" branch="false" />
                <line number="295" hits="20" branch="false" />
              </lines>
            </method>
            <method name="FindingByIndex" signature="(...)" line-rate="1" branch-rate="1" complexity="6">
              <lines>
                <line number="297" hits="6" branch="false" />
                <line number="298" hits="6" branch="false" />
                <line number="299" hits="6" branch="false" />
                <line number="301" hits="14" branch="true" condition-coverage="100% (2/2)" />
                <line number="302" hits="14" branch="false" />
                <line number="303" hits="14" branch="true" condition-coverage="100% (2/2)" />
                <line number="304" hits="6" branch="false" />
                <line number="305" hits="6" branch="true" condition-coverage="100% (2/2)" />
                <line number="306" hits="6" branch="false" />
                <line number="309" hits="8" branch="false" />
                <line number="310" hits="8" branch="false" />
                <line number="311" hits="8" branch="false" />
                <line number="312" hits="6" branch="false" />
              </lines>
            </method>
            <method name="InsertItem" signature="(...)" line-rate="1" branch-rate="1" complexity="1">
              <lines>
                <line number="314" hits="1" branch="false" />
                <line number="315" hits="1" branch="false" />
                <line number="316" hits="1" branch="false" />
                <line number="317" hits="1" branch="false" />
                <line number="318" hits="1" branch="false" />
                <line number="319" hits="1" branch="false" />
                <line number="320" hits="1" branch="false" />
                <line number="321" hits="1" branch="false" />
                <line number="322" hits="1" branch="false" />
              </lines>
            </method>
            <method name="RemoveCurrent" signature="(...)" line-rate="1" branch-rate="1" complexity="1">
              <lines>
                <line number="324" hits="3" branch="false" />
                <line number="325" hits="3" branch="false" />
                <line number="326" hits="3" branch="false" />
                <line number="327" hits="3" branch="false" />
                <line number="328" hits="3" branch="false" />
                <line number="329" hits="3" branch="false" />
              </lines>
            </method>
            <method name="CheckingIsReadOnly" signature="()" line-rate="1" branch-rate="1" complexity="2">
              <lines>
                <line number="331" hits="122" branch="false" />
                <line number="332" hits="122" branch="true" condition-coverage="100% (2/2)" />
                <line number="333" hits="3" branch="false" />
                <line number="334" hits="3" branch="false" />
                <line number="336" hits="119" branch="false" />
              </lines>
            </method>
            <method name="System.Collections.IEnumerable.GetEnumerator" signature="()" line-rate="1" branch-rate="1" complexity="1">
              <lines>
                <line number="338" hits="1" branch="false" />
                <line number="339" hits="1" branch="false" />
                <line number="340" hits="1" branch="false" />
              </lines>
            </method>
            <method name=".ctor" signature="()" line-rate="1" branch-rate="1" complexity="1">
              <lines>
                <line number="17" hits="51" branch="false" />
                <line number="22" hits="13" branch="false" />
                <line number="23" hits="13" branch="false" />
                <line number="24" hits="13" branch="false" />
                <line number="25" hits="13" branch="false" />
                <line number="26" hits="35" branch="true" condition-coverage="100% (2/2)" />
                <line number="27" hits="35" branch="false" />
                <line number="28" hits="35" branch="true" condition-coverage="100% (2/2)" />
                <line number="29" hits="13" branch="false" />
                <line number="30" hits="13" branch="false" />
                <line number="32" hits="22" branch="false" />
                <line number="33" hits="22" branch="false" />
                <line number="34" hits="22" branch="false" />
                <line number="35" hits="13" branch="false" />
                <line number="36" hits="13" branch="false" />
                <line number="38" hits="4" branch="false" />
                <line number="39" hits="4" branch="false" />
                <line number="40" hits="4" branch="false" />
                <line number="41" hits="8" branch="true" condition-coverage="100% (2/2)" />
                <line number="42" hits="4" branch="false" />
                <line number="43" hits="4" branch="false" />
                <line number="46" hits="51" branch="false" />
                <line number="47" hits="51" branch="false" />
                <line number="48" hits="51" branch="false" />
                <line number="49" hits="51" branch="false" />
                <line number="50" hits="51" branch="false" />
              </lines>
            </method>
            <method name=".ctor" signature="(...)" line-rate="1" branch-rate="1" complexity="1">
              <lines>
                <line number="51" hits="1" branch="false" />
                <line number="52" hits="1" branch="false" />
                <line number="53" hits="1" branch="false" />
                <line number="54" hits="1" branch="false" />
              </lines>
            </method>
            <method name="GetEnumerator" signature="()" line-rate="1" branch-rate="1" complexity="2">
              <lines>
                <line number="252" hits="6" branch="false" />
                <line number="253" hits="6" branch="false" />
                <line number="254" hits="30" branch="true" condition-coverage="100% (2/2)" />
                <line number="255" hits="24" branch="false" />
                <line number="256" hits="24" branch="false" />
                <line number="257" hits="24" branch="false" />
                <line number="258" hits="24" branch="false" />
                <line number="259" hits="6" branch="false" />
              </lines>
            </method>
          </methods>
          <lines>
            <line number="10" hits="1" branch="false" />
            <line number="16" hits="373" branch="false" />
            <line number="17" hits="51" branch="false" />
            <line number="22" hits="13" branch="false" />
            <line number="23" hits="13" branch="false" />
            <line number="24" hits="13" branch="false" />
            <line number="25" hits="13" branch="false" />
            <line number="26" hits="35" branch="true" condition-coverage="100% (2/2)" />
            <line number="27" hits="35" branch="false" />
            <line number="28" hits="35" branch="true" condition-coverage="100% (2/2)" />
            <line number="29" hits="13" branch="false" />
            <line number="30" hits="13" branch="false" />
            <line number="32" hits="22" branch="false" />
            <line number="33" hits="22" branch="false" />
            <line number="34" hits="22" branch="false" />
            <line number="35" hits="13" branch="false" />
            <line number="36" hits="13" branch="false" />
            <line number="38" hits="4" branch="false" />
            <line number="39" hits="4" branch="false" />
            <line number="40" hits="4" branch="false" />
            <line number="41" hits="8" branch="true" condition-coverage="100% (2/2)" />
            <line number="42" hits="4" branch="false" />
            <line number="43" hits="4" branch="false" />
            <line number="46" hits="51" branch="false" />
            <line number="47" hits="51" branch="false" />
            <line number="48" hits="51" branch="false" />
            <line number="49" hits="51" branch="false" />
            <line number="50" hits="51" branch="false" />
            <line number="51" hits="1" branch="false" />
            <line number="52" hits="1" branch="false" />
            <line number="53" hits="1" branch="false" />
            <line number="54" hits="1" branch="false" />
            <line number="57" hits="77" branch="false" />
            <line number="58" hits="77" branch="false" />
            <line number="59" hits="76" branch="false" />
            <line number="60" hits="76" branch="true" condition-coverage="100% (2/2)" />
            <line number="61" hits="20" branch="false" />
            <line number="62" hits="20" branch="false" />
            <line number="63" hits="20" branch="false" />
            <line number="66" hits="56" branch="false" />
            <line number="67" hits="112" branch="true" condition-coverage="100% (2/2)" />
            <line number="68" hits="56" branch="false" />
            <line number="69" hits="56" branch="false" />
            <line number="70" hits="56" branch="false" />
            <line number="71" hits="56" branch="false" />
            <line number="72" hits="56" branch="false" />
            <line number="74" hits="76" branch="false" />
            <line number="75" hits="76" branch="false" />
            <line number="76" hits="76" branch="false" />
            <line number="78" hits="18" branch="false" />
            <line number="79" hits="18" branch="false" />
            <line number="80" hits="17" branch="true" condition-coverage="100% (2/2)" />
            <line number="81" hits="1" branch="false" />
            <line number="82" hits="1" branch="false" />
            <line number="85" hits="176" branch="true" condition-coverage="100% (2/2)" />
            <line number="86" hits="64" branch="false" />
            <line number="87" hits="64" branch="false" />
            <line number="88" hits="64" branch="false" />
            <line number="89" hits="16" branch="false" />
            <line number="91" hits="2" branch="false" />
            <line number="92" hits="2" branch="false" />
            <line number="93" hits="1" branch="false" />
            <line number="94" hits="1" branch="false" />
            <line number="95" hits="1" branch="false" />
            <line number="97" hits="7" branch="false" />
            <line number="98" hits="7" branch="false" />
            <line number="99" hits="7" branch="false" />
            <line number="100" hits="21" branch="true" condition-coverage="100% (2/2)" />
            <line number="101" hits="18" branch="false" />
            <line number="102" hits="18" branch="true" condition-coverage="100% (4/4)" />
            <line number="103" hits="4" branch="false" />
            <line number="104" hits="4" branch="false" />
            <line number="105" hits="4" branch="false" />
            <line number="108" hits="14" branch="false" />
            <line number="109" hits="14" branch="false" />
            <line number="111" hits="7" branch="false" />
            <line number="112" hits="7" branch="false" />
            <line number="114" hits="6" branch="false" />
            <line number="115" hits="6" branch="false" />
            <line number="116" hits="6" branch="false" />
            <line number="117" hits="6" branch="false" />
            <line number="118" hits="18" branch="true" condition-coverage="100% (2/2)" />
            <line number="119" hits="16" branch="false" />
            <line number="120" hits="16" branch="true" condition-coverage="100% (4/4)" />
            <line number="121" hits="4" branch="false" />
            <line number="122" hits="4" branch="false" />
            <line number="123" hits="4" branch="false" />
            <line number="126" hits="12" branch="false" />
            <line number="127" hits="12" branch="false" />
            <line number="128" hits="12" branch="false" />
            <line number="130" hits="6" branch="false" />
            <line number="131" hits="6" branch="false" />
            <line number="133" hits="5" branch="false" />
            <line number="134" hits="5" branch="false" />
            <line number="135" hits="5" branch="true" condition-coverage="100% (4/4)" />
            <line number="136" hits="2" branch="false" />
            <line number="137" hits="2" branch="false" />
            <line number="140" hits="3" branch="true" condition-coverage="100% (2/2)" />
            <line number="141" hits="1" branch="false" />
            <line number="142" hits="1" branch="false" />
            <line number="143" hits="1" branch="false" />
            <line number="144" hits="2" branch="true" condition-coverage="100% (2/2)" />
            <line number="145" hits="1" branch="false" />
            <line number="146" hits="1" branch="false" />
            <line number="147" hits="1" branch="false" />
            <line number="148" hits="1" branch="false" />
            <line number="149" hits="1" branch="false" />
            <line number="150" hits="1" branch="true" condition-coverage="100% (2/2)" />
            <line number="151" hits="1" branch="false" />
            <line number="152" hits="1" branch="false" />
            <line number="153" hits="1" branch="false" />
            <line number="154" hits="1" branch="false" />
            <line number="155" hits="1" branch="false" />
            <line number="156" hits="1" branch="false" />
            <line number="157" hits="1" branch="false" />
            <line number="159" hits="1" branch="false" />
            <line number="160" hits="1" branch="false" />
            <line number="161" hits="1" branch="false" />
            <line number="162" hits="1" branch="false" />
            <line number="163" hits="3" branch="false" />
            <line number="165" hits="11" branch="false" />
            <line number="166" hits="11" branch="false" />
            <line number="168" hits="11" branch="false" />
            <line number="170" hits="11" branch="true" condition-coverage="100% (8/8)" />
            <line number="171" hits="4" branch="false" />
            <line number="172" hits="4" branch="false" />
            <line number="173" hits="4" branch="true" condition-coverage="100% (2/2)" />
            <line number="174" hits="3" branch="false" />
            <line number="175" hits="3" branch="false" />
            <line number="176" hits="3" branch="false" />
            <line number="177" hits="4" branch="false" />
            <line number="179" hits="7" branch="false" />
            <line number="180" hits="7" branch="true" condition-coverage="100% (2/2)" />
            <line number="182" hits="16" branch="true" condition-coverage="100% (4/4)" />
            <line number="183" hits="9" branch="false" />
            <line number="184" hits="9" branch="true" condition-coverage="100% (4/4)" />
            <line number="185" hits="2" branch="false" />
            <line number="186" hits="2" branch="false" />
            <line number="187" hits="2" branch="false" />
            <line number="188" hits="2" branch="false" />
            <line number="190" hits="9" branch="false" />
            <line number="191" hits="9" branch="false" />
            <line number="192" hits="7" branch="false" />
            <line number="194" hits="11" branch="true" condition-coverage="100% (10/10)" />
            <line number="195" hits="4" branch="false" />
            <line number="196" hits="4" branch="false" />
            <line number="197" hits="4" branch="true" condition-coverage="100% (2/2)" />
            <line number="198" hits="3" branch="false" />
            <line number="199" hits="3" branch="false" />
            <line number="200" hits="3" branch="false" />
            <line number="201" hits="4" branch="false" />
            <line number="203" hits="11" branch="false" />
            <line number="204" hits="11" branch="false" />
            <line number="206" hits="5" branch="false" />
            <line number="207" hits="5" branch="false" />
            <line number="208" hits="5" branch="false" />
            <line number="209" hits="3" branch="true" condition-coverage="100% (4/4)" />
            <line number="210" hits="1" branch="false" />
            <line number="211" hits="1" branch="false" />
            <line number="212" hits="1" branch="false" />
            <line number="213" hits="1" branch="false" />
            <line number="214" hits="2" branch="true" condition-coverage="100% (4/4)" />
            <line number="215" hits="1" branch="false" />
            <line number="216" hits="1" branch="false" />
            <line number="217" hits="1" branch="false" />
            <line number="218" hits="1" branch="false" />
            <line number="220" hits="1" branch="false" />
            <line number="221" hits="1" branch="false" />
            <line number="222" hits="1" branch="false" />
            <line number="223" hits="3" branch="false" />
            <line number="225" hits="6" branch="false" />
            <line number="226" hits="6" branch="true" condition-coverage="100% (2/2)" />
            <line number="227" hits="1" branch="false" />
            <line number="228" hits="1" branch="false" />
            <line number="230" hits="5" branch="true" condition-coverage="100% (2/2)" />
            <line number="231" hits="1" branch="false" />
            <line number="232" hits="1" branch="false" />
            <line number="234" hits="4" branch="true" condition-coverage="100% (4/4)" />
            <line number="235" hits="2" branch="false" />
            <line number="236" hits="2" branch="false" />
            <line number="239" hits="2" branch="false" />
            <line number="240" hits="2" branch="false" />
            <line number="241" hits="2" branch="false" />
            <line number="242" hits="10" branch="true" condition-coverage="100% (4/4)" />
            <line number="243" hits="16" branch="false" />
            <line number="244" hits="8" branch="false" />
            <line number="245" hits="8" branch="false" />
            <line number="246" hits="8" branch="false" />
            <line number="248" hits="2" branch="false" />
            <line number="249" hits="2" branch="false" />
            <line number="250" hits="2" branch="false" />
            <line number="252" hits="6" branch="false" />
            <line number="253" hits="6" branch="false" />
            <line number="254" hits="30" branch="true" condition-coverage="100% (2/2)" />
            <line number="255" hits="24" branch="false" />
            <line number="256" hits="24" branch="false" />
            <line number="257" hits="24" branch="false" />
            <line number="258" hits="24" branch="false" />
            <line number="259" hits="6" branch="false" />
            <line number="262" hits="96" branch="false" />
            <line number="263" hits="96" branch="true" condition-coverage="100% (2/2)" />
            <line number="264" hits="96" branch="false" />
            <line number="266" hits="5" branch="false" />
            <line number="267" hits="5" branch="true" condition-coverage="100% (4/4)" />
            <line number="268" hits="4" branch="false" />
            <line number="269" hits="4" branch="false" />
            <line number="270" hits="4" branch="false" />
            <line number="271" hits="4" branch="false" />
            <line number="272" hits="4" branch="false" />
            <line number="275" hits="1" branch="false" />
            <line number="276" hits="5" branch="false" />
            <line number="278" hits="5" branch="false" />
            <line number="279" hits="5" branch="true" condition-coverage="100% (4/4)" />
            <line number="280" hits="4" branch="false" />
            <line number="281" hits="4" branch="false" />
            <line number="282" hits="4" branch="false" />
            <line number="283" hits="4" branch="false" />
            <line number="284" hits="4" branch="false" />
            <line number="287" hits="1" branch="false" />
            <line number="288" hits="5" branch="false" />
            <line number="290" hits="22" branch="false" />
            <line number="291" hits="22" branch="true" condition-coverage="100% (4/4)" />
            <line number="292" hits="2" branch="false" />
            <line number="293" hits="2" branch="false" />
            <line number="295" hits="20" branch="false" />
            <line number="297" hits="6" branch="false" />
            <line number="298" hits="6" branch="false" />
            <line number="299" hits="6" branch="false" />
            <line number="301" hits="14" branch="true" condition-coverage="100% (2/2)" />
            <line number="302" hits="14" branch="false" />
            <line number="303" hits="14" branch="true" condition-coverage="100% (2/2)" />
            <line number="304" hits="6" branch="false" />
            <line number="305" hits="6" branch="true" condition-coverage="100% (2/2)" />
            <line number="306" hits="6" branch="false" />
            <line number="309" hits="8" branch="false" />
            <line number="310" hits="8" branch="false" />
            <line number="311" hits="8" branch="false" />
            <line number="312" hits="6" branch="false" />
            <line number="314" hits="1" branch="false" />
            <line number="315" hits="1" branch="false" />
            <line number="316" hits="1" branch="false" />
            <line number="317" hits="1" branch="false" />
            <line number="318" hits="1" branch="false" />
            <line number="319" hits="1" branch="false" />
            <line number="320" hits="1" branch="false" />
            <line number="321" hits="1" branch="false" />
            <line number="322" hits="1" branch="false" />
            <line number="324" hits="3" branch="false" />
            <line number="325" hits="3" branch="false" />
            <line number="326" hits="3" branch="false" />
            <line number="327" hits="3" branch="false" />
            <line number="328" hits="3" branch="false" />
            <line number="329" hits="3" branch="false" />
            <line number="331" hits="122" branch="false" />
            <line number="332" hits="122" branch="true" condition-coverage="100% (2/2)" />
            <line number="333" hits="3" branch="false" />
            <line number="334" hits="3" branch="false" />
            <line number="336" hits="119" branch="false" />
            <line number="338" hits="1" branch="false" />
            <line number="339" hits="1" branch="false" />
            <line number="340" hits="1" branch="false" />
          </lines>
        </class>
      </classes>
    </package>
    <package name="MyList_NUnitTests" line-rate="0.995169082125604" branch-rate="1" complexity="31">
      <classes>
        <class name="AutoGeneratedProgram" filename="C:\Users\Dell\.nuget\packages\microsoft.net.test.sdk\17.1.0\build\netcoreapp2.1\Microsoft.NET.Test.Sdk.Program.cs" line-rate="0" branch-rate="1" complexity="1">
          <methods>
            <method name="Main" signature="(...)" line-rate="0" branch-rate="1" complexity="1">
              <lines>
                <line number="4" hits="0" branch="false" />
              </lines>
            </method>
          </methods>
          <lines>
            <line number="4" hits="0" branch="false" />
          </lines>
        </class>
        <class name="MyList.Tests.ItemTests" filename="C:\Users\Dell\OneDrive\Рабочий стол\Studying\.NET\Labs\Lab1\MyList_NUnitTests\ItemTests.cs" line-rate="1" branch-rate="1" complexity="2">
          <methods>
            <method name="ItemTest" signature="()" line-rate="1" branch-rate="1" complexity="1">
              <lines>
                <line number="7" hits="1" branch="false" />
                <line number="8" hits="1" branch="false" />
                <line number="9" hits="1" branch="false" />
                <line number="10" hits="1" branch="false" />
              </lines>
            </method>
            <method name="ToStringTest" signature="()" line-rate="1" branch-rate="1" complexity="1">
              <lines>
                <line number="14" hits="1" branch="false" />
                <line number="15" hits="1" branch="false" />
                <line number="16" hits="1" branch="false" />
                <line number="17" hits="1" branch="false" />
                <line number="18" hits="1" branch="false" />
                <line number="19" hits="1" branch="false" />
              </lines>
            </method>
          </methods>
          <lines>
            <line number="7" hits="1" branch="false" />
            <line number="8" hits="1" branch="false" />
            <line number="9" hits="1" branch="false" />
            <line number="10" hits="1" branch="false" />
            <line number="14" hits="1" branch="false" />
            <line number="15" hits="1" branch="false" />
            <line number="16" hits="1" branch="false" />
            <line number="17" hits="1" branch="false" />
            <line number="18" hits="1" branch="false" />
            <line number="19" hits="1" branch="false" />
          </lines>
        </class>
        <class name="MyList_NUnitTests.Tests" filename="C:\Users\Dell\OneDrive\Рабочий стол\Studying\.NET\Labs\Lab1\MyList_NUnitTests\MyListTests.cs" line-rate="1" branch-rate="1" complexity="28">
          <methods>
            <method name="Setup" signature="()" line-rate="1" branch-rate="1" complexity="1">
              <lines>
                <line number="11" hits="25" branch="false" />
                <line number="12" hits="25" branch="false" />
                <line number="13" hits="25" branch="false" />
                <line number="14" hits="25" branch="false" />
                <line number="15" hits="25" branch="false" />
                <line number="16" hits="25" branch="false" />
                <line number="17" hits="25" branch="false" />
                <line number="18" hits="25" branch="false" />
              </lines>
            </method>
            <method name="MyList_CreatList_CreatedEmptyList" signature="()" line-rate="1" branch-rate="1" complexity="1">
              <lines>
                <line number="22" hits="1" branch="false" />
                <line number="23" hits="1" branch="false" />
                <line number="24" hits="1" branch="false" />
                <line number="25" hits="1" branch="false" />
              </lines>
            </method>
            <method name="MyList_CreatListBasedIEnumerable_CreatedWithElements" signature="()" line-rate="1" branch-rate="1" complexity="1">
              <lines>
                <line number="29" hits="1" branch="false" />
                <line number="30" hits="1" branch="false" />
                <line number="32" hits="1" branch="false" />
                <line number="34" hits="1" branch="false" />
                <line number="35" hits="1" branch="false" />
                <line number="36" hits="1" branch="false" />
                <line number="37" hits="1" branch="false" />
                <line number="38" hits="1" branch="false" />
                <line number="39" hits="1" branch="false" />
                <line number="40" hits="1" branch="false" />
              </lines>
            </method>
            <method name="Add_AddingElement_AddedElement" signature="()" line-rate="1" branch-rate="1" complexity="1">
              <lines>
                <line number="44" hits="1" branch="false" />
                <line number="45" hits="1" branch="false" />
                <line number="46" hits="1" branch="false" />
                <line number="48" hits="1" branch="false" />
                <line number="49" hits="1" branch="false" />
                <line number="50" hits="1" branch="false" />
              </lines>
            </method>
            <method name="AddRange_AddindCollection_AddedCollection" signature="()" line-rate="1" branch-rate="1" complexity="1">
              <lines>
                <line number="54" hits="1" branch="false" />
                <line number="55" hits="1" branch="false" />
                <line number="57" hits="1" branch="false" />
                <line number="58" hits="1" branch="false" />
                <line number="59" hits="1" branch="false" />
                <line number="60" hits="1" branch="false" />
                <line number="61" hits="1" branch="false" />
              </lines>
            </method>
            <method name="Clear_RemoveAllElements_EmptyList" signature="()" line-rate="1" branch-rate="1" complexity="1">
              <lines>
                <line number="65" hits="1" branch="false" />
                <line number="66" hits="1" branch="false" />
                <line number="68" hits="1" branch="false" />
                <line number="70" hits="1" branch="false" />
                <line number="71" hits="1" branch="false" />
                <line number="72" hits="1" branch="false" />
                <line number="73" hits="1" branch="false" />
              </lines>
            </method>
            <method name="Contains_FindingElement_ReturnBoolResult" signature="()" line-rate="1" branch-rate="1" complexity="1">
              <lines>
                <line number="77" hits="1" branch="false" />
                <line number="78" hits="1" branch="false" />
                <line number="79" hits="1" branch="false" />
                <line number="81" hits="1" branch="false" />
                <line number="82" hits="1" branch="false" />
                <line number="83" hits="1" branch="false" />
                <line number="84" hits="1" branch="false" />
                <line number="85" hits="1" branch="false" />
                <line number="86" hits="1" branch="false" />
                <line number="87" hits="1" branch="false" />
              </lines>
            </method>
            <method name="IndexOf_FindingElement_ReturnElement" signature="()" line-rate="1" branch-rate="1" complexity="1">
              <lines>
                <line number="91" hits="1" branch="false" />
                <line number="92" hits="1" branch="false" />
                <line number="93" hits="1" branch="false" />
                <line number="95" hits="1" branch="false" />
                <line number="96" hits="1" branch="false" />
                <line number="97" hits="1" branch="false" />
                <line number="98" hits="1" branch="false" />
                <line number="99" hits="1" branch="false" />
                <line number="100" hits="1" branch="false" />
                <line number="101" hits="1" branch="false" />
              </lines>
            </method>
            <method name="Insert_InsertElementByIndex_AddedElementByIndex" signature="()" line-rate="1" branch-rate="1" complexity="1">
              <lines>
                <line number="105" hits="1" branch="false" />
                <line number="106" hits="1" branch="false" />
                <line number="107" hits="1" branch="false" />
                <line number="108" hits="1" branch="false" />
                <line number="109" hits="1" branch="false" />
                <line number="111" hits="1" branch="false" />
                <line number="112" hits="1" branch="false" />
                <line number="113" hits="1" branch="false" />
                <line number="114" hits="1" branch="false" />
              </lines>
            </method>
            <method name="Remove_RemovingFirstEntryElement_RemovedElement" signature="()" line-rate="1" branch-rate="1" complexity="1">
              <lines>
                <line number="118" hits="1" branch="false" />
                <line number="119" hits="1" branch="false" />
                <line number="120" hits="1" branch="false" />
                <line number="122" hits="1" branch="false" />
                <line number="123" hits="1" branch="false" />
                <line number="124" hits="1" branch="false" />
                <line number="125" hits="1" branch="false" />
                <line number="126" hits="1" branch="false" />
                <line number="127" hits="1" branch="false" />
                <line number="128" hits="1" branch="false" />
                <line number="130" hits="1" branch="false" />
                <line number="131" hits="1" branch="false" />
                <line number="132" hits="1" branch="false" />
                <line number="133" hits="1" branch="false" />
                <line number="135" hits="1" branch="false" />
                <line number="136" hits="1" branch="false" />
                <line number="137" hits="1" branch="false" />
                <line number="138" hits="1" branch="false" />
                <line number="139" hits="1" branch="false" />
                <line number="140" hits="1" branch="false" />
                <line number="142" hits="1" branch="false" />
              </lines>
            </method>
            <method name="RemoveAt_RemovingElementByIndex_RemovedElement" signature="()" line-rate="1" branch-rate="1" complexity="1">
              <lines>
                <line number="146" hits="1" branch="false" />
                <line number="147" hits="1" branch="false" />
                <line number="148" hits="1" branch="false" />
                <line number="149" hits="1" branch="false" />
                <line number="150" hits="1" branch="false" />
                <line number="152" hits="1" branch="false" />
                <line number="153" hits="1" branch="false" />
              </lines>
            </method>
            <method name="CopyTo_CopyingListToArrayFromIndex_ArrayContainsList" signature="()" line-rate="1" branch-rate="1" complexity="1">
              <lines>
                <line number="157" hits="1" branch="false" />
                <line number="158" hits="1" branch="false" />
                <line number="160" hits="1" branch="false" />
                <line number="161" hits="1" branch="false" />
                <line number="163" hits="1" branch="false" />
                <line number="164" hits="1" branch="false" />
              </lines>
            </method>
            <method name="GetEnumerator_GetingListEnumerator_ReturnEnumerator" signature="()" line-rate="1" branch-rate="1" complexity="2">
              <lines>
                <line number="168" hits="1" branch="false" />
                <line number="169" hits="1" branch="false" />
                <line number="170" hits="1" branch="false" />
                <line number="171" hits="11" branch="true" condition-coverage="100% (2/2)" />
                <line number="172" hits="4" branch="false" />
                <line number="173" hits="4" branch="false" />
                <line number="174" hits="4" branch="false" />
                <line number="175" hits="4" branch="false" />
                <line number="176" hits="1" branch="false" />
              </lines>
            </method>
            <method name="ReadOnlyByCollectionTest" signature="()" line-rate="1" branch-rate="1" complexity="2">
              <lines>
                <line number="180" hits="1" branch="false" />
                <line number="181" hits="1" branch="false" />
                <line number="182" hits="1" branch="true" condition-coverage="100% (2/2)" />
                <line number="183" hits="1" branch="false" />
              </lines>
            </method>
            <method name="Indexer_SetElementByIndex_ReturnElementByIndex" signature="()" line-rate="1" branch-rate="1" complexity="1">
              <lines>
                <line number="187" hits="1" branch="false" />
                <line number="188" hits="1" branch="false" />
                <line number="190" hits="1" branch="false" />
                <line number="191" hits="1" branch="false" />
                <line number="192" hits="1" branch="false" />
                <line number="194" hits="1" branch="false" />
                <line number="195" hits="1" branch="false" />
                <line number="196" hits="1" branch="false" />
                <line number="197" hits="1" branch="false" />
              </lines>
            </method>
            <method name="AddRange_NullCollectin_ThrowArgumentNullException" signature="()" line-rate="1" branch-rate="1" complexity="1">
              <lines>
                <line number="201" hits="1" branch="false" />
                <line number="202" hits="2" branch="false" />
                <line number="203" hits="1" branch="false" />
                <line number="204" hits="1" branch="false" />
              </lines>
            </method>
            <method name="AddRange_AddRangeToReadOnlyList_ThrowInvalidOperationException" signature="()" line-rate="1" branch-rate="1" complexity="1">
              <lines>
                <line number="208" hits="1" branch="false" />
                <line number="209" hits="1" branch="false" />
                <line number="210" hits="2" branch="false" />
                <line number="211" hits="1" branch="false" />
                <line number="212" hits="1" branch="false" />
              </lines>
            </method>
            <method name="Clear_ClearReadOnlyList_ThrowInvalidOperationException" signature="()" line-rate="1" branch-rate="1" complexity="1">
              <lines>
                <line number="216" hits="1" branch="false" />
                <line number="217" hits="1" branch="false" />
                <line number="218" hits="2" branch="false" />
                <line number="219" hits="1" branch="false" />
                <line number="220" hits="1" branch="false" />
              </lines>
            </method>
            <method name="Add_AddToReadOnlyList_ThrowInvalidOperationException" signature="()" line-rate="1" branch-rate="1" complexity="1">
              <lines>
                <line number="224" hits="1" branch="false" />
                <line number="225" hits="1" branch="false" />
                <line number="226" hits="2" branch="false" />
                <line number="227" hits="1" branch="false" />
                <line number="228" hits="1" branch="false" />
              </lines>
            </method>
            <method name="Insert_InsertElementsOutOfListRange_ThrowArgumentOutOfRangeException" signature="()" line-rate="1" branch-rate="1" complexity="1">
              <lines>
                <line number="232" hits="1" branch="false" />
                <line number="233" hits="1" branch="false" />
                <line number="235" hits="2" branch="false" />
                <line number="236" hits="2" branch="false" />
                <line number="238" hits="1" branch="false" />
                <line number="239" hits="1" branch="false" />
                <line number="240" hits="1" branch="false" />
              </lines>
            </method>
            <method name="RemoveAt_RemoveElementsOutOfListRange_ThrowArgumentOutOfRangeException" signature="()" line-rate="1" branch-rate="1" complexity="1">
              <lines>
                <line number="244" hits="1" branch="false" />
                <line number="245" hits="1" branch="false" />
                <line number="247" hits="2" branch="false" />
                <line number="248" hits="2" branch="false" />
                <line number="250" hits="1" branch="false" />
                <line number="251" hits="1" branch="false" />
                <line number="252" hits="1" branch="false" />
              </lines>
            </method>
            <method name="CopyTo_CopyToNullArray_ThrowArgumentNullException" signature="()" line-rate="1" branch-rate="1" complexity="1">
              <lines>
                <line number="256" hits="1" branch="false" />
                <line number="257" hits="1" branch="false" />
                <line number="259" hits="2" branch="false" />
                <line number="261" hits="1" branch="false" />
                <line number="262" hits="1" branch="false" />
              </lines>
            </method>
            <method name="CopyTo_ArrayCantContainList_ThrowArgumentException" signature="()" line-rate="1" branch-rate="1" complexity="1">
              <lines>
                <line number="266" hits="1" branch="false" />
                <line number="267" hits="1" branch="false" />
                <line number="268" hits="1" branch="false" />
                <line number="270" hits="2" branch="false" />
                <line number="271" hits="2" branch="false" />
                <line number="273" hits="1" branch="false" />
                <line number="274" hits="1" branch="false" />
                <line number="275" hits="1" branch="false" />
              </lines>
            </method>
            <method name="CopyTo_InputIndexMoreArrayLenght_ThrowArgumentOutOfRangeException" signature="()" line-rate="1" branch-rate="1" complexity="1">
              <lines>
                <line number="279" hits="1" branch="false" />
                <line number="280" hits="1" branch="false" />
                <line number="281" hits="1" branch="false" />
                <line number="283" hits="2" branch="false" />
                <line number="285" hits="1" branch="false" />
                <line number="286" hits="1" branch="false" />
              </lines>
            </method>
            <method name="IEnumerableGetEnumeratorTest" signature="()" line-rate="1" branch-rate="1" complexity="1">
              <lines>
                <line number="290" hits="1" branch="false" />
                <line number="291" hits="1" branch="false" />
                <line number="293" hits="1" branch="false" />
                <line number="294" hits="1" branch="false" />
              </lines>
            </method>
            <method name="EventsTest" signature="()" line-rate="1" branch-rate="1" complexity="1">
              <lines>
                <line number="298" hits="1" branch="false" />
                <line number="299" hits="1" branch="false" />
                <line number="300" hits="1" branch="false" />
                <line number="302" hits="1" branch="false" />
                <line number="303" hits="1" branch="false" />
                <line number="305" hits="1" branch="false" />
                <line number="306" hits="1" branch="false" />
                <line number="308" hits="1" branch="false" />
                <line number="309" hits="1" branch="false" />
                <line number="310" hits="1" branch="false" />
                <line number="312" hits="1" branch="false" />
                <line number="313" hits="1" branch="false" />
                <line number="314" hits="2" branch="false" />
              </lines>
            </method>
          </methods>
          <lines>
            <line number="11" hits="25" branch="false" />
            <line number="12" hits="25" branch="false" />
            <line number="13" hits="25" branch="false" />
            <line number="14" hits="25" branch="false" />
            <line number="15" hits="25" branch="false" />
            <line number="16" hits="25" branch="false" />
            <line number="17" hits="25" branch="false" />
            <line number="18" hits="25" branch="false" />
            <line number="22" hits="1" branch="false" />
            <line number="23" hits="1" branch="false" />
            <line number="24" hits="1" branch="false" />
            <line number="25" hits="1" branch="false" />
            <line number="29" hits="1" branch="false" />
            <line number="30" hits="1" branch="false" />
            <line number="32" hits="1" branch="false" />
            <line number="34" hits="1" branch="false" />
            <line number="35" hits="1" branch="false" />
            <line number="36" hits="1" branch="false" />
            <line number="37" hits="1" branch="false" />
            <line number="38" hits="1" branch="false" />
            <line number="39" hits="1" branch="false" />
            <line number="40" hits="1" branch="false" />
            <line number="44" hits="1" branch="false" />
            <line number="45" hits="1" branch="false" />
            <line number="46" hits="1" branch="false" />
            <line number="48" hits="1" branch="false" />
            <line number="49" hits="1" branch="false" />
            <line number="50" hits="1" branch="false" />
            <line number="54" hits="1" branch="false" />
            <line number="55" hits="1" branch="false" />
            <line number="57" hits="1" branch="false" />
            <line number="58" hits="1" branch="false" />
            <line number="59" hits="1" branch="false" />
            <line number="60" hits="1" branch="false" />
            <line number="61" hits="1" branch="false" />
            <line number="65" hits="1" branch="false" />
            <line number="66" hits="1" branch="false" />
            <line number="68" hits="1" branch="false" />
            <line number="70" hits="1" branch="false" />
            <line number="71" hits="1" branch="false" />
            <line number="72" hits="1" branch="false" />
            <line number="73" hits="1" branch="false" />
            <line number="77" hits="1" branch="false" />
            <line number="78" hits="1" branch="false" />
            <line number="79" hits="1" branch="false" />
            <line number="81" hits="1" branch="false" />
            <line number="82" hits="1" branch="false" />
            <line number="83" hits="1" branch="false" />
            <line number="84" hits="1" branch="false" />
            <line number="85" hits="1" branch="false" />
            <line number="86" hits="1" branch="false" />
            <line number="87" hits="1" branch="false" />
            <line number="91" hits="1" branch="false" />
            <line number="92" hits="1" branch="false" />
            <line number="93" hits="1" branch="false" />
            <line number="95" hits="1" branch="false" />
            <line number="96" hits="1" branch="false" />
            <line number="97" hits="1" branch="false" />
            <line number="98" hits="1" branch="false" />
            <line number="99" hits="1" branch="false" />
            <line number="100" hits="1" branch="false" />
            <line number="101" hits="1" branch="false" />
            <line number="105" hits="1" branch="false" />
            <line number="106" hits="1" branch="false" />
            <line number="107" hits="1" branch="false" />
            <line number="108" hits="1" branch="false" />
            <line number="109" hits="1" branch="false" />
            <line number="111" hits="1" branch="false" />
            <line number="112" hits="1" branch="false" />
            <line number="113" hits="1" branch="false" />
            <line number="114" hits="1" branch="false" />
            <line number="118" hits="1" branch="false" />
            <line number="119" hits="1" branch="false" />
            <line number="120" hits="1" branch="false" />
            <line number="122" hits="1" branch="false" />
            <line number="123" hits="1" branch="false" />
            <line number="124" hits="1" branch="false" />
            <line number="125" hits="1" branch="false" />
            <line number="126" hits="1" branch="false" />
            <line number="127" hits="1" branch="false" />
            <line number="128" hits="1" branch="false" />
            <line number="130" hits="1" branch="false" />
            <line number="131" hits="1" branch="false" />
            <line number="132" hits="1" branch="false" />
            <line number="133" hits="1" branch="false" />
            <line number="135" hits="1" branch="false" />
            <line number="136" hits="1" branch="false" />
            <line number="137" hits="1" branch="false" />
            <line number="138" hits="1" branch="false" />
            <line number="139" hits="1" branch="false" />
            <line number="140" hits="1" branch="false" />
            <line number="142" hits="1" branch="false" />
            <line number="146" hits="1" branch="false" />
            <line number="147" hits="1" branch="false" />
            <line number="148" hits="1" branch="false" />
            <line number="149" hits="1" branch="false" />
            <line number="150" hits="1" branch="false" />
            <line number="152" hits="1" branch="false" />
            <line number="153" hits="1" branch="false" />
            <line number="157" hits="1" branch="false" />
            <line number="158" hits="1" branch="false" />
            <line number="160" hits="1" branch="false" />
            <line number="161" hits="1" branch="false" />
            <line number="163" hits="1" branch="false" />
            <line number="164" hits="1" branch="false" />
            <line number="168" hits="1" branch="false" />
            <line number="169" hits="1" branch="false" />
            <line number="170" hits="1" branch="false" />
            <line number="171" hits="11" branch="true" condition-coverage="100% (2/2)" />
            <line number="172" hits="4" branch="false" />
            <line number="173" hits="4" branch="false" />
            <line number="174" hits="4" branch="false" />
            <line number="175" hits="4" branch="false" />
            <line number="176" hits="1" branch="false" />
            <line number="180" hits="1" branch="false" />
            <line number="181" hits="1" branch="false" />
            <line number="182" hits="1" branch="true" condition-coverage="100% (2/2)" />
            <line number="183" hits="1" branch="false" />
            <line number="187" hits="1" branch="false" />
            <line number="188" hits="1" branch="false" />
            <line number="190" hits="1" branch="false" />
            <line number="191" hits="1" branch="false" />
            <line number="192" hits="1" branch="false" />
            <line number="194" hits="1" branch="false" />
            <line number="195" hits="1" branch="false" />
            <line number="196" hits="1" branch="false" />
            <line number="197" hits="1" branch="false" />
            <line number="201" hits="1" branch="false" />
            <line number="202" hits="2" branch="false" />
            <line number="203" hits="1" branch="false" />
            <line number="204" hits="1" branch="false" />
            <line number="208" hits="1" branch="false" />
            <line number="209" hits="1" branch="false" />
            <line number="210" hits="2" branch="false" />
            <line number="211" hits="1" branch="false" />
            <line number="212" hits="1" branch="false" />
            <line number="216" hits="1" branch="false" />
            <line number="217" hits="1" branch="false" />
            <line number="218" hits="2" branch="false" />
            <line number="219" hits="1" branch="false" />
            <line number="220" hits="1" branch="false" />
            <line number="224" hits="1" branch="false" />
            <line number="225" hits="1" branch="false" />
            <line number="226" hits="2" branch="false" />
            <line number="227" hits="1" branch="false" />
            <line number="228" hits="1" branch="false" />
            <line number="232" hits="1" branch="false" />
            <line number="233" hits="1" branch="false" />
            <line number="235" hits="2" branch="false" />
            <line number="236" hits="2" branch="false" />
            <line number="238" hits="1" branch="false" />
            <line number="239" hits="1" branch="false" />
            <line number="240" hits="1" branch="false" />
            <line number="244" hits="1" branch="false" />
            <line number="245" hits="1" branch="false" />
            <line number="247" hits="2" branch="false" />
            <line number="248" hits="2" branch="false" />
            <line number="250" hits="1" branch="false" />
            <line number="251" hits="1" branch="false" />
            <line number="252" hits="1" branch="false" />
            <line number="256" hits="1" branch="false" />
            <line number="257" hits="1" branch="false" />
            <line number="259" hits="2" branch="false" />
            <line number="261" hits="1" branch="false" />
            <line number="262" hits="1" branch="false" />
            <line number="266" hits="1" branch="false" />
            <line number="267" hits="1" branch="false" />
            <line number="268" hits="1" branch="false" />
            <line number="270" hits="2" branch="false" />
            <line number="271" hits="2" branch="false" />
            <line number="273" hits="1" branch="false" />
            <line number="274" hits="1" branch="false" />
            <line number="275" hits="1" branch="false" />
            <line number="279" hits="1" branch="false" />
            <line number="280" hits="1" branch="false" />
            <line number="281" hits="1" branch="false" />
            <line number="283" hits="2" branch="false" />
            <line number="285" hits="1" branch="false" />
            <line number="286" hits="1" branch="false" />
            <line number="290" hits="1" branch="false" />
            <line number="291" hits="1" branch="false" />
            <line number="293" hits="1" branch="false" />
            <line number="294" hits="1" branch="false" />
            <line number="298" hits="1" branch="false" />
            <line number="299" hits="1" branch="false" />
            <line number="300" hits="1" branch="false" />
            <line number="302" hits="1" branch="false" />
            <line number="303" hits="1" branch="false" />
            <line number="305" hits="1" branch="false" />
            <line number="306" hits="1" branch="false" />
            <line number="308" hits="1" branch="false" />
            <line number="309" hits="1" branch="false" />
            <line number="310" hits="1" branch="false" />
            <line number="312" hits="1" branch="false" />
            <line number="313" hits="1" branch="false" />
            <line number="314" hits="2" branch="false" />
          </lines>
        </class>
      </classes>
    </package>
  </packages>
</coverage>