TpTrace Verbose: 0 : 17396, 1, 2022/11/02, 22:01:57.738, 6230294075149, vstest.console.dll, Version: 17.2.0-release-20220408-11 Current process architecture: X64
TpTrace Information: 0 : 17396, 1, 2022/11/02, 22:01:57.750, 6230294196074, vstest.console.dll, FilePatternParser: The given file C:\Users\Dell\OneDrive\Рабочий стол\Studying\.NET\Labs\Lab1\MyList_NUnitTests\bin\Debug\net6.0\fine-code-coverage\build-output\MyList_NUnitTests.dll is a full path.
TpTrace Verbose: 0 : 17396, 1, 2022/11/02, 22:01:57.760, 6230294296084, vstest.console.dll, TestPluginCache.DiscoverTestExtensions: finding test extensions in assemblies ends with: RuntimeProvider.dll TPluginInfo: Microsoft.VisualStudio.TestPlatform.Common.ExtensionFramework.Utilities.TestRuntimePluginInformation TExtension: Microsoft.VisualStudio.TestPlatform.ObjectModel.Host.ITestRuntimeProvider
TpTrace Verbose: 0 : 17396, 1, 2022/11/02, 22:01:57.767, 6230294364629, vstest.console.dll, TestPluginCache.GetExtensionPaths: Filtered extension paths: 
TpTrace Verbose: 0 : 17396, 1, 2022/11/02, 22:01:57.767, 6230294366130, vstest.console.dll, TestPluginCache.GetExtensionPaths: Added default extension paths: C:\Program Files\dotnet\sdk\6.0.302\Extensions\DumpMinitool.exe
C:\Program Files\dotnet\sdk\6.0.302\Extensions\DumpMinitool.x86.exe
C:\Program Files\dotnet\sdk\6.0.302\Extensions\Microsoft.Diagnostics.NETCore.Client.dll
C:\Program Files\dotnet\sdk\6.0.302\Extensions\Microsoft.TestPlatform.Extensions.BlameDataCollector.dll
C:\Program Files\dotnet\sdk\6.0.302\Extensions\Microsoft.TestPlatform.Extensions.EventLogCollector.dll
C:\Program Files\dotnet\sdk\6.0.302\Extensions\Microsoft.TestPlatform.TestHostRuntimeProvider.dll
C:\Program Files\dotnet\sdk\6.0.302\Extensions\Microsoft.VisualStudio.TestPlatform.Extensions.Html.TestLogger.dll
C:\Program Files\dotnet\sdk\6.0.302\Extensions\Microsoft.VisualStudio.TestPlatform.Extensions.Trx.TestLogger.dll
TpTrace Verbose: 0 : 17396, 1, 2022/11/02, 22:01:57.767, 6230294366611, vstest.console.dll, TestPluginCache.GetExtensionPaths: Added unfilterableExtensionPaths: 
TpTrace Information: 0 : 17396, 1, 2022/11/02, 22:01:57.768, 6230294373739, vstest.console.dll, AssemblyResolver.ctor: Creating AssemblyResolver with searchDirectories C:\Program Files\dotnet\sdk\6.0.302\Extensions,C:\Program Files\dotnet\sdk\6.0.302
TpTrace Verbose: 0 : 17396, 1, 2022/11/02, 22:01:57.769, 6230294384560, vstest.console.dll, TestPluginCache.DiscoverTestExtensions: Discovering the extensions using extension path.
TpTrace Verbose: 0 : 17396, 1, 2022/11/02, 22:01:57.769, 6230294386063, vstest.console.dll, TestPluginCache.GetExtensionPaths: Filtered extension paths: 
TpTrace Verbose: 0 : 17396, 1, 2022/11/02, 22:01:57.769, 6230294386593, vstest.console.dll, TestPluginCache.GetExtensionPaths: Added default extension paths: C:\Program Files\dotnet\sdk\6.0.302\Extensions\DumpMinitool.exe
C:\Program Files\dotnet\sdk\6.0.302\Extensions\DumpMinitool.x86.exe
C:\Program Files\dotnet\sdk\6.0.302\Extensions\Microsoft.Diagnostics.NETCore.Client.dll
C:\Program Files\dotnet\sdk\6.0.302\Extensions\Microsoft.TestPlatform.Extensions.BlameDataCollector.dll
C:\Program Files\dotnet\sdk\6.0.302\Extensions\Microsoft.TestPlatform.Extensions.EventLogCollector.dll
C:\Program Files\dotnet\sdk\6.0.302\Extensions\Microsoft.TestPlatform.TestHostRuntimeProvider.dll
C:\Program Files\dotnet\sdk\6.0.302\Extensions\Microsoft.VisualStudio.TestPlatform.Extensions.Html.TestLogger.dll
C:\Program Files\dotnet\sdk\6.0.302\Extensions\Microsoft.VisualStudio.TestPlatform.Extensions.Trx.TestLogger.dll
TpTrace Verbose: 0 : 17396, 1, 2022/11/02, 22:01:57.769, 6230294386993, vstest.console.dll, TestPluginCache.GetExtensionPaths: Added unfilterableExtensionPaths: 
TpTrace Verbose: 0 : 17396, 1, 2022/11/02, 22:01:57.770, 6230294387758, vstest.console.dll, TestPluginCache.DiscoverTestExtensions: Discovering the extensions using allExtensionPaths: C:\Program Files\dotnet\sdk\6.0.302\Extensions\DumpMinitool.exe
C:\Program Files\dotnet\sdk\6.0.302\Extensions\DumpMinitool.x86.exe
C:\Program Files\dotnet\sdk\6.0.302\Extensions\Microsoft.Diagnostics.NETCore.Client.dll
C:\Program Files\dotnet\sdk\6.0.302\Extensions\Microsoft.TestPlatform.Extensions.BlameDataCollector.dll
C:\Program Files\dotnet\sdk\6.0.302\Extensions\Microsoft.TestPlatform.Extensions.EventLogCollector.dll
C:\Program Files\dotnet\sdk\6.0.302\Extensions\Microsoft.TestPlatform.TestHostRuntimeProvider.dll
C:\Program Files\dotnet\sdk\6.0.302\Extensions\Microsoft.VisualStudio.TestPlatform.Extensions.Html.TestLogger.dll
C:\Program Files\dotnet\sdk\6.0.302\Extensions\Microsoft.VisualStudio.TestPlatform.Extensions.Trx.TestLogger.dll
TpTrace Information: 0 : 17396, 1, 2022/11/02, 22:01:57.770, 6230294389868, vstest.console.dll, AssemblyResolver.AddSearchDirectories: Adding more searchDirectories C:\Program Files\dotnet\sdk\6.0.302\Extensions,C:\Program Files\dotnet\sdk\6.0.302
TpTrace Information: 0 : 17396, 1, 2022/11/02, 22:01:57.770, 6230294390641, vstest.console.dll, AssemblyResolver.AddSearchDirectories: Adding more searchDirectories C:\Program Files\dotnet\sdk\6.0.302\Extensions,C:\Program Files\dotnet\sdk\6.0.302
TpTrace Information: 0 : 17396, 1, 2022/11/02, 22:01:57.770, 6230294391033, vstest.console.dll, AssemblyResolver.AddSearchDirectories: Adding more searchDirectories C:\Program Files\dotnet\sdk\6.0.302\Extensions,C:\Program Files\dotnet\sdk\6.0.302
TpTrace Information: 0 : 17396, 1, 2022/11/02, 22:01:57.770, 6230294391441, vstest.console.dll, AssemblyResolver.AddSearchDirectories: Adding more searchDirectories C:\Program Files\dotnet\sdk\6.0.302\Extensions,C:\Program Files\dotnet\sdk\6.0.302
TpTrace Information: 0 : 17396, 1, 2022/11/02, 22:01:57.770, 6230294391795, vstest.console.dll, AssemblyResolver.AddSearchDirectories: Adding more searchDirectories C:\Program Files\dotnet\sdk\6.0.302\Extensions,C:\Program Files\dotnet\sdk\6.0.302
TpTrace Information: 0 : 17396, 1, 2022/11/02, 22:01:57.770, 6230294392136, vstest.console.dll, AssemblyResolver.AddSearchDirectories: Adding more searchDirectories C:\Program Files\dotnet\sdk\6.0.302\Extensions,C:\Program Files\dotnet\sdk\6.0.302
TpTrace Information: 0 : 17396, 1, 2022/11/02, 22:01:57.770, 6230294392474, vstest.console.dll, AssemblyResolver.AddSearchDirectories: Adding more searchDirectories C:\Program Files\dotnet\sdk\6.0.302\Extensions,C:\Program Files\dotnet\sdk\6.0.302
TpTrace Information: 0 : 17396, 1, 2022/11/02, 22:01:57.770, 6230294392871, vstest.console.dll, AssemblyResolver.AddSearchDirectories: Adding more searchDirectories C:\Program Files\dotnet\sdk\6.0.302\Extensions,C:\Program Files\dotnet\sdk\6.0.302
TpTrace Information: 0 : 17396, 1, 2022/11/02, 22:01:57.770, 6230294396493, vstest.console.dll, AssemblyResolver.OnResolve: DumpMinitool: Resolving assembly.
TpTrace Information: 0 : 17396, 1, 2022/11/02, 22:01:57.770, 6230294397209, vstest.console.dll, AssemblyResolver.OnResolve: DumpMinitool: Searching in: 'C:\Program Files\dotnet\sdk\6.0.302\Extensions'.
TpTrace Information: 0 : 17396, 1, 2022/11/02, 22:01:57.771, 6230294398528, vstest.console.dll, AssemblyResolver.OnResolve: DumpMinitool: Assembly path does not exist: 'C:\Program Files\dotnet\sdk\6.0.302\Extensions\DumpMinitool.dll', returning.
TpTrace Information: 0 : 17396, 1, 2022/11/02, 22:01:57.771, 6230294406203, vstest.console.dll, AssemblyResolver.OnResolve: DumpMinitool: Loading assembly 'C:\Program Files\dotnet\sdk\6.0.302\Extensions\DumpMinitool.exe'.
TpTrace Information: 0 : 17396, 1, 2022/11/02, 22:01:57.772, 6230294414805, vstest.console.dll, AssemblyResolver.OnResolve: Resolved assembly: DumpMinitool, from path: C:\Program Files\dotnet\sdk\6.0.302\Extensions\DumpMinitool.exe
TpTrace Verbose: 0 : 17396, 1, 2022/11/02, 22:01:57.784, 6230294528116, vstest.console.dll, MetadataReaderExtensionsHelper: Discovering extensions inside assembly 'DumpMinitool, Version=15.0.0.0, Culture=neutral, PublicKeyToken=b03f5f7f11d50a3a' file path 'C:\Program Files\dotnet\sdk\6.0.302\Extensions\DumpMinitool.exe'
TpTrace Information: 0 : 17396, 1, 2022/11/02, 22:01:57.795, 6230294638119, vstest.console.dll, AssemblyResolver.OnResolve: DumpMinitool.x86: Resolving assembly.
TpTrace Information: 0 : 17396, 1, 2022/11/02, 22:01:57.795, 6230294640100, vstest.console.dll, AssemblyResolver.OnResolve: DumpMinitool.x86: Searching in: 'C:\Program Files\dotnet\sdk\6.0.302\Extensions'.
TpTrace Information: 0 : 17396, 1, 2022/11/02, 22:01:57.795, 6230294641649, vstest.console.dll, AssemblyResolver.OnResolve: DumpMinitool.x86: Assembly path does not exist: 'C:\Program Files\dotnet\sdk\6.0.302\Extensions\DumpMinitool.x86.dll', returning.
TpTrace Information: 0 : 17396, 1, 2022/11/02, 22:01:57.796, 6230294648160, vstest.console.dll, AssemblyResolver.OnResolve: DumpMinitool.x86: Loading assembly 'C:\Program Files\dotnet\sdk\6.0.302\Extensions\DumpMinitool.x86.exe'.
TpTrace Information: 0 : 17396, 1, 2022/11/02, 22:01:57.797, 6230294658147, vstest.console.dll, AssemblyResolver.OnResolve: Resolved assembly: DumpMinitool.x86, from path: C:\Program Files\dotnet\sdk\6.0.302\Extensions\DumpMinitool.x86.exe
TpTrace Verbose: 0 : 17396, 1, 2022/11/02, 22:01:57.797, 6230294659615, vstest.console.dll, MetadataReaderExtensionsHelper: Discovering extensions inside assembly 'DumpMinitool.x86, Version=15.0.0.0, Culture=neutral, PublicKeyToken=b03f5f7f11d50a3a' file path 'C:\Program Files\dotnet\sdk\6.0.302\Extensions\DumpMinitool.x86.exe'
TpTrace Information: 0 : 17396, 1, 2022/11/02, 22:01:57.798, 6230294671131, vstest.console.dll, AssemblyResolver.OnResolve: Microsoft.Diagnostics.NETCore.Client: Resolving assembly.
TpTrace Information: 0 : 17396, 1, 2022/11/02, 22:01:57.798, 6230294672144, vstest.console.dll, AssemblyResolver.OnResolve: Microsoft.Diagnostics.NETCore.Client: Searching in: 'C:\Program Files\dotnet\sdk\6.0.302\Extensions'.
TpTrace Information: 0 : 17396, 1, 2022/11/02, 22:01:57.799, 6230294678453, vstest.console.dll, AssemblyResolver.OnResolve: Microsoft.Diagnostics.NETCore.Client: Loading assembly 'C:\Program Files\dotnet\sdk\6.0.302\Extensions\Microsoft.Diagnostics.NETCore.Client.dll'.
TpTrace Information: 0 : 17396, 1, 2022/11/02, 22:01:57.800, 6230294687659, vstest.console.dll, AssemblyResolver.OnResolve: Resolved assembly: Microsoft.Diagnostics.NETCore.Client, from path: C:\Program Files\dotnet\sdk\6.0.302\Extensions\Microsoft.Diagnostics.NETCore.Client.dll
TpTrace Verbose: 0 : 17396, 1, 2022/11/02, 22:01:57.800, 6230294689368, vstest.console.dll, MetadataReaderExtensionsHelper: Discovering extensions inside assembly 'Microsoft.Diagnostics.NETCore.Client, Version=0.2.5.801, Culture=neutral, PublicKeyToken=31bf3856ad364e35' file path 'C:\Program Files\dotnet\sdk\6.0.302\Extensions\Microsoft.Diagnostics.NETCore.Client.dll'
TpTrace Information: 0 : 17396, 1, 2022/11/02, 22:01:57.810, 6230294788417, vstest.console.dll, AssemblyResolver.OnResolve: Microsoft.Bcl.AsyncInterfaces: Resolving assembly.
TpTrace Information: 0 : 17396, 1, 2022/11/02, 22:01:57.810, 6230294790448, vstest.console.dll, AssemblyResolver.OnResolve: Microsoft.Bcl.AsyncInterfaces: Searching in: 'C:\Program Files\dotnet\sdk\6.0.302\Extensions'.
TpTrace Information: 0 : 17396, 1, 2022/11/02, 22:01:57.810, 6230294791902, vstest.console.dll, AssemblyResolver.OnResolve: Microsoft.Bcl.AsyncInterfaces: Assembly path does not exist: 'C:\Program Files\dotnet\sdk\6.0.302\Extensions\Microsoft.Bcl.AsyncInterfaces.dll', returning.
TpTrace Information: 0 : 17396, 1, 2022/11/02, 22:01:57.810, 6230294792982, vstest.console.dll, AssemblyResolver.OnResolve: Microsoft.Bcl.AsyncInterfaces: Assembly path does not exist: 'C:\Program Files\dotnet\sdk\6.0.302\Extensions\Microsoft.Bcl.AsyncInterfaces.exe', returning.
TpTrace Information: 0 : 17396, 1, 2022/11/02, 22:01:57.810, 6230294793601, vstest.console.dll, AssemblyResolver.OnResolve: Microsoft.Bcl.AsyncInterfaces: Searching in: 'C:\Program Files\dotnet\sdk\6.0.302'.
TpTrace Information: 0 : 17396, 1, 2022/11/02, 22:01:57.810, 6230294794814, vstest.console.dll, AssemblyResolver.OnResolve: Microsoft.Bcl.AsyncInterfaces: Assembly path does not exist: 'C:\Program Files\dotnet\sdk\6.0.302\Microsoft.Bcl.AsyncInterfaces.dll', returning.
TpTrace Information: 0 : 17396, 1, 2022/11/02, 22:01:57.810, 6230294795902, vstest.console.dll, AssemblyResolver.OnResolve: Microsoft.Bcl.AsyncInterfaces: Assembly path does not exist: 'C:\Program Files\dotnet\sdk\6.0.302\Microsoft.Bcl.AsyncInterfaces.exe', returning.
TpTrace Information: 0 : 17396, 1, 2022/11/02, 22:01:57.810, 6230294796535, vstest.console.dll, AssemblyResolver.OnResolve: Microsoft.Bcl.AsyncInterfaces: Failed to load assembly.
TpTrace Verbose: 0 : 17396, 1, 2022/11/02, 22:01:57.810, 6230294797300, vstest.console.dll, CurrentDomainAssemblyResolve: Resolving assembly 'Microsoft.Bcl.AsyncInterfaces'.
TpTrace Information: 0 : 17396, 1, 2022/11/02, 22:01:57.811, 6230294798877, vstest.console.dll, AssemblyResolver.OnResolve: Microsoft.Bcl.AsyncInterfaces: Resolving assembly.
TpTrace Information: 0 : 17396, 1, 2022/11/02, 22:01:57.811, 6230294799749, vstest.console.dll, AssemblyResolver.OnResolve: Microsoft.Bcl.AsyncInterfaces: Resolved from cache.
TpTrace Verbose: 0 : 17396, 1, 2022/11/02, 22:01:57.811, 6230294800393, vstest.console.dll, CurrentDomainAssemblyResolve: Resolving assembly 'Microsoft.Bcl.AsyncInterfaces'.
TpTrace Verbose: 0 : 17396, 1, 2022/11/02, 22:01:57.811, 6230294801276, vstest.console.dll, CurrentDomainAssemblyResolve: Failed to resolve assembly 'Microsoft.Bcl.AsyncInterfaces'.
TpTrace Verbose: 0 : 17396, 1, 2022/11/02, 22:01:57.812, 6230294809625, vstest.console.dll, CurrentDomainAssemblyResolve: Failed to resolve assembly 'Microsoft.Bcl.AsyncInterfaces'.
TpTrace Warning: 0 : 17396, 1, 2022/11/02, 22:01:57.826, 6230294956924, vstest.console.dll, TestPluginDiscoverer: Failed to get types from assembly 'Microsoft.Diagnostics.NETCore.Client, Version=0.2.5.801, Culture=neutral, PublicKeyToken=31bf3856ad364e35'. Error: System.Reflection.ReflectionTypeLoadException: Unable to load one or more of the requested types.
Could not load file or assembly 'Microsoft.Bcl.AsyncInterfaces, Version=1.0.0.0, Culture=neutral, PublicKeyToken=cc7b13ffcd2ddd51'. The system cannot find the file specified.
   at System.Reflection.RuntimeModule.GetTypes(RuntimeModule module)
   at System.Reflection.Assembly.GetTypes()
   at Microsoft.VisualStudio.TestPlatform.Common.ExtensionFramework.TestPluginDiscoverer.GetTestExtensionsFromAssembly[TPluginInfo,TExtension](Assembly assembly, Dictionary`2 pluginInfos, String filePath)
System.IO.FileNotFoundException: Could not load file or assembly 'Microsoft.Bcl.AsyncInterfaces, Version=1.0.0.0, Culture=neutral, PublicKeyToken=cc7b13ffcd2ddd51'. The system cannot find the file specified.
File name: 'Microsoft.Bcl.AsyncInterfaces, Version=1.0.0.0, Culture=neutral, PublicKeyToken=cc7b13ffcd2ddd51'
 ---> System.IO.FileNotFoundException: Could not load file or assembly 'Microsoft.Bcl.AsyncInterfaces, Culture=neutral, PublicKeyToken=null'. The system cannot find the file specified.
File name: 'Microsoft.Bcl.AsyncInterfaces, Culture=neutral, PublicKeyToken=null'
   at System.Reflection.RuntimeAssembly.InternalLoad(ObjectHandleOnStack assemblyName, ObjectHandleOnStack requestingAssembly, StackCrawlMarkHandle stackMark, Boolean throwOnFileNotFound, ObjectHandleOnStack assemblyLoadContext, ObjectHandleOnStack retAssembly)
   at System.Reflection.RuntimeAssembly.InternalLoad(AssemblyName assemblyName, RuntimeAssembly requestingAssembly, StackCrawlMark& stackMark, Boolean throwOnFileNotFound, AssemblyLoadContext assemblyLoadContext)
   at System.Reflection.Assembly.Load(AssemblyName assemblyRef)
   at Microsoft.VisualStudio.TestPlatform.Common.ExtensionFramework.TestPluginCache.CurrentDomainAssemblyResolve(Object sender, AssemblyResolveEventArgs args)
   at Microsoft.VisualStudio.TestPlatform.PlatformAbstractions.PlatformAssemblyResolver.AssemblyResolverEvent(Object sender, Object eventArgs)
   at System.Runtime.Loader.AssemblyLoadContext.GetFirstResolvedAssemblyFromResolvingEvent(AssemblyName assemblyName)
   at System.Runtime.Loader.AssemblyLoadContext.ResolveUsingEvent(AssemblyName assemblyName)
   at System.Runtime.Loader.AssemblyLoadContext.ResolveUsingResolvingEvent(IntPtr gchManagedAssemblyLoadContext, AssemblyName assemblyName)
TpTrace Warning: 0 : 17396, 1, 2022/11/02, 22:01:57.827, 6230294964536, vstest.console.dll, LoaderExceptions: System.IO.FileNotFoundException: Could not load file or assembly 'Microsoft.Bcl.AsyncInterfaces, Version=1.0.0.0, Culture=neutral, PublicKeyToken=cc7b13ffcd2ddd51'. The system cannot find the file specified.
File name: 'Microsoft.Bcl.AsyncInterfaces, Version=1.0.0.0, Culture=neutral, PublicKeyToken=cc7b13ffcd2ddd51'
 ---> System.IO.FileNotFoundException: Could not load file or assembly 'Microsoft.Bcl.AsyncInterfaces, Culture=neutral, PublicKeyToken=null'. The system cannot find the file specified.
File name: 'Microsoft.Bcl.AsyncInterfaces, Culture=neutral, PublicKeyToken=null'
   at System.Reflection.RuntimeAssembly.InternalLoad(ObjectHandleOnStack assemblyName, ObjectHandleOnStack requestingAssembly, StackCrawlMarkHandle stackMark, Boolean throwOnFileNotFound, ObjectHandleOnStack assemblyLoadContext, ObjectHandleOnStack retAssembly)
   at System.Reflection.RuntimeAssembly.InternalLoad(AssemblyName assemblyName, RuntimeAssembly requestingAssembly, StackCrawlMark& stackMark, Boolean throwOnFileNotFound, AssemblyLoadContext assemblyLoadContext)
   at System.Reflection.Assembly.Load(AssemblyName assemblyRef)
   at Microsoft.VisualStudio.TestPlatform.Common.ExtensionFramework.TestPluginCache.CurrentDomainAssemblyResolve(Object sender, AssemblyResolveEventArgs args)
   at Microsoft.VisualStudio.TestPlatform.PlatformAbstractions.PlatformAssemblyResolver.AssemblyResolverEvent(Object sender, Object eventArgs)
   at System.Runtime.Loader.AssemblyLoadContext.GetFirstResolvedAssemblyFromResolvingEvent(AssemblyName assemblyName)
   at System.Runtime.Loader.AssemblyLoadContext.ResolveUsingEvent(AssemblyName assemblyName)
   at System.Runtime.Loader.AssemblyLoadContext.ResolveUsingResolvingEvent(IntPtr gchManagedAssemblyLoadContext, AssemblyName assemblyName)
TpTrace Information: 0 : 17396, 1, 2022/11/02, 22:01:57.827, 6230294967210, vstest.console.dll, AssemblyResolver.OnResolve: Microsoft.TestPlatform.Extensions.BlameDataCollector: Resolving assembly.
TpTrace Information: 0 : 17396, 1, 2022/11/02, 22:01:57.828, 6230294968128, vstest.console.dll, AssemblyResolver.OnResolve: Microsoft.TestPlatform.Extensions.BlameDataCollector: Searching in: 'C:\Program Files\dotnet\sdk\6.0.302\Extensions'.
TpTrace Information: 0 : 17396, 1, 2022/11/02, 22:01:57.828, 6230294975495, vstest.console.dll, AssemblyResolver.OnResolve: Microsoft.TestPlatform.Extensions.BlameDataCollector: Loading assembly 'C:\Program Files\dotnet\sdk\6.0.302\Extensions\Microsoft.TestPlatform.Extensions.BlameDataCollector.dll'.
TpTrace Information: 0 : 17396, 1, 2022/11/02, 22:01:57.829, 6230294983027, vstest.console.dll, AssemblyResolver.OnResolve: Resolved assembly: Microsoft.TestPlatform.Extensions.BlameDataCollector, from path: C:\Program Files\dotnet\sdk\6.0.302\Extensions\Microsoft.TestPlatform.Extensions.BlameDataCollector.dll
TpTrace Verbose: 0 : 17396, 1, 2022/11/02, 22:01:57.829, 6230294984199, vstest.console.dll, MetadataReaderExtensionsHelper: Discovering extensions inside assembly 'Microsoft.TestPlatform.Extensions.BlameDataCollector, Version=15.0.0.0, Culture=neutral, PublicKeyToken=b03f5f7f11d50a3a' file path 'C:\Program Files\dotnet\sdk\6.0.302\Extensions\Microsoft.TestPlatform.Extensions.BlameDataCollector.dll'
TpTrace Information: 0 : 17396, 1, 2022/11/02, 22:01:57.831, 6230294999068, vstest.console.dll, AssemblyResolver.OnResolve: Microsoft.TestPlatform.Extensions.EventLogCollector: Resolving assembly.
TpTrace Information: 0 : 17396, 1, 2022/11/02, 22:01:57.831, 6230294999938, vstest.console.dll, AssemblyResolver.OnResolve: Microsoft.TestPlatform.Extensions.EventLogCollector: Searching in: 'C:\Program Files\dotnet\sdk\6.0.302\Extensions'.
TpTrace Information: 0 : 17396, 1, 2022/11/02, 22:01:57.831, 6230295005839, vstest.console.dll, AssemblyResolver.OnResolve: Microsoft.TestPlatform.Extensions.EventLogCollector: Loading assembly 'C:\Program Files\dotnet\sdk\6.0.302\Extensions\Microsoft.TestPlatform.Extensions.EventLogCollector.dll'.
TpTrace Information: 0 : 17396, 1, 2022/11/02, 22:01:57.832, 6230295012838, vstest.console.dll, AssemblyResolver.OnResolve: Resolved assembly: Microsoft.TestPlatform.Extensions.EventLogCollector, from path: C:\Program Files\dotnet\sdk\6.0.302\Extensions\Microsoft.TestPlatform.Extensions.EventLogCollector.dll
TpTrace Verbose: 0 : 17396, 1, 2022/11/02, 22:01:57.832, 6230295013839, vstest.console.dll, MetadataReaderExtensionsHelper: Discovering extensions inside assembly 'Microsoft.TestPlatform.Extensions.EventLogCollector, Version=15.0.0.0, Culture=neutral, PublicKeyToken=b03f5f7f11d50a3a' file path 'C:\Program Files\dotnet\sdk\6.0.302\Extensions\Microsoft.TestPlatform.Extensions.EventLogCollector.dll'
TpTrace Information: 0 : 17396, 1, 2022/11/02, 22:01:57.834, 6230295028986, vstest.console.dll, AssemblyResolver.OnResolve: Microsoft.TestPlatform.TestHostRuntimeProvider: Resolving assembly.
TpTrace Information: 0 : 17396, 1, 2022/11/02, 22:01:57.834, 6230295029959, vstest.console.dll, AssemblyResolver.OnResolve: Microsoft.TestPlatform.TestHostRuntimeProvider: Searching in: 'C:\Program Files\dotnet\sdk\6.0.302\Extensions'.
TpTrace Information: 0 : 17396, 1, 2022/11/02, 22:01:57.834, 6230295035743, vstest.console.dll, AssemblyResolver.OnResolve: Microsoft.TestPlatform.TestHostRuntimeProvider: Loading assembly 'C:\Program Files\dotnet\sdk\6.0.302\Extensions\Microsoft.TestPlatform.TestHostRuntimeProvider.dll'.
TpTrace Information: 0 : 17396, 1, 2022/11/02, 22:01:57.835, 6230295042950, vstest.console.dll, AssemblyResolver.OnResolve: Resolved assembly: Microsoft.TestPlatform.TestHostRuntimeProvider, from path: C:\Program Files\dotnet\sdk\6.0.302\Extensions\Microsoft.TestPlatform.TestHostRuntimeProvider.dll
TpTrace Verbose: 0 : 17396, 1, 2022/11/02, 22:01:57.835, 6230295044140, vstest.console.dll, MetadataReaderExtensionsHelper: Discovering extensions inside assembly 'Microsoft.TestPlatform.TestHostRuntimeProvider, Version=15.0.0.0, Culture=neutral, PublicKeyToken=b03f5f7f11d50a3a' file path 'C:\Program Files\dotnet\sdk\6.0.302\Extensions\Microsoft.TestPlatform.TestHostRuntimeProvider.dll'
TpTrace Information: 0 : 17396, 1, 2022/11/02, 22:01:57.839, 6230295080177, vstest.console.dll, GetTestExtensionFromType: Register extension with identifier data 'HostProvider://DefaultTestHost' and type 'Microsoft.VisualStudio.TestPlatform.CrossPlatEngine.Hosting.DefaultTestHostManager, Microsoft.TestPlatform.TestHostRuntimeProvider, Version=15.0.0.0, Culture=neutral, PublicKeyToken=b03f5f7f11d50a3a' inside file 'C:\Program Files\dotnet\sdk\6.0.302\Extensions\Microsoft.TestPlatform.TestHostRuntimeProvider.dll'
TpTrace Information: 0 : 17396, 1, 2022/11/02, 22:01:57.839, 6230295081720, vstest.console.dll, GetTestExtensionFromType: Register extension with identifier data 'HostProvider://DotnetTestHost' and type 'Microsoft.VisualStudio.TestPlatform.CrossPlatEngine.Hosting.DotnetTestHostManager, Microsoft.TestPlatform.TestHostRuntimeProvider, Version=15.0.0.0, Culture=neutral, PublicKeyToken=b03f5f7f11d50a3a' inside file 'C:\Program Files\dotnet\sdk\6.0.302\Extensions\Microsoft.TestPlatform.TestHostRuntimeProvider.dll'
TpTrace Information: 0 : 17396, 1, 2022/11/02, 22:01:57.839, 6230295082992, vstest.console.dll, AssemblyResolver.OnResolve: Microsoft.VisualStudio.TestPlatform.Extensions.Html.TestLogger: Resolving assembly.
TpTrace Information: 0 : 17396, 1, 2022/11/02, 22:01:57.839, 6230295083691, vstest.console.dll, AssemblyResolver.OnResolve: Microsoft.VisualStudio.TestPlatform.Extensions.Html.TestLogger: Searching in: 'C:\Program Files\dotnet\sdk\6.0.302\Extensions'.
TpTrace Information: 0 : 17396, 1, 2022/11/02, 22:01:57.840, 6230295091310, vstest.console.dll, AssemblyResolver.OnResolve: Microsoft.VisualStudio.TestPlatform.Extensions.Html.TestLogger: Loading assembly 'C:\Program Files\dotnet\sdk\6.0.302\Extensions\Microsoft.VisualStudio.TestPlatform.Extensions.Html.TestLogger.dll'.
TpTrace Information: 0 : 17396, 1, 2022/11/02, 22:01:57.841, 6230295100979, vstest.console.dll, AssemblyResolver.OnResolve: Resolved assembly: Microsoft.VisualStudio.TestPlatform.Extensions.Html.TestLogger, from path: C:\Program Files\dotnet\sdk\6.0.302\Extensions\Microsoft.VisualStudio.TestPlatform.Extensions.Html.TestLogger.dll
TpTrace Verbose: 0 : 17396, 1, 2022/11/02, 22:01:57.841, 6230295102430, vstest.console.dll, MetadataReaderExtensionsHelper: Discovering extensions inside assembly 'Microsoft.VisualStudio.TestPlatform.Extensions.Html.TestLogger, Version=15.0.0.0, Culture=neutral, PublicKeyToken=b03f5f7f11d50a3a' file path 'C:\Program Files\dotnet\sdk\6.0.302\Extensions\Microsoft.VisualStudio.TestPlatform.Extensions.Html.TestLogger.dll'
TpTrace Information: 0 : 17396, 1, 2022/11/02, 22:01:57.842, 6230295115105, vstest.console.dll, AssemblyResolver.OnResolve: Microsoft.VisualStudio.TestPlatform.Extensions.Trx.TestLogger: Resolving assembly.
TpTrace Information: 0 : 17396, 1, 2022/11/02, 22:01:57.842, 6230295116096, vstest.console.dll, AssemblyResolver.OnResolve: Microsoft.VisualStudio.TestPlatform.Extensions.Trx.TestLogger: Searching in: 'C:\Program Files\dotnet\sdk\6.0.302\Extensions'.
TpTrace Information: 0 : 17396, 1, 2022/11/02, 22:01:57.843, 6230295123891, vstest.console.dll, AssemblyResolver.OnResolve: Microsoft.VisualStudio.TestPlatform.Extensions.Trx.TestLogger: Loading assembly 'C:\Program Files\dotnet\sdk\6.0.302\Extensions\Microsoft.VisualStudio.TestPlatform.Extensions.Trx.TestLogger.dll'.
TpTrace Information: 0 : 17396, 1, 2022/11/02, 22:01:57.844, 6230295134511, vstest.console.dll, AssemblyResolver.OnResolve: Resolved assembly: Microsoft.VisualStudio.TestPlatform.Extensions.Trx.TestLogger, from path: C:\Program Files\dotnet\sdk\6.0.302\Extensions\Microsoft.VisualStudio.TestPlatform.Extensions.Trx.TestLogger.dll
TpTrace Verbose: 0 : 17396, 1, 2022/11/02, 22:01:57.844, 6230295136117, vstest.console.dll, MetadataReaderExtensionsHelper: Discovering extensions inside assembly 'Microsoft.VisualStudio.TestPlatform.Extensions.Trx.TestLogger, Version=15.0.0.0, Culture=neutral, PublicKeyToken=b03f5f7f11d50a3a' file path 'C:\Program Files\dotnet\sdk\6.0.302\Extensions\Microsoft.VisualStudio.TestPlatform.Extensions.Trx.TestLogger.dll'
TpTrace Verbose: 0 : 17396, 1, 2022/11/02, 22:01:57.846, 6230295150696, vstest.console.dll, TestPluginCache: Discovered the extensions using extension path ''.
TpTrace Verbose: 0 : 17396, 1, 2022/11/02, 22:01:57.846, 6230295151882, vstest.console.dll, TestPluginCache: Discoverers are ''.
TpTrace Verbose: 0 : 17396, 1, 2022/11/02, 22:01:57.846, 6230295152450, vstest.console.dll, TestPluginCache: Executors are ''.
TpTrace Verbose: 0 : 17396, 1, 2022/11/02, 22:01:57.846, 6230295152924, vstest.console.dll, TestPluginCache: Executors2 are ''.
TpTrace Verbose: 0 : 17396, 1, 2022/11/02, 22:01:57.846, 6230295153231, vstest.console.dll, TestPluginCache: Setting providers are ''.
TpTrace Verbose: 0 : 17396, 1, 2022/11/02, 22:01:57.846, 6230295153528, vstest.console.dll, TestPluginCache: Loggers are ''.
TpTrace Verbose: 0 : 17396, 1, 2022/11/02, 22:01:57.846, 6230295155781, vstest.console.dll, TestPluginCache: TestHosts are 'HostProvider://DefaultTestHost,HostProvider://DotnetTestHost'.
TpTrace Verbose: 0 : 17396, 1, 2022/11/02, 22:01:57.846, 6230295156384, vstest.console.dll, TestPluginCache: DataCollectors are ''.
TpTrace Information: 0 : 17396, 1, 2022/11/02, 22:01:57.860, 6230295295526, vstest.console.dll, RunTestsArgumentProcessor:Execute: Test run is starting.
TpTrace Verbose: 0 : 17396, 1, 2022/11/02, 22:01:57.860, 6230295296852, vstest.console.dll, RunTestsArgumentProcessor:Execute: Queuing Test run.
TpTrace Information: 0 : 17396, 1, 2022/11/02, 22:01:57.861, 6230295301159, vstest.console.dll, TestRequestManager.RunTests: run tests started.
TpTrace Information: 0 : 17396, 1, 2022/11/02, 22:01:57.864, 6230295331409, vstest.console.dll, AssemblyMetadataProvider.GetFrameWork: Determined framework:'.NETCoreApp,Version=v6.0' for source: 'C:\Users\Dell\OneDrive\Рабочий стол\Studying\.NET\Labs\Lab1\MyList_NUnitTests\bin\Debug\net6.0\fine-code-coverage\build-output\MyList_NUnitTests.dll'
TpTrace Information: 0 : 17396, 1, 2022/11/02, 22:01:57.864, 6230295333626, vstest.console.dll, Determined framework for all sources: .NETCoreApp,Version=v6.0
TpTrace Verbose: 0 : 17396, 1, 2022/11/02, 22:01:57.865, 6230295340460, vstest.console.dll, TestRequestManager.UpdateRunSettingsIfRequired: Default architecture: X64 IsDefaultTargetArchitecture: True, Current process architecture: X64 OperatingSystem: Windows.
TpTrace Information: 0 : 17396, 1, 2022/11/02, 22:01:57.865, 6230295344385, vstest.console.dll, AssemblyMetadataProvider.GetArchitecture: Determined architecture:AnyCPU info for assembly: C:\Users\Dell\OneDrive\Рабочий стол\Studying\.NET\Labs\Lab1\MyList_NUnitTests\bin\Debug\net6.0\fine-code-coverage\build-output\MyList_NUnitTests.dll
TpTrace Information: 0 : 17396, 1, 2022/11/02, 22:01:57.865, 6230295345131, vstest.console.dll, Determined platform for source 'C:\Users\Dell\OneDrive\Рабочий стол\Studying\.NET\Labs\Lab1\MyList_NUnitTests\bin\Debug\net6.0\fine-code-coverage\build-output\MyList_NUnitTests.dll' is 'AnyCPU'
TpTrace Information: 0 : 17396, 1, 2022/11/02, 22:01:57.868, 6230295375210, vstest.console.dll, Determined platform for all sources: X64
TpTrace Information: 0 : 17396, 1, 2022/11/02, 22:01:57.868, 6230295376464, vstest.console.dll, Infered platform 'X64'.
TpTrace Information: 0 : 17396, 1, 2022/11/02, 22:01:57.868, 6230295377164, vstest.console.dll, Platform update to 'X64' required.
TpTrace Information: 0 : 17396, 1, 2022/11/02, 22:01:57.873, 6230295418913, vstest.console.dll, Compatible sources list: 
TpTrace Information: 0 : 17396, 1, 2022/11/02, 22:01:57.873, 6230295420250, vstest.console.dll, C:\Users\Dell\OneDrive\Рабочий стол\Studying\.NET\Labs\Lab1\MyList_NUnitTests\bin\Debug\net6.0\fine-code-coverage\build-output\MyList_NUnitTests.dll
TpTrace Information: 0 : 17396, 1, 2022/11/02, 22:01:57.877, 6230295461044, vstest.console.dll, InferRunSettingsHelper.IsTestSettingsEnabled: Unable to navigate to RunSettings/MSTest. Current node: RunSettings
TpTrace Information: 0 : 17396, 1, 2022/11/02, 22:01:57.878, 6230295470659, vstest.console.dll, AssemblyResolver.OnResolve: Microsoft.VisualStudio.TestPlatform.Fakes: Resolving assembly.
TpTrace Information: 0 : 17396, 1, 2022/11/02, 22:01:57.878, 6230295471593, vstest.console.dll, AssemblyResolver.OnResolve: Microsoft.VisualStudio.TestPlatform.Fakes: Searching in: 'C:\Program Files\dotnet\sdk\6.0.302\Extensions'.
TpTrace Information: 0 : 17396, 1, 2022/11/02, 22:01:57.878, 6230295472735, vstest.console.dll, AssemblyResolver.OnResolve: Microsoft.VisualStudio.TestPlatform.Fakes: Assembly path does not exist: 'C:\Program Files\dotnet\sdk\6.0.302\Extensions\Microsoft.VisualStudio.TestPlatform.Fakes.dll', returning.
TpTrace Information: 0 : 17396, 1, 2022/11/02, 22:01:57.878, 6230295473540, vstest.console.dll, AssemblyResolver.OnResolve: Microsoft.VisualStudio.TestPlatform.Fakes: Assembly path does not exist: 'C:\Program Files\dotnet\sdk\6.0.302\Extensions\Microsoft.VisualStudio.TestPlatform.Fakes.exe', returning.
TpTrace Information: 0 : 17396, 1, 2022/11/02, 22:01:57.878, 6230295473934, vstest.console.dll, AssemblyResolver.OnResolve: Microsoft.VisualStudio.TestPlatform.Fakes: Searching in: 'C:\Program Files\dotnet\sdk\6.0.302'.
TpTrace Information: 0 : 17396, 1, 2022/11/02, 22:01:57.878, 6230295474656, vstest.console.dll, AssemblyResolver.OnResolve: Microsoft.VisualStudio.TestPlatform.Fakes: Assembly path does not exist: 'C:\Program Files\dotnet\sdk\6.0.302\Microsoft.VisualStudio.TestPlatform.Fakes.dll', returning.
TpTrace Information: 0 : 17396, 1, 2022/11/02, 22:01:57.878, 6230295475433, vstest.console.dll, AssemblyResolver.OnResolve: Microsoft.VisualStudio.TestPlatform.Fakes: Assembly path does not exist: 'C:\Program Files\dotnet\sdk\6.0.302\Microsoft.VisualStudio.TestPlatform.Fakes.exe', returning.
TpTrace Information: 0 : 17396, 1, 2022/11/02, 22:01:57.878, 6230295475807, vstest.console.dll, AssemblyResolver.OnResolve: Microsoft.VisualStudio.TestPlatform.Fakes: Failed to load assembly.
TpTrace Information: 0 : 17396, 1, 2022/11/02, 22:01:57.879, 6230295480722, vstest.console.dll, Failed to load assembly Microsoft.VisualStudio.TestPlatform.Fakes, Version=17.0.0.0, Culture=neutral. Reason:System.IO.FileNotFoundException: Could not load file or assembly 'Microsoft.VisualStudio.TestPlatform.Fakes, Version=17.0.0.0, Culture=neutral, PublicKeyToken=null'. The system cannot find the file specified.
File name: 'Microsoft.VisualStudio.TestPlatform.Fakes, Version=17.0.0.0, Culture=neutral, PublicKeyToken=null'
   at System.Reflection.RuntimeAssembly.InternalLoad(ObjectHandleOnStack assemblyName, ObjectHandleOnStack requestingAssembly, StackCrawlMarkHandle stackMark, Boolean throwOnFileNotFound, ObjectHandleOnStack assemblyLoadContext, ObjectHandleOnStack retAssembly)
   at System.Reflection.RuntimeAssembly.InternalLoad(AssemblyName assemblyName, RuntimeAssembly requestingAssembly, StackCrawlMark& stackMark, Boolean throwOnFileNotFound, AssemblyLoadContext assemblyLoadContext)
   at System.Reflection.Assembly.Load(AssemblyName assemblyRef)
   at Microsoft.VisualStudio.TestPlatform.Common.Utilities.FakesUtilities.LoadTestPlatformAssembly()
TpTrace Verbose: 0 : 17396, 1, 2022/11/02, 22:01:57.885, 6230295542628, vstest.console.dll, TestPluginCache.DiscoverTestExtensions: finding test extensions in assemblies ends with: TestLogger.dll TPluginInfo: Microsoft.VisualStudio.TestPlatform.Common.ExtensionFramework.Utilities.TestLoggerPluginInformation TExtension: Microsoft.VisualStudio.TestPlatform.ObjectModel.Client.ITestLogger
TpTrace Verbose: 0 : 17396, 1, 2022/11/02, 22:01:57.885, 6230295544045, vstest.console.dll, TestPluginCache.GetExtensionPaths: Filtered extension paths: 
TpTrace Verbose: 0 : 17396, 1, 2022/11/02, 22:01:57.885, 6230295544722, vstest.console.dll, TestPluginCache.GetExtensionPaths: Added default extension paths: C:\Program Files\dotnet\sdk\6.0.302\Extensions\DumpMinitool.exe
C:\Program Files\dotnet\sdk\6.0.302\Extensions\DumpMinitool.x86.exe
C:\Program Files\dotnet\sdk\6.0.302\Extensions\Microsoft.Diagnostics.NETCore.Client.dll
C:\Program Files\dotnet\sdk\6.0.302\Extensions\Microsoft.TestPlatform.Extensions.BlameDataCollector.dll
C:\Program Files\dotnet\sdk\6.0.302\Extensions\Microsoft.TestPlatform.Extensions.EventLogCollector.dll
C:\Program Files\dotnet\sdk\6.0.302\Extensions\Microsoft.TestPlatform.TestHostRuntimeProvider.dll
C:\Program Files\dotnet\sdk\6.0.302\Extensions\Microsoft.VisualStudio.TestPlatform.Extensions.Html.TestLogger.dll
C:\Program Files\dotnet\sdk\6.0.302\Extensions\Microsoft.VisualStudio.TestPlatform.Extensions.Trx.TestLogger.dll
TpTrace Verbose: 0 : 17396, 1, 2022/11/02, 22:01:57.885, 6230295545417, vstest.console.dll, TestPluginCache.GetExtensionPaths: Added unfilterableExtensionPaths: 
TpTrace Information: 0 : 17396, 1, 2022/11/02, 22:01:57.885, 6230295547245, vstest.console.dll, AssemblyResolver.AddSearchDirectories: Adding more searchDirectories C:\Program Files\dotnet\sdk\6.0.302\Extensions,C:\Program Files\dotnet\sdk\6.0.302
TpTrace Verbose: 0 : 17396, 1, 2022/11/02, 22:01:57.886, 6230295547901, vstest.console.dll, TestPluginCache.DiscoverTestExtensions: Discovering the extensions using extension path.
TpTrace Verbose: 0 : 17396, 1, 2022/11/02, 22:01:57.886, 6230295549046, vstest.console.dll, TestPluginCache.GetExtensionPaths: Filtered extension paths: 
TpTrace Verbose: 0 : 17396, 1, 2022/11/02, 22:01:57.886, 6230295549575, vstest.console.dll, TestPluginCache.GetExtensionPaths: Added default extension paths: C:\Program Files\dotnet\sdk\6.0.302\Extensions\DumpMinitool.exe
C:\Program Files\dotnet\sdk\6.0.302\Extensions\DumpMinitool.x86.exe
C:\Program Files\dotnet\sdk\6.0.302\Extensions\Microsoft.Diagnostics.NETCore.Client.dll
C:\Program Files\dotnet\sdk\6.0.302\Extensions\Microsoft.TestPlatform.Extensions.BlameDataCollector.dll
C:\Program Files\dotnet\sdk\6.0.302\Extensions\Microsoft.TestPlatform.Extensions.EventLogCollector.dll
C:\Program Files\dotnet\sdk\6.0.302\Extensions\Microsoft.TestPlatform.TestHostRuntimeProvider.dll
C:\Program Files\dotnet\sdk\6.0.302\Extensions\Microsoft.VisualStudio.TestPlatform.Extensions.Html.TestLogger.dll
C:\Program Files\dotnet\sdk\6.0.302\Extensions\Microsoft.VisualStudio.TestPlatform.Extensions.Trx.TestLogger.dll
TpTrace Verbose: 0 : 17396, 1, 2022/11/02, 22:01:57.886, 6230295550219, vstest.console.dll, TestPluginCache.GetExtensionPaths: Added unfilterableExtensionPaths: 
TpTrace Verbose: 0 : 17396, 1, 2022/11/02, 22:01:57.886, 6230295550814, vstest.console.dll, TestPluginCache.DiscoverTestExtensions: Discovering the extensions using allExtensionPaths: C:\Program Files\dotnet\sdk\6.0.302\Extensions\DumpMinitool.exe
C:\Program Files\dotnet\sdk\6.0.302\Extensions\DumpMinitool.x86.exe
C:\Program Files\dotnet\sdk\6.0.302\Extensions\Microsoft.Diagnostics.NETCore.Client.dll
C:\Program Files\dotnet\sdk\6.0.302\Extensions\Microsoft.TestPlatform.Extensions.BlameDataCollector.dll
C:\Program Files\dotnet\sdk\6.0.302\Extensions\Microsoft.TestPlatform.Extensions.EventLogCollector.dll
C:\Program Files\dotnet\sdk\6.0.302\Extensions\Microsoft.TestPlatform.TestHostRuntimeProvider.dll
C:\Program Files\dotnet\sdk\6.0.302\Extensions\Microsoft.VisualStudio.TestPlatform.Extensions.Html.TestLogger.dll
C:\Program Files\dotnet\sdk\6.0.302\Extensions\Microsoft.VisualStudio.TestPlatform.Extensions.Trx.TestLogger.dll
TpTrace Information: 0 : 17396, 1, 2022/11/02, 22:01:57.886, 6230295551594, vstest.console.dll, AssemblyResolver.AddSearchDirectories: Adding more searchDirectories C:\Program Files\dotnet\sdk\6.0.302\Extensions,C:\Program Files\dotnet\sdk\6.0.302
TpTrace Information: 0 : 17396, 1, 2022/11/02, 22:01:57.886, 6230295552163, vstest.console.dll, AssemblyResolver.AddSearchDirectories: Adding more searchDirectories C:\Program Files\dotnet\sdk\6.0.302\Extensions,C:\Program Files\dotnet\sdk\6.0.302
TpTrace Information: 0 : 17396, 1, 2022/11/02, 22:01:57.886, 6230295552956, vstest.console.dll, AssemblyResolver.AddSearchDirectories: Adding more searchDirectories C:\Program Files\dotnet\sdk\6.0.302\Extensions,C:\Program Files\dotnet\sdk\6.0.302
TpTrace Information: 0 : 17396, 1, 2022/11/02, 22:01:57.886, 6230295553501, vstest.console.dll, AssemblyResolver.AddSearchDirectories: Adding more searchDirectories C:\Program Files\dotnet\sdk\6.0.302\Extensions,C:\Program Files\dotnet\sdk\6.0.302
TpTrace Information: 0 : 17396, 1, 2022/11/02, 22:01:57.886, 6230295554051, vstest.console.dll, AssemblyResolver.AddSearchDirectories: Adding more searchDirectories C:\Program Files\dotnet\sdk\6.0.302\Extensions,C:\Program Files\dotnet\sdk\6.0.302
TpTrace Information: 0 : 17396, 1, 2022/11/02, 22:01:57.886, 6230295554686, vstest.console.dll, AssemblyResolver.AddSearchDirectories: Adding more searchDirectories C:\Program Files\dotnet\sdk\6.0.302\Extensions,C:\Program Files\dotnet\sdk\6.0.302
TpTrace Information: 0 : 17396, 1, 2022/11/02, 22:01:57.886, 6230295555374, vstest.console.dll, AssemblyResolver.AddSearchDirectories: Adding more searchDirectories C:\Program Files\dotnet\sdk\6.0.302\Extensions,C:\Program Files\dotnet\sdk\6.0.302
TpTrace Information: 0 : 17396, 1, 2022/11/02, 22:01:57.886, 6230295555898, vstest.console.dll, AssemblyResolver.AddSearchDirectories: Adding more searchDirectories C:\Program Files\dotnet\sdk\6.0.302\Extensions,C:\Program Files\dotnet\sdk\6.0.302
TpTrace Verbose: 0 : 17396, 1, 2022/11/02, 22:01:57.887, 6230295558044, vstest.console.dll, MetadataReaderExtensionsHelper: Discovering extensions inside assembly 'DumpMinitool, Version=15.0.0.0, Culture=neutral, PublicKeyToken=b03f5f7f11d50a3a' file path 'C:\Program Files\dotnet\sdk\6.0.302\Extensions\DumpMinitool.exe'
TpTrace Verbose: 0 : 17396, 1, 2022/11/02, 22:01:57.887, 6230295566451, vstest.console.dll, MetadataReaderExtensionsHelper: Discovering extensions inside assembly 'DumpMinitool.x86, Version=15.0.0.0, Culture=neutral, PublicKeyToken=b03f5f7f11d50a3a' file path 'C:\Program Files\dotnet\sdk\6.0.302\Extensions\DumpMinitool.x86.exe'
TpTrace Verbose: 0 : 17396, 1, 2022/11/02, 22:01:57.888, 6230295573515, vstest.console.dll, MetadataReaderExtensionsHelper: Discovering extensions inside assembly 'Microsoft.Diagnostics.NETCore.Client, Version=0.2.5.801, Culture=neutral, PublicKeyToken=31bf3856ad364e35' file path 'C:\Program Files\dotnet\sdk\6.0.302\Extensions\Microsoft.Diagnostics.NETCore.Client.dll'
TpTrace Information: 0 : 17396, 1, 2022/11/02, 22:01:57.889, 6230295582974, vstest.console.dll, AssemblyResolver.OnResolve: Microsoft.Bcl.AsyncInterfaces: Resolving assembly.
TpTrace Information: 0 : 17396, 1, 2022/11/02, 22:01:57.889, 6230295584078, vstest.console.dll, AssemblyResolver.OnResolve: Microsoft.Bcl.AsyncInterfaces: Resolved from cache.
TpTrace Verbose: 0 : 17396, 1, 2022/11/02, 22:01:57.889, 6230295584791, vstest.console.dll, CurrentDomainAssemblyResolve: Resolving assembly 'Microsoft.Bcl.AsyncInterfaces'.
TpTrace Information: 0 : 17396, 1, 2022/11/02, 22:01:57.889, 6230295585704, vstest.console.dll, AssemblyResolver.OnResolve: Microsoft.Bcl.AsyncInterfaces: Resolving assembly.
TpTrace Information: 0 : 17396, 1, 2022/11/02, 22:01:57.889, 6230295586310, vstest.console.dll, AssemblyResolver.OnResolve: Microsoft.Bcl.AsyncInterfaces: Resolved from cache.
TpTrace Verbose: 0 : 17396, 1, 2022/11/02, 22:01:57.889, 6230295586946, vstest.console.dll, CurrentDomainAssemblyResolve: Resolving assembly 'Microsoft.Bcl.AsyncInterfaces'.
TpTrace Verbose: 0 : 17396, 1, 2022/11/02, 22:01:57.889, 6230295587601, vstest.console.dll, CurrentDomainAssemblyResolve: Failed to resolve assembly 'Microsoft.Bcl.AsyncInterfaces'.
TpTrace Verbose: 0 : 17396, 1, 2022/11/02, 22:01:57.890, 6230295590900, vstest.console.dll, CurrentDomainAssemblyResolve: Failed to resolve assembly 'Microsoft.Bcl.AsyncInterfaces'.
TpTrace Warning: 0 : 17396, 1, 2022/11/02, 22:01:57.891, 6230295598033, vstest.console.dll, TestPluginDiscoverer: Failed to get types from assembly 'Microsoft.Diagnostics.NETCore.Client, Version=0.2.5.801, Culture=neutral, PublicKeyToken=31bf3856ad364e35'. Error: System.Reflection.ReflectionTypeLoadException: Unable to load one or more of the requested types.
Could not load file or assembly 'Microsoft.Bcl.AsyncInterfaces, Version=1.0.0.0, Culture=neutral, PublicKeyToken=cc7b13ffcd2ddd51'. The system cannot find the file specified.
   at System.Reflection.RuntimeModule.GetTypes(RuntimeModule module)
   at System.Reflection.Assembly.GetTypes()
   at Microsoft.VisualStudio.TestPlatform.Common.ExtensionFramework.TestPluginDiscoverer.GetTestExtensionsFromAssembly[TPluginInfo,TExtension](Assembly assembly, Dictionary`2 pluginInfos, String filePath)
System.IO.FileNotFoundException: Could not load file or assembly 'Microsoft.Bcl.AsyncInterfaces, Version=1.0.0.0, Culture=neutral, PublicKeyToken=cc7b13ffcd2ddd51'. The system cannot find the file specified.
File name: 'Microsoft.Bcl.AsyncInterfaces, Version=1.0.0.0, Culture=neutral, PublicKeyToken=cc7b13ffcd2ddd51'
 ---> System.IO.FileNotFoundException: Could not load file or assembly 'Microsoft.Bcl.AsyncInterfaces, Culture=neutral, PublicKeyToken=null'. The system cannot find the file specified.
File name: 'Microsoft.Bcl.AsyncInterfaces, Culture=neutral, PublicKeyToken=null'
   at System.Reflection.RuntimeAssembly.InternalLoad(ObjectHandleOnStack assemblyName, ObjectHandleOnStack requestingAssembly, StackCrawlMarkHandle stackMark, Boolean throwOnFileNotFound, ObjectHandleOnStack assemblyLoadContext, ObjectHandleOnStack retAssembly)
   at System.Reflection.RuntimeAssembly.InternalLoad(AssemblyName assemblyName, RuntimeAssembly requestingAssembly, StackCrawlMark& stackMark, Boolean throwOnFileNotFound, AssemblyLoadContext assemblyLoadContext)
   at System.Reflection.Assembly.Load(AssemblyName assemblyRef)
   at Microsoft.VisualStudio.TestPlatform.Common.ExtensionFramework.TestPluginCache.CurrentDomainAssemblyResolve(Object sender, AssemblyResolveEventArgs args)
   at Microsoft.VisualStudio.TestPlatform.PlatformAbstractions.PlatformAssemblyResolver.AssemblyResolverEvent(Object sender, Object eventArgs)
   at System.Runtime.Loader.AssemblyLoadContext.GetFirstResolvedAssemblyFromResolvingEvent(AssemblyName assemblyName)
   at System.Runtime.Loader.AssemblyLoadContext.ResolveUsingEvent(AssemblyName assemblyName)
   at System.Runtime.Loader.AssemblyLoadContext.ResolveUsingResolvingEvent(IntPtr gchManagedAssemblyLoadContext, AssemblyName assemblyName)
TpTrace Warning: 0 : 17396, 1, 2022/11/02, 22:01:57.891, 6230295602942, vstest.console.dll, LoaderExceptions: System.IO.FileNotFoundException: Could not load file or assembly 'Microsoft.Bcl.AsyncInterfaces, Version=1.0.0.0, Culture=neutral, PublicKeyToken=cc7b13ffcd2ddd51'. The system cannot find the file specified.
File name: 'Microsoft.Bcl.AsyncInterfaces, Version=1.0.0.0, Culture=neutral, PublicKeyToken=cc7b13ffcd2ddd51'
 ---> System.IO.FileNotFoundException: Could not load file or assembly 'Microsoft.Bcl.AsyncInterfaces, Culture=neutral, PublicKeyToken=null'. The system cannot find the file specified.
File name: 'Microsoft.Bcl.AsyncInterfaces, Culture=neutral, PublicKeyToken=null'
   at System.Reflection.RuntimeAssembly.InternalLoad(ObjectHandleOnStack assemblyName, ObjectHandleOnStack requestingAssembly, StackCrawlMarkHandle stackMark, Boolean throwOnFileNotFound, ObjectHandleOnStack assemblyLoadContext, ObjectHandleOnStack retAssembly)
   at System.Reflection.RuntimeAssembly.InternalLoad(AssemblyName assemblyName, RuntimeAssembly requestingAssembly, StackCrawlMark& stackMark, Boolean throwOnFileNotFound, AssemblyLoadContext assemblyLoadContext)
   at System.Reflection.Assembly.Load(AssemblyName assemblyRef)
   at Microsoft.VisualStudio.TestPlatform.Common.ExtensionFramework.TestPluginCache.CurrentDomainAssemblyResolve(Object sender, AssemblyResolveEventArgs args)
   at Microsoft.VisualStudio.TestPlatform.PlatformAbstractions.PlatformAssemblyResolver.AssemblyResolverEvent(Object sender, Object eventArgs)
   at System.Runtime.Loader.AssemblyLoadContext.GetFirstResolvedAssemblyFromResolvingEvent(AssemblyName assemblyName)
   at System.Runtime.Loader.AssemblyLoadContext.ResolveUsingEvent(AssemblyName assemblyName)
   at System.Runtime.Loader.AssemblyLoadContext.ResolveUsingResolvingEvent(IntPtr gchManagedAssemblyLoadContext, AssemblyName assemblyName)
TpTrace Verbose: 0 : 17396, 1, 2022/11/02, 22:01:57.891, 6230295604571, vstest.console.dll, MetadataReaderExtensionsHelper: Discovering extensions inside assembly 'Microsoft.TestPlatform.Extensions.BlameDataCollector, Version=15.0.0.0, Culture=neutral, PublicKeyToken=b03f5f7f11d50a3a' file path 'C:\Program Files\dotnet\sdk\6.0.302\Extensions\Microsoft.TestPlatform.Extensions.BlameDataCollector.dll'
TpTrace Information: 0 : 17396, 1, 2022/11/02, 22:01:57.893, 6230295617946, vstest.console.dll, GetTestExtensionFromType: Register extension with identifier data 'logger://Microsoft/TestPlatform/Extensions/Blame/v1' and type 'Microsoft.TestPlatform.Extensions.BlameDataCollector.BlameLogger, Microsoft.TestPlatform.Extensions.BlameDataCollector, Version=15.0.0.0, Culture=neutral, PublicKeyToken=b03f5f7f11d50a3a' inside file 'C:\Program Files\dotnet\sdk\6.0.302\Extensions\Microsoft.TestPlatform.Extensions.BlameDataCollector.dll'
TpTrace Verbose: 0 : 17396, 1, 2022/11/02, 22:01:57.893, 6230295619780, vstest.console.dll, MetadataReaderExtensionsHelper: Discovering extensions inside assembly 'Microsoft.TestPlatform.Extensions.EventLogCollector, Version=15.0.0.0, Culture=neutral, PublicKeyToken=b03f5f7f11d50a3a' file path 'C:\Program Files\dotnet\sdk\6.0.302\Extensions\Microsoft.TestPlatform.Extensions.EventLogCollector.dll'
TpTrace Verbose: 0 : 17396, 1, 2022/11/02, 22:01:57.893, 6230295627570, vstest.console.dll, MetadataReaderExtensionsHelper: Discovering extensions inside assembly 'Microsoft.TestPlatform.TestHostRuntimeProvider, Version=15.0.0.0, Culture=neutral, PublicKeyToken=b03f5f7f11d50a3a' file path 'C:\Program Files\dotnet\sdk\6.0.302\Extensions\Microsoft.TestPlatform.TestHostRuntimeProvider.dll'
TpTrace Verbose: 0 : 17396, 1, 2022/11/02, 22:01:57.894, 6230295635596, vstest.console.dll, MetadataReaderExtensionsHelper: Discovering extensions inside assembly 'Microsoft.VisualStudio.TestPlatform.Extensions.Html.TestLogger, Version=15.0.0.0, Culture=neutral, PublicKeyToken=b03f5f7f11d50a3a' file path 'C:\Program Files\dotnet\sdk\6.0.302\Extensions\Microsoft.VisualStudio.TestPlatform.Extensions.Html.TestLogger.dll'
TpTrace Information: 0 : 17396, 1, 2022/11/02, 22:01:57.895, 6230295641250, vstest.console.dll, GetTestExtensionFromType: Register extension with identifier data 'logger://Microsoft/TestPlatform/HtmlLogger/v1' and type 'Microsoft.VisualStudio.TestPlatform.Extensions.HtmlLogger.HtmlLogger, Microsoft.VisualStudio.TestPlatform.Extensions.Html.TestLogger, Version=15.0.0.0, Culture=neutral, PublicKeyToken=b03f5f7f11d50a3a' inside file 'C:\Program Files\dotnet\sdk\6.0.302\Extensions\Microsoft.VisualStudio.TestPlatform.Extensions.Html.TestLogger.dll'
TpTrace Verbose: 0 : 17396, 1, 2022/11/02, 22:01:57.895, 6230295642066, vstest.console.dll, MetadataReaderExtensionsHelper: Discovering extensions inside assembly 'Microsoft.VisualStudio.TestPlatform.Extensions.Trx.TestLogger, Version=15.0.0.0, Culture=neutral, PublicKeyToken=b03f5f7f11d50a3a' file path 'C:\Program Files\dotnet\sdk\6.0.302\Extensions\Microsoft.VisualStudio.TestPlatform.Extensions.Trx.TestLogger.dll'
TpTrace Information: 0 : 17396, 1, 2022/11/02, 22:01:57.895, 6230295647585, vstest.console.dll, GetTestExtensionFromType: Register extension with identifier data 'logger://Microsoft/TestPlatform/TrxLogger/v1' and type 'Microsoft.VisualStudio.TestPlatform.Extensions.TrxLogger.TrxLogger, Microsoft.VisualStudio.TestPlatform.Extensions.Trx.TestLogger, Version=15.0.0.0, Culture=neutral, PublicKeyToken=b03f5f7f11d50a3a' inside file 'C:\Program Files\dotnet\sdk\6.0.302\Extensions\Microsoft.VisualStudio.TestPlatform.Extensions.Trx.TestLogger.dll'
TpTrace Verbose: 0 : 17396, 1, 2022/11/02, 22:01:57.896, 6230295648668, vstest.console.dll, TestPluginCache: Discovered the extensions using extension path ''.
TpTrace Verbose: 0 : 17396, 1, 2022/11/02, 22:01:57.896, 6230295649229, vstest.console.dll, TestPluginCache: Discoverers are ''.
TpTrace Verbose: 0 : 17396, 1, 2022/11/02, 22:01:57.896, 6230295650362, vstest.console.dll, TestPluginCache: Executors are ''.
TpTrace Verbose: 0 : 17396, 1, 2022/11/02, 22:01:57.896, 6230295650904, vstest.console.dll, TestPluginCache: Executors2 are ''.
TpTrace Verbose: 0 : 17396, 1, 2022/11/02, 22:01:57.896, 6230295651756, vstest.console.dll, TestPluginCache: Setting providers are ''.
TpTrace Verbose: 0 : 17396, 1, 2022/11/02, 22:01:57.896, 6230295652912, vstest.console.dll, TestPluginCache: Loggers are 'logger://Microsoft/TestPlatform/Extensions/Blame/v1,logger://Microsoft/TestPlatform/HtmlLogger/v1,logger://Microsoft/TestPlatform/TrxLogger/v1'.
TpTrace Verbose: 0 : 17396, 1, 2022/11/02, 22:01:57.896, 6230295653434, vstest.console.dll, TestPluginCache: TestHosts are 'HostProvider://DefaultTestHost,HostProvider://DotnetTestHost'.
TpTrace Verbose: 0 : 17396, 1, 2022/11/02, 22:01:57.896, 6230295653756, vstest.console.dll, TestPluginCache: DataCollectors are ''.
TpTrace Information: 0 : 17396, 1, 2022/11/02, 22:01:57.897, 6230295660769, vstest.console.dll, TestPluginManager.CreateTestExtension: Attempting to load test extension: Microsoft.TestPlatform.Extensions.BlameDataCollector.BlameLogger
TpTrace Information: 0 : 17396, 1, 2022/11/02, 22:01:57.901, 6230295706634, vstest.console.dll, TestPluginManager.CreateTestExtension: Attempting to load test extension: Microsoft.VisualStudio.TestPlatform.CrossPlatEngine.Hosting.DefaultTestHostManager
TpTrace Information: 0 : 17396, 1, 2022/11/02, 22:01:57.904, 6230295733294, vstest.console.dll, TestPluginManager.CreateTestExtension: Attempting to load test extension: Microsoft.VisualStudio.TestPlatform.CrossPlatEngine.Hosting.DotnetTestHostManager
TpTrace Verbose: 0 : 17396, 1, 2022/11/02, 22:01:57.905, 6230295741437, vstest.console.dll, TestEngine: Initializing Parallel Execution as MaxCpuCount is set to: 1
TpTrace Information: 0 : 17396, 1, 2022/11/02, 22:01:57.905, 6230295747546, vstest.console.dll, InferRunSettingsHelper.IsTestSettingsEnabled: Unable to navigate to RunSettings/MSTest. Current node: RunSettings
TpTrace Verbose: 0 : 17396, 1, 2022/11/02, 22:01:57.907, 6230295759704, vstest.console.dll, TestRequestSender is acting as server.
TpTrace Verbose: 0 : 17396, 1, 2022/11/02, 22:01:57.908, 6230295772941, vstest.console.dll, TestEngine.GetExecutionManager: Chosen execution manager 'Microsoft.VisualStudio.TestPlatform.CrossPlatEngine.Client.Parallel.ParallelProxyExecutionManager, Microsoft.TestPlatform.CrossPlatEngine, Version=15.0.0.0, Culture=neutral, PublicKeyToken=b03f5f7f11d50a3a' ParallelLevel '1' Shared host 'False'
TpTrace Verbose: 0 : 17396, 5, 2022/11/02, 22:01:57.911, 6230295801905, vstest.console.dll, DataCollectionRequestSender.InitializeCommunication : Initialize communication. 
TpTrace Information: 0 : 17396, 5, 2022/11/02, 22:01:57.917, 6230295865893, vstest.console.dll, Listening on Endpoint : 127.0.0.1:63900
TpTrace Verbose: 0 : 17396, 5, 2022/11/02, 22:01:57.926, 6230295950175, vstest.console.dll, DotnetDataCollectionLauncher: Full path of dotnet.exe is C:\Program Files\dotnet\dotnet.exe
TpTrace Verbose: 0 : 17396, 5, 2022/11/02, 22:01:57.926, 6230295954079, vstest.console.dll, DotnetDataCollectionLauncher: Adding  --runtimeconfig "C:\Program Files\dotnet\sdk\6.0.302\datacollector.runtimeconfig.json" in args
TpTrace Verbose: 0 : 17396, 5, 2022/11/02, 22:01:57.926, 6230295955362, vstest.console.dll, DotnetDataCollectionLauncher: Adding  --depsfile "C:\Program Files\dotnet\sdk\6.0.302\datacollector.deps.json" in args
TpTrace Information: 0 : 17396, 5, 2022/11/02, 22:01:57.943, 6230296120564, vstest.console.dll, ProxyDataCollectionManager.Initialize: Launched datacollector processId: 11640 port: 63900
TpTrace Information: 0 : 17396, 5, 2022/11/02, 22:01:57.943, 6230296123700, vstest.console.dll, ProxyDataCollectionManager.Initialize: waiting for connection with timeout: 90 seconds
TpTrace Verbose: 0 : 17396, 5, 2022/11/02, 22:01:57.945, 6230296138085, vstest.console.dll, DataCollectionRequestSender.WaitForRequestHandlerConnection : Waiting for connection with timeout: 90000
TpTrace Information: 0 : 17396, 8, 2022/11/02, 22:01:58.183, 6230298519157, vstest.console.dll, Using the buffer size of 16384 bytes
TpTrace Verbose: 0 : 17396, 5, 2022/11/02, 22:01:58.183, 6230298519359, vstest.console.dll, SocketCommunicationManager.WaitForClientConnection took: 237 ms, with 90000 ms timeout, and finished with True.
TpTrace Information: 0 : 17396, 8, 2022/11/02, 22:01:58.183, 6230298520829, vstest.console.dll, Accepted Client request and set the flag
TpTrace Verbose: 0 : 17396, 5, 2022/11/02, 22:01:58.183, 6230298522588, vstest.console.dll, ProxyDataCollectionManager.InvokeDataCollectionServiceAction: Starting.
TpTrace Information: 0 : 17396, 5, 2022/11/02, 22:01:58.183, 6230298524085, vstest.console.dll, ProxyDataCollectionManager.BeforeTestRunStart: Get environment variable and port for datacollector processId: 11640 port: 63900
TpTrace Verbose: 0 : 17396, 5, 2022/11/02, 22:01:58.183, 6230298526179, vstest.console.dll, DataCollectionRequestSender.SendBeforeTestRunStartAndGetResult: Send BeforeTestRunStart message with settingsXml <RunSettings><RunConfiguration><ResultsDirectory>C:\Users\Dell\OneDrive\Рабочий стол\Studying\.NET\Labs\Lab1\MyList_NUnitTests\bin\Debug\net6.0\fine-code-coverage\coverage-tool-output</ResultsDirectory><TargetPlatform>X64</TargetPlatform><TargetFrameworkVersion>.NETCoreApp,Version=v6.0</TargetFrameworkVersion><DesignMode>False</DesignMode><CollectSourceInformation>False</CollectSourceInformation><TestAdaptersPaths>C:\Program Files\dotnet\sdk\6.0.302\Extensions</TestAdaptersPaths></RunConfiguration><LoggerRunSettings><Loggers><Logger friendlyName="blame" enabled="True" /><Logger friendlyName="Console" uri="logger://microsoft/TestPlatform/ConsoleLogger/v1" assemblyQualifiedName="Microsoft.VisualStudio.TestPlatform.CommandLine.Internal.ConsoleLogger, vstest.console, Version=15.0.0.0, Culture=neutral, PublicKeyToken=b03f5f7f11d50a3a" codeBase="C:\Program Files\dotnet\sdk\6.0.302\vstest.console.dll" enabled="True" /></Loggers></LoggerRunSettings><DataCollectionRunSettings><DataCollectors><DataCollector friendlyName="blame" enabled="True"><Configuration><ResultsDirectory>C:\Users\Dell\OneDrive\Рабочий стол\Studying\.NET\Labs\Lab1\MyList_NUnitTests\bin\Debug\net6.0\fine-code-coverage\coverage-tool-output</ResultsDirectory></Configuration></DataCollector></DataCollectors></DataCollectionRunSettings></RunSettings> and sources System.Linq.Enumerable+Concat2Iterator`1[System.String]: 
TpTrace Verbose: 0 : 17396, 5, 2022/11/02, 22:01:58.317, 6230299861363, vstest.console.dll, DataCollectionRequestSender.SendBeforeTestRunStartAndGetResult: Received message: (DataCollection.SendMessage) -> {
  "FriendlyName": null,
  "Uri": null,
  "TestCaseId": "00000000-0000-0000-0000-000000000000",
  "Message": "Logging DataCollector Diagnostics in file: C:\\Users\\Dell\\OneDrive\\Рабочий стол\\Studying\\.NET\\Labs\\Lab1\\MyList_NUnitTests\\bin\\Debug\\net6.0\\fine-code-coverage\\coverage-tool-output\\diagnostics.datacollector.22-11-02_22-01-57_92569_5.log",
  "Level": 0
}
TpTrace Verbose: 0 : 17396, 5, 2022/11/02, 22:01:58.431, 6230301006795, vstest.console.dll, DataCollectionRequestSender.SendBeforeTestRunStartAndGetResult: Received message: (DataCollection.BeforeTestRunStartResult) -> {
  "EnvironmentVariables": {},
  "DataCollectionEventsPort": 63902
}
TpTrace Information: 0 : 17396, 5, 2022/11/02, 22:01:58.437, 6230301066330, vstest.console.dll, ProxyDataCollectionManager.BeforeTestRunStart: SendBeforeTestRunStartAndGetResult successful, env variable from datacollector:   and testhost port: 63902
TpTrace Information: 0 : 17396, 5, 2022/11/02, 22:01:58.438, 6230301068190, vstest.console.dll, ProxyDataCollectionManager.InvokeDataCollectionServiceAction: Completed.
TpTrace Verbose: 0 : 17396, 1, 2022/11/02, 22:01:58.438, 6230301071625, vstest.console.dll, TestRunRequest.ExecuteAsync: Creating test run request.
TpTrace Verbose: 0 : 17396, 1, 2022/11/02, 22:01:58.438, 6230301076685, vstest.console.dll, TestRunRequest.ExecuteAsync: Starting.
TpTrace Information: 0 : 17396, 1, 2022/11/02, 22:01:58.439, 6230301083446, vstest.console.dll, TestRunRequest.ExecuteAsync: Starting run with settings:TestRunCriteria:
   KeepAlive=False,FrequencyOfRunStatsChangeEvent=10,RunStatsChangeEventTimeout=00:00:01.5000000,TestCaseFilter=,TestExecutorLauncher=
   Settingsxml=<RunSettings>
  <RunConfiguration>
    <ResultsDirectory>C:\Users\Dell\OneDrive\Рабочий стол\Studying\.NET\Labs\Lab1\MyList_NUnitTests\bin\Debug\net6.0\fine-code-coverage\coverage-tool-output</ResultsDirectory>
    <TargetPlatform>X64</TargetPlatform>
    <TargetFrameworkVersion>.NETCoreApp,Version=v6.0</TargetFrameworkVersion>
    <DesignMode>False</DesignMode>
    <CollectSourceInformation>False</CollectSourceInformation>
  </RunConfiguration>
  <LoggerRunSettings>
    <Loggers>
      <Logger friendlyName="blame" enabled="True" />
      <Logger friendlyName="Console" uri="logger://microsoft/TestPlatform/ConsoleLogger/v1" assemblyQualifiedName="Microsoft.VisualStudio.TestPlatform.CommandLine.Internal.ConsoleLogger, vstest.console, Version=15.0.0.0, Culture=neutral, PublicKeyToken=b03f5f7f11d50a3a" codeBase="C:\Program Files\dotnet\sdk\6.0.302\vstest.console.dll" enabled="True" />
    </Loggers>
  </LoggerRunSettings>
  <DataCollectionRunSettings>
    <DataCollectors>
      <DataCollector friendlyName="blame" enabled="True">
        <Configuration>
          <ResultsDirectory>C:\Users\Dell\OneDrive\Рабочий стол\Studying\.NET\Labs\Lab1\MyList_NUnitTests\bin\Debug\net6.0\fine-code-coverage\coverage-tool-output</ResultsDirectory>
        </Configuration>
      </DataCollector>
    </DataCollectors>
  </DataCollectionRunSettings>
</RunSettings>

TpTrace Verbose: 0 : 17396, 1, 2022/11/02, 22:01:58.439, 6230301084524, vstest.console.dll, TestRunRequest.ExecuteAsync: Wait for the first run request is over.
TpTrace Verbose: 0 : 17396, 1, 2022/11/02, 22:01:58.440, 6230301089275, vstest.console.dll, MulticastDelegateUtilities.SafeInvoke: TestRun.TestRunStart: Invoking callbacks was skipped because there are no subscribers.
TpTrace Verbose: 0 : 17396, 4, 2022/11/02, 22:01:58.440, 6230301092420, vstest.console.dll, MulticastDelegateUtilities.SafeInvoke: InternalTestLoggerEvents.SendTestRunStart: Invoking callback 1/1 for Microsoft.VisualStudio.TestPlatform.CommandLine.Internal.ConsoleLogger.TestRunStartHandler, took 0 ms.
TpTrace Verbose: 0 : 17396, 1, 2022/11/02, 22:01:58.440, 6230301092854, vstest.console.dll, ParallelProxyExecutionManager: Start execution. Total sources: 1
TpTrace Information: 0 : 17396, 1, 2022/11/02, 22:01:58.441, 6230301104222, vstest.console.dll, ProxyParallelExecutionManager: Triggering test run for next source: C:\Users\Dell\OneDrive\Рабочий стол\Studying\.NET\Labs\Lab1\MyList_NUnitTests\bin\Debug\net6.0\fine-code-coverage\build-output\MyList_NUnitTests.dll
TpTrace Verbose: 0 : 17396, 5, 2022/11/02, 22:01:58.441, 6230301106749, vstest.console.dll, ParallelProxyExecutionManager: Execution started. Started clients: 1
TpTrace Verbose: 0 : 17396, 1, 2022/11/02, 22:01:58.441, 6230301107244, vstest.console.dll, ProxyParallelExecutionManager: No sources available for execution.
TpTrace Information: 0 : 17396, 1, 2022/11/02, 22:01:58.442, 6230301108499, vstest.console.dll, TestRunRequest.ExecuteAsync: Started.
TpTrace Verbose: 0 : 17396, 1, 2022/11/02, 22:01:58.442, 6230301109609, vstest.console.dll, TestRunRequest.WaitForCompletion: Waiting with timeout -1.
TpTrace Verbose: 0 : 17396, 5, 2022/11/02, 22:01:58.442, 6230301111674, vstest.console.dll, TestRunRequest:SendTestRunMessage: Starting.
TpTrace Verbose: 0 : 17396, 4, 2022/11/02, 22:01:58.442, 6230301113386, vstest.console.dll, MulticastDelegateUtilities.SafeInvoke: InternalTestLoggerEvents.SendTestRunMessage: Invoking callback 1/1 for Microsoft.VisualStudio.TestPlatform.CommandLine.Internal.ConsoleLogger.TestMessageHandler, took 0 ms.
TpTrace Verbose: 0 : 17396, 5, 2022/11/02, 22:01:58.442, 6230301113386, vstest.console.dll, MulticastDelegateUtilities.SafeInvoke: TestRun.LogMessages: Invoking callback 1/1 for Microsoft.VisualStudio.TestPlatform.CommandLine.TestRunResultAggregator.TestRunMessageHandler, took 0 ms.
TpTrace Information: 0 : 17396, 5, 2022/11/02, 22:01:58.442, 6230301114904, vstest.console.dll, TestRunRequest:SendTestRunMessage: Completed.
TpTrace Verbose: 0 : 17396, 5, 2022/11/02, 22:01:58.442, 6230301117353, vstest.console.dll, ProxyExecutionManager: Test host is always Lazy initialize.
TpTrace Verbose: 0 : 17396, 5, 2022/11/02, 22:01:58.443, 6230301120055, vstest.console.dll, TestRequestSender.InitializeCommunication: initialize communication. 
TpTrace Information: 0 : 17396, 5, 2022/11/02, 22:01:58.444, 6230301128131, vstest.console.dll, SocketServer.Start: Listening on endpoint : 127.0.0.1:63903
TpTrace Verbose: 0 : 17396, 5, 2022/11/02, 22:01:58.445, 6230301143056, vstest.console.dll, DotnetTestHostmanager.GetTestHostProcessStartInfo: Platform environment 'X64' target architecture 'X64' framework '.NETCoreApp,Version=v6.0' OS 'Windows'
TpTrace Verbose: 0 : 17396, 5, 2022/11/02, 22:01:58.445, 6230301146781, vstest.console.dll, DotnetTestHostmanager: Adding  --runtimeconfig "C:\Users\Dell\OneDrive\Рабочий стол\Studying\.NET\Labs\Lab1\MyList_NUnitTests\bin\Debug\net6.0\fine-code-coverage\build-output\MyList_NUnitTests.runtimeconfig.json" in args
TpTrace Verbose: 0 : 17396, 5, 2022/11/02, 22:01:58.446, 6230301148577, vstest.console.dll, DotnetTestHostmanager: Adding  --depsfile "C:\Users\Dell\OneDrive\Рабочий стол\Studying\.NET\Labs\Lab1\MyList_NUnitTests\bin\Debug\net6.0\fine-code-coverage\build-output\MyList_NUnitTests.deps.json" in args
TpTrace Verbose: 0 : 17396, 5, 2022/11/02, 22:01:58.446, 6230301152972, vstest.console.dll, DotnetTestHostmanager.IsWinOnArm: Current PROCESSOR_ARCHITECTURE from environment variable 'AMD64'
TpTrace Verbose: 0 : 17396, 5, 2022/11/02, 22:01:58.446, 6230301154221, vstest.console.dll, DotnetTestHostmanager.IsWinOnArm: Is Windows on ARM 'False'
TpTrace Verbose: 0 : 17396, 5, 2022/11/02, 22:01:58.446, 6230301155938, vstest.console.dll, DotnetTestHostManager: testhost.exe found at path: C:\Users\Dell\OneDrive\Рабочий стол\Studying\.NET\Labs\Lab1\MyList_NUnitTests\bin\Debug\net6.0\fine-code-coverage\build-output\testhost.exe
TpTrace Verbose: 0 : 17396, 5, 2022/11/02, 22:01:58.447, 6230301158367, vstest.console.dll, DotnetTestHostmanager: Full path of host exe is C:\Users\Dell\OneDrive\Рабочий стол\Studying\.NET\Labs\Lab1\MyList_NUnitTests\bin\Debug\net6.0\fine-code-coverage\build-output\testhost.exe
TpTrace Verbose: 0 : 17396, 5, 2022/11/02, 22:01:58.447, 6230301161289, vstest.console.dll, DotnetTestHostmanager.LaunchTestHostAsync: Found 'VSTEST_WINAPPHOST_DOTNET_ROOT' in env variables, value 'C:\Program Files\dotnet', forwarding to 'DOTNET_ROOT'
TpTrace Verbose: 0 : 17396, 7, 2022/11/02, 22:01:58.448, 6230301172991, vstest.console.dll, DotnetTestHostManager: Starting process 'C:\Users\Dell\OneDrive\Рабочий стол\Studying\.NET\Labs\Lab1\MyList_NUnitTests\bin\Debug\net6.0\fine-code-coverage\build-output\testhost.exe' with command line ' --runtimeconfig "C:\Users\Dell\OneDrive\Рабочий стол\Studying\.NET\Labs\Lab1\MyList_NUnitTests\bin\Debug\net6.0\fine-code-coverage\build-output\MyList_NUnitTests.runtimeconfig.json" --depsfile "C:\Users\Dell\OneDrive\Рабочий стол\Studying\.NET\Labs\Lab1\MyList_NUnitTests\bin\Debug\net6.0\fine-code-coverage\build-output\MyList_NUnitTests.deps.json" --port 63903 --endpoint 127.0.0.1:063903 --role client --parentprocessid 17396 --diag "C:\Users\Dell\OneDrive\Рабочий стол\Studying\.NET\Labs\Lab1\MyList_NUnitTests\bin\Debug\net6.0\fine-code-coverage\coverage-tool-output\diagnostics.host.22-11-02_22-01-58_44509_5.log" --tracelevel 4 --datacollectionport 63902 --telemetryoptedin false'
TpTrace Verbose: 0 : 17396, 7, 2022/11/02, 22:01:58.461, 6230301305709, vstest.console.dll, MulticastDelegateUtilities.SafeInvoke: HostProviderEvents.OnHostLaunched: Invoking callback 1/2 for Microsoft.VisualStudio.TestPlatform.CrossPlatEngine.Client.ProxyExecutionManagerWithDataCollection.TestHostLaunchedHandler, took 4 ms.
TpTrace Verbose: 0 : 17396, 7, 2022/11/02, 22:01:58.461, 6230301306942, vstest.console.dll, Test Runtime launched
TpTrace Verbose: 0 : 17396, 7, 2022/11/02, 22:01:58.462, 6230301307764, vstest.console.dll, MulticastDelegateUtilities.SafeInvoke: HostProviderEvents.OnHostLaunched: Invoking callback 2/2 for Microsoft.VisualStudio.TestPlatform.CrossPlatEngine.Client.ProxyOperationManager.TestHostManagerHostLaunched, took 0 ms.
TpTrace Verbose: 0 : 17396, 5, 2022/11/02, 22:01:58.464, 6230301328675, vstest.console.dll, TestRequestSender.WaitForRequestHandlerConnection: waiting for connection with timeout: 90000.
TpTrace Verbose: 0 : 17396, 5, 2022/11/02, 22:01:58.659, 6230303286469, vstest.console.dll, TestRequestSender.WaitForRequestHandlerConnection: waiting took 195 ms, with timeout 90000 ms, and result 0, which is success.
TpTrace Verbose: 0 : 17396, 11, 2022/11/02, 22:01:58.659, 6230303287217, vstest.console.dll, MulticastDelegateUtilities.SafeInvoke: SocketServer: ClientConnected: Invoking callback 1/1 for Microsoft.VisualStudio.TestPlatform.CommunicationUtilities.TestRequestSender.<InitializeCommunication>b__23_0, took 0 ms.
TpTrace Verbose: 0 : 17396, 11, 2022/11/02, 22:01:58.660, 6230303288585, vstest.console.dll, SocketServer.OnClientConnected: Client connected for endPoint: 127.0.0.1:63903, starting MessageLoopAsync:
TpTrace Verbose: 0 : 17396, 11, 2022/11/02, 22:01:58.660, 6230303290845, vstest.console.dll, TcpClientExtensions.MessageLoopAsync: Polling on remoteEndPoint: 127.0.0.1:63904 localEndPoint: 127.0.0.1:63903
TpTrace Verbose: 0 : 17396, 5, 2022/11/02, 22:01:58.661, 6230303301757, vstest.console.dll, TestRequestSender.CheckVersionWithTestHost: Sending check version message: {"MessageType":"ProtocolVersion","Payload":6}
TpTrace Verbose: 0 : 17396, 11, 2022/11/02, 22:01:58.874, 6230305430570, vstest.console.dll, TcpClientExtensions.MessageLoopAsync: NotifyDataAvailable remoteEndPoint: 127.0.0.1:63904 localEndPoint: 127.0.0.1:63903
TpTrace Verbose: 0 : 17396, 11, 2022/11/02, 22:01:58.874, 6230305433916, vstest.console.dll, TestRequestSender.CheckVersionWithTestHost: onMessageReceived received message: (ProtocolVersion) -> 5
TpTrace Verbose: 0 : 17396, 11, 2022/11/02, 22:01:58.875, 6230305438859, vstest.console.dll, MulticastDelegateUtilities.SafeInvoke: LengthPrefixCommunicationChannel: MessageReceived: Invoking callback 1/1 for Microsoft.VisualStudio.TestPlatform.CommunicationUtilities.TestRequestSender+<>c__DisplayClass25_0.<CheckVersionWithTestHost>b__0, took 0 ms.
TpTrace Verbose: 0 : 17396, 5, 2022/11/02, 22:01:58.875, 6230305439605, vstest.console.dll, TestPluginCache.GetExtensionPaths: Filtered extension paths: 
TpTrace Verbose: 0 : 17396, 11, 2022/11/02, 22:01:58.875, 6230305440168, vstest.console.dll, TcpClientExtensions.MessageLoopAsync: Polling on remoteEndPoint: 127.0.0.1:63904 localEndPoint: 127.0.0.1:63903
TpTrace Verbose: 0 : 17396, 5, 2022/11/02, 22:01:58.875, 6230305440318, vstest.console.dll, TestPluginCache.GetExtensionPaths: Added default extension paths: C:\Program Files\dotnet\sdk\6.0.302\Extensions\DumpMinitool.exe
C:\Program Files\dotnet\sdk\6.0.302\Extensions\DumpMinitool.x86.exe
C:\Program Files\dotnet\sdk\6.0.302\Extensions\Microsoft.Diagnostics.NETCore.Client.dll
C:\Program Files\dotnet\sdk\6.0.302\Extensions\Microsoft.TestPlatform.Extensions.BlameDataCollector.dll
C:\Program Files\dotnet\sdk\6.0.302\Extensions\Microsoft.TestPlatform.Extensions.EventLogCollector.dll
C:\Program Files\dotnet\sdk\6.0.302\Extensions\Microsoft.TestPlatform.TestHostRuntimeProvider.dll
C:\Program Files\dotnet\sdk\6.0.302\Extensions\Microsoft.VisualStudio.TestPlatform.Extensions.Html.TestLogger.dll
C:\Program Files\dotnet\sdk\6.0.302\Extensions\Microsoft.VisualStudio.TestPlatform.Extensions.Trx.TestLogger.dll
TpTrace Verbose: 0 : 17396, 5, 2022/11/02, 22:01:58.875, 6230305441622, vstest.console.dll, TestPluginCache.GetExtensionPaths: Added unfilterableExtensionPaths: 
TpTrace Verbose: 0 : 17396, 5, 2022/11/02, 22:01:58.880, 6230305491076, vstest.console.dll, TestRequestSender.InitializeExecution: Sending initialize execution with message: {"Version":5,"MessageType":"TestExecution.Initialize","Payload":["C:\\Users\\Dell\\OneDrive\\Рабочий стол\\Studying\\.NET\\Labs\\Lab1\\MyList_NUnitTests\\bin\\Debug\\net6.0\\fine-code-coverage\\build-output\\NUnit3.TestAdapter.dll"]}
TpTrace Warning: 0 : 17396, 5, 2022/11/02, 22:01:58.880, 6230305496966, vstest.console.dll, InferRunSettingsHelper.MakeRunsettingsCompatible: Removing the following settings: TargetPlatform from RunSettings file. To use those settings please move to latest version of Microsoft.NET.Test.Sdk
TpTrace Verbose: 0 : 17396, 11, 2022/11/02, 22:01:58.890, 6230305597213, vstest.console.dll, TcpClientExtensions.MessageLoopAsync: NotifyDataAvailable remoteEndPoint: 127.0.0.1:63904 localEndPoint: 127.0.0.1:63903
TpTrace Verbose: 0 : 17396, 11, 2022/11/02, 22:01:58.891, 6230305599390, vstest.console.dll, TestRequestSender.OnExecutionMessageReceived: Received message: {"Version":5,"MessageType":"TestSession.Message","Payload":{"MessageLevel":0,"Message":"Logging TestHost Diagnostics in file: C:\\Users\\Dell\\OneDrive\\Рабочий стол\\Studying\\.NET\\Labs\\Lab1\\MyList_NUnitTests\\bin\\Debug\\net6.0\\fine-code-coverage\\coverage-tool-output\\diagnostics.host.22-11-02_22-01-58_44509_5.log"}}
TpTrace Verbose: 0 : 17396, 11, 2022/11/02, 22:01:58.893, 6230305625457, vstest.console.dll, TestRunRequest:SendTestRunMessage: Starting.
TpTrace Verbose: 0 : 17396, 11, 2022/11/02, 22:01:58.894, 6230305628088, vstest.console.dll, MulticastDelegateUtilities.SafeInvoke: TestRun.LogMessages: Invoking callback 1/1 for Microsoft.VisualStudio.TestPlatform.CommandLine.TestRunResultAggregator.TestRunMessageHandler, took 0 ms.
TpTrace Information: 0 : 17396, 11, 2022/11/02, 22:01:58.894, 6230305629352, vstest.console.dll, TestRunRequest:SendTestRunMessage: Completed.
TpTrace Verbose: 0 : 17396, 11, 2022/11/02, 22:01:58.894, 6230305630448, vstest.console.dll, MulticastDelegateUtilities.SafeInvoke: LengthPrefixCommunicationChannel: MessageReceived: Invoking callback 1/1 for Microsoft.VisualStudio.TestPlatform.CommunicationUtilities.TestRequestSender+<>c__DisplayClass30_0.<StartTestRun>b__1, took 3 ms.
TpTrace Verbose: 0 : 17396, 11, 2022/11/02, 22:01:58.894, 6230305631287, vstest.console.dll, TcpClientExtensions.MessageLoopAsync: Polling on remoteEndPoint: 127.0.0.1:63904 localEndPoint: 127.0.0.1:63903
TpTrace Verbose: 0 : 17396, 4, 2022/11/02, 22:01:58.894, 6230305632426, vstest.console.dll, MulticastDelegateUtilities.SafeInvoke: InternalTestLoggerEvents.SendTestRunMessage: Invoking callback 1/1 for Microsoft.VisualStudio.TestPlatform.CommandLine.Internal.ConsoleLogger.TestMessageHandler, took 0 ms.
TpTrace Verbose: 0 : 17396, 5, 2022/11/02, 22:01:58.896, 6230305653532, vstest.console.dll, TestRequestSender.StartTestRun: Sending test run with message: {"Version":5,"MessageType":"TestExecution.StartWithSources","Payload":{"AdapterSourceMap":{"_none_":["C:\\Users\\Dell\\OneDrive\\Рабочий стол\\Studying\\.NET\\Labs\\Lab1\\MyList_NUnitTests\\bin\\Debug\\net6.0\\fine-code-coverage\\build-output\\MyList_NUnitTests.dll"]},"RunSettings":"<RunSettings>\r\n  <RunConfiguration>\r\n    <ResultsDirectory>C:\\Users\\Dell\\OneDrive\\Рабочий стол\\Studying\\.NET\\Labs\\Lab1\\MyList_NUnitTests\\bin\\Debug\\net6.0\\fine-code-coverage\\coverage-tool-output</ResultsDirectory>\r\n    <TargetFrameworkVersion>.NETCoreApp,Version=v6.0</TargetFrameworkVersion>\r\n    <DesignMode>False</DesignMode>\r\n    <CollectSourceInformation>False</CollectSourceInformation>\r\n  </RunConfiguration>\r\n  <LoggerRunSettings>\r\n    <Loggers>\r\n      <Logger friendlyName=\"blame\" enabled=\"True\" />\r\n      <Logger friendlyName=\"Console\" uri=\"logger://microsoft/TestPlatform/ConsoleLogger/v1\" assemblyQualifiedName=\"Microsoft.VisualStudio.TestPlatform.CommandLine.Internal.ConsoleLogger, vstest.console, Version=15.0.0.0, Culture=neutral, PublicKeyToken=b03f5f7f11d50a3a\" codeBase=\"C:\\Program Files\\dotnet\\sdk\\6.0.302\\vstest.console.dll\" enabled=\"True\" />\r\n    </Loggers>\r\n  </LoggerRunSettings>\r\n  <DataCollectionRunSettings>\r\n    <DataCollectors>\r\n      <DataCollector friendlyName=\"blame\" enabled=\"True\">\r\n        <Configuration>\r\n          <ResultsDirectory>C:\\Users\\Dell\\OneDrive\\Рабочий стол\\Studying\\.NET\\Labs\\Lab1\\MyList_NUnitTests\\bin\\Debug\\net6.0\\fine-code-coverage\\coverage-tool-output</ResultsDirectory>\r\n        </Configuration>\r\n      </DataCollector>\r\n    </DataCollectors>\r\n  </DataCollectionRunSettings>\r\n</RunSettings>","TestExecutionContext":{"FrequencyOfRunStatsChangeEvent":10,"RunStatsChangeEventTimeout":"00:00:01.5000000","InIsolation":false,"KeepAlive":false,"AreTestCaseLevelEventsRequired":false,"IsDebug":false,"TestCaseFilter":null,"FilterOptions":null},"Package":null}}
TpTrace Verbose: 0 : 17396, 11, 2022/11/02, 22:01:59.189, 6230308581813, vstest.console.dll, TcpClientExtensions.MessageLoopAsync: NotifyDataAvailable remoteEndPoint: 127.0.0.1:63904 localEndPoint: 127.0.0.1:63903
TpTrace Verbose: 0 : 17396, 11, 2022/11/02, 22:01:59.189, 6230308583444, vstest.console.dll, TestRequestSender.OnExecutionMessageReceived: Received message: {"Version":5,"MessageType":"TestSession.Message","Payload":{"MessageLevel":0,"Message":"NUnit Adapter 4.2.0.0: Test execution started"}}
TpTrace Verbose: 0 : 17396, 11, 2022/11/02, 22:01:59.189, 6230308587296, vstest.console.dll, TestRunRequest:SendTestRunMessage: Starting.
TpTrace Verbose: 0 : 17396, 11, 2022/11/02, 22:01:59.190, 6230308589486, vstest.console.dll, MulticastDelegateUtilities.SafeInvoke: TestRun.LogMessages: Invoking callback 1/1 for Microsoft.VisualStudio.TestPlatform.CommandLine.TestRunResultAggregator.TestRunMessageHandler, took 0 ms.
TpTrace Verbose: 0 : 17396, 4, 2022/11/02, 22:01:59.190, 6230308589726, vstest.console.dll, MulticastDelegateUtilities.SafeInvoke: InternalTestLoggerEvents.SendTestRunMessage: Invoking callback 1/1 for Microsoft.VisualStudio.TestPlatform.CommandLine.Internal.ConsoleLogger.TestMessageHandler, took 0 ms.
TpTrace Information: 0 : 17396, 11, 2022/11/02, 22:01:59.190, 6230308590535, vstest.console.dll, TestRunRequest:SendTestRunMessage: Completed.
TpTrace Verbose: 0 : 17396, 11, 2022/11/02, 22:01:59.190, 6230308592090, vstest.console.dll, MulticastDelegateUtilities.SafeInvoke: LengthPrefixCommunicationChannel: MessageReceived: Invoking callback 1/1 for Microsoft.VisualStudio.TestPlatform.CommunicationUtilities.TestRequestSender+<>c__DisplayClass30_0.<StartTestRun>b__1, took 0 ms.
TpTrace Verbose: 0 : 17396, 11, 2022/11/02, 22:01:59.190, 6230308592776, vstest.console.dll, TcpClientExtensions.MessageLoopAsync: Polling on remoteEndPoint: 127.0.0.1:63904 localEndPoint: 127.0.0.1:63903
TpTrace Verbose: 0 : 17396, 11, 2022/11/02, 22:01:59.273, 6230309422204, vstest.console.dll, TcpClientExtensions.MessageLoopAsync: NotifyDataAvailable remoteEndPoint: 127.0.0.1:63904 localEndPoint: 127.0.0.1:63903
TpTrace Verbose: 0 : 17396, 11, 2022/11/02, 22:01:59.273, 6230309424460, vstest.console.dll, TestRequestSender.OnExecutionMessageReceived: Received message: {"Version":5,"MessageType":"TestSession.Message","Payload":{"MessageLevel":0,"Message":"Running all tests in C:\\Users\\Dell\\OneDrive\\Рабочий стол\\Studying\\.NET\\Labs\\Lab1\\MyList_NUnitTests\\bin\\Debug\\net6.0\\fine-code-coverage\\build-output\\MyList_NUnitTests.dll"}}
TpTrace Verbose: 0 : 17396, 11, 2022/11/02, 22:01:59.274, 6230309427999, vstest.console.dll, TestRunRequest:SendTestRunMessage: Starting.
TpTrace Verbose: 0 : 17396, 11, 2022/11/02, 22:01:59.274, 6230309429724, vstest.console.dll, MulticastDelegateUtilities.SafeInvoke: TestRun.LogMessages: Invoking callback 1/1 for Microsoft.VisualStudio.TestPlatform.CommandLine.TestRunResultAggregator.TestRunMessageHandler, took 0 ms.
TpTrace Verbose: 0 : 17396, 4, 2022/11/02, 22:01:59.274, 6230309429910, vstest.console.dll, MulticastDelegateUtilities.SafeInvoke: InternalTestLoggerEvents.SendTestRunMessage: Invoking callback 1/1 for Microsoft.VisualStudio.TestPlatform.CommandLine.Internal.ConsoleLogger.TestMessageHandler, took 0 ms.
TpTrace Information: 0 : 17396, 11, 2022/11/02, 22:01:59.274, 6230309430506, vstest.console.dll, TestRunRequest:SendTestRunMessage: Completed.
TpTrace Verbose: 0 : 17396, 11, 2022/11/02, 22:01:59.274, 6230309432027, vstest.console.dll, MulticastDelegateUtilities.SafeInvoke: LengthPrefixCommunicationChannel: MessageReceived: Invoking callback 1/1 for Microsoft.VisualStudio.TestPlatform.CommunicationUtilities.TestRequestSender+<>c__DisplayClass30_0.<StartTestRun>b__1, took 0 ms.
TpTrace Verbose: 0 : 17396, 11, 2022/11/02, 22:01:59.274, 6230309432666, vstest.console.dll, TcpClientExtensions.MessageLoopAsync: Polling on remoteEndPoint: 127.0.0.1:63904 localEndPoint: 127.0.0.1:63903
TpTrace Verbose: 0 : 17396, 11, 2022/11/02, 22:01:59.626, 6230312951913, vstest.console.dll, TcpClientExtensions.MessageLoopAsync: NotifyDataAvailable remoteEndPoint: 127.0.0.1:63904 localEndPoint: 127.0.0.1:63903
TpTrace Verbose: 0 : 17396, 11, 2022/11/02, 22:01:59.626, 6230312953655, vstest.console.dll, TestRequestSender.OnExecutionMessageReceived: Received message: {"Version":5,"MessageType":"TestSession.Message","Payload":{"MessageLevel":0,"Message":"   NUnit3TestExecutor discovered 24 of 24 NUnit test cases using Current Discovery mode, Non-Explicit run"}}
TpTrace Verbose: 0 : 17396, 11, 2022/11/02, 22:01:59.626, 6230312956410, vstest.console.dll, TestRunRequest:SendTestRunMessage: Starting.
TpTrace Verbose: 0 : 17396, 11, 2022/11/02, 22:01:59.626, 6230312957573, vstest.console.dll, MulticastDelegateUtilities.SafeInvoke: TestRun.LogMessages: Invoking callback 1/1 for Microsoft.VisualStudio.TestPlatform.CommandLine.TestRunResultAggregator.TestRunMessageHandler, took 0 ms.
TpTrace Verbose: 0 : 17396, 4, 2022/11/02, 22:01:59.627, 6230312958558, vstest.console.dll, MulticastDelegateUtilities.SafeInvoke: InternalTestLoggerEvents.SendTestRunMessage: Invoking callback 1/1 for Microsoft.VisualStudio.TestPlatform.CommandLine.Internal.ConsoleLogger.TestMessageHandler, took 0 ms.
TpTrace Information: 0 : 17396, 11, 2022/11/02, 22:01:59.627, 6230312958855, vstest.console.dll, TestRunRequest:SendTestRunMessage: Completed.
TpTrace Verbose: 0 : 17396, 11, 2022/11/02, 22:01:59.627, 6230312960152, vstest.console.dll, MulticastDelegateUtilities.SafeInvoke: LengthPrefixCommunicationChannel: MessageReceived: Invoking callback 1/1 for Microsoft.VisualStudio.TestPlatform.CommunicationUtilities.TestRequestSender+<>c__DisplayClass30_0.<StartTestRun>b__1, took 0 ms.
TpTrace Verbose: 0 : 17396, 11, 2022/11/02, 22:01:59.627, 6230312960742, vstest.console.dll, TcpClientExtensions.MessageLoopAsync: Polling on remoteEndPoint: 127.0.0.1:63904 localEndPoint: 127.0.0.1:63903
TpTrace Verbose: 0 : 17396, 11, 2022/11/02, 22:01:59.926, 6230315953918, vstest.console.dll, TcpClientExtensions.MessageLoopAsync: NotifyDataAvailable remoteEndPoint: 127.0.0.1:63904 localEndPoint: 127.0.0.1:63903
TpTrace Verbose: 0 : 17396, 11, 2022/11/02, 22:01:59.927, 6230315963260, vstest.console.dll, TestRequestSender.OnExecutionMessageReceived: Received message: {"Version":5,"MessageType":"TestExecution.StatsChange","Payload":{"NewTestResults":[{"TestCase":{"Id":"2c6f415b-c6d6-7b28-4684-ddf54148c40c","FullyQualifiedName":"MyList.Tests.ItemTests.ItemTest","DisplayName":"ItemTest","ExecutorUri":"executor://NUnit3TestExecutor","Source":"C:\\Users\\Dell\\OneDrive\\Рабочий стол\\Studying\\.NET\\Labs\\Lab1\\MyList_NUnitTests\\bin\\Debug\\net6.0\\fine-code-coverage\\build-output\\MyList_NUnitTests.dll","CodeFilePath":null,"LineNumber":0,"Properties":[{"Key":{"Id":"NUnit.Seed","Label":"Seed","Category":"","Description":"","Attributes":0,"ValueType":"System.String"},"Value":"1909462930"}]},"Attachments":[],"Outcome":1,"ErrorMessage":null,"ErrorStackTrace":null,"DisplayName":"ItemTest","Messages":[],"ComputerName":"DESKTOP-035NLAM","Duration":"00:00:00.0218110","StartTime":"2022-11-02T20:01:59.6728203+00:00","EndTime":"2022-11-02T20:01:59.6944779+00:00","Properties":[{"Key":{"Id":"NUnit.Seed","Label":"Seed","Category":"","Description":"","Attributes":0,"ValueType":"System.String"},"Value":"1909462930"}]},{"TestCase":{"Id":"9ea56830-44ba-17f0-3c31-1044b55f5a60","FullyQualifiedName":"MyList.Tests.ItemTests.ToStringTest","DisplayName":"ToStringTest","ExecutorUri":"executor://NUnit3TestExecutor","Source":"C:\\Users\\Dell\\OneDrive\\Рабочий стол\\Studying\\.NET\\Labs\\Lab1\\MyList_NUnitTests\\bin\\Debug\\net6.0\\fine-code-coverage\\build-output\\MyList_NUnitTests.dll","CodeFilePath":null,"LineNumber":0,"Properties":[{"Key":{"Id":"NUnit.Seed","Label":"Seed","Category":"","Description":"","Attributes":0,"ValueType":"System.String"},"Value":"2098602946"}]},"Attachments":[],"Outcome":1,"ErrorMessage":null,"ErrorStackTrace":null,"DisplayName":"ToStringTest","Messages":[],"ComputerName":"DESKTOP-035NLAM","Duration":"00:00:00.0050380","StartTime":"2022-11-02T20:01:59.6975486+00:00","EndTime":"2022-11-02T20:01:59.7025869+00:00","Properties":[{"Key":{"Id":"NUnit.Seed","Label":"Seed","Category":"","Description":"","Attributes":0,"ValueType":"System.String"},"Value":"2098602946"}]},{"TestCase":{"Id":"37e8ae1c-c32a-1df2-287b-c5913cb8a8aa","FullyQualifiedName":"MyList_NUnitTests.Tests.AddExeptionTest","DisplayName":"AddExeptionTest","ExecutorUri":"executor://NUnit3TestExecutor","Source":"C:\\Users\\Dell\\OneDrive\\Рабочий стол\\Studying\\.NET\\Labs\\Lab1\\MyList_NUnitTests\\bin\\Debug\\net6.0\\fine-code-coverage\\build-output\\MyList_NUnitTests.dll","CodeFilePath":null,"LineNumber":0,"Properties":[{"Key":{"Id":"NUnit.Seed","Label":"Seed","Category":"","Description":"","Attributes":0,"ValueType":"System.String"},"Value":"987608377"}]},"Attachments":[],"Outcome":1,"ErrorMessage":null,"ErrorStackTrace":null,"DisplayName":"AddExeptionTest","Messages":[],"ComputerName":"DESKTOP-035NLAM","Duration":"00:00:00.0339039","StartTime":"2022-11-02T20:01:59.7089596+00:00","EndTime":"2022-11-02T20:01:59.7428631+00:00","Properties":[{"Key":{"Id":"NUnit.Seed","Label":"Seed","Category":"","Description":"","Attributes":0,"ValueType":"System.String"},"Value":"987608377"}]},{"TestCase":{"Id":"531a7687-ee60-c437-23c4-553880c21154","FullyQualifiedName":"MyList_NUnitTests.Tests.AddRangeExeptionTest","DisplayName":"AddRangeExeptionTest","ExecutorUri":"executor://NUnit3TestExecutor","Source":"C:\\Users\\Dell\\OneDrive\\Рабочий стол\\Studying\\.NET\\Labs\\Lab1\\MyList_NUnitTests\\bin\\Debug\\net6.0\\fine-code-coverage\\build-output\\MyList_NUnitTests.dll","CodeFilePath":null,"LineNumber":0,"Properties":[{"Key":{"Id":"NUnit.Seed","Label":"Seed","Category":"","Description":"","Attributes":0,"ValueType":"System.String"},"Value":"402238550"}]},"Attachments":[],"Outcome":1,"ErrorMessage":null,"ErrorStackTrace":null,"DisplayName":"AddRangeExeptionTest","Messages":[],"ComputerName":"DESKTOP-035NLAM","Duration":"00:00:00.0020790","StartTime":"2022-11-02T20:01:59.7518058+00:00","EndTime":"2022-11-02T20:01:59.7538859+00:00","Properties":[{"Key":{"Id":"NUnit.Seed","Label":"Seed","Category":"","Description":"","Attributes":0,"ValueType":"System.String"},"Value":"402238550"}]},{"TestCase":{"Id":"13b4b9af-8f8a-0c13-9aaa-ddeb8e0d2e4b","FullyQualifiedName":"MyList_NUnitTests.Tests.AddRangeTest","DisplayName":"AddRangeTest","ExecutorUri":"executor://NUnit3TestExecutor","Source":"C:\\Users\\Dell\\OneDrive\\Рабочий стол\\Studying\\.NET\\Labs\\Lab1\\MyList_NUnitTests\\bin\\Debug\\net6.0\\fine-code-coverage\\build-output\\MyList_NUnitTests.dll","CodeFilePath":null,"LineNumber":0,"Properties":[{"Key":{"Id":"NUnit.Seed","Label":"Seed","Category":"","Description":"","Attributes":0,"ValueType":"System.String"},"Value":"1108891277"}]},"Attachments":[],"Outcome":1,"ErrorMessage":null,"ErrorStackTrace":null,"DisplayName":"AddRangeTest","Messages":[],"ComputerName":"DESKTOP-035NLAM","Duration":"00:00:00.0237410","StartTime":"2022-11-02T20:01:59.7546861+00:00","EndTime":"2022-11-02T20:01:59.7784271+00:00","Properties":[{"Key":{"Id":"NUnit.Seed","Label":"Seed","Category":"","Description":"","Attributes":0,"ValueType":"System.String"},"Value":"1108891277"}]},{"TestCase":{"Id":"29e5923a-46b6-3785-cb4c-f107af16990d","FullyQualifiedName":"MyList_NUnitTests.Tests.AddTest","DisplayName":"AddTest","ExecutorUri":"executor://NUnit3TestExecutor","Source":"C:\\Users\\Dell\\OneDrive\\Рабочий стол\\Studying\\.NET\\Labs\\Lab1\\MyList_NUnitTests\\bin\\Debug\\net6.0\\fine-code-coverage\\build-output\\MyList_NUnitTests.dll","CodeFilePath":null,"LineNumber":0,"Properties":[{"Key":{"Id":"NUnit.Seed","Label":"Seed","Category":"","Description":"","Attributes":0,"ValueType":"System.String"},"Value":"434701138"}]},"Attachments":[],"Outcome":1,"ErrorMessage":null,"ErrorStackTrace":null,"DisplayName":"AddTest","Messages":[],"ComputerName":"DESKTOP-035NLAM","Duration":"00:00:00.0140450","StartTime":"2022-11-02T20:01:59.7797535+00:00","EndTime":"2022-11-02T20:01:59.793799+00:00","Properties":[{"Key":{"Id":"NUnit.Seed","Label":"Seed","Category":"","Description":"","Attributes":0,"ValueType":"System.String"},"Value":"434701138"}]},{"TestCase":{"Id":"d7075298-86b6-c1e8-de12-86ad7c9e2a91","FullyQualifiedName":"MyList_NUnitTests.Tests.ClearExeptionTest","DisplayName":"ClearExeptionTest","ExecutorUri":"executor://NUnit3TestExecutor","Source":"C:\\Users\\Dell\\OneDrive\\Рабочий стол\\Studying\\.NET\\Labs\\Lab1\\MyList_NUnitTests\\bin\\Debug\\net6.0\\fine-code-coverage\\build-output\\MyList_NUnitTests.dll","CodeFilePath":null,"LineNumber":0,"Properties":[{"Key":{"Id":"NUnit.Seed","Label":"Seed","Category":"","Description":"","Attributes":0,"ValueType":"System.String"},"Value":"273567120"}]},"Attachments":[],"Outcome":1,"ErrorMessage":null,"ErrorStackTrace":null,"DisplayName":"ClearExeptionTest","Messages":[],"ComputerName":"DESKTOP-035NLAM","Duration":"00:00:00.0009600","StartTime":"2022-11-02T20:01:59.8229116+00:00","EndTime":"2022-11-02T20:01:59.8238728+00:00","Properties":[{"Key":{"Id":"NUnit.Seed","Label":"Seed","Category":"","Description":"","Attributes":0,"ValueType":"System.String"},"Value":"273567120"}]},{"TestCase":{"Id":"3a907545-7d00-b4d6-d4c2-ed84a3863663","FullyQualifiedName":"MyList_NUnitTests.Tests.ClearTest","DisplayName":"ClearTest","ExecutorUri":"executor://NUnit3TestExecutor","Source":"C:\\Users\\Dell\\OneDrive\\Рабочий стол\\Studying\\.NET\\Labs\\Lab1\\MyList_NUnitTests\\bin\\Debug\\net6.0\\fine-code-coverage\\build-output\\MyList_NUnitTests.dll","CodeFilePath":null,"LineNumber":0,"Properties":[{"Key":{"Id":"NUnit.Seed","Label":"Seed","Category":"","Description":"","Attributes":0,"ValueType":"System.String"},"Value":"937002218"}]},"Attachments":[],"Outcome":1,"ErrorMessage":null,"ErrorStackTrace":null,"DisplayName":"ClearTest","Messages":[],"ComputerName":"DESKTOP-035NLAM","Duration":"00:00:00.0046310","StartTime":"2022-11-02T20:01:59.8289384+00:00","EndTime":"2022-11-02T20:01:59.8335696+00:00","Properties":[{"Key":{"Id":"NUnit.Seed","Label":"Seed","Category":"","Description":"","Attributes":0,"ValueType":"System.String"},"Value":"937002218"}]},{"TestCase":{"Id":"043dc65f-9437-ac1d-f101-25028d8bcf81","FullyQualifiedName":"MyList_NUnitTests.Tests.ContainsTest","DisplayName":"ContainsTest","ExecutorUri":"executor://NUnit3TestExecutor","Source":"C:\\Users\\Dell\\OneDrive\\Рабочий стол\\Studying\\.NET\\Labs\\Lab1\\MyList_NUnitTests\\bin\\Debug\\net6.0\\fine-code-coverage\\build-output\\MyList_NUnitTests.dll","CodeFilePath":null,"LineNumber":0,"Properties":[{"Key":{"Id":"NUnit.Seed","Label":"Seed","Category":"","Description":"","Attributes":0,"ValueType":"System.String"},"Value":"1756849660"}]},"Attachments":[],"Outcome":1,"ErrorMessage":null,"ErrorStackTrace":null,"DisplayName":"ContainsTest","Messages":[],"ComputerName":"DESKTOP-035NLAM","Duration":"00:00:00.0029910","StartTime":"2022-11-02T20:01:59.8489825+00:00","EndTime":"2022-11-02T20:01:59.8519746+00:00","Properties":[{"Key":{"Id":"NUnit.Seed","Label":"Seed","Category":"","Description":"","Attributes":0,"ValueType":"System.String"},"Value":"1756849660"}]}],"TestRunStatistics":{"ExecutedTests":9,"Stats":{"Passed":9}},"ActiveTests":[{"Id":"010a375e-3ef6-e33f-b94f-52007c2d15b1","FullyQualifiedName":"MyList_NUnitTests.Tests.CopyToExeptionTest","DisplayName":"CopyToExeptionTest","ExecutorUri":"executor://NUnit3TestExecutor","Source":"C:\\Users\\Dell\\OneDrive\\Рабочий стол\\Studying\\.NET\\Labs\\Lab1\\MyList_NUnitTests\\bin\\Debug\\net6.0\\fine-code-coverage\\build-output\\MyList_NUnitTests.dll","CodeFilePath":null,"LineNumber":0,"Properties":[{"Key":{"Id":"NUnit.Seed","Label":"Seed","Category":"","Description":"","Attributes":0,"ValueType":"System.String"},"Value":"80953876"}]}]}}
TpTrace Verbose: 0 : 17396, 11, 2022/11/02, 22:01:59.986, 6230316557192, vstest.console.dll, TestRunRequest:SendTestRunStatsChange: Starting.
TpTrace Verbose: 0 : 17396, 11, 2022/11/02, 22:01:59.987, 6230316559113, vstest.console.dll, InProgress is CopyToExeptionTest
TpTrace Verbose: 0 : 17396, 11, 2022/11/02, 22:01:59.987, 6230316562196, vstest.console.dll, MulticastDelegateUtilities.SafeInvoke: TestRun.RunStatsChanged: Invoking callbacks was skipped because there are no subscribers.
TpTrace Information: 0 : 17396, 11, 2022/11/02, 22:01:59.987, 6230316562872, vstest.console.dll, TestRunRequest:SendTestRunStatsChange: Completed.
TpTrace Verbose: 0 : 17396, 11, 2022/11/02, 22:01:59.987, 6230316563424, vstest.console.dll, MulticastDelegateUtilities.SafeInvoke: LengthPrefixCommunicationChannel: MessageReceived: Invoking callback 1/1 for Microsoft.VisualStudio.TestPlatform.CommunicationUtilities.TestRequestSender+<>c__DisplayClass30_0.<StartTestRun>b__1, took 60 ms.
TpTrace Verbose: 0 : 17396, 11, 2022/11/02, 22:01:59.987, 6230316563950, vstest.console.dll, TcpClientExtensions.MessageLoopAsync: Polling on remoteEndPoint: 127.0.0.1:63904 localEndPoint: 127.0.0.1:63903
TpTrace Verbose: 0 : 17396, 4, 2022/11/02, 22:01:59.992, 6230316612453, vstest.console.dll, MulticastDelegateUtilities.SafeInvoke: InternalTestLoggerEvents.SendTestResult: Invoking callback 1/1 for Microsoft.VisualStudio.TestPlatform.CommandLine.Internal.ConsoleLogger.TestResultHandler, took 5 ms.
TpTrace Verbose: 0 : 17396, 4, 2022/11/02, 22:01:59.992, 6230316614474, vstest.console.dll, MulticastDelegateUtilities.SafeInvoke: InternalTestLoggerEvents.SendTestResult: Invoking callback 1/1 for Microsoft.VisualStudio.TestPlatform.CommandLine.Internal.ConsoleLogger.TestResultHandler, took 0 ms.
TpTrace Verbose: 0 : 17396, 4, 2022/11/02, 22:01:59.992, 6230316615435, vstest.console.dll, MulticastDelegateUtilities.SafeInvoke: InternalTestLoggerEvents.SendTestResult: Invoking callback 1/1 for Microsoft.VisualStudio.TestPlatform.CommandLine.Internal.ConsoleLogger.TestResultHandler, took 0 ms.
TpTrace Verbose: 0 : 17396, 4, 2022/11/02, 22:01:59.992, 6230316616225, vstest.console.dll, MulticastDelegateUtilities.SafeInvoke: InternalTestLoggerEvents.SendTestResult: Invoking callback 1/1 for Microsoft.VisualStudio.TestPlatform.CommandLine.Internal.ConsoleLogger.TestResultHandler, took 0 ms.
TpTrace Verbose: 0 : 17396, 4, 2022/11/02, 22:01:59.992, 6230316617065, vstest.console.dll, MulticastDelegateUtilities.SafeInvoke: InternalTestLoggerEvents.SendTestResult: Invoking callback 1/1 for Microsoft.VisualStudio.TestPlatform.CommandLine.Internal.ConsoleLogger.TestResultHandler, took 0 ms.
TpTrace Verbose: 0 : 17396, 4, 2022/11/02, 22:01:59.993, 6230316617801, vstest.console.dll, MulticastDelegateUtilities.SafeInvoke: InternalTestLoggerEvents.SendTestResult: Invoking callback 1/1 for Microsoft.VisualStudio.TestPlatform.CommandLine.Internal.ConsoleLogger.TestResultHandler, took 0 ms.
TpTrace Verbose: 0 : 17396, 4, 2022/11/02, 22:01:59.993, 6230316618734, vstest.console.dll, MulticastDelegateUtilities.SafeInvoke: InternalTestLoggerEvents.SendTestResult: Invoking callback 1/1 for Microsoft.VisualStudio.TestPlatform.CommandLine.Internal.ConsoleLogger.TestResultHandler, took 0 ms.
TpTrace Verbose: 0 : 17396, 4, 2022/11/02, 22:01:59.993, 6230316619470, vstest.console.dll, MulticastDelegateUtilities.SafeInvoke: InternalTestLoggerEvents.SendTestResult: Invoking callback 1/1 for Microsoft.VisualStudio.TestPlatform.CommandLine.Internal.ConsoleLogger.TestResultHandler, took 0 ms.
TpTrace Verbose: 0 : 17396, 4, 2022/11/02, 22:01:59.993, 6230316620142, vstest.console.dll, MulticastDelegateUtilities.SafeInvoke: InternalTestLoggerEvents.SendTestResult: Invoking callback 1/1 for Microsoft.VisualStudio.TestPlatform.CommandLine.Internal.ConsoleLogger.TestResultHandler, took 0 ms.
TpTrace Verbose: 0 : 17396, 11, 2022/11/02, 22:02:00.139, 6230318083098, vstest.console.dll, TcpClientExtensions.MessageLoopAsync: NotifyDataAvailable remoteEndPoint: 127.0.0.1:63904 localEndPoint: 127.0.0.1:63903
TpTrace Verbose: 0 : 17396, 11, 2022/11/02, 22:02:00.139, 6230318086632, vstest.console.dll, TestRequestSender.OnExecutionMessageReceived: Received message: {"Version":5,"MessageType":"TestExecution.StatsChange","Payload":{"NewTestResults":[{"TestCase":{"Id":"010a375e-3ef6-e33f-b94f-52007c2d15b1","FullyQualifiedName":"MyList_NUnitTests.Tests.CopyToExeptionTest","DisplayName":"CopyToExeptionTest","ExecutorUri":"executor://NUnit3TestExecutor","Source":"C:\\Users\\Dell\\OneDrive\\Рабочий стол\\Studying\\.NET\\Labs\\Lab1\\MyList_NUnitTests\\bin\\Debug\\net6.0\\fine-code-coverage\\build-output\\MyList_NUnitTests.dll","CodeFilePath":null,"LineNumber":0,"Properties":[{"Key":{"Id":"NUnit.Seed","Label":"Seed","Category":"","Description":"","Attributes":0,"ValueType":"System.String"},"Value":"80953876"}]},"Attachments":[],"Outcome":1,"ErrorMessage":null,"ErrorStackTrace":null,"DisplayName":"CopyToExeptionTest","Messages":[],"ComputerName":"DESKTOP-035NLAM","Duration":"00:00:00.0030940","StartTime":"2022-11-02T20:01:59.8856179+00:00","EndTime":"2022-11-02T20:01:59.8887129+00:00","Properties":[{"Key":{"Id":"NUnit.Seed","Label":"Seed","Category":"","Description":"","Attributes":0,"ValueType":"System.String"},"Value":"80953876"}]},{"TestCase":{"Id":"db8dad8e-fd76-aa8a-0cce-aa502a13b327","FullyQualifiedName":"MyList_NUnitTests.Tests.CopyToTest","DisplayName":"CopyToTest","ExecutorUri":"executor://NUnit3TestExecutor","Source":"C:\\Users\\Dell\\OneDrive\\Рабочий стол\\Studying\\.NET\\Labs\\Lab1\\MyList_NUnitTests\\bin\\Debug\\net6.0\\fine-code-coverage\\build-output\\MyList_NUnitTests.dll","CodeFilePath":null,"LineNumber":0,"Properties":[{"Key":{"Id":"NUnit.Seed","Label":"Seed","Category":"","Description":"","Attributes":0,"ValueType":"System.String"},"Value":"523056408"}]},"Attachments":[],"Outcome":1,"ErrorMessage":null,"ErrorStackTrace":null,"DisplayName":"CopyToTest","Messages":[],"ComputerName":"DESKTOP-035NLAM","Duration":"00:00:00.0719690","StartTime":"2022-11-02T20:01:59.9335906+00:00","EndTime":"2022-11-02T20:02:00.0055592+00:00","Properties":[{"Key":{"Id":"NUnit.Seed","Label":"Seed","Category":"","Description":"","Attributes":0,"ValueType":"System.String"},"Value":"523056408"}]},{"TestCase":{"Id":"4013cdbf-696f-bf48-1534-713a3793c6c6","FullyQualifiedName":"MyList_NUnitTests.Tests.EventsTest","DisplayName":"EventsTest","ExecutorUri":"executor://NUnit3TestExecutor","Source":"C:\\Users\\Dell\\OneDrive\\Рабочий стол\\Studying\\.NET\\Labs\\Lab1\\MyList_NUnitTests\\bin\\Debug\\net6.0\\fine-code-coverage\\build-output\\MyList_NUnitTests.dll","CodeFilePath":null,"LineNumber":0,"Properties":[{"Key":{"Id":"NUnit.Seed","Label":"Seed","Category":"","Description":"","Attributes":0,"ValueType":"System.String"},"Value":"749126961"}]},"Attachments":[],"Outcome":1,"ErrorMessage":null,"ErrorStackTrace":null,"DisplayName":"EventsTest","Messages":[],"ComputerName":"DESKTOP-035NLAM","Duration":"00:00:00.0261750","StartTime":"2022-11-02T20:02:00.0165222+00:00","EndTime":"2022-11-02T20:02:00.0426977+00:00","Properties":[{"Key":{"Id":"NUnit.Seed","Label":"Seed","Category":"","Description":"","Attributes":0,"ValueType":"System.String"},"Value":"749126961"}]},{"TestCase":{"Id":"50a1c045-1dc6-c6ae-7047-766694d4adfc","FullyQualifiedName":"MyList_NUnitTests.Tests.GetEnumeratorTest","DisplayName":"GetEnumeratorTest","ExecutorUri":"executor://NUnit3TestExecutor","Source":"C:\\Users\\Dell\\OneDrive\\Рабочий стол\\Studying\\.NET\\Labs\\Lab1\\MyList_NUnitTests\\bin\\Debug\\net6.0\\fine-code-coverage\\build-output\\MyList_NUnitTests.dll","CodeFilePath":null,"LineNumber":0,"Properties":[{"Key":{"Id":"NUnit.Seed","Label":"Seed","Category":"","Description":"","Attributes":0,"ValueType":"System.String"},"Value":"1237537001"}]},"Attachments":[],"Outcome":1,"ErrorMessage":null,"ErrorStackTrace":null,"DisplayName":"GetEnumeratorTest","Messages":[],"ComputerName":"DESKTOP-035NLAM","Duration":"00:00:00.0006370","StartTime":"2022-11-02T20:02:00.0615819+00:00","EndTime":"2022-11-02T20:02:00.06222+00:00","Properties":[{"Key":{"Id":"NUnit.Seed","Label":"Seed","Category":"","Description":"","Attributes":0,"ValueType":"System.String"},"Value":"1237537001"}]},{"TestCase":{"Id":"18be36e7-c691-d13e-b0b8-80395c988c88","FullyQualifiedName":"MyList_NUnitTests.Tests.IEnumerableGetEnumeratorTest","DisplayName":"IEnumerableGetEnumeratorTest","ExecutorUri":"executor://NUnit3TestExecutor","Source":"C:\\Users\\Dell\\OneDrive\\Рабочий стол\\Studying\\.NET\\Labs\\Lab1\\MyList_NUnitTests\\bin\\Debug\\net6.0\\fine-code-coverage\\build-output\\MyList_NUnitTests.dll","CodeFilePath":null,"LineNumber":0,"Properties":[{"Key":{"Id":"NUnit.Seed","Label":"Seed","Category":"","Description":"","Attributes":0,"ValueType":"System.String"},"Value":"2142094534"}]},"Attachments":[],"Outcome":1,"ErrorMessage":null,"ErrorStackTrace":null,"DisplayName":"IEnumerableGetEnumeratorTest","Messages":[],"ComputerName":"DESKTOP-035NLAM","Duration":"00:00:00.0007680","StartTime":"2022-11-02T20:02:00.0796302+00:00","EndTime":"2022-11-02T20:02:00.0803988+00:00","Properties":[{"Key":{"Id":"NUnit.Seed","Label":"Seed","Category":"","Description":"","Attributes":0,"ValueType":"System.String"},"Value":"2142094534"}]},{"TestCase":{"Id":"a92c0174-e50a-a9b0-7fed-ec6d17522233","FullyQualifiedName":"MyList_NUnitTests.Tests.IndexerTest","DisplayName":"IndexerTest","ExecutorUri":"executor://NUnit3TestExecutor","Source":"C:\\Users\\Dell\\OneDrive\\Рабочий стол\\Studying\\.NET\\Labs\\Lab1\\MyList_NUnitTests\\bin\\Debug\\net6.0\\fine-code-coverage\\build-output\\MyList_NUnitTests.dll","CodeFilePath":null,"LineNumber":0,"Properties":[{"Key":{"Id":"NUnit.Seed","Label":"Seed","Category":"","Description":"","Attributes":0,"ValueType":"System.String"},"Value":"809530994"}]},"Attachments":[],"Outcome":1,"ErrorMessage":null,"ErrorStackTrace":null,"DisplayName":"IndexerTest","Messages":[],"ComputerName":"DESKTOP-035NLAM","Duration":"00:00:00.0007190","StartTime":"2022-11-02T20:02:00.0890853+00:00","EndTime":"2022-11-02T20:02:00.0898048+00:00","Properties":[{"Key":{"Id":"NUnit.Seed","Label":"Seed","Category":"","Description":"","Attributes":0,"ValueType":"System.String"},"Value":"809530994"}]},{"TestCase":{"Id":"56830feb-58de-bf80-858c-52e9494e4190","FullyQualifiedName":"MyList_NUnitTests.Tests.IndexOfTest","DisplayName":"IndexOfTest","ExecutorUri":"executor://NUnit3TestExecutor","Source":"C:\\Users\\Dell\\OneDrive\\Рабочий стол\\Studying\\.NET\\Labs\\Lab1\\MyList_NUnitTests\\bin\\Debug\\net6.0\\fine-code-coverage\\build-output\\MyList_NUnitTests.dll","CodeFilePath":null,"LineNumber":0,"Properties":[{"Key":{"Id":"NUnit.Seed","Label":"Seed","Category":"","Description":"","Attributes":0,"ValueType":"System.String"},"Value":"2013716852"}]},"Attachments":[],"Outcome":1,"ErrorMessage":null,"ErrorStackTrace":null,"DisplayName":"IndexOfTest","Messages":[],"ComputerName":"DESKTOP-035NLAM","Duration":"00:00:00.0019160","StartTime":"2022-11-02T20:02:00.0967655+00:00","EndTime":"2022-11-02T20:02:00.0986931+00:00","Properties":[{"Key":{"Id":"NUnit.Seed","Label":"Seed","Category":"","Description":"","Attributes":0,"ValueType":"System.String"},"Value":"2013716852"}]},{"TestCase":{"Id":"16c0833c-b9da-2ecf-9f8a-bc8c14a2dbbb","FullyQualifiedName":"MyList_NUnitTests.Tests.InsertExeptionTest","DisplayName":"InsertExeptionTest","ExecutorUri":"executor://NUnit3TestExecutor","Source":"C:\\Users\\Dell\\OneDrive\\Рабочий стол\\Studying\\.NET\\Labs\\Lab1\\MyList_NUnitTests\\bin\\Debug\\net6.0\\fine-code-coverage\\build-output\\MyList_NUnitTests.dll","CodeFilePath":null,"LineNumber":0,"Properties":[{"Key":{"Id":"NUnit.Seed","Label":"Seed","Category":"","Description":"","Attributes":0,"ValueType":"System.String"},"Value":"1746767564"}]},"Attachments":[],"Outcome":1,"ErrorMessage":null,"ErrorStackTrace":null,"DisplayName":"InsertExeptionTest","Messages":[],"ComputerName":"DESKTOP-035NLAM","Duration":"00:00:00.0032580","StartTime":"2022-11-02T20:02:00.106695+00:00","EndTime":"2022-11-02T20:02:00.1099542+00:00","Properties":[{"Key":{"Id":"NUnit.Seed","Label":"Seed","Category":"","Description":"","Attributes":0,"ValueType":"System.String"},"Value":"1746767564"}]},{"TestCase":{"Id":"4956ad45-05ed-6bf6-5024-e54b40f5e197","FullyQualifiedName":"MyList_NUnitTests.Tests.InsertTest","DisplayName":"InsertTest","ExecutorUri":"executor://NUnit3TestExecutor","Source":"C:\\Users\\Dell\\OneDrive\\Рабочий стол\\Studying\\.NET\\Labs\\Lab1\\MyList_NUnitTests\\bin\\Debug\\net6.0\\fine-code-coverage\\build-output\\MyList_NUnitTests.dll","CodeFilePath":null,"LineNumber":0,"Properties":[{"Key":{"Id":"NUnit.Seed","Label":"Seed","Category":"","Description":"","Attributes":0,"ValueType":"System.String"},"Value":"1373995989"}]},"Attachments":[],"Outcome":1,"ErrorMessage":null,"ErrorStackTrace":null,"DisplayName":"InsertTest","Messages":[],"ComputerName":"DESKTOP-035NLAM","Duration":"00:00:00.0008510","StartTime":"2022-11-02T20:02:00.1299144+00:00","EndTime":"2022-11-02T20:02:00.1307666+00:00","Properties":[{"Key":{"Id":"NUnit.Seed","Label":"Seed","Category":"","Description":"","Attributes":0,"ValueType":"System.String"},"Value":"1373995989"}]}],"TestRunStatistics":{"ExecutedTests":18,"Stats":{"Passed":18}},"ActiveTests":[{"Id":"cd66bfee-6039-3845-2693-b05f46bf7d59","FullyQualifiedName":"MyList_NUnitTests.Tests.MyListTest","DisplayName":"MyListTest","ExecutorUri":"executor://NUnit3TestExecutor","Source":"C:\\Users\\Dell\\OneDrive\\Рабочий стол\\Studying\\.NET\\Labs\\Lab1\\MyList_NUnitTests\\bin\\Debug\\net6.0\\fine-code-coverage\\build-output\\MyList_NUnitTests.dll","CodeFilePath":null,"LineNumber":0,"Properties":[{"Key":{"Id":"NUnit.Seed","Label":"Seed","Category":"","Description":"","Attributes":0,"ValueType":"System.String"},"Value":"1003301101"}]}]}}
TpTrace Verbose: 0 : 17396, 11, 2022/11/02, 22:02:00.148, 6230318173697, vstest.console.dll, TestRunRequest:SendTestRunStatsChange: Starting.
TpTrace Verbose: 0 : 17396, 11, 2022/11/02, 22:02:00.148, 6230318174848, vstest.console.dll, InProgress is MyListTest
TpTrace Verbose: 0 : 17396, 11, 2022/11/02, 22:02:00.148, 6230318176024, vstest.console.dll, MulticastDelegateUtilities.SafeInvoke: TestRun.RunStatsChanged: Invoking callbacks was skipped because there are no subscribers.
TpTrace Verbose: 0 : 17396, 4, 2022/11/02, 22:02:00.148, 6230318176502, vstest.console.dll, MulticastDelegateUtilities.SafeInvoke: InternalTestLoggerEvents.SendTestResult: Invoking callback 1/1 for Microsoft.VisualStudio.TestPlatform.CommandLine.Internal.ConsoleLogger.TestResultHandler, took 0 ms.
TpTrace Information: 0 : 17396, 11, 2022/11/02, 22:02:00.148, 6230318176548, vstest.console.dll, TestRunRequest:SendTestRunStatsChange: Completed.
TpTrace Verbose: 0 : 17396, 4, 2022/11/02, 22:02:00.148, 6230318177536, vstest.console.dll, MulticastDelegateUtilities.SafeInvoke: InternalTestLoggerEvents.SendTestResult: Invoking callback 1/1 for Microsoft.VisualStudio.TestPlatform.CommandLine.Internal.ConsoleLogger.TestResultHandler, took 0 ms.
TpTrace Verbose: 0 : 17396, 11, 2022/11/02, 22:02:00.149, 6230318177830, vstest.console.dll, MulticastDelegateUtilities.SafeInvoke: LengthPrefixCommunicationChannel: MessageReceived: Invoking callback 1/1 for Microsoft.VisualStudio.TestPlatform.CommunicationUtilities.TestRequestSender+<>c__DisplayClass30_0.<StartTestRun>b__1, took 9 ms.
TpTrace Verbose: 0 : 17396, 4, 2022/11/02, 22:02:00.149, 6230318178741, vstest.console.dll, MulticastDelegateUtilities.SafeInvoke: InternalTestLoggerEvents.SendTestResult: Invoking callback 1/1 for Microsoft.VisualStudio.TestPlatform.CommandLine.Internal.ConsoleLogger.TestResultHandler, took 0 ms.
TpTrace Verbose: 0 : 17396, 11, 2022/11/02, 22:02:00.149, 6230318179402, vstest.console.dll, TcpClientExtensions.MessageLoopAsync: Polling on remoteEndPoint: 127.0.0.1:63904 localEndPoint: 127.0.0.1:63903
TpTrace Verbose: 0 : 17396, 4, 2022/11/02, 22:02:00.149, 6230318179522, vstest.console.dll, MulticastDelegateUtilities.SafeInvoke: InternalTestLoggerEvents.SendTestResult: Invoking callback 1/1 for Microsoft.VisualStudio.TestPlatform.CommandLine.Internal.ConsoleLogger.TestResultHandler, took 0 ms.
TpTrace Verbose: 0 : 17396, 4, 2022/11/02, 22:02:00.152, 6230318213824, vstest.console.dll, MulticastDelegateUtilities.SafeInvoke: InternalTestLoggerEvents.SendTestResult: Invoking callback 1/1 for Microsoft.VisualStudio.TestPlatform.CommandLine.Internal.ConsoleLogger.TestResultHandler, took 3 ms.
TpTrace Verbose: 0 : 17396, 4, 2022/11/02, 22:02:00.152, 6230318215760, vstest.console.dll, MulticastDelegateUtilities.SafeInvoke: InternalTestLoggerEvents.SendTestResult: Invoking callback 1/1 for Microsoft.VisualStudio.TestPlatform.CommandLine.Internal.ConsoleLogger.TestResultHandler, took 0 ms.
TpTrace Verbose: 0 : 17396, 4, 2022/11/02, 22:02:00.152, 6230318216790, vstest.console.dll, MulticastDelegateUtilities.SafeInvoke: InternalTestLoggerEvents.SendTestResult: Invoking callback 1/1 for Microsoft.VisualStudio.TestPlatform.CommandLine.Internal.ConsoleLogger.TestResultHandler, took 0 ms.
TpTrace Verbose: 0 : 17396, 4, 2022/11/02, 22:02:00.152, 6230318217503, vstest.console.dll, MulticastDelegateUtilities.SafeInvoke: InternalTestLoggerEvents.SendTestResult: Invoking callback 1/1 for Microsoft.VisualStudio.TestPlatform.CommandLine.Internal.ConsoleLogger.TestResultHandler, took 0 ms.
TpTrace Verbose: 0 : 17396, 4, 2022/11/02, 22:02:00.153, 6230318218168, vstest.console.dll, MulticastDelegateUtilities.SafeInvoke: InternalTestLoggerEvents.SendTestResult: Invoking callback 1/1 for Microsoft.VisualStudio.TestPlatform.CommandLine.Internal.ConsoleLogger.TestResultHandler, took 0 ms.
TpTrace Verbose: 0 : 17396, 11, 2022/11/02, 22:02:00.202, 6230318715522, vstest.console.dll, TcpClientExtensions.MessageLoopAsync: NotifyDataAvailable remoteEndPoint: 127.0.0.1:63904 localEndPoint: 127.0.0.1:63903
TpTrace Verbose: 0 : 17396, 11, 2022/11/02, 22:02:00.202, 6230318717332, vstest.console.dll, TestRequestSender.OnExecutionMessageReceived: Received message: {"Version":5,"MessageType":"TestSession.Message","Payload":{"MessageLevel":0,"Message":"NUnit Adapter 4.2.0.0: Test execution complete"}}
TpTrace Verbose: 0 : 17396, 11, 2022/11/02, 22:02:00.203, 6230318719858, vstest.console.dll, TestRunRequest:SendTestRunMessage: Starting.
TpTrace Verbose: 0 : 17396, 11, 2022/11/02, 22:02:00.203, 6230318721214, vstest.console.dll, MulticastDelegateUtilities.SafeInvoke: TestRun.LogMessages: Invoking callback 1/1 for Microsoft.VisualStudio.TestPlatform.CommandLine.TestRunResultAggregator.TestRunMessageHandler, took 0 ms.
TpTrace Information: 0 : 17396, 11, 2022/11/02, 22:02:00.203, 6230318721857, vstest.console.dll, TestRunRequest:SendTestRunMessage: Completed.
TpTrace Verbose: 0 : 17396, 11, 2022/11/02, 22:02:00.203, 6230318722389, vstest.console.dll, MulticastDelegateUtilities.SafeInvoke: LengthPrefixCommunicationChannel: MessageReceived: Invoking callback 1/1 for Microsoft.VisualStudio.TestPlatform.CommunicationUtilities.TestRequestSender+<>c__DisplayClass30_0.<StartTestRun>b__1, took 0 ms.
TpTrace Verbose: 0 : 17396, 11, 2022/11/02, 22:02:00.203, 6230318722903, vstest.console.dll, TcpClientExtensions.MessageLoopAsync: Polling on remoteEndPoint: 127.0.0.1:63904 localEndPoint: 127.0.0.1:63903
TpTrace Verbose: 0 : 17396, 4, 2022/11/02, 22:02:00.203, 6230318723513, vstest.console.dll, MulticastDelegateUtilities.SafeInvoke: InternalTestLoggerEvents.SendTestRunMessage: Invoking callback 1/1 for Microsoft.VisualStudio.TestPlatform.CommandLine.Internal.ConsoleLogger.TestMessageHandler, took 0 ms.
TpTrace Verbose: 0 : 17396, 11, 2022/11/02, 22:02:00.229, 6230318978739, vstest.console.dll, TcpClientExtensions.MessageLoopAsync: NotifyDataAvailable remoteEndPoint: 127.0.0.1:63904 localEndPoint: 127.0.0.1:63903
TpTrace Verbose: 0 : 17396, 11, 2022/11/02, 22:02:00.229, 6230318981635, vstest.console.dll, TestRequestSender.OnExecutionMessageReceived: Received message: {"Version":5,"MessageType":"TestExecution.Completed","Payload":{"TestRunCompleteArgs":{"TestRunStatistics":{"ExecutedTests":24,"Stats":{"Passed":24}},"IsCanceled":false,"IsAborted":false,"Error":null,"AttachmentSets":[],"ElapsedTimeInRunningTests":"00:00:01.0665937","Metrics":{}},"LastRunTests":{"NewTestResults":[{"TestCase":{"Id":"cd66bfee-6039-3845-2693-b05f46bf7d59","FullyQualifiedName":"MyList_NUnitTests.Tests.MyListTest","DisplayName":"MyListTest","ExecutorUri":"executor://NUnit3TestExecutor","Source":"C:\\Users\\Dell\\OneDrive\\Рабочий стол\\Studying\\.NET\\Labs\\Lab1\\MyList_NUnitTests\\bin\\Debug\\net6.0\\fine-code-coverage\\build-output\\MyList_NUnitTests.dll","CodeFilePath":null,"LineNumber":0,"Properties":[{"Key":{"Id":"NUnit.Seed","Label":"Seed","Category":"","Description":"","Attributes":0,"ValueType":"System.String"},"Value":"1003301101"}]},"Attachments":[],"Outcome":1,"ErrorMessage":null,"ErrorStackTrace":null,"DisplayName":"MyListTest","Messages":[],"ComputerName":"DESKTOP-035NLAM","Duration":"00:00:00.0005050","StartTime":"2022-11-02T20:02:00.1536613+00:00","EndTime":"2022-11-02T20:02:00.1541667+00:00","Properties":[{"Key":{"Id":"NUnit.Seed","Label":"Seed","Category":"","Description":"","Attributes":0,"ValueType":"System.String"},"Value":"1003301101"}]},{"TestCase":{"Id":"ad361641-1a5a-123b-f2ea-ab27fc0120f9","FullyQualifiedName":"MyList_NUnitTests.Tests.MyListTest1","DisplayName":"MyListTest1","ExecutorUri":"executor://NUnit3TestExecutor","Source":"C:\\Users\\Dell\\OneDrive\\Рабочий стол\\Studying\\.NET\\Labs\\Lab1\\MyList_NUnitTests\\bin\\Debug\\net6.0\\fine-code-coverage\\build-output\\MyList_NUnitTests.dll","CodeFilePath":null,"LineNumber":0,"Properties":[{"Key":{"Id":"NUnit.Seed","Label":"Seed","Category":"","Description":"","Attributes":0,"ValueType":"System.String"},"Value":"286335813"}]},"Attachments":[],"Outcome":1,"ErrorMessage":null,"ErrorStackTrace":null,"DisplayName":"MyListTest1","Messages":[],"ComputerName":"DESKTOP-035NLAM","Duration":"00:00:00.0012950","StartTime":"2022-11-02T20:02:00.1585994+00:00","EndTime":"2022-11-02T20:02:00.159896+00:00","Properties":[{"Key":{"Id":"NUnit.Seed","Label":"Seed","Category":"","Description":"","Attributes":0,"ValueType":"System.String"},"Value":"286335813"}]},{"TestCase":{"Id":"6e0dbf03-78c2-0f29-2aa7-a551a79a8c55","FullyQualifiedName":"MyList_NUnitTests.Tests.ReadOnlyByCollectionTest","DisplayName":"ReadOnlyByCollectionTest","ExecutorUri":"executor://NUnit3TestExecutor","Source":"C:\\Users\\Dell\\OneDrive\\Рабочий стол\\Studying\\.NET\\Labs\\Lab1\\MyList_NUnitTests\\bin\\Debug\\net6.0\\fine-code-coverage\\build-output\\MyList_NUnitTests.dll","CodeFilePath":null,"LineNumber":0,"Properties":[{"Key":{"Id":"NUnit.Seed","Label":"Seed","Category":"","Description":"","Attributes":0,"ValueType":"System.String"},"Value":"583035088"}]},"Attachments":[],"Outcome":1,"ErrorMessage":null,"ErrorStackTrace":null,"DisplayName":"ReadOnlyByCollectionTest","Messages":[],"ComputerName":"DESKTOP-035NLAM","Duration":"00:00:00.0004950","StartTime":"2022-11-02T20:02:00.1696846+00:00","EndTime":"2022-11-02T20:02:00.1701803+00:00","Properties":[{"Key":{"Id":"NUnit.Seed","Label":"Seed","Category":"","Description":"","Attributes":0,"ValueType":"System.String"},"Value":"583035088"}]},{"TestCase":{"Id":"2bb2ac8d-7107-88bb-b5ae-9f2b2f960939","FullyQualifiedName":"MyList_NUnitTests.Tests.RemoveAtExeptionTest","DisplayName":"RemoveAtExeptionTest","ExecutorUri":"executor://NUnit3TestExecutor","Source":"C:\\Users\\Dell\\OneDrive\\Рабочий стол\\Studying\\.NET\\Labs\\Lab1\\MyList_NUnitTests\\bin\\Debug\\net6.0\\fine-code-coverage\\build-output\\MyList_NUnitTests.dll","CodeFilePath":null,"LineNumber":0,"Properties":[{"Key":{"Id":"NUnit.Seed","Label":"Seed","Category":"","Description":"","Attributes":0,"ValueType":"System.String"},"Value":"557789921"}]},"Attachments":[],"Outcome":1,"ErrorMessage":null,"ErrorStackTrace":null,"DisplayName":"RemoveAtExeptionTest","Messages":[],"ComputerName":"DESKTOP-035NLAM","Duration":"00:00:00.0029150","StartTime":"2022-11-02T20:02:00.1762199+00:00","EndTime":"2022-11-02T20:02:00.1791353+00:00","Properties":[{"Key":{"Id":"NUnit.Seed","Label":"Seed","Category":"","Description":"","Attributes":0,"ValueType":"System.String"},"Value":"557789921"}]},{"TestCase":{"Id":"594ee6ae-b199-da86-ddc9-744248f729ad","FullyQualifiedName":"MyList_NUnitTests.Tests.RemoveAtTest","DisplayName":"RemoveAtTest","ExecutorUri":"executor://NUnit3TestExecutor","Source":"C:\\Users\\Dell\\OneDrive\\Рабочий стол\\Studying\\.NET\\Labs\\Lab1\\MyList_NUnitTests\\bin\\Debug\\net6.0\\fine-code-coverage\\build-output\\MyList_NUnitTests.dll","CodeFilePath":null,"LineNumber":0,"Properties":[{"Key":{"Id":"NUnit.Seed","Label":"Seed","Category":"","Description":"","Attributes":0,"ValueType":"System.String"},"Value":"1785326356"}]},"Attachments":[],"Outcome":1,"ErrorMessage":null,"ErrorStackTrace":null,"DisplayName":"RemoveAtTest","Messages":[],"ComputerName":"DESKTOP-035NLAM","Duration":"00:00:00.0010580","StartTime":"2022-11-02T20:02:00.1851954+00:00","EndTime":"2022-11-02T20:02:00.1862531+00:00","Properties":[{"Key":{"Id":"NUnit.Seed","Label":"Seed","Category":"","Description":"","Attributes":0,"ValueType":"System.String"},"Value":"1785326356"}]},{"TestCase":{"Id":"9c917402-8350-ffc0-5c30-7bf17d91b2e9","FullyQualifiedName":"MyList_NUnitTests.Tests.RemoveTest","DisplayName":"RemoveTest","ExecutorUri":"executor://NUnit3TestExecutor","Source":"C:\\Users\\Dell\\OneDrive\\Рабочий стол\\Studying\\.NET\\Labs\\Lab1\\MyList_NUnitTests\\bin\\Debug\\net6.0\\fine-code-coverage\\build-output\\MyList_NUnitTests.dll","CodeFilePath":null,"LineNumber":0,"Properties":[{"Key":{"Id":"NUnit.Seed","Label":"Seed","Category":"","Description":"","Attributes":0,"ValueType":"System.String"},"Value":"269636922"}]},"Attachments":[],"Outcome":1,"ErrorMessage":null,"ErrorStackTrace":null,"DisplayName":"RemoveTest","Messages":[],"ComputerName":"DESKTOP-035NLAM","Duration":"00:00:00.0040730","StartTime":"2022-11-02T20:02:00.1864857+00:00","EndTime":"2022-11-02T20:02:00.1905583+00:00","Properties":[{"Key":{"Id":"NUnit.Seed","Label":"Seed","Category":"","Description":"","Attributes":0,"ValueType":"System.String"},"Value":"269636922"}]}],"TestRunStatistics":{"ExecutedTests":24,"Stats":{"Passed":24}},"ActiveTests":[]},"RunAttachments":[],"ExecutorUris":["executor://nunit3testexecutor/"]}}
TpTrace Verbose: 0 : 17396, 11, 2022/11/02, 22:02:00.230, 6230318992556, vstest.console.dll, TestRequestSender.EndSession: Sending end session.
TpTrace Verbose: 0 : 17396, 11, 2022/11/02, 22:02:00.230, 6230318995441, vstest.console.dll, ProxyOperationManager.Close: waiting for test host to exit for 100 ms
TpTrace Warning: 0 : 17396, 7, 2022/11/02, 22:02:00.274, 6230319435224, vstest.console.dll, TestHostManagerCallbacks.ErrorReceivedCallback Test host standard error line: 
TpTrace Verbose: 0 : 17396, 7, 2022/11/02, 22:02:00.307, 6230319763997, vstest.console.dll, TestHostProvider.ExitCallBack: Host exited starting callback.
TpTrace Information: 0 : 17396, 7, 2022/11/02, 22:02:00.308, 6230319771519, vstest.console.dll, TestHostManagerCallbacks.ExitCallBack: Testhost processId: 1424 exited with exitcode: 0 error: ''
TpTrace Verbose: 0 : 17396, 7, 2022/11/02, 22:02:00.308, 6230319772554, vstest.console.dll, DotnetTestHostManager.OnHostExited: invoking OnHostExited callback
TpTrace Verbose: 0 : 17396, 7, 2022/11/02, 22:02:00.308, 6230319773754, vstest.console.dll, CrossPlatEngine.TestHostManagerHostExited: calling on client process exit callback.
TpTrace Information: 0 : 17396, 7, 2022/11/02, 22:02:00.308, 6230319775070, vstest.console.dll, TestRequestSender.OnClientProcessExit: Test host process exited. Standard error: 
TpTrace Information: 0 : 17396, 11, 2022/11/02, 22:02:00.308, 6230319775369, vstest.console.dll, SocketServer.Stop: Stop server endPoint: 127.0.0.1:63903
TpTrace Information: 0 : 17396, 7, 2022/11/02, 22:02:00.308, 6230319776014, vstest.console.dll, SocketServer.Stop: Stop server endPoint: 127.0.0.1:63903
TpTrace Information: 0 : 17396, 11, 2022/11/02, 22:02:00.308, 6230319776608, vstest.console.dll, SocketServer.Stop: Cancellation requested. Stopping message loop.
TpTrace Information: 0 : 17396, 7, 2022/11/02, 22:02:00.308, 6230319777320, vstest.console.dll, SocketServer.Stop: Cancellation requested. Stopping message loop.
TpTrace Verbose: 0 : 17396, 7, 2022/11/02, 22:02:00.309, 6230319778818, vstest.console.dll, MulticastDelegateUtilities.SafeInvoke: HostProviderEvents.OnHostExited: Invoking callback 1/1 for Microsoft.VisualStudio.TestPlatform.CrossPlatEngine.Client.ProxyOperationManager.TestHostManagerHostExited, took 0 ms.
TpTrace Information: 0 : 17396, 11, 2022/11/02, 22:02:00.309, 6230319779271, vstest.console.dll, Closing the connection
TpTrace Verbose: 0 : 17396, 11, 2022/11/02, 22:02:00.310, 6230319788100, vstest.console.dll, ProxyDataCollectionManager.InvokeDataCollectionServiceAction: Starting.
TpTrace Information: 0 : 17396, 11, 2022/11/02, 22:02:00.310, 6230319789159, vstest.console.dll, ProxyDataCollectionManager.AfterTestRunEnd: Get attachment set and invoked data collectors processId: 11640 port: 63900
TpTrace Verbose: 0 : 17396, 11, 2022/11/02, 22:02:00.310, 6230319789926, vstest.console.dll, DataCollectionRequestSender.SendAfterTestRunStartAndGetResult: Send AfterTestRunEnd message with isCancelled: False
TpTrace Verbose: 0 : 17396, 11, 2022/11/02, 22:02:00.320, 6230319896543, vstest.console.dll, DataCollectionRequestSender.SendAfterTestRunStartAndGetResult: Received message: (DataCollection.AfterTestRunEndResult) -> {
  "AttachmentSets": [],
  "InvokedDataCollectors": [
    {
      "Uri": "datacollector://Microsoft/TestPlatform/Extensions/Blame/v1",
      "FriendlyName": "Blame",
      "AssemblyQualifiedName": "Microsoft.TestPlatform.Extensions.BlameDataCollector.BlameCollector, Microsoft.TestPlatform.Extensions.BlameDataCollector, Version=15.0.0.0, Culture=neutral, PublicKeyToken=b03f5f7f11d50a3a",
      "FilePath": "C:\\Program Files\\dotnet\\sdk\\6.0.302\\Extensions\\Microsoft.TestPlatform.Extensions.BlameDataCollector.dll",
      "HasAttachmentProcessor": false
    }
  ],
  "Metrics": {}
}
TpTrace Information: 0 : 17396, 11, 2022/11/02, 22:02:00.330, 6230319988515, vstest.console.dll, ProxyDataCollectionManager.InvokeDataCollectionServiceAction: Completed.
TpTrace Warning: 0 : 17396, 10, 2022/11/02, 22:02:00.383, 6230320519329, vstest.console.dll, DataCollectionLauncher.ErrorReceivedCallback datacollector standard error line: 
TpTrace Verbose: 0 : 17396, 11, 2022/11/02, 22:02:00.401, 6230320701354, vstest.console.dll, TestRunRequest:SendTestRunStatsChange: Starting.
TpTrace Verbose: 0 : 17396, 4, 2022/11/02, 22:02:00.401, 6230320703564, vstest.console.dll, MulticastDelegateUtilities.SafeInvoke: InternalTestLoggerEvents.SendTestResult: Invoking callback 1/1 for Microsoft.VisualStudio.TestPlatform.CommandLine.Internal.ConsoleLogger.TestResultHandler, took 0 ms.
TpTrace Verbose: 0 : 17396, 4, 2022/11/02, 22:02:00.401, 6230320704541, vstest.console.dll, MulticastDelegateUtilities.SafeInvoke: InternalTestLoggerEvents.SendTestResult: Invoking callback 1/1 for Microsoft.VisualStudio.TestPlatform.CommandLine.Internal.ConsoleLogger.TestResultHandler, took 0 ms.
TpTrace Verbose: 0 : 17396, 4, 2022/11/02, 22:02:00.401, 6230320705422, vstest.console.dll, MulticastDelegateUtilities.SafeInvoke: InternalTestLoggerEvents.SendTestResult: Invoking callback 1/1 for Microsoft.VisualStudio.TestPlatform.CommandLine.Internal.ConsoleLogger.TestResultHandler, took 0 ms.
TpTrace Verbose: 0 : 17396, 4, 2022/11/02, 22:02:00.401, 6230320706474, vstest.console.dll, MulticastDelegateUtilities.SafeInvoke: InternalTestLoggerEvents.SendTestResult: Invoking callback 1/1 for Microsoft.VisualStudio.TestPlatform.CommandLine.Internal.ConsoleLogger.TestResultHandler, took 0 ms.
TpTrace Verbose: 0 : 17396, 4, 2022/11/02, 22:02:00.401, 6230320707314, vstest.console.dll, MulticastDelegateUtilities.SafeInvoke: InternalTestLoggerEvents.SendTestResult: Invoking callback 1/1 for Microsoft.VisualStudio.TestPlatform.CommandLine.Internal.ConsoleLogger.TestResultHandler, took 0 ms.
TpTrace Verbose: 0 : 17396, 4, 2022/11/02, 22:02:00.402, 6230320708281, vstest.console.dll, MulticastDelegateUtilities.SafeInvoke: InternalTestLoggerEvents.SendTestResult: Invoking callback 1/1 for Microsoft.VisualStudio.TestPlatform.CommandLine.Internal.ConsoleLogger.TestResultHandler, took 0 ms.
TpTrace Verbose: 0 : 17396, 11, 2022/11/02, 22:02:00.402, 6230320708808, vstest.console.dll, MulticastDelegateUtilities.SafeInvoke: TestRun.RunStatsChanged: Invoking callbacks was skipped because there are no subscribers.
TpTrace Information: 0 : 17396, 11, 2022/11/02, 22:02:00.402, 6230320709242, vstest.console.dll, TestRunRequest:SendTestRunStatsChange: Completed.
TpTrace Verbose: 0 : 17396, 11, 2022/11/02, 22:02:00.402, 6230320712730, vstest.console.dll, ParallelProxyExecutionManager: HandlePartialRunComplete: Total completed clients = 1, Run complete = True, Run canceled: False.
TpTrace Information: 0 : 17396, 10, 2022/11/02, 22:02:00.406, 6230320753188, vstest.console.dll, DataCollectionLauncher.ExitCallBack: Data collector exited with exitcode: 0 error: ''
TpTrace Verbose: 0 : 17396, 4, 2022/11/02, 22:02:00.419, 6230320883278, vstest.console.dll, MulticastDelegateUtilities.SafeInvoke: InternalTestLoggerEvents.SendTestRunComplete: Invoking callback 1/2 for Microsoft.TestPlatform.Extensions.BlameDataCollector.BlameLogger.TestRunCompleteHandler, took 0 ms.
TpTrace Verbose: 0 : 17396, 4, 2022/11/02, 22:02:00.429, 6230320979554, vstest.console.dll, MulticastDelegateUtilities.SafeInvoke: InternalTestLoggerEvents.SendTestRunComplete: Invoking callback 2/2 for Microsoft.VisualStudio.TestPlatform.CommandLine.Internal.ConsoleLogger.TestRunCompleteHandler, took 9 ms.
TpTrace Verbose: 0 : 17396, 11, 2022/11/02, 22:02:00.429, 6230320983475, vstest.console.dll, TestRunRequest:TestRunComplete: Starting. IsAborted:False IsCanceled:False.
TpTrace Verbose: 0 : 17396, 11, 2022/11/02, 22:02:00.430, 6230320994072, vstest.console.dll, TestLoggerManager.HandleTestRunComplete: Ignoring as the object is disposed.
TpTrace Verbose: 0 : 17396, 11, 2022/11/02, 22:02:00.431, 6230320997684, vstest.console.dll, MulticastDelegateUtilities.SafeInvoke: TestRun.TestRunComplete: Invoking callback 1/2 for Microsoft.VisualStudio.TestPlatform.CommandLine.TestRunResultAggregator.TestRunCompletionHandler, took 0 ms.
TpTrace Verbose: 0 : 17396, 11, 2022/11/02, 22:02:00.431, 6230320999221, vstest.console.dll, MulticastDelegateUtilities.SafeInvoke: TestRun.TestRunComplete: Invoking callback 2/2 for Microsoft.VisualStudio.TestPlatform.CommandLine.Processors.RunTestsArgumentExecutor+TestRunRequestEventsRegistrar.TestRunRequest_OnRunCompletion, took 0 ms.
TpTrace Information: 0 : 17396, 11, 2022/11/02, 22:02:00.431, 6230321001165, vstest.console.dll, TestRunRequest:TestRunComplete: Completed.
TpTrace Verbose: 0 : 17396, 1, 2022/11/02, 22:02:00.431, 6230321001580, vstest.console.dll, TestRunRequest.Dispose: Starting.
TpTrace Verbose: 0 : 17396, 11, 2022/11/02, 22:02:00.431, 6230321001959, vstest.console.dll, TestRequestSender.SetOperationComplete: Setting operation complete.
TpTrace Information: 0 : 17396, 1, 2022/11/02, 22:02:00.431, 6230321002878, vstest.console.dll, TestRunRequest.Dispose: Completed.
TpTrace Information: 0 : 17396, 11, 2022/11/02, 22:02:00.431, 6230321003758, vstest.console.dll, SocketServer.Stop: Stop server endPoint: 127.0.0.1:63903
TpTrace Information: 0 : 17396, 1, 2022/11/02, 22:02:00.431, 6230321004034, vstest.console.dll, TestRequestManager.RunTests: run tests completed.
TpTrace Information: 0 : 17396, 11, 2022/11/02, 22:02:00.431, 6230321004450, vstest.console.dll, SocketServer.Stop: Cancellation requested. Stopping message loop.
TpTrace Verbose: 0 : 17396, 11, 2022/11/02, 22:02:00.431, 6230321005900, vstest.console.dll, MulticastDelegateUtilities.SafeInvoke: LengthPrefixCommunicationChannel: MessageReceived: Invoking callback 1/1 for Microsoft.VisualStudio.TestPlatform.CommunicationUtilities.TestRequestSender+<>c__DisplayClass30_0.<StartTestRun>b__1, took 202 ms.
TpTrace Information: 0 : 17396, 1, 2022/11/02, 22:02:00.431, 6230321006095, vstest.console.dll, RunTestsArgumentProcessor:Execute: Test run is completed.
TpTrace Information: 0 : 17396, 11, 2022/11/02, 22:02:00.431, 6230321006643, vstest.console.dll, SocketServer.PrivateStop: Stopping server endPoint: 127.0.0.1:63903 error: 
TpTrace Verbose: 0 : 17396, 1, 2022/11/02, 22:02:00.432, 6230321009764, vstest.console.dll, Executor.Execute: Exiting with exit code of 0
TpTrace Verbose: 0 : 17396, 11, 2022/11/02, 22:02:00.432, 6230321014942, vstest.console.dll, LengthPrefixCommunicationChannel.Dispose: Dispose reader and writer.
