<?xml version="1.0" encoding="utf-8"?>
<!DOCTYPE coverage SYSTEM "http://cobertura.sourceforge.net/xml/coverage-04.dtd">
<coverage line-rate="0.997647058823529" branch-rate="0.6875" lines-covered="424" lines-valid="425" branches-covered="154" branches-valid="224" complexity="246" version="0" timestamp="1667149691">
  <sources>
    <source>C:\Users\Dell\</source>
  </sources>
  <packages>
    <package name="MyList" line-rate="1" branch-rate="0.925531914893617" complexity="108">
      <classes>
        <class name="MyList.Item`1" filename="C:\Users\Dell\OneDrive\Рабочий стол\Studying\.NET\Labs\Lab1\MyList\Item.cs" line-rate="1" branch-rate="1" complexity="8">
          <methods>
            <method name="get_Data" signature="()" line-rate="1" branch-rate="1" complexity="1">
              <lines>
                <line number="5" hits="189" branch="false" />
              </lines>
            </method>
            <method name="get_Next" signature="()" line-rate="1" branch-rate="1" complexity="1">
              <lines>
                <line number="6" hits="181" branch="false" />
              </lines>
            </method>
            <method name="get_Previous" signature="()" line-rate="1" branch-rate="1" complexity="1">
              <lines>
                <line number="7" hits="68" branch="false" />
              </lines>
            </method>
            <method name="ToString" signature="()" line-rate="1" branch-rate="1" complexity="4">
              <lines>
                <line number="15" hits="2" branch="false" />
                <line number="16" hits="2" branch="true" condition-coverage="100% (4/4)" />
                <line number="17" hits="2" branch="false" />
              </lines>
            </method>
            <method name=".ctor" signature="(...)" line-rate="1" branch-rate="1" complexity="1">
              <lines>
                <line number="9" hits="70" branch="false" />
                <line number="10" hits="70" branch="false" />
                <line number="11" hits="70" branch="false" />
                <line number="12" hits="70" branch="false" />
              </lines>
            </method>
          </methods>
          <lines>
            <line number="5" hits="189" branch="false" />
            <line number="6" hits="181" branch="false" />
            <line number="7" hits="68" branch="false" />
            <line number="9" hits="70" branch="false" />
            <line number="10" hits="70" branch="false" />
            <line number="11" hits="70" branch="false" />
            <line number="12" hits="70" branch="false" />
            <line number="15" hits="2" branch="false" />
            <line number="16" hits="2" branch="true" condition-coverage="100% (4/4)" />
            <line number="17" hits="2" branch="false" />
          </lines>
        </class>
        <class name="MyList.MyList`1" filename="C:\Users\Dell\OneDrive\Рабочий стол\Studying\.NET\Labs\Lab1\MyList\MyList.cs" line-rate="1" branch-rate="0.922222222222222" complexity="100">
          <methods>
            <method name="System.Collections.Generic.ICollection&lt;T&gt;.get_IsReadOnly" signature="()" line-rate="1" branch-rate="1" complexity="1">
              <lines>
                <line number="10" hits="1" branch="false" />
              </lines>
            </method>
            <method name="get_Count" signature="()" line-rate="1" branch-rate="1" complexity="1">
              <lines>
                <line number="16" hits="339" branch="false" />
              </lines>
            </method>
            <method name="get_Item" signature="(...)" line-rate="1" branch-rate="1" complexity="4">
              <lines>
                <line number="22" hits="13" branch="false" />
                <line number="23" hits="13" branch="false" />
                <line number="24" hits="12" branch="false" />
                <line number="25" hits="12" branch="false" />
                <line number="26" hits="33" branch="true" condition-coverage="100% (2/2)" />
                <line number="27" hits="33" branch="false" />
                <line number="28" hits="33" branch="true" condition-coverage="100% (2/2)" />
                <line number="29" hits="12" branch="false" />
                <line number="30" hits="12" branch="false" />
                <line number="32" hits="21" branch="false" />
                <line number="33" hits="21" branch="false" />
                <line number="34" hits="21" branch="false" />
                <line number="35" hits="12" branch="false" />
                <line number="36" hits="12" branch="false" />
              </lines>
            </method>
            <method name="set_Item" signature="(...)" line-rate="1" branch-rate="1" complexity="2">
              <lines>
                <line number="38" hits="3" branch="false" />
                <line number="39" hits="3" branch="false" />
                <line number="40" hits="3" branch="false" />
                <line number="41" hits="6" branch="true" condition-coverage="100% (2/2)" />
                <line number="42" hits="3" branch="false" />
                <line number="43" hits="3" branch="false" />
              </lines>
            </method>
            <method name="Add" signature="(...)" line-rate="1" branch-rate="1" complexity="2">
              <lines>
                <line number="57" hits="67" branch="false" />
                <line number="58" hits="67" branch="false" />
                <line number="59" hits="66" branch="false" />
                <line number="60" hits="66" branch="true" condition-coverage="100% (2/2)" />
                <line number="61" hits="18" branch="false" />
                <line number="62" hits="18" branch="false" />
                <line number="63" hits="18" branch="false" />
                <line number="65" hits="48" branch="false" />
                <line number="66" hits="48" branch="false" />
                <line number="67" hits="48" branch="false" />
                <line number="68" hits="48" branch="false" />
                <line number="69" hits="48" branch="false" />
                <line number="70" hits="66" branch="false" />
                <line number="71" hits="66" branch="false" />
                <line number="72" hits="66" branch="false" />
              </lines>
            </method>
            <method name="AddRange" signature="(...)" line-rate="1" branch-rate="1" complexity="4">
              <lines>
                <line number="74" hits="17" branch="false" />
                <line number="75" hits="17" branch="false" />
                <line number="76" hits="15" branch="true" condition-coverage="100% (2/2)" />
                <line number="77" hits="1" branch="false" />
                <line number="78" hits="1" branch="false" />
                <line number="80" hits="154" branch="true" condition-coverage="100% (2/2)" />
                <line number="81" hits="56" branch="false" />
                <line number="82" hits="56" branch="false" />
                <line number="83" hits="56" branch="false" />
                <line number="84" hits="14" branch="false" />
              </lines>
            </method>
            <method name="Clear" signature="()" line-rate="1" branch-rate="1" complexity="1">
              <lines>
                <line number="86" hits="2" branch="false" />
                <line number="87" hits="2" branch="false" />
                <line number="88" hits="1" branch="false" />
                <line number="89" hits="1" branch="false" />
                <line number="90" hits="1" branch="false" />
              </lines>
            </method>
            <method name="Contains" signature="(...)" line-rate="1" branch-rate="1" complexity="6">
              <lines>
                <line number="92" hits="7" branch="false" />
                <line number="93" hits="7" branch="false" />
                <line number="94" hits="7" branch="false" />
                <line number="95" hits="21" branch="true" condition-coverage="100% (2/2)" />
                <line number="96" hits="18" branch="false" />
                <line number="97" hits="18" branch="true" condition-coverage="100% (4/4)" />
                <line number="98" hits="4" branch="false" />
                <line number="99" hits="4" branch="false" />
                <line number="100" hits="4" branch="false" />
                <line number="102" hits="14" branch="false" />
                <line number="103" hits="14" branch="false" />
                <line number="104" hits="7" branch="false" />
                <line number="105" hits="7" branch="false" />
              </lines>
            </method>
            <method name="IndexOf" signature="(...)" line-rate="1" branch-rate="1" complexity="6">
              <lines>
                <line number="107" hits="6" branch="false" />
                <line number="108" hits="6" branch="false" />
                <line number="109" hits="6" branch="false" />
                <line number="110" hits="6" branch="false" />
                <line number="111" hits="18" branch="true" condition-coverage="100% (2/2)" />
                <line number="112" hits="16" branch="false" />
                <line number="113" hits="16" branch="true" condition-coverage="100% (4/4)" />
                <line number="114" hits="4" branch="false" />
                <line number="115" hits="4" branch="false" />
                <line number="116" hits="4" branch="false" />
                <line number="118" hits="12" branch="false" />
                <line number="119" hits="12" branch="false" />
                <line number="120" hits="12" branch="false" />
                <line number="121" hits="6" branch="false" />
                <line number="122" hits="6" branch="false" />
              </lines>
            </method>
            <method name="Insert" signature="(...)" line-rate="1" branch-rate="1" complexity="8">
              <lines>
                <line number="124" hits="5" branch="false" />
                <line number="125" hits="5" branch="false" />
                <line number="126" hits="5" branch="true" condition-coverage="100% (4/4)" />
                <line number="127" hits="2" branch="false" />
                <line number="128" hits="2" branch="false" />
                <line number="130" hits="3" branch="true" condition-coverage="100% (2/2)" />
                <line number="131" hits="1" branch="false" />
                <line number="132" hits="1" branch="false" />
                <line number="133" hits="1" branch="false" />
                <line number="134" hits="2" branch="true" condition-coverage="100% (2/2)" />
                <line number="135" hits="1" branch="false" />
                <line number="136" hits="1" branch="false" />
                <line number="137" hits="1" branch="false" />
                <line number="138" hits="1" branch="false" />
                <line number="139" hits="1" branch="false" />
                <line number="140" hits="1" branch="false" />
                <line number="141" hits="1" branch="false" />
                <line number="142" hits="1" branch="false" />
                <line number="144" hits="1" branch="false" />
                <line number="145" hits="1" branch="false" />
                <line number="146" hits="1" branch="false" />
                <line number="147" hits="1" branch="false" />
                <line number="148" hits="3" branch="false" />
              </lines>
            </method>
            <method name="Remove" signature="(...)" line-rate="1" branch-rate="0.857142857142857" complexity="28">
              <lines>
                <line number="150" hits="8" branch="false" />
                <line number="151" hits="8" branch="false" />
                <line number="153" hits="8" branch="true" condition-coverage="100% (2/2)" />
                <line number="154" hits="1" branch="false" />
                <line number="155" hits="1" branch="false" />
                <line number="158" hits="7" branch="false" />
                <line number="160" hits="7" branch="true" condition-coverage="88% (7/8)" />
                <line number="161" hits="2" branch="false" />
                <line number="162" hits="2" branch="false" />
                <line number="163" hits="2" branch="false" />
                <line number="164" hits="2" branch="false" />
                <line number="165" hits="2" branch="false" />
                <line number="168" hits="5" branch="false" />
                <line number="169" hits="5" branch="true" condition-coverage="50% (1/2)" />
                <line number="171" hits="6" branch="true" condition-coverage="75% (3/4)" />
                <line number="172" hits="3" branch="false" />
                <line number="173" hits="3" branch="true" condition-coverage="100% (4/4)" />
                <line number="174" hits="2" branch="false" />
                <line number="175" hits="2" branch="false" />
                <line number="176" hits="2" branch="false" />
                <line number="177" hits="2" branch="false" />
                <line number="180" hits="1" branch="false" />
                <line number="181" hits="1" branch="false" />
                <line number="182" hits="3" branch="false" />
                <line number="184" hits="3" branch="true" condition-coverage="88% (7/8)" />
                <line number="185" hits="2" branch="false" />
                <line number="186" hits="2" branch="false" />
                <line number="187" hits="2" branch="false" />
                <line number="188" hits="2" branch="false" />
                <line number="189" hits="2" branch="false" />
                <line number="192" hits="1" branch="false" />
                <line number="193" hits="8" branch="false" />
              </lines>
            </method>
            <method name="RemoveAt" signature="(...)" line-rate="1" branch-rate="1" complexity="4">
              <lines>
                <line number="195" hits="3" branch="false" />
                <line number="196" hits="3" branch="false" />
                <line number="197" hits="3" branch="false" />
                <line number="198" hits="3" branch="true" condition-coverage="100% (2/2)" />
                <line number="199" hits="1" branch="false" />
                <line number="200" hits="1" branch="false" />
                <line number="201" hits="1" branch="false" />
                <line number="203" hits="1" branch="false" />
                <line number="204" hits="2" branch="true" condition-coverage="100% (2/2)" />
                <line number="205" hits="1" branch="false" />
                <line number="206" hits="1" branch="false" />
                <line number="207" hits="1" branch="false" />
                <line number="208" hits="1" branch="false" />
                <line number="210" hits="1" branch="false" />
                <line number="211" hits="1" branch="false" />
                <line number="212" hits="1" branch="false" />
                <line number="213" hits="3" branch="false" />
              </lines>
            </method>
            <method name="CopyTo" signature="(...)" line-rate="1" branch-rate="0.916666666666667" complexity="12">
              <lines>
                <line number="215" hits="5" branch="false" />
                <line number="216" hits="5" branch="true" condition-coverage="100% (2/2)" />
                <line number="217" hits="1" branch="false" />
                <line number="218" hits="1" branch="false" />
                <line number="220" hits="4" branch="true" condition-coverage="100% (2/2)" />
                <line number="221" hits="1" branch="false" />
                <line number="222" hits="1" branch="false" />
                <line number="224" hits="3" branch="true" condition-coverage="75% (3/4)" />
                <line number="225" hits="1" branch="false" />
                <line number="226" hits="1" branch="false" />
                <line number="229" hits="2" branch="false" />
                <line number="230" hits="2" branch="false" />
                <line number="231" hits="2" branch="false" />
                <line number="232" hits="10" branch="true" condition-coverage="100% (4/4)" />
                <line number="233" hits="16" branch="false" />
                <line number="234" hits="8" branch="false" />
                <line number="235" hits="8" branch="false" />
                <line number="236" hits="8" branch="false" />
                <line number="238" hits="2" branch="false" />
                <line number="239" hits="2" branch="false" />
                <line number="240" hits="2" branch="false" />
              </lines>
            </method>
            <method name="System.Collections.IEnumerable.GetEnumerator" signature="()" line-rate="1" branch-rate="1" complexity="1">
              <lines>
                <line number="252" hits="1" branch="false" />
                <line number="253" hits="1" branch="false" />
                <line number="254" hits="1" branch="false" />
              </lines>
            </method>
            <method name="OnEvent" signature="(...)" line-rate="1" branch-rate="0.5" complexity="2">
              <lines>
                <line number="256" hits="83" branch="false" />
                <line number="257" hits="83" branch="true" condition-coverage="50% (1/2)" />
                <line number="258" hits="83" branch="false" />
              </lines>
            </method>
            <method name="RemoveLast" signature="()" line-rate="1" branch-rate="1" complexity="1">
              <lines>
                <line number="260" hits="3" branch="false" />
                <line number="261" hits="3" branch="false" />
                <line number="262" hits="3" branch="false" />
                <line number="263" hits="3" branch="false" />
                <line number="264" hits="3" branch="false" />
              </lines>
            </method>
            <method name="RemoveFirst" signature="()" line-rate="1" branch-rate="1" complexity="1">
              <lines>
                <line number="266" hits="3" branch="false" />
                <line number="267" hits="3" branch="false" />
                <line number="268" hits="3" branch="false" />
                <line number="269" hits="3" branch="false" />
                <line number="270" hits="3" branch="false" />
              </lines>
            </method>
            <method name="CheckingCorrectnessIndex" signature="(...)" line-rate="1" branch-rate="0.75" complexity="4">
              <lines>
                <line number="272" hits="19" branch="false" />
                <line number="273" hits="19" branch="true" condition-coverage="75% (3/4)" />
                <line number="274" hits="1" branch="false" />
                <line number="275" hits="1" branch="false" />
                <line number="277" hits="18" branch="false" />
              </lines>
            </method>
            <method name="FindingByIndex" signature="(...)" line-rate="1" branch-rate="1" complexity="4">
              <lines>
                <line number="279" hits="5" branch="false" />
                <line number="280" hits="5" branch="false" />
                <line number="281" hits="5" branch="false" />
                <line number="283" hits="13" branch="true" condition-coverage="100% (2/2)" />
                <line number="284" hits="13" branch="false" />
                <line number="285" hits="13" branch="true" condition-coverage="100% (2/2)" />
                <line number="286" hits="5" branch="false" />
                <line number="287" hits="5" branch="false" />
                <line number="288" hits="5" branch="false" />
                <line number="291" hits="8" branch="false" />
                <line number="292" hits="8" branch="false" />
                <line number="293" hits="8" branch="false" />
                <line number="294" hits="5" branch="false" />
              </lines>
            </method>
            <method name="InsertItem" signature="(...)" line-rate="1" branch-rate="1" complexity="1">
              <lines>
                <line number="296" hits="1" branch="false" />
                <line number="297" hits="1" branch="false" />
                <line number="298" hits="1" branch="false" />
                <line number="299" hits="1" branch="false" />
                <line number="300" hits="1" branch="false" />
                <line number="301" hits="1" branch="false" />
                <line number="302" hits="1" branch="false" />
                <line number="303" hits="1" branch="false" />
                <line number="304" hits="1" branch="false" />
              </lines>
            </method>
            <method name="RemoveCurrent" signature="(...)" line-rate="1" branch-rate="1" complexity="1">
              <lines>
                <line number="306" hits="3" branch="false" />
                <line number="307" hits="3" branch="false" />
                <line number="308" hits="3" branch="false" />
                <line number="309" hits="3" branch="false" />
                <line number="310" hits="3" branch="false" />
                <line number="311" hits="3" branch="false" />
              </lines>
            </method>
            <method name="CheckingIsReadOnly" signature="()" line-rate="1" branch-rate="1" complexity="2">
              <lines>
                <line number="313" hits="104" branch="false" />
                <line number="314" hits="104" branch="true" condition-coverage="100% (2/2)" />
                <line number="315" hits="4" branch="false" />
                <line number="316" hits="4" branch="false" />
                <line number="318" hits="100" branch="false" />
              </lines>
            </method>
            <method name=".ctor" signature="()" line-rate="1" branch-rate="1" complexity="1">
              <lines>
                <line number="17" hits="41" branch="false" />
                <line number="22" hits="13" branch="false" />
                <line number="23" hits="13" branch="false" />
                <line number="24" hits="12" branch="false" />
                <line number="25" hits="12" branch="false" />
                <line number="26" hits="33" branch="true" condition-coverage="100% (2/2)" />
                <line number="27" hits="33" branch="false" />
                <line number="28" hits="33" branch="true" condition-coverage="100% (2/2)" />
                <line number="29" hits="12" branch="false" />
                <line number="30" hits="12" branch="false" />
                <line number="32" hits="21" branch="false" />
                <line number="33" hits="21" branch="false" />
                <line number="34" hits="21" branch="false" />
                <line number="35" hits="12" branch="false" />
                <line number="36" hits="12" branch="false" />
                <line number="38" hits="3" branch="false" />
                <line number="39" hits="3" branch="false" />
                <line number="40" hits="3" branch="false" />
                <line number="41" hits="6" branch="true" condition-coverage="100% (2/2)" />
                <line number="42" hits="3" branch="false" />
                <line number="43" hits="3" branch="false" />
                <line number="46" hits="41" branch="false" />
                <line number="47" hits="41" branch="false" />
                <line number="48" hits="41" branch="false" />
                <line number="49" hits="41" branch="false" />
                <line number="50" hits="41" branch="false" />
              </lines>
            </method>
            <method name=".ctor" signature="(...)" line-rate="1" branch-rate="1" complexity="1">
              <lines>
                <line number="51" hits="1" branch="false" />
                <line number="52" hits="1" branch="false" />
                <line number="53" hits="1" branch="false" />
                <line number="54" hits="1" branch="false" />
              </lines>
            </method>
            <method name="GetEnumerator" signature="()" line-rate="1" branch-rate="1" complexity="2">
              <lines>
                <line number="242" hits="10" branch="false" />
                <line number="243" hits="10" branch="false" />
                <line number="244" hits="50" branch="true" condition-coverage="100% (2/2)" />
                <line number="245" hits="40" branch="false" />
                <line number="246" hits="40" branch="false" />
                <line number="247" hits="40" branch="false" />
                <line number="248" hits="40" branch="false" />
                <line number="249" hits="10" branch="false" />
              </lines>
            </method>
          </methods>
          <lines>
            <line number="10" hits="1" branch="false" />
            <line number="16" hits="339" branch="false" />
            <line number="17" hits="41" branch="false" />
            <line number="22" hits="13" branch="false" />
            <line number="23" hits="13" branch="false" />
            <line number="24" hits="12" branch="false" />
            <line number="25" hits="12" branch="false" />
            <line number="26" hits="33" branch="true" condition-coverage="100% (2/2)" />
            <line number="27" hits="33" branch="false" />
            <line number="28" hits="33" branch="true" condition-coverage="100% (2/2)" />
            <line number="29" hits="12" branch="false" />
            <line number="30" hits="12" branch="false" />
            <line number="32" hits="21" branch="false" />
            <line number="33" hits="21" branch="false" />
            <line number="34" hits="21" branch="false" />
            <line number="35" hits="12" branch="false" />
            <line number="36" hits="12" branch="false" />
            <line number="38" hits="3" branch="false" />
            <line number="39" hits="3" branch="false" />
            <line number="40" hits="3" branch="false" />
            <line number="41" hits="6" branch="true" condition-coverage="100% (2/2)" />
            <line number="42" hits="3" branch="false" />
            <line number="43" hits="3" branch="false" />
            <line number="46" hits="41" branch="false" />
            <line number="47" hits="41" branch="false" />
            <line number="48" hits="41" branch="false" />
            <line number="49" hits="41" branch="false" />
            <line number="50" hits="41" branch="false" />
            <line number="51" hits="1" branch="false" />
            <line number="52" hits="1" branch="false" />
            <line number="53" hits="1" branch="false" />
            <line number="54" hits="1" branch="false" />
            <line number="57" hits="67" branch="false" />
            <line number="58" hits="67" branch="false" />
            <line number="59" hits="66" branch="false" />
            <line number="60" hits="66" branch="true" condition-coverage="100% (2/2)" />
            <line number="61" hits="18" branch="false" />
            <line number="62" hits="18" branch="false" />
            <line number="63" hits="18" branch="false" />
            <line number="65" hits="48" branch="false" />
            <line number="66" hits="48" branch="false" />
            <line number="67" hits="48" branch="false" />
            <line number="68" hits="48" branch="false" />
            <line number="69" hits="48" branch="false" />
            <line number="70" hits="66" branch="false" />
            <line number="71" hits="66" branch="false" />
            <line number="72" hits="66" branch="false" />
            <line number="74" hits="17" branch="false" />
            <line number="75" hits="17" branch="false" />
            <line number="76" hits="15" branch="true" condition-coverage="100% (2/2)" />
            <line number="77" hits="1" branch="false" />
            <line number="78" hits="1" branch="false" />
            <line number="80" hits="154" branch="true" condition-coverage="100% (2/2)" />
            <line number="81" hits="56" branch="false" />
            <line number="82" hits="56" branch="false" />
            <line number="83" hits="56" branch="false" />
            <line number="84" hits="14" branch="false" />
            <line number="86" hits="2" branch="false" />
            <line number="87" hits="2" branch="false" />
            <line number="88" hits="1" branch="false" />
            <line number="89" hits="1" branch="false" />
            <line number="90" hits="1" branch="false" />
            <line number="92" hits="7" branch="false" />
            <line number="93" hits="7" branch="false" />
            <line number="94" hits="7" branch="false" />
            <line number="95" hits="21" branch="true" condition-coverage="100% (2/2)" />
            <line number="96" hits="18" branch="false" />
            <line number="97" hits="18" branch="true" condition-coverage="100% (4/4)" />
            <line number="98" hits="4" branch="false" />
            <line number="99" hits="4" branch="false" />
            <line number="100" hits="4" branch="false" />
            <line number="102" hits="14" branch="false" />
            <line number="103" hits="14" branch="false" />
            <line number="104" hits="7" branch="false" />
            <line number="105" hits="7" branch="false" />
            <line number="107" hits="6" branch="false" />
            <line number="108" hits="6" branch="false" />
            <line number="109" hits="6" branch="false" />
            <line number="110" hits="6" branch="false" />
            <line number="111" hits="18" branch="true" condition-coverage="100% (2/2)" />
            <line number="112" hits="16" branch="false" />
            <line number="113" hits="16" branch="true" condition-coverage="100% (4/4)" />
            <line number="114" hits="4" branch="false" />
            <line number="115" hits="4" branch="false" />
            <line number="116" hits="4" branch="false" />
            <line number="118" hits="12" branch="false" />
            <line number="119" hits="12" branch="false" />
            <line number="120" hits="12" branch="false" />
            <line number="121" hits="6" branch="false" />
            <line number="122" hits="6" branch="false" />
            <line number="124" hits="5" branch="false" />
            <line number="125" hits="5" branch="false" />
            <line number="126" hits="5" branch="true" condition-coverage="100% (4/4)" />
            <line number="127" hits="2" branch="false" />
            <line number="128" hits="2" branch="false" />
            <line number="130" hits="3" branch="true" condition-coverage="100% (2/2)" />
            <line number="131" hits="1" branch="false" />
            <line number="132" hits="1" branch="false" />
            <line number="133" hits="1" branch="false" />
            <line number="134" hits="2" branch="true" condition-coverage="100% (2/2)" />
            <line number="135" hits="1" branch="false" />
            <line number="136" hits="1" branch="false" />
            <line number="137" hits="1" branch="false" />
            <line number="138" hits="1" branch="false" />
            <line number="139" hits="1" branch="false" />
            <line number="140" hits="1" branch="false" />
            <line number="141" hits="1" branch="false" />
            <line number="142" hits="1" branch="false" />
            <line number="144" hits="1" branch="false" />
            <line number="145" hits="1" branch="false" />
            <line number="146" hits="1" branch="false" />
            <line number="147" hits="1" branch="false" />
            <line number="148" hits="3" branch="false" />
            <line number="150" hits="8" branch="false" />
            <line number="151" hits="8" branch="false" />
            <line number="153" hits="8" branch="true" condition-coverage="100% (2/2)" />
            <line number="154" hits="1" branch="false" />
            <line number="155" hits="1" branch="false" />
            <line number="158" hits="7" branch="false" />
            <line number="160" hits="7" branch="true" condition-coverage="88% (7/8)" />
            <line number="161" hits="2" branch="false" />
            <line number="162" hits="2" branch="false" />
            <line number="163" hits="2" branch="false" />
            <line number="164" hits="2" branch="false" />
            <line number="165" hits="2" branch="false" />
            <line number="168" hits="5" branch="false" />
            <line number="169" hits="5" branch="true" condition-coverage="50% (1/2)" />
            <line number="171" hits="6" branch="true" condition-coverage="75% (3/4)" />
            <line number="172" hits="3" branch="false" />
            <line number="173" hits="3" branch="true" condition-coverage="100% (4/4)" />
            <line number="174" hits="2" branch="false" />
            <line number="175" hits="2" branch="false" />
            <line number="176" hits="2" branch="false" />
            <line number="177" hits="2" branch="false" />
            <line number="180" hits="1" branch="false" />
            <line number="181" hits="1" branch="false" />
            <line number="182" hits="3" branch="false" />
            <line number="184" hits="3" branch="true" condition-coverage="88% (7/8)" />
            <line number="185" hits="2" branch="false" />
            <line number="186" hits="2" branch="false" />
            <line number="187" hits="2" branch="false" />
            <line number="188" hits="2" branch="false" />
            <line number="189" hits="2" branch="false" />
            <line number="192" hits="1" branch="false" />
            <line number="193" hits="8" branch="false" />
            <line number="195" hits="3" branch="false" />
            <line number="196" hits="3" branch="false" />
            <line number="197" hits="3" branch="false" />
            <line number="198" hits="3" branch="true" condition-coverage="100% (2/2)" />
            <line number="199" hits="1" branch="false" />
            <line number="200" hits="1" branch="false" />
            <line number="201" hits="1" branch="false" />
            <line number="203" hits="1" branch="false" />
            <line number="204" hits="2" branch="true" condition-coverage="100% (2/2)" />
            <line number="205" hits="1" branch="false" />
            <line number="206" hits="1" branch="false" />
            <line number="207" hits="1" branch="false" />
            <line number="208" hits="1" branch="false" />
            <line number="210" hits="1" branch="false" />
            <line number="211" hits="1" branch="false" />
            <line number="212" hits="1" branch="false" />
            <line number="213" hits="3" branch="false" />
            <line number="215" hits="5" branch="false" />
            <line number="216" hits="5" branch="true" condition-coverage="100% (2/2)" />
            <line number="217" hits="1" branch="false" />
            <line number="218" hits="1" branch="false" />
            <line number="220" hits="4" branch="true" condition-coverage="100% (2/2)" />
            <line number="221" hits="1" branch="false" />
            <line number="222" hits="1" branch="false" />
            <line number="224" hits="3" branch="true" condition-coverage="75% (3/4)" />
            <line number="225" hits="1" branch="false" />
            <line number="226" hits="1" branch="false" />
            <line number="229" hits="2" branch="false" />
            <line number="230" hits="2" branch="false" />
            <line number="231" hits="2" branch="false" />
            <line number="232" hits="10" branch="true" condition-coverage="100% (4/4)" />
            <line number="233" hits="16" branch="false" />
            <line number="234" hits="8" branch="false" />
            <line number="235" hits="8" branch="false" />
            <line number="236" hits="8" branch="false" />
            <line number="238" hits="2" branch="false" />
            <line number="239" hits="2" branch="false" />
            <line number="240" hits="2" branch="false" />
            <line number="242" hits="10" branch="false" />
            <line number="243" hits="10" branch="false" />
            <line number="244" hits="50" branch="true" condition-coverage="100% (2/2)" />
            <line number="245" hits="40" branch="false" />
            <line number="246" hits="40" branch="false" />
            <line number="247" hits="40" branch="false" />
            <line number="248" hits="40" branch="false" />
            <line number="249" hits="10" branch="false" />
            <line number="252" hits="1" branch="false" />
            <line number="253" hits="1" branch="false" />
            <line number="254" hits="1" branch="false" />
            <line number="256" hits="83" branch="false" />
            <line number="257" hits="83" branch="true" condition-coverage="50% (1/2)" />
            <line number="258" hits="83" branch="false" />
            <line number="260" hits="3" branch="false" />
            <line number="261" hits="3" branch="false" />
            <line number="262" hits="3" branch="false" />
            <line number="263" hits="3" branch="false" />
            <line number="264" hits="3" branch="false" />
            <line number="266" hits="3" branch="false" />
            <line number="267" hits="3" branch="false" />
            <line number="268" hits="3" branch="false" />
            <line number="269" hits="3" branch="false" />
            <line number="270" hits="3" branch="false" />
            <line number="272" hits="19" branch="false" />
            <line number="273" hits="19" branch="true" condition-coverage="75% (3/4)" />
            <line number="274" hits="1" branch="false" />
            <line number="275" hits="1" branch="false" />
            <line number="277" hits="18" branch="false" />
            <line number="279" hits="5" branch="false" />
            <line number="280" hits="5" branch="false" />
            <line number="281" hits="5" branch="false" />
            <line number="283" hits="13" branch="true" condition-coverage="100% (2/2)" />
            <line number="284" hits="13" branch="false" />
            <line number="285" hits="13" branch="true" condition-coverage="100% (2/2)" />
            <line number="286" hits="5" branch="false" />
            <line number="287" hits="5" branch="false" />
            <line number="288" hits="5" branch="false" />
            <line number="291" hits="8" branch="false" />
            <line number="292" hits="8" branch="false" />
            <line number="293" hits="8" branch="false" />
            <line number="294" hits="5" branch="false" />
            <line number="296" hits="1" branch="false" />
            <line number="297" hits="1" branch="false" />
            <line number="298" hits="1" branch="false" />
            <line number="299" hits="1" branch="false" />
            <line number="300" hits="1" branch="false" />
            <line number="301" hits="1" branch="false" />
            <line number="302" hits="1" branch="false" />
            <line number="303" hits="1" branch="false" />
            <line number="304" hits="1" branch="false" />
            <line number="306" hits="3" branch="false" />
            <line number="307" hits="3" branch="false" />
            <line number="308" hits="3" branch="false" />
            <line number="309" hits="3" branch="false" />
            <line number="310" hits="3" branch="false" />
            <line number="311" hits="3" branch="false" />
            <line number="313" hits="104" branch="false" />
            <line number="314" hits="104" branch="true" condition-coverage="100% (2/2)" />
            <line number="315" hits="4" branch="false" />
            <line number="316" hits="4" branch="false" />
            <line number="318" hits="100" branch="false" />
          </lines>
        </class>
      </classes>
    </package>
    <package name="MyListTests" line-rate="0.994117647058824" branch-rate="0.515384615384615" complexity="138">
      <classes>
        <class name="AutoGeneratedProgram" filename="C:\Users\Dell\.nuget\packages\microsoft.net.test.sdk\17.1.0\build\netcoreapp2.1\Microsoft.NET.Test.Sdk.Program.cs" line-rate="0" branch-rate="1" complexity="1">
          <methods>
            <method name="Main" signature="(...)" line-rate="0" branch-rate="1" complexity="1">
              <lines>
                <line number="4" hits="0" branch="false" />
              </lines>
            </method>
          </methods>
          <lines>
            <line number="4" hits="0" branch="false" />
          </lines>
        </class>
        <class name="MyList.Tests.ItemTests" filename="C:\Users\Dell\OneDrive\Рабочий стол\Studying\.NET\Labs\Lab1\MyListTests\ItemTests.cs" line-rate="1" branch-rate="1" complexity="2">
          <methods>
            <method name="ItemTest" signature="()" line-rate="1" branch-rate="1" complexity="1">
              <lines>
                <line number="17" hits="1" branch="false" />
                <line number="18" hits="1" branch="false" />
                <line number="19" hits="1" branch="false" />
                <line number="20" hits="1" branch="false" />
              </lines>
            </method>
            <method name="ToStringTest" signature="()" line-rate="1" branch-rate="1" complexity="1">
              <lines>
                <line number="24" hits="1" branch="false" />
                <line number="25" hits="1" branch="false" />
                <line number="26" hits="1" branch="false" />
                <line number="27" hits="1" branch="false" />
                <line number="28" hits="1" branch="false" />
                <line number="29" hits="1" branch="false" />
              </lines>
            </method>
          </methods>
          <lines>
            <line number="17" hits="1" branch="false" />
            <line number="18" hits="1" branch="false" />
            <line number="19" hits="1" branch="false" />
            <line number="20" hits="1" branch="false" />
            <line number="24" hits="1" branch="false" />
            <line number="25" hits="1" branch="false" />
            <line number="26" hits="1" branch="false" />
            <line number="27" hits="1" branch="false" />
            <line number="28" hits="1" branch="false" />
            <line number="29" hits="1" branch="false" />
          </lines>
        </class>
        <class name="MyList.Tests.MyListTests" filename="C:\Users\Dell\OneDrive\Рабочий стол\Studying\.NET\Labs\Lab1\MyListTests\MyListTests.cs" line-rate="1" branch-rate="0.515384615384615" complexity="135">
          <methods>
            <method name="TestsInit" signature="()" line-rate="1" branch-rate="1" complexity="1">
              <lines>
                <line number="22" hits="20" branch="false" />
                <line number="23" hits="20" branch="false" />
                <line number="24" hits="20" branch="false" />
                <line number="25" hits="20" branch="false" />
                <line number="26" hits="20" branch="false" />
                <line number="27" hits="20" branch="false" />
                <line number="28" hits="20" branch="false" />
                <line number="29" hits="20" branch="false" />
              </lines>
            </method>
            <method name="MyListTest" signature="()" line-rate="1" branch-rate="0.5" complexity="2">
              <lines>
                <line number="33" hits="1" branch="false" />
                <line number="34" hits="1" branch="true" condition-coverage="50% (1/2)" />
                <line number="35" hits="1" branch="false" />
                <line number="36" hits="1" branch="false" />
              </lines>
            </method>
            <method name="MyListTest1" signature="()" line-rate="1" branch-rate="0.5" complexity="2">
              <lines>
                <line number="40" hits="1" branch="false" />
                <line number="41" hits="1" branch="true" condition-coverage="50% (1/2)" />
                <line number="42" hits="1" branch="false" />
                <line number="43" hits="1" branch="false" />
                <line number="44" hits="1" branch="false" />
                <line number="45" hits="1" branch="false" />
                <line number="46" hits="1" branch="false" />
                <line number="47" hits="1" branch="false" />
                <line number="48" hits="1" branch="false" />
                <line number="49" hits="1" branch="false" />
              </lines>
            </method>
            <method name="AddTest" signature="()" line-rate="1" branch-rate="0.5" complexity="8">
              <lines>
                <line number="53" hits="1" branch="false" />
                <line number="54" hits="1" branch="true" condition-coverage="50% (1/2)" />
                <line number="55" hits="1" branch="true" condition-coverage="50% (1/2)" />
                <line number="56" hits="1" branch="true" condition-coverage="50% (1/2)" />
                <line number="57" hits="1" branch="true" condition-coverage="50% (1/2)" />
                <line number="58" hits="1" branch="false" />
              </lines>
            </method>
            <method name="AddRangeTest" signature="()" line-rate="1" branch-rate="0.5" complexity="4">
              <lines>
                <line number="62" hits="1" branch="false" />
                <line number="63" hits="1" branch="true" condition-coverage="50% (1/2)" />
                <line number="64" hits="1" branch="true" condition-coverage="50% (1/2)" />
                <line number="65" hits="1" branch="false" />
                <line number="66" hits="1" branch="false" />
                <line number="67" hits="1" branch="false" />
                <line number="68" hits="1" branch="false" />
                <line number="69" hits="1" branch="false" />
                <line number="70" hits="1" branch="false" />
              </lines>
            </method>
            <method name="ClearTest" signature="()" line-rate="1" branch-rate="0.5" complexity="6">
              <lines>
                <line number="74" hits="1" branch="false" />
                <line number="75" hits="1" branch="true" condition-coverage="50% (1/2)" />
                <line number="76" hits="1" branch="false" />
                <line number="77" hits="1" branch="true" condition-coverage="50% (1/2)" />
                <line number="78" hits="1" branch="false" />
                <line number="79" hits="1" branch="true" condition-coverage="50% (1/2)" />
                <line number="81" hits="1" branch="false" />
              </lines>
            </method>
            <method name="ContainsTest" signature="()" line-rate="1" branch-rate="0.5" complexity="16">
              <lines>
                <line number="85" hits="1" branch="false" />
                <line number="86" hits="1" branch="true" condition-coverage="50% (1/2)" />
                <line number="87" hits="1" branch="true" condition-coverage="50% (1/2)" />
                <line number="88" hits="1" branch="true" condition-coverage="50% (1/2)" />
                <line number="89" hits="1" branch="true" condition-coverage="50% (1/2)" />
                <line number="90" hits="1" branch="true" condition-coverage="50% (1/2)" />
                <line number="91" hits="1" branch="true" condition-coverage="50% (1/2)" />
                <line number="92" hits="1" branch="true" condition-coverage="50% (1/2)" />
                <line number="93" hits="1" branch="true" condition-coverage="50% (1/2)" />
                <line number="94" hits="1" branch="false" />
              </lines>
            </method>
            <method name="IndexOfTest" signature="()" line-rate="1" branch-rate="0.5" complexity="16">
              <lines>
                <line number="98" hits="1" branch="false" />
                <line number="99" hits="1" branch="true" condition-coverage="50% (1/2)" />
                <line number="100" hits="1" branch="true" condition-coverage="50% (1/2)" />
                <line number="101" hits="1" branch="true" condition-coverage="50% (1/2)" />
                <line number="102" hits="1" branch="true" condition-coverage="50% (1/2)" />
                <line number="103" hits="1" branch="true" condition-coverage="50% (1/2)" />
                <line number="104" hits="1" branch="true" condition-coverage="50% (1/2)" />
                <line number="105" hits="1" branch="true" condition-coverage="50% (1/2)" />
                <line number="106" hits="1" branch="true" condition-coverage="50% (1/2)" />
                <line number="107" hits="1" branch="false" />
              </lines>
            </method>
            <method name="InsertTest" signature="()" line-rate="1" branch-rate="0.5" complexity="14">
              <lines>
                <line number="111" hits="1" branch="false" />
                <line number="112" hits="1" branch="true" condition-coverage="50% (1/2)" />
                <line number="113" hits="1" branch="true" condition-coverage="50% (1/2)" />
                <line number="114" hits="1" branch="true" condition-coverage="50% (1/2)" />
                <line number="115" hits="1" branch="true" condition-coverage="50% (1/2)" />
                <line number="117" hits="1" branch="true" condition-coverage="50% (1/2)" />
                <line number="118" hits="1" branch="true" condition-coverage="50% (1/2)" />
                <line number="119" hits="1" branch="true" condition-coverage="50% (1/2)" />
                <line number="120" hits="1" branch="false" />
              </lines>
            </method>
            <method name="RemoveTest" signature="()" line-rate="1" branch-rate="0.5" complexity="22">
              <lines>
                <line number="124" hits="1" branch="false" />
                <line number="125" hits="1" branch="true" condition-coverage="50% (1/2)" />
                <line number="126" hits="1" branch="true" condition-coverage="50% (1/2)" />
                <line number="127" hits="1" branch="false" />
                <line number="128" hits="1" branch="false" />
                <line number="129" hits="1" branch="false" />
                <line number="130" hits="1" branch="false" />
                <line number="131" hits="1" branch="false" />
                <line number="132" hits="1" branch="true" condition-coverage="50% (1/2)" />
                <line number="133" hits="1" branch="true" condition-coverage="50% (1/2)" />
                <line number="134" hits="1" branch="true" condition-coverage="50% (1/2)" />
                <line number="136" hits="1" branch="true" condition-coverage="50% (1/2)" />
                <line number="137" hits="1" branch="true" condition-coverage="50% (1/2)" />
                <line number="138" hits="1" branch="true" condition-coverage="50% (1/2)" />
                <line number="139" hits="1" branch="true" condition-coverage="50% (1/2)" />
                <line number="140" hits="1" branch="true" condition-coverage="50% (1/2)" />
                <line number="141" hits="1" branch="true" condition-coverage="50% (1/2)" />
                <line number="143" hits="1" branch="false" />
              </lines>
            </method>
            <method name="RemoveAtTest" signature="()" line-rate="1" branch-rate="0.5" complexity="10">
              <lines>
                <line number="147" hits="1" branch="false" />
                <line number="148" hits="1" branch="true" condition-coverage="50% (1/2)" />
                <line number="149" hits="1" branch="true" condition-coverage="50% (1/2)" />
                <line number="150" hits="1" branch="true" condition-coverage="50% (1/2)" />
                <line number="151" hits="1" branch="true" condition-coverage="50% (1/2)" />
                <line number="153" hits="1" branch="true" condition-coverage="50% (1/2)" />
                <line number="154" hits="1" branch="false" />
              </lines>
            </method>
            <method name="CopyToTest" signature="()" line-rate="1" branch-rate="0.5" complexity="4">
              <lines>
                <line number="158" hits="1" branch="false" />
                <line number="159" hits="1" branch="true" condition-coverage="50% (1/2)" />
                <line number="160" hits="1" branch="false" />
                <line number="161" hits="1" branch="true" condition-coverage="50% (1/2)" />
                <line number="162" hits="1" branch="false" />
                <line number="163" hits="1" branch="false" />
              </lines>
            </method>
            <method name="GetEnumeratorTest" signature="()" line-rate="1" branch-rate="0.666666666666667" complexity="6">
              <lines>
                <line number="167" hits="1" branch="false" />
                <line number="168" hits="1" branch="true" condition-coverage="50% (1/2)" />
                <line number="169" hits="1" branch="false" />
                <line number="170" hits="11" branch="true" condition-coverage="100% (2/2)" />
                <line number="171" hits="4" branch="false" />
                <line number="172" hits="4" branch="true" condition-coverage="50% (1/2)" />
                <line number="173" hits="4" branch="false" />
                <line number="174" hits="4" branch="false" />
                <line number="175" hits="1" branch="false" />
              </lines>
            </method>
            <method name="ReadOnlyByCollectionTest" signature="()" line-rate="1" branch-rate="1" complexity="2">
              <lines>
                <line number="179" hits="1" branch="false" />
                <line number="180" hits="1" branch="false" />
                <line number="181" hits="1" branch="true" condition-coverage="100% (2/2)" />
                <line number="182" hits="1" branch="false" />
              </lines>
            </method>
            <method name="IndexerTest" signature="()" line-rate="1" branch-rate="0.5" complexity="8">
              <lines>
                <line number="186" hits="1" branch="false" />
                <line number="187" hits="1" branch="true" condition-coverage="50% (1/2)" />
                <line number="188" hits="1" branch="false" />
                <line number="189" hits="1" branch="false" />
                <line number="190" hits="1" branch="false" />
                <line number="191" hits="1" branch="true" condition-coverage="50% (1/2)" />
                <line number="192" hits="1" branch="true" condition-coverage="50% (1/2)" />
                <line number="193" hits="1" branch="true" condition-coverage="50% (1/2)" />
                <line number="194" hits="2" branch="false" />
                <line number="195" hits="1" branch="false" />
              </lines>
            </method>
            <method name="AddRangeExeptionTest" signature="()" line-rate="1" branch-rate="1" complexity="1">
              <lines>
                <line number="199" hits="1" branch="false" />
                <line number="200" hits="2" branch="false" />
                <line number="201" hits="1" branch="false" />
                <line number="202" hits="2" branch="false" />
                <line number="203" hits="1" branch="false" />
              </lines>
            </method>
            <method name="ClearExeptionTest" signature="()" line-rate="1" branch-rate="1" complexity="1">
              <lines>
                <line number="207" hits="1" branch="false" />
                <line number="208" hits="1" branch="false" />
                <line number="209" hits="2" branch="false" />
                <line number="210" hits="1" branch="false" />
              </lines>
            </method>
            <method name="AddExeptionTest" signature="()" line-rate="1" branch-rate="1" complexity="1">
              <lines>
                <line number="214" hits="1" branch="false" />
                <line number="215" hits="1" branch="false" />
                <line number="216" hits="2" branch="false" />
                <line number="217" hits="1" branch="false" />
              </lines>
            </method>
            <method name="InsertExeptionTest" signature="()" line-rate="1" branch-rate="0.5" complexity="2">
              <lines>
                <line number="221" hits="1" branch="false" />
                <line number="222" hits="1" branch="true" condition-coverage="50% (1/2)" />
                <line number="223" hits="2" branch="false" />
                <line number="224" hits="2" branch="false" />
                <line number="225" hits="1" branch="false" />
                <line number="226" hits="2" branch="false" />
                <line number="227" hits="1" branch="false" />
              </lines>
            </method>
            <method name="CopyToExeptionTest" signature="()" line-rate="1" branch-rate="0.5" complexity="8">
              <lines>
                <line number="231" hits="1" branch="false" />
                <line number="232" hits="1" branch="true" condition-coverage="50% (1/2)" />
                <line number="233" hits="1" branch="false" />
                <line number="234" hits="2" branch="true" condition-coverage="50% (1/2)" />
                <line number="235" hits="1" branch="false" />
                <line number="236" hits="2" branch="true" condition-coverage="50% (1/2)" />
                <line number="237" hits="2" branch="true" condition-coverage="50% (1/2)" />
                <line number="238" hits="1" branch="false" />
              </lines>
            </method>
            <method name="IEnumerableGetEnumeratorTest" signature="()" line-rate="1" branch-rate="1" complexity="1">
              <lines>
                <line number="242" hits="1" branch="false" />
                <line number="243" hits="1" branch="false" />
                <line number="245" hits="1" branch="false" />
                <line number="248" hits="1" branch="false" />
              </lines>
            </method>
          </methods>
          <lines>
            <line number="22" hits="20" branch="false" />
            <line number="23" hits="20" branch="false" />
            <line number="24" hits="20" branch="false" />
            <line number="25" hits="20" branch="false" />
            <line number="26" hits="20" branch="false" />
            <line number="27" hits="20" branch="false" />
            <line number="28" hits="20" branch="false" />
            <line number="29" hits="20" branch="false" />
            <line number="33" hits="1" branch="false" />
            <line number="34" hits="1" branch="true" condition-coverage="50% (1/2)" />
            <line number="35" hits="1" branch="false" />
            <line number="36" hits="1" branch="false" />
            <line number="40" hits="1" branch="false" />
            <line number="41" hits="1" branch="true" condition-coverage="50% (1/2)" />
            <line number="42" hits="1" branch="false" />
            <line number="43" hits="1" branch="false" />
            <line number="44" hits="1" branch="false" />
            <line number="45" hits="1" branch="false" />
            <line number="46" hits="1" branch="false" />
            <line number="47" hits="1" branch="false" />
            <line number="48" hits="1" branch="false" />
            <line number="49" hits="1" branch="false" />
            <line number="53" hits="1" branch="false" />
            <line number="54" hits="1" branch="true" condition-coverage="50% (1/2)" />
            <line number="55" hits="1" branch="true" condition-coverage="50% (1/2)" />
            <line number="56" hits="1" branch="true" condition-coverage="50% (1/2)" />
            <line number="57" hits="1" branch="true" condition-coverage="50% (1/2)" />
            <line number="58" hits="1" branch="false" />
            <line number="62" hits="1" branch="false" />
            <line number="63" hits="1" branch="true" condition-coverage="50% (1/2)" />
            <line number="64" hits="1" branch="true" condition-coverage="50% (1/2)" />
            <line number="65" hits="1" branch="false" />
            <line number="66" hits="1" branch="false" />
            <line number="67" hits="1" branch="false" />
            <line number="68" hits="1" branch="false" />
            <line number="69" hits="1" branch="false" />
            <line number="70" hits="1" branch="false" />
            <line number="74" hits="1" branch="false" />
            <line number="75" hits="1" branch="true" condition-coverage="50% (1/2)" />
            <line number="76" hits="1" branch="false" />
            <line number="77" hits="1" branch="true" condition-coverage="50% (1/2)" />
            <line number="78" hits="1" branch="false" />
            <line number="79" hits="1" branch="true" condition-coverage="50% (1/2)" />
            <line number="81" hits="1" branch="false" />
            <line number="85" hits="1" branch="false" />
            <line number="86" hits="1" branch="true" condition-coverage="50% (1/2)" />
            <line number="87" hits="1" branch="true" condition-coverage="50% (1/2)" />
            <line number="88" hits="1" branch="true" condition-coverage="50% (1/2)" />
            <line number="89" hits="1" branch="true" condition-coverage="50% (1/2)" />
            <line number="90" hits="1" branch="true" condition-coverage="50% (1/2)" />
            <line number="91" hits="1" branch="true" condition-coverage="50% (1/2)" />
            <line number="92" hits="1" branch="true" condition-coverage="50% (1/2)" />
            <line number="93" hits="1" branch="true" condition-coverage="50% (1/2)" />
            <line number="94" hits="1" branch="false" />
            <line number="98" hits="1" branch="false" />
            <line number="99" hits="1" branch="true" condition-coverage="50% (1/2)" />
            <line number="100" hits="1" branch="true" condition-coverage="50% (1/2)" />
            <line number="101" hits="1" branch="true" condition-coverage="50% (1/2)" />
            <line number="102" hits="1" branch="true" condition-coverage="50% (1/2)" />
            <line number="103" hits="1" branch="true" condition-coverage="50% (1/2)" />
            <line number="104" hits="1" branch="true" condition-coverage="50% (1/2)" />
            <line number="105" hits="1" branch="true" condition-coverage="50% (1/2)" />
            <line number="106" hits="1" branch="true" condition-coverage="50% (1/2)" />
            <line number="107" hits="1" branch="false" />
            <line number="111" hits="1" branch="false" />
            <line number="112" hits="1" branch="true" condition-coverage="50% (1/2)" />
            <line number="113" hits="1" branch="true" condition-coverage="50% (1/2)" />
            <line number="114" hits="1" branch="true" condition-coverage="50% (1/2)" />
            <line number="115" hits="1" branch="true" condition-coverage="50% (1/2)" />
            <line number="117" hits="1" branch="true" condition-coverage="50% (1/2)" />
            <line number="118" hits="1" branch="true" condition-coverage="50% (1/2)" />
            <line number="119" hits="1" branch="true" condition-coverage="50% (1/2)" />
            <line number="120" hits="1" branch="false" />
            <line number="124" hits="1" branch="false" />
            <line number="125" hits="1" branch="true" condition-coverage="50% (1/2)" />
            <line number="126" hits="1" branch="true" condition-coverage="50% (1/2)" />
            <line number="127" hits="1" branch="false" />
            <line number="128" hits="1" branch="false" />
            <line number="129" hits="1" branch="false" />
            <line number="130" hits="1" branch="false" />
            <line number="131" hits="1" branch="false" />
            <line number="132" hits="1" branch="true" condition-coverage="50% (1/2)" />
            <line number="133" hits="1" branch="true" condition-coverage="50% (1/2)" />
            <line number="134" hits="1" branch="true" condition-coverage="50% (1/2)" />
            <line number="136" hits="1" branch="true" condition-coverage="50% (1/2)" />
            <line number="137" hits="1" branch="true" condition-coverage="50% (1/2)" />
            <line number="138" hits="1" branch="true" condition-coverage="50% (1/2)" />
            <line number="139" hits="1" branch="true" condition-coverage="50% (1/2)" />
            <line number="140" hits="1" branch="true" condition-coverage="50% (1/2)" />
            <line number="141" hits="1" branch="true" condition-coverage="50% (1/2)" />
            <line number="143" hits="1" branch="false" />
            <line number="147" hits="1" branch="false" />
            <line number="148" hits="1" branch="true" condition-coverage="50% (1/2)" />
            <line number="149" hits="1" branch="true" condition-coverage="50% (1/2)" />
            <line number="150" hits="1" branch="true" condition-coverage="50% (1/2)" />
            <line number="151" hits="1" branch="true" condition-coverage="50% (1/2)" />
            <line number="153" hits="1" branch="true" condition-coverage="50% (1/2)" />
            <line number="154" hits="1" branch="false" />
            <line number="158" hits="1" branch="false" />
            <line number="159" hits="1" branch="true" condition-coverage="50% (1/2)" />
            <line number="160" hits="1" branch="false" />
            <line number="161" hits="1" branch="true" condition-coverage="50% (1/2)" />
            <line number="162" hits="1" branch="false" />
            <line number="163" hits="1" branch="false" />
            <line number="167" hits="1" branch="false" />
            <line number="168" hits="1" branch="true" condition-coverage="50% (1/2)" />
            <line number="169" hits="1" branch="false" />
            <line number="170" hits="11" branch="true" condition-coverage="100% (2/2)" />
            <line number="171" hits="4" branch="false" />
            <line number="172" hits="4" branch="true" condition-coverage="50% (1/2)" />
            <line number="173" hits="4" branch="false" />
            <line number="174" hits="4" branch="false" />
            <line number="175" hits="1" branch="false" />
            <line number="179" hits="1" branch="false" />
            <line number="180" hits="1" branch="false" />
            <line number="181" hits="1" branch="true" condition-coverage="100% (2/2)" />
            <line number="182" hits="1" branch="false" />
            <line number="186" hits="1" branch="false" />
            <line number="187" hits="1" branch="true" condition-coverage="50% (1/2)" />
            <line number="188" hits="1" branch="false" />
            <line number="189" hits="1" branch="false" />
            <line number="190" hits="1" branch="false" />
            <line number="191" hits="1" branch="true" condition-coverage="50% (1/2)" />
            <line number="192" hits="1" branch="true" condition-coverage="50% (1/2)" />
            <line number="193" hits="1" branch="true" condition-coverage="50% (1/2)" />
            <line number="194" hits="2" branch="false" />
            <line number="195" hits="1" branch="false" />
            <line number="199" hits="1" branch="false" />
            <line number="200" hits="2" branch="false" />
            <line number="201" hits="1" branch="false" />
            <line number="202" hits="2" branch="false" />
            <line number="203" hits="1" branch="false" />
            <line number="207" hits="1" branch="false" />
            <line number="208" hits="1" branch="false" />
            <line number="209" hits="2" branch="false" />
            <line number="210" hits="1" branch="false" />
            <line number="214" hits="1" branch="false" />
            <line number="215" hits="1" branch="false" />
            <line number="216" hits="2" branch="false" />
            <line number="217" hits="1" branch="false" />
            <line number="221" hits="1" branch="false" />
            <line number="222" hits="1" branch="true" condition-coverage="50% (1/2)" />
            <line number="223" hits="2" branch="false" />
            <line number="224" hits="2" branch="false" />
            <line number="225" hits="1" branch="false" />
            <line number="226" hits="2" branch="false" />
            <line number="227" hits="1" branch="false" />
            <line number="231" hits="1" branch="false" />
            <line number="232" hits="1" branch="true" condition-coverage="50% (1/2)" />
            <line number="233" hits="1" branch="false" />
            <line number="234" hits="2" branch="true" condition-coverage="50% (1/2)" />
            <line number="235" hits="1" branch="false" />
            <line number="236" hits="2" branch="true" condition-coverage="50% (1/2)" />
            <line number="237" hits="2" branch="true" condition-coverage="50% (1/2)" />
            <line number="238" hits="1" branch="false" />
            <line number="242" hits="1" branch="false" />
            <line number="243" hits="1" branch="false" />
            <line number="245" hits="1" branch="false" />
            <line number="248" hits="1" branch="false" />
          </lines>
        </class>
      </classes>
    </package>
  </packages>
</coverage>