TpTrace Verbose: 0 : 21392, 1, 2022/10/28, 23:21:08.975, 1921453699527, vstest.console.dll, Version: 17.2.0-release-20220408-11 Current process architecture: X64
TpTrace Information: 0 : 21392, 1, 2022/10/28, 23:21:08.991, 1921453866424, vstest.console.dll, FilePatternParser: The given file C:\Users\Dell\OneDrive\Рабочий стол\Studying\.NET\Labs\Lab1\MyListTests\bin\Debug\net6.0\fine-code-coverage\build-output\MyListTests.dll is a full path.
TpTrace Verbose: 0 : 21392, 1, 2022/10/28, 23:21:09.003, 1921453984394, vstest.console.dll, TestPluginCache.DiscoverTestExtensions: finding test extensions in assemblies ends with: RuntimeProvider.dll TPluginInfo: Microsoft.VisualStudio.TestPlatform.Common.ExtensionFramework.Utilities.TestRuntimePluginInformation TExtension: Microsoft.VisualStudio.TestPlatform.ObjectModel.Host.ITestRuntimeProvider
TpTrace Verbose: 0 : 21392, 1, 2022/10/28, 23:21:09.004, 1921453991480, vstest.console.dll, TestPluginCache.GetExtensionPaths: Filtered extension paths: 
TpTrace Verbose: 0 : 21392, 1, 2022/10/28, 23:21:09.004, 1921453993765, vstest.console.dll, TestPluginCache.GetExtensionPaths: Added default extension paths: C:\Program Files\dotnet\sdk\6.0.302\Extensions\DumpMinitool.exe
C:\Program Files\dotnet\sdk\6.0.302\Extensions\DumpMinitool.x86.exe
C:\Program Files\dotnet\sdk\6.0.302\Extensions\Microsoft.Diagnostics.NETCore.Client.dll
C:\Program Files\dotnet\sdk\6.0.302\Extensions\Microsoft.TestPlatform.Extensions.BlameDataCollector.dll
C:\Program Files\dotnet\sdk\6.0.302\Extensions\Microsoft.TestPlatform.Extensions.EventLogCollector.dll
C:\Program Files\dotnet\sdk\6.0.302\Extensions\Microsoft.TestPlatform.TestHostRuntimeProvider.dll
C:\Program Files\dotnet\sdk\6.0.302\Extensions\Microsoft.VisualStudio.TestPlatform.Extensions.Html.TestLogger.dll
C:\Program Files\dotnet\sdk\6.0.302\Extensions\Microsoft.VisualStudio.TestPlatform.Extensions.Trx.TestLogger.dll
TpTrace Verbose: 0 : 21392, 1, 2022/10/28, 23:21:09.004, 1921453994615, vstest.console.dll, TestPluginCache.GetExtensionPaths: Added unfilterableExtensionPaths: 
TpTrace Information: 0 : 21392, 1, 2022/10/28, 23:21:09.005, 1921454007418, vstest.console.dll, AssemblyResolver.ctor: Creating AssemblyResolver with searchDirectories C:\Program Files\dotnet\sdk\6.0.302\Extensions,C:\Program Files\dotnet\sdk\6.0.302
TpTrace Verbose: 0 : 21392, 1, 2022/10/28, 23:21:09.007, 1921454019621, vstest.console.dll, TestPluginCache.DiscoverTestExtensions: Discovering the extensions using extension path.
TpTrace Verbose: 0 : 21392, 1, 2022/10/28, 23:21:09.007, 1921454021265, vstest.console.dll, TestPluginCache.GetExtensionPaths: Filtered extension paths: 
TpTrace Verbose: 0 : 21392, 1, 2022/10/28, 23:21:09.007, 1921454022007, vstest.console.dll, TestPluginCache.GetExtensionPaths: Added default extension paths: C:\Program Files\dotnet\sdk\6.0.302\Extensions\DumpMinitool.exe
C:\Program Files\dotnet\sdk\6.0.302\Extensions\DumpMinitool.x86.exe
C:\Program Files\dotnet\sdk\6.0.302\Extensions\Microsoft.Diagnostics.NETCore.Client.dll
C:\Program Files\dotnet\sdk\6.0.302\Extensions\Microsoft.TestPlatform.Extensions.BlameDataCollector.dll
C:\Program Files\dotnet\sdk\6.0.302\Extensions\Microsoft.TestPlatform.Extensions.EventLogCollector.dll
C:\Program Files\dotnet\sdk\6.0.302\Extensions\Microsoft.TestPlatform.TestHostRuntimeProvider.dll
C:\Program Files\dotnet\sdk\6.0.302\Extensions\Microsoft.VisualStudio.TestPlatform.Extensions.Html.TestLogger.dll
C:\Program Files\dotnet\sdk\6.0.302\Extensions\Microsoft.VisualStudio.TestPlatform.Extensions.Trx.TestLogger.dll
TpTrace Verbose: 0 : 21392, 1, 2022/10/28, 23:21:09.007, 1921454022507, vstest.console.dll, TestPluginCache.GetExtensionPaths: Added unfilterableExtensionPaths: 
TpTrace Verbose: 0 : 21392, 1, 2022/10/28, 23:21:09.007, 1921454023385, vstest.console.dll, TestPluginCache.DiscoverTestExtensions: Discovering the extensions using allExtensionPaths: C:\Program Files\dotnet\sdk\6.0.302\Extensions\DumpMinitool.exe
C:\Program Files\dotnet\sdk\6.0.302\Extensions\DumpMinitool.x86.exe
C:\Program Files\dotnet\sdk\6.0.302\Extensions\Microsoft.Diagnostics.NETCore.Client.dll
C:\Program Files\dotnet\sdk\6.0.302\Extensions\Microsoft.TestPlatform.Extensions.BlameDataCollector.dll
C:\Program Files\dotnet\sdk\6.0.302\Extensions\Microsoft.TestPlatform.Extensions.EventLogCollector.dll
C:\Program Files\dotnet\sdk\6.0.302\Extensions\Microsoft.TestPlatform.TestHostRuntimeProvider.dll
C:\Program Files\dotnet\sdk\6.0.302\Extensions\Microsoft.VisualStudio.TestPlatform.Extensions.Html.TestLogger.dll
C:\Program Files\dotnet\sdk\6.0.302\Extensions\Microsoft.VisualStudio.TestPlatform.Extensions.Trx.TestLogger.dll
TpTrace Information: 0 : 21392, 1, 2022/10/28, 23:21:09.007, 1921454025467, vstest.console.dll, AssemblyResolver.AddSearchDirectories: Adding more searchDirectories C:\Program Files\dotnet\sdk\6.0.302\Extensions,C:\Program Files\dotnet\sdk\6.0.302
TpTrace Information: 0 : 21392, 1, 2022/10/28, 23:21:09.007, 1921454026200, vstest.console.dll, AssemblyResolver.AddSearchDirectories: Adding more searchDirectories C:\Program Files\dotnet\sdk\6.0.302\Extensions,C:\Program Files\dotnet\sdk\6.0.302
TpTrace Information: 0 : 21392, 1, 2022/10/28, 23:21:09.007, 1921454026654, vstest.console.dll, AssemblyResolver.AddSearchDirectories: Adding more searchDirectories C:\Program Files\dotnet\sdk\6.0.302\Extensions,C:\Program Files\dotnet\sdk\6.0.302
TpTrace Information: 0 : 21392, 1, 2022/10/28, 23:21:09.007, 1921454027061, vstest.console.dll, AssemblyResolver.AddSearchDirectories: Adding more searchDirectories C:\Program Files\dotnet\sdk\6.0.302\Extensions,C:\Program Files\dotnet\sdk\6.0.302
TpTrace Information: 0 : 21392, 1, 2022/10/28, 23:21:09.007, 1921454027533, vstest.console.dll, AssemblyResolver.AddSearchDirectories: Adding more searchDirectories C:\Program Files\dotnet\sdk\6.0.302\Extensions,C:\Program Files\dotnet\sdk\6.0.302
TpTrace Information: 0 : 21392, 1, 2022/10/28, 23:21:09.007, 1921454027935, vstest.console.dll, AssemblyResolver.AddSearchDirectories: Adding more searchDirectories C:\Program Files\dotnet\sdk\6.0.302\Extensions,C:\Program Files\dotnet\sdk\6.0.302
TpTrace Information: 0 : 21392, 1, 2022/10/28, 23:21:09.007, 1921454028332, vstest.console.dll, AssemblyResolver.AddSearchDirectories: Adding more searchDirectories C:\Program Files\dotnet\sdk\6.0.302\Extensions,C:\Program Files\dotnet\sdk\6.0.302
TpTrace Information: 0 : 21392, 1, 2022/10/28, 23:21:09.008, 1921454028880, vstest.console.dll, AssemblyResolver.AddSearchDirectories: Adding more searchDirectories C:\Program Files\dotnet\sdk\6.0.302\Extensions,C:\Program Files\dotnet\sdk\6.0.302
TpTrace Information: 0 : 21392, 1, 2022/10/28, 23:21:09.008, 1921454033373, vstest.console.dll, AssemblyResolver.OnResolve: DumpMinitool: Resolving assembly.
TpTrace Information: 0 : 21392, 1, 2022/10/28, 23:21:09.008, 1921454034206, vstest.console.dll, AssemblyResolver.OnResolve: DumpMinitool: Searching in: 'C:\Program Files\dotnet\sdk\6.0.302\Extensions'.
TpTrace Information: 0 : 21392, 1, 2022/10/28, 23:21:09.008, 1921454035790, vstest.console.dll, AssemblyResolver.OnResolve: DumpMinitool: Assembly path does not exist: 'C:\Program Files\dotnet\sdk\6.0.302\Extensions\DumpMinitool.dll', returning.
TpTrace Information: 0 : 21392, 1, 2022/10/28, 23:21:09.009, 1921454043103, vstest.console.dll, AssemblyResolver.OnResolve: DumpMinitool: Loading assembly 'C:\Program Files\dotnet\sdk\6.0.302\Extensions\DumpMinitool.exe'.
TpTrace Information: 0 : 21392, 1, 2022/10/28, 23:21:09.010, 1921454050437, vstest.console.dll, AssemblyResolver.OnResolve: Resolved assembly: DumpMinitool, from path: C:\Program Files\dotnet\sdk\6.0.302\Extensions\DumpMinitool.exe
TpTrace Verbose: 0 : 21392, 1, 2022/10/28, 23:21:09.018, 1921454131068, vstest.console.dll, MetadataReaderExtensionsHelper: Discovering extensions inside assembly 'DumpMinitool, Version=15.0.0.0, Culture=neutral, PublicKeyToken=b03f5f7f11d50a3a' file path 'C:\Program Files\dotnet\sdk\6.0.302\Extensions\DumpMinitool.exe'
TpTrace Information: 0 : 21392, 1, 2022/10/28, 23:21:09.025, 1921454206600, vstest.console.dll, AssemblyResolver.OnResolve: DumpMinitool.x86: Resolving assembly.
TpTrace Information: 0 : 21392, 1, 2022/10/28, 23:21:09.025, 1921454208545, vstest.console.dll, AssemblyResolver.OnResolve: DumpMinitool.x86: Searching in: 'C:\Program Files\dotnet\sdk\6.0.302\Extensions'.
TpTrace Information: 0 : 21392, 1, 2022/10/28, 23:21:09.026, 1921454209762, vstest.console.dll, AssemblyResolver.OnResolve: DumpMinitool.x86: Assembly path does not exist: 'C:\Program Files\dotnet\sdk\6.0.302\Extensions\DumpMinitool.x86.dll', returning.
TpTrace Information: 0 : 21392, 1, 2022/10/28, 23:21:09.026, 1921454215563, vstest.console.dll, AssemblyResolver.OnResolve: DumpMinitool.x86: Loading assembly 'C:\Program Files\dotnet\sdk\6.0.302\Extensions\DumpMinitool.x86.exe'.
TpTrace Information: 0 : 21392, 1, 2022/10/28, 23:21:09.027, 1921454222619, vstest.console.dll, AssemblyResolver.OnResolve: Resolved assembly: DumpMinitool.x86, from path: C:\Program Files\dotnet\sdk\6.0.302\Extensions\DumpMinitool.x86.exe
TpTrace Verbose: 0 : 21392, 1, 2022/10/28, 23:21:09.027, 1921454223740, vstest.console.dll, MetadataReaderExtensionsHelper: Discovering extensions inside assembly 'DumpMinitool.x86, Version=15.0.0.0, Culture=neutral, PublicKeyToken=b03f5f7f11d50a3a' file path 'C:\Program Files\dotnet\sdk\6.0.302\Extensions\DumpMinitool.x86.exe'
TpTrace Information: 0 : 21392, 1, 2022/10/28, 23:21:09.028, 1921454233562, vstest.console.dll, AssemblyResolver.OnResolve: Microsoft.Diagnostics.NETCore.Client: Resolving assembly.
TpTrace Information: 0 : 21392, 1, 2022/10/28, 23:21:09.028, 1921454234449, vstest.console.dll, AssemblyResolver.OnResolve: Microsoft.Diagnostics.NETCore.Client: Searching in: 'C:\Program Files\dotnet\sdk\6.0.302\Extensions'.
TpTrace Information: 0 : 21392, 1, 2022/10/28, 23:21:09.029, 1921454240018, vstest.console.dll, AssemblyResolver.OnResolve: Microsoft.Diagnostics.NETCore.Client: Loading assembly 'C:\Program Files\dotnet\sdk\6.0.302\Extensions\Microsoft.Diagnostics.NETCore.Client.dll'.
TpTrace Information: 0 : 21392, 1, 2022/10/28, 23:21:09.029, 1921454247307, vstest.console.dll, AssemblyResolver.OnResolve: Resolved assembly: Microsoft.Diagnostics.NETCore.Client, from path: C:\Program Files\dotnet\sdk\6.0.302\Extensions\Microsoft.Diagnostics.NETCore.Client.dll
TpTrace Verbose: 0 : 21392, 1, 2022/10/28, 23:21:09.029, 1921454248347, vstest.console.dll, MetadataReaderExtensionsHelper: Discovering extensions inside assembly 'Microsoft.Diagnostics.NETCore.Client, Version=0.2.5.801, Culture=neutral, PublicKeyToken=31bf3856ad364e35' file path 'C:\Program Files\dotnet\sdk\6.0.302\Extensions\Microsoft.Diagnostics.NETCore.Client.dll'
TpTrace Information: 0 : 21392, 1, 2022/10/28, 23:21:09.040, 1921454355323, vstest.console.dll, AssemblyResolver.OnResolve: Microsoft.Bcl.AsyncInterfaces: Resolving assembly.
TpTrace Information: 0 : 21392, 1, 2022/10/28, 23:21:09.040, 1921454356798, vstest.console.dll, AssemblyResolver.OnResolve: Microsoft.Bcl.AsyncInterfaces: Searching in: 'C:\Program Files\dotnet\sdk\6.0.302\Extensions'.
TpTrace Information: 0 : 21392, 1, 2022/10/28, 23:21:09.040, 1921454358526, vstest.console.dll, AssemblyResolver.OnResolve: Microsoft.Bcl.AsyncInterfaces: Assembly path does not exist: 'C:\Program Files\dotnet\sdk\6.0.302\Extensions\Microsoft.Bcl.AsyncInterfaces.dll', returning.
TpTrace Information: 0 : 21392, 1, 2022/10/28, 23:21:09.041, 1921454359868, vstest.console.dll, AssemblyResolver.OnResolve: Microsoft.Bcl.AsyncInterfaces: Assembly path does not exist: 'C:\Program Files\dotnet\sdk\6.0.302\Extensions\Microsoft.Bcl.AsyncInterfaces.exe', returning.
TpTrace Information: 0 : 21392, 1, 2022/10/28, 23:21:09.041, 1921454360516, vstest.console.dll, AssemblyResolver.OnResolve: Microsoft.Bcl.AsyncInterfaces: Searching in: 'C:\Program Files\dotnet\sdk\6.0.302'.
TpTrace Information: 0 : 21392, 1, 2022/10/28, 23:21:09.041, 1921454361904, vstest.console.dll, AssemblyResolver.OnResolve: Microsoft.Bcl.AsyncInterfaces: Assembly path does not exist: 'C:\Program Files\dotnet\sdk\6.0.302\Microsoft.Bcl.AsyncInterfaces.dll', returning.
TpTrace Information: 0 : 21392, 1, 2022/10/28, 23:21:09.041, 1921454363415, vstest.console.dll, AssemblyResolver.OnResolve: Microsoft.Bcl.AsyncInterfaces: Assembly path does not exist: 'C:\Program Files\dotnet\sdk\6.0.302\Microsoft.Bcl.AsyncInterfaces.exe', returning.
TpTrace Information: 0 : 21392, 1, 2022/10/28, 23:21:09.041, 1921454364115, vstest.console.dll, AssemblyResolver.OnResolve: Microsoft.Bcl.AsyncInterfaces: Failed to load assembly.
TpTrace Verbose: 0 : 21392, 1, 2022/10/28, 23:21:09.041, 1921454364991, vstest.console.dll, CurrentDomainAssemblyResolve: Resolving assembly 'Microsoft.Bcl.AsyncInterfaces'.
TpTrace Information: 0 : 21392, 1, 2022/10/28, 23:21:09.041, 1921454366175, vstest.console.dll, AssemblyResolver.OnResolve: Microsoft.Bcl.AsyncInterfaces: Resolving assembly.
TpTrace Information: 0 : 21392, 1, 2022/10/28, 23:21:09.041, 1921454367113, vstest.console.dll, AssemblyResolver.OnResolve: Microsoft.Bcl.AsyncInterfaces: Resolved from cache.
TpTrace Verbose: 0 : 21392, 1, 2022/10/28, 23:21:09.041, 1921454367886, vstest.console.dll, CurrentDomainAssemblyResolve: Resolving assembly 'Microsoft.Bcl.AsyncInterfaces'.
TpTrace Verbose: 0 : 21392, 1, 2022/10/28, 23:21:09.041, 1921454368710, vstest.console.dll, CurrentDomainAssemblyResolve: Failed to resolve assembly 'Microsoft.Bcl.AsyncInterfaces'.
TpTrace Verbose: 0 : 21392, 1, 2022/10/28, 23:21:09.043, 1921454387194, vstest.console.dll, CurrentDomainAssemblyResolve: Failed to resolve assembly 'Microsoft.Bcl.AsyncInterfaces'.
TpTrace Warning: 0 : 21392, 1, 2022/10/28, 23:21:09.057, 1921454524368, vstest.console.dll, TestPluginDiscoverer: Failed to get types from assembly 'Microsoft.Diagnostics.NETCore.Client, Version=0.2.5.801, Culture=neutral, PublicKeyToken=31bf3856ad364e35'. Error: System.Reflection.ReflectionTypeLoadException: Unable to load one or more of the requested types.
Could not load file or assembly 'Microsoft.Bcl.AsyncInterfaces, Version=1.0.0.0, Culture=neutral, PublicKeyToken=cc7b13ffcd2ddd51'. The system cannot find the file specified.
   at System.Reflection.RuntimeModule.GetTypes(RuntimeModule module)
   at System.Reflection.Assembly.GetTypes()
   at Microsoft.VisualStudio.TestPlatform.Common.ExtensionFramework.TestPluginDiscoverer.GetTestExtensionsFromAssembly[TPluginInfo,TExtension](Assembly assembly, Dictionary`2 pluginInfos, String filePath)
System.IO.FileNotFoundException: Could not load file or assembly 'Microsoft.Bcl.AsyncInterfaces, Version=1.0.0.0, Culture=neutral, PublicKeyToken=cc7b13ffcd2ddd51'. The system cannot find the file specified.
File name: 'Microsoft.Bcl.AsyncInterfaces, Version=1.0.0.0, Culture=neutral, PublicKeyToken=cc7b13ffcd2ddd51'
 ---> System.IO.FileNotFoundException: Could not load file or assembly 'Microsoft.Bcl.AsyncInterfaces, Culture=neutral, PublicKeyToken=null'. The system cannot find the file specified.
File name: 'Microsoft.Bcl.AsyncInterfaces, Culture=neutral, PublicKeyToken=null'
   at System.Reflection.RuntimeAssembly.InternalLoad(ObjectHandleOnStack assemblyName, ObjectHandleOnStack requestingAssembly, StackCrawlMarkHandle stackMark, Boolean throwOnFileNotFound, ObjectHandleOnStack assemblyLoadContext, ObjectHandleOnStack retAssembly)
   at System.Reflection.RuntimeAssembly.InternalLoad(AssemblyName assemblyName, RuntimeAssembly requestingAssembly, StackCrawlMark& stackMark, Boolean throwOnFileNotFound, AssemblyLoadContext assemblyLoadContext)
   at System.Reflection.Assembly.Load(AssemblyName assemblyRef)
   at Microsoft.VisualStudio.TestPlatform.Common.ExtensionFramework.TestPluginCache.CurrentDomainAssemblyResolve(Object sender, AssemblyResolveEventArgs args)
   at Microsoft.VisualStudio.TestPlatform.PlatformAbstractions.PlatformAssemblyResolver.AssemblyResolverEvent(Object sender, Object eventArgs)
   at System.Runtime.Loader.AssemblyLoadContext.GetFirstResolvedAssemblyFromResolvingEvent(AssemblyName assemblyName)
   at System.Runtime.Loader.AssemblyLoadContext.ResolveUsingEvent(AssemblyName assemblyName)
   at System.Runtime.Loader.AssemblyLoadContext.ResolveUsingResolvingEvent(IntPtr gchManagedAssemblyLoadContext, AssemblyName assemblyName)
TpTrace Warning: 0 : 21392, 1, 2022/10/28, 23:21:09.057, 1921454528126, vstest.console.dll, LoaderExceptions: System.IO.FileNotFoundException: Could not load file or assembly 'Microsoft.Bcl.AsyncInterfaces, Version=1.0.0.0, Culture=neutral, PublicKeyToken=cc7b13ffcd2ddd51'. The system cannot find the file specified.
File name: 'Microsoft.Bcl.AsyncInterfaces, Version=1.0.0.0, Culture=neutral, PublicKeyToken=cc7b13ffcd2ddd51'
 ---> System.IO.FileNotFoundException: Could not load file or assembly 'Microsoft.Bcl.AsyncInterfaces, Culture=neutral, PublicKeyToken=null'. The system cannot find the file specified.
File name: 'Microsoft.Bcl.AsyncInterfaces, Culture=neutral, PublicKeyToken=null'
   at System.Reflection.RuntimeAssembly.InternalLoad(ObjectHandleOnStack assemblyName, ObjectHandleOnStack requestingAssembly, StackCrawlMarkHandle stackMark, Boolean throwOnFileNotFound, ObjectHandleOnStack assemblyLoadContext, ObjectHandleOnStack retAssembly)
   at System.Reflection.RuntimeAssembly.InternalLoad(AssemblyName assemblyName, RuntimeAssembly requestingAssembly, StackCrawlMark& stackMark, Boolean throwOnFileNotFound, AssemblyLoadContext assemblyLoadContext)
   at System.Reflection.Assembly.Load(AssemblyName assemblyRef)
   at Microsoft.VisualStudio.TestPlatform.Common.ExtensionFramework.TestPluginCache.CurrentDomainAssemblyResolve(Object sender, AssemblyResolveEventArgs args)
   at Microsoft.VisualStudio.TestPlatform.PlatformAbstractions.PlatformAssemblyResolver.AssemblyResolverEvent(Object sender, Object eventArgs)
   at System.Runtime.Loader.AssemblyLoadContext.GetFirstResolvedAssemblyFromResolvingEvent(AssemblyName assemblyName)
   at System.Runtime.Loader.AssemblyLoadContext.ResolveUsingEvent(AssemblyName assemblyName)
   at System.Runtime.Loader.AssemblyLoadContext.ResolveUsingResolvingEvent(IntPtr gchManagedAssemblyLoadContext, AssemblyName assemblyName)
TpTrace Information: 0 : 21392, 1, 2022/10/28, 23:21:09.058, 1921454530031, vstest.console.dll, AssemblyResolver.OnResolve: Microsoft.TestPlatform.Extensions.BlameDataCollector: Resolving assembly.
TpTrace Information: 0 : 21392, 1, 2022/10/28, 23:21:09.058, 1921454530646, vstest.console.dll, AssemblyResolver.OnResolve: Microsoft.TestPlatform.Extensions.BlameDataCollector: Searching in: 'C:\Program Files\dotnet\sdk\6.0.302\Extensions'.
TpTrace Information: 0 : 21392, 1, 2022/10/28, 23:21:09.058, 1921454537361, vstest.console.dll, AssemblyResolver.OnResolve: Microsoft.TestPlatform.Extensions.BlameDataCollector: Loading assembly 'C:\Program Files\dotnet\sdk\6.0.302\Extensions\Microsoft.TestPlatform.Extensions.BlameDataCollector.dll'.
TpTrace Information: 0 : 21392, 1, 2022/10/28, 23:21:09.059, 1921454544983, vstest.console.dll, AssemblyResolver.OnResolve: Resolved assembly: Microsoft.TestPlatform.Extensions.BlameDataCollector, from path: C:\Program Files\dotnet\sdk\6.0.302\Extensions\Microsoft.TestPlatform.Extensions.BlameDataCollector.dll
TpTrace Verbose: 0 : 21392, 1, 2022/10/28, 23:21:09.059, 1921454546081, vstest.console.dll, MetadataReaderExtensionsHelper: Discovering extensions inside assembly 'Microsoft.TestPlatform.Extensions.BlameDataCollector, Version=15.0.0.0, Culture=neutral, PublicKeyToken=b03f5f7f11d50a3a' file path 'C:\Program Files\dotnet\sdk\6.0.302\Extensions\Microsoft.TestPlatform.Extensions.BlameDataCollector.dll'
TpTrace Information: 0 : 21392, 1, 2022/10/28, 23:21:09.062, 1921454569071, vstest.console.dll, AssemblyResolver.OnResolve: Microsoft.TestPlatform.Extensions.EventLogCollector: Resolving assembly.
TpTrace Information: 0 : 21392, 1, 2022/10/28, 23:21:09.062, 1921454570284, vstest.console.dll, AssemblyResolver.OnResolve: Microsoft.TestPlatform.Extensions.EventLogCollector: Searching in: 'C:\Program Files\dotnet\sdk\6.0.302\Extensions'.
TpTrace Information: 0 : 21392, 1, 2022/10/28, 23:21:09.063, 1921454583852, vstest.console.dll, AssemblyResolver.OnResolve: Microsoft.TestPlatform.Extensions.EventLogCollector: Loading assembly 'C:\Program Files\dotnet\sdk\6.0.302\Extensions\Microsoft.TestPlatform.Extensions.EventLogCollector.dll'.
TpTrace Information: 0 : 21392, 1, 2022/10/28, 23:21:09.064, 1921454590755, vstest.console.dll, AssemblyResolver.OnResolve: Resolved assembly: Microsoft.TestPlatform.Extensions.EventLogCollector, from path: C:\Program Files\dotnet\sdk\6.0.302\Extensions\Microsoft.TestPlatform.Extensions.EventLogCollector.dll
TpTrace Verbose: 0 : 21392, 1, 2022/10/28, 23:21:09.064, 1921454592155, vstest.console.dll, MetadataReaderExtensionsHelper: Discovering extensions inside assembly 'Microsoft.TestPlatform.Extensions.EventLogCollector, Version=15.0.0.0, Culture=neutral, PublicKeyToken=b03f5f7f11d50a3a' file path 'C:\Program Files\dotnet\sdk\6.0.302\Extensions\Microsoft.TestPlatform.Extensions.EventLogCollector.dll'
TpTrace Information: 0 : 21392, 1, 2022/10/28, 23:21:09.066, 1921454609042, vstest.console.dll, AssemblyResolver.OnResolve: Microsoft.TestPlatform.TestHostRuntimeProvider: Resolving assembly.
TpTrace Information: 0 : 21392, 1, 2022/10/28, 23:21:09.066, 1921454610081, vstest.console.dll, AssemblyResolver.OnResolve: Microsoft.TestPlatform.TestHostRuntimeProvider: Searching in: 'C:\Program Files\dotnet\sdk\6.0.302\Extensions'.
TpTrace Information: 0 : 21392, 1, 2022/10/28, 23:21:09.066, 1921454616210, vstest.console.dll, AssemblyResolver.OnResolve: Microsoft.TestPlatform.TestHostRuntimeProvider: Loading assembly 'C:\Program Files\dotnet\sdk\6.0.302\Extensions\Microsoft.TestPlatform.TestHostRuntimeProvider.dll'.
TpTrace Information: 0 : 21392, 1, 2022/10/28, 23:21:09.067, 1921454623169, vstest.console.dll, AssemblyResolver.OnResolve: Resolved assembly: Microsoft.TestPlatform.TestHostRuntimeProvider, from path: C:\Program Files\dotnet\sdk\6.0.302\Extensions\Microsoft.TestPlatform.TestHostRuntimeProvider.dll
TpTrace Verbose: 0 : 21392, 1, 2022/10/28, 23:21:09.067, 1921454624285, vstest.console.dll, MetadataReaderExtensionsHelper: Discovering extensions inside assembly 'Microsoft.TestPlatform.TestHostRuntimeProvider, Version=15.0.0.0, Culture=neutral, PublicKeyToken=b03f5f7f11d50a3a' file path 'C:\Program Files\dotnet\sdk\6.0.302\Extensions\Microsoft.TestPlatform.TestHostRuntimeProvider.dll'
TpTrace Information: 0 : 21392, 1, 2022/10/28, 23:21:09.070, 1921454652083, vstest.console.dll, GetTestExtensionFromType: Register extension with identifier data 'HostProvider://DefaultTestHost' and type 'Microsoft.VisualStudio.TestPlatform.CrossPlatEngine.Hosting.DefaultTestHostManager, Microsoft.TestPlatform.TestHostRuntimeProvider, Version=15.0.0.0, Culture=neutral, PublicKeyToken=b03f5f7f11d50a3a' inside file 'C:\Program Files\dotnet\sdk\6.0.302\Extensions\Microsoft.TestPlatform.TestHostRuntimeProvider.dll'
TpTrace Information: 0 : 21392, 1, 2022/10/28, 23:21:09.070, 1921454653366, vstest.console.dll, GetTestExtensionFromType: Register extension with identifier data 'HostProvider://DotnetTestHost' and type 'Microsoft.VisualStudio.TestPlatform.CrossPlatEngine.Hosting.DotnetTestHostManager, Microsoft.TestPlatform.TestHostRuntimeProvider, Version=15.0.0.0, Culture=neutral, PublicKeyToken=b03f5f7f11d50a3a' inside file 'C:\Program Files\dotnet\sdk\6.0.302\Extensions\Microsoft.TestPlatform.TestHostRuntimeProvider.dll'
TpTrace Information: 0 : 21392, 1, 2022/10/28, 23:21:09.070, 1921454654446, vstest.console.dll, AssemblyResolver.OnResolve: Microsoft.VisualStudio.TestPlatform.Extensions.Html.TestLogger: Resolving assembly.
TpTrace Information: 0 : 21392, 1, 2022/10/28, 23:21:09.070, 1921454654950, vstest.console.dll, AssemblyResolver.OnResolve: Microsoft.VisualStudio.TestPlatform.Extensions.Html.TestLogger: Searching in: 'C:\Program Files\dotnet\sdk\6.0.302\Extensions'.
TpTrace Information: 0 : 21392, 1, 2022/10/28, 23:21:09.071, 1921454661586, vstest.console.dll, AssemblyResolver.OnResolve: Microsoft.VisualStudio.TestPlatform.Extensions.Html.TestLogger: Loading assembly 'C:\Program Files\dotnet\sdk\6.0.302\Extensions\Microsoft.VisualStudio.TestPlatform.Extensions.Html.TestLogger.dll'.
TpTrace Information: 0 : 21392, 1, 2022/10/28, 23:21:09.072, 1921454668975, vstest.console.dll, AssemblyResolver.OnResolve: Resolved assembly: Microsoft.VisualStudio.TestPlatform.Extensions.Html.TestLogger, from path: C:\Program Files\dotnet\sdk\6.0.302\Extensions\Microsoft.VisualStudio.TestPlatform.Extensions.Html.TestLogger.dll
TpTrace Verbose: 0 : 21392, 1, 2022/10/28, 23:21:09.072, 1921454670062, vstest.console.dll, MetadataReaderExtensionsHelper: Discovering extensions inside assembly 'Microsoft.VisualStudio.TestPlatform.Extensions.Html.TestLogger, Version=15.0.0.0, Culture=neutral, PublicKeyToken=b03f5f7f11d50a3a' file path 'C:\Program Files\dotnet\sdk\6.0.302\Extensions\Microsoft.VisualStudio.TestPlatform.Extensions.Html.TestLogger.dll'
TpTrace Information: 0 : 21392, 1, 2022/10/28, 23:21:09.073, 1921454680142, vstest.console.dll, AssemblyResolver.OnResolve: Microsoft.VisualStudio.TestPlatform.Extensions.Trx.TestLogger: Resolving assembly.
TpTrace Information: 0 : 21392, 1, 2022/10/28, 23:21:09.073, 1921454681056, vstest.console.dll, AssemblyResolver.OnResolve: Microsoft.VisualStudio.TestPlatform.Extensions.Trx.TestLogger: Searching in: 'C:\Program Files\dotnet\sdk\6.0.302\Extensions'.
TpTrace Information: 0 : 21392, 1, 2022/10/28, 23:21:09.073, 1921454687413, vstest.console.dll, AssemblyResolver.OnResolve: Microsoft.VisualStudio.TestPlatform.Extensions.Trx.TestLogger: Loading assembly 'C:\Program Files\dotnet\sdk\6.0.302\Extensions\Microsoft.VisualStudio.TestPlatform.Extensions.Trx.TestLogger.dll'.
TpTrace Information: 0 : 21392, 1, 2022/10/28, 23:21:09.074, 1921454695473, vstest.console.dll, AssemblyResolver.OnResolve: Resolved assembly: Microsoft.VisualStudio.TestPlatform.Extensions.Trx.TestLogger, from path: C:\Program Files\dotnet\sdk\6.0.302\Extensions\Microsoft.VisualStudio.TestPlatform.Extensions.Trx.TestLogger.dll
TpTrace Verbose: 0 : 21392, 1, 2022/10/28, 23:21:09.074, 1921454697429, vstest.console.dll, MetadataReaderExtensionsHelper: Discovering extensions inside assembly 'Microsoft.VisualStudio.TestPlatform.Extensions.Trx.TestLogger, Version=15.0.0.0, Culture=neutral, PublicKeyToken=b03f5f7f11d50a3a' file path 'C:\Program Files\dotnet\sdk\6.0.302\Extensions\Microsoft.VisualStudio.TestPlatform.Extensions.Trx.TestLogger.dll'
TpTrace Verbose: 0 : 21392, 1, 2022/10/28, 23:21:09.077, 1921454719218, vstest.console.dll, TestPluginCache: Discovered the extensions using extension path ''.
TpTrace Verbose: 0 : 21392, 1, 2022/10/28, 23:21:09.077, 1921454720396, vstest.console.dll, TestPluginCache: Discoverers are ''.
TpTrace Verbose: 0 : 21392, 1, 2022/10/28, 23:21:09.077, 1921454721016, vstest.console.dll, TestPluginCache: Executors are ''.
TpTrace Verbose: 0 : 21392, 1, 2022/10/28, 23:21:09.077, 1921454721785, vstest.console.dll, TestPluginCache: Executors2 are ''.
TpTrace Verbose: 0 : 21392, 1, 2022/10/28, 23:21:09.077, 1921454722656, vstest.console.dll, TestPluginCache: Setting providers are ''.
TpTrace Verbose: 0 : 21392, 1, 2022/10/28, 23:21:09.077, 1921454723334, vstest.console.dll, TestPluginCache: Loggers are ''.
TpTrace Verbose: 0 : 21392, 1, 2022/10/28, 23:21:09.077, 1921454726636, vstest.console.dll, TestPluginCache: TestHosts are 'HostProvider://DefaultTestHost,HostProvider://DotnetTestHost'.
TpTrace Verbose: 0 : 21392, 1, 2022/10/28, 23:21:09.077, 1921454727978, vstest.console.dll, TestPluginCache: DataCollectors are ''.
TpTrace Information: 0 : 21392, 1, 2022/10/28, 23:21:09.096, 1921454915876, vstest.console.dll, RunTestsArgumentProcessor:Execute: Test run is starting.
TpTrace Verbose: 0 : 21392, 1, 2022/10/28, 23:21:09.096, 1921454917551, vstest.console.dll, RunTestsArgumentProcessor:Execute: Queuing Test run.
TpTrace Information: 0 : 21392, 1, 2022/10/28, 23:21:09.097, 1921454921113, vstest.console.dll, TestRequestManager.RunTests: run tests started.
TpTrace Information: 0 : 21392, 1, 2022/10/28, 23:21:09.100, 1921454954030, vstest.console.dll, AssemblyMetadataProvider.GetFrameWork: Determined framework:'.NETCoreApp,Version=v6.0' for source: 'C:\Users\Dell\OneDrive\Рабочий стол\Studying\.NET\Labs\Lab1\MyListTests\bin\Debug\net6.0\fine-code-coverage\build-output\MyListTests.dll'
TpTrace Information: 0 : 21392, 1, 2022/10/28, 23:21:09.100, 1921454956724, vstest.console.dll, Determined framework for all sources: .NETCoreApp,Version=v6.0
TpTrace Verbose: 0 : 21392, 1, 2022/10/28, 23:21:09.101, 1921454964480, vstest.console.dll, TestRequestManager.UpdateRunSettingsIfRequired: Default architecture: X64 IsDefaultTargetArchitecture: True, Current process architecture: X64 OperatingSystem: Windows.
TpTrace Information: 0 : 21392, 1, 2022/10/28, 23:21:09.102, 1921454969514, vstest.console.dll, AssemblyMetadataProvider.GetArchitecture: Determined architecture:AnyCPU info for assembly: C:\Users\Dell\OneDrive\Рабочий стол\Studying\.NET\Labs\Lab1\MyListTests\bin\Debug\net6.0\fine-code-coverage\build-output\MyListTests.dll
TpTrace Information: 0 : 21392, 1, 2022/10/28, 23:21:09.102, 1921454970469, vstest.console.dll, Determined platform for source 'C:\Users\Dell\OneDrive\Рабочий стол\Studying\.NET\Labs\Lab1\MyListTests\bin\Debug\net6.0\fine-code-coverage\build-output\MyListTests.dll' is 'AnyCPU'
TpTrace Information: 0 : 21392, 1, 2022/10/28, 23:21:09.105, 1921455003026, vstest.console.dll, Determined platform for all sources: X64
TpTrace Information: 0 : 21392, 1, 2022/10/28, 23:21:09.105, 1921455004503, vstest.console.dll, Infered platform 'X64'.
TpTrace Information: 0 : 21392, 1, 2022/10/28, 23:21:09.105, 1921455005345, vstest.console.dll, Platform update to 'X64' required.
TpTrace Information: 0 : 21392, 1, 2022/10/28, 23:21:09.110, 1921455056894, vstest.console.dll, Compatible sources list: 
TpTrace Information: 0 : 21392, 1, 2022/10/28, 23:21:09.110, 1921455058810, vstest.console.dll, C:\Users\Dell\OneDrive\Рабочий стол\Studying\.NET\Labs\Lab1\MyListTests\bin\Debug\net6.0\fine-code-coverage\build-output\MyListTests.dll
TpTrace Information: 0 : 21392, 1, 2022/10/28, 23:21:09.114, 1921455097717, vstest.console.dll, InferRunSettingsHelper.IsTestSettingsEnabled: Unable to navigate to RunSettings/MSTest. Current node: RunSettings
TpTrace Information: 0 : 21392, 1, 2022/10/28, 23:21:09.115, 1921455106305, vstest.console.dll, AssemblyResolver.OnResolve: Microsoft.VisualStudio.TestPlatform.Fakes: Resolving assembly.
TpTrace Information: 0 : 21392, 1, 2022/10/28, 23:21:09.115, 1921455107227, vstest.console.dll, AssemblyResolver.OnResolve: Microsoft.VisualStudio.TestPlatform.Fakes: Searching in: 'C:\Program Files\dotnet\sdk\6.0.302\Extensions'.
TpTrace Information: 0 : 21392, 1, 2022/10/28, 23:21:09.116, 1921455108844, vstest.console.dll, AssemblyResolver.OnResolve: Microsoft.VisualStudio.TestPlatform.Fakes: Assembly path does not exist: 'C:\Program Files\dotnet\sdk\6.0.302\Extensions\Microsoft.VisualStudio.TestPlatform.Fakes.dll', returning.
TpTrace Information: 0 : 21392, 1, 2022/10/28, 23:21:09.116, 1921455109733, vstest.console.dll, AssemblyResolver.OnResolve: Microsoft.VisualStudio.TestPlatform.Fakes: Assembly path does not exist: 'C:\Program Files\dotnet\sdk\6.0.302\Extensions\Microsoft.VisualStudio.TestPlatform.Fakes.exe', returning.
TpTrace Information: 0 : 21392, 1, 2022/10/28, 23:21:09.116, 1921455110165, vstest.console.dll, AssemblyResolver.OnResolve: Microsoft.VisualStudio.TestPlatform.Fakes: Searching in: 'C:\Program Files\dotnet\sdk\6.0.302'.
TpTrace Information: 0 : 21392, 1, 2022/10/28, 23:21:09.116, 1921455110996, vstest.console.dll, AssemblyResolver.OnResolve: Microsoft.VisualStudio.TestPlatform.Fakes: Assembly path does not exist: 'C:\Program Files\dotnet\sdk\6.0.302\Microsoft.VisualStudio.TestPlatform.Fakes.dll', returning.
TpTrace Information: 0 : 21392, 1, 2022/10/28, 23:21:09.116, 1921455111966, vstest.console.dll, AssemblyResolver.OnResolve: Microsoft.VisualStudio.TestPlatform.Fakes: Assembly path does not exist: 'C:\Program Files\dotnet\sdk\6.0.302\Microsoft.VisualStudio.TestPlatform.Fakes.exe', returning.
TpTrace Information: 0 : 21392, 1, 2022/10/28, 23:21:09.116, 1921455112436, vstest.console.dll, AssemblyResolver.OnResolve: Microsoft.VisualStudio.TestPlatform.Fakes: Failed to load assembly.
TpTrace Information: 0 : 21392, 1, 2022/10/28, 23:21:09.116, 1921455115329, vstest.console.dll, Failed to load assembly Microsoft.VisualStudio.TestPlatform.Fakes, Version=17.0.0.0, Culture=neutral. Reason:System.IO.FileNotFoundException: Could not load file or assembly 'Microsoft.VisualStudio.TestPlatform.Fakes, Version=17.0.0.0, Culture=neutral, PublicKeyToken=null'. The system cannot find the file specified.
File name: 'Microsoft.VisualStudio.TestPlatform.Fakes, Version=17.0.0.0, Culture=neutral, PublicKeyToken=null'
   at System.Reflection.RuntimeAssembly.InternalLoad(ObjectHandleOnStack assemblyName, ObjectHandleOnStack requestingAssembly, StackCrawlMarkHandle stackMark, Boolean throwOnFileNotFound, ObjectHandleOnStack assemblyLoadContext, ObjectHandleOnStack retAssembly)
   at System.Reflection.RuntimeAssembly.InternalLoad(AssemblyName assemblyName, RuntimeAssembly requestingAssembly, StackCrawlMark& stackMark, Boolean throwOnFileNotFound, AssemblyLoadContext assemblyLoadContext)
   at System.Reflection.Assembly.Load(AssemblyName assemblyRef)
   at Microsoft.VisualStudio.TestPlatform.Common.Utilities.FakesUtilities.LoadTestPlatformAssembly()
TpTrace Verbose: 0 : 21392, 1, 2022/10/28, 23:21:09.121, 1921455167488, vstest.console.dll, TestPluginCache.DiscoverTestExtensions: finding test extensions in assemblies ends with: TestLogger.dll TPluginInfo: Microsoft.VisualStudio.TestPlatform.Common.ExtensionFramework.Utilities.TestLoggerPluginInformation TExtension: Microsoft.VisualStudio.TestPlatform.ObjectModel.Client.ITestLogger
TpTrace Verbose: 0 : 21392, 1, 2022/10/28, 23:21:09.122, 1921455169195, vstest.console.dll, TestPluginCache.GetExtensionPaths: Filtered extension paths: 
TpTrace Verbose: 0 : 21392, 1, 2022/10/28, 23:21:09.122, 1921455169989, vstest.console.dll, TestPluginCache.GetExtensionPaths: Added default extension paths: C:\Program Files\dotnet\sdk\6.0.302\Extensions\DumpMinitool.exe
C:\Program Files\dotnet\sdk\6.0.302\Extensions\DumpMinitool.x86.exe
C:\Program Files\dotnet\sdk\6.0.302\Extensions\Microsoft.Diagnostics.NETCore.Client.dll
C:\Program Files\dotnet\sdk\6.0.302\Extensions\Microsoft.TestPlatform.Extensions.BlameDataCollector.dll
C:\Program Files\dotnet\sdk\6.0.302\Extensions\Microsoft.TestPlatform.Extensions.EventLogCollector.dll
C:\Program Files\dotnet\sdk\6.0.302\Extensions\Microsoft.TestPlatform.TestHostRuntimeProvider.dll
C:\Program Files\dotnet\sdk\6.0.302\Extensions\Microsoft.VisualStudio.TestPlatform.Extensions.Html.TestLogger.dll
C:\Program Files\dotnet\sdk\6.0.302\Extensions\Microsoft.VisualStudio.TestPlatform.Extensions.Trx.TestLogger.dll
TpTrace Verbose: 0 : 21392, 1, 2022/10/28, 23:21:09.122, 1921455170913, vstest.console.dll, TestPluginCache.GetExtensionPaths: Added unfilterableExtensionPaths: 
TpTrace Information: 0 : 21392, 1, 2022/10/28, 23:21:09.122, 1921455173326, vstest.console.dll, AssemblyResolver.AddSearchDirectories: Adding more searchDirectories C:\Program Files\dotnet\sdk\6.0.302\Extensions,C:\Program Files\dotnet\sdk\6.0.302
TpTrace Verbose: 0 : 21392, 1, 2022/10/28, 23:21:09.122, 1921455174203, vstest.console.dll, TestPluginCache.DiscoverTestExtensions: Discovering the extensions using extension path.
TpTrace Verbose: 0 : 21392, 1, 2022/10/28, 23:21:09.122, 1921455175234, vstest.console.dll, TestPluginCache.GetExtensionPaths: Filtered extension paths: 
TpTrace Verbose: 0 : 21392, 1, 2022/10/28, 23:21:09.122, 1921455175877, vstest.console.dll, TestPluginCache.GetExtensionPaths: Added default extension paths: C:\Program Files\dotnet\sdk\6.0.302\Extensions\DumpMinitool.exe
C:\Program Files\dotnet\sdk\6.0.302\Extensions\DumpMinitool.x86.exe
C:\Program Files\dotnet\sdk\6.0.302\Extensions\Microsoft.Diagnostics.NETCore.Client.dll
C:\Program Files\dotnet\sdk\6.0.302\Extensions\Microsoft.TestPlatform.Extensions.BlameDataCollector.dll
C:\Program Files\dotnet\sdk\6.0.302\Extensions\Microsoft.TestPlatform.Extensions.EventLogCollector.dll
C:\Program Files\dotnet\sdk\6.0.302\Extensions\Microsoft.TestPlatform.TestHostRuntimeProvider.dll
C:\Program Files\dotnet\sdk\6.0.302\Extensions\Microsoft.VisualStudio.TestPlatform.Extensions.Html.TestLogger.dll
C:\Program Files\dotnet\sdk\6.0.302\Extensions\Microsoft.VisualStudio.TestPlatform.Extensions.Trx.TestLogger.dll
TpTrace Verbose: 0 : 21392, 1, 2022/10/28, 23:21:09.122, 1921455176819, vstest.console.dll, TestPluginCache.GetExtensionPaths: Added unfilterableExtensionPaths: 
TpTrace Verbose: 0 : 21392, 1, 2022/10/28, 23:21:09.122, 1921455177615, vstest.console.dll, TestPluginCache.DiscoverTestExtensions: Discovering the extensions using allExtensionPaths: C:\Program Files\dotnet\sdk\6.0.302\Extensions\DumpMinitool.exe
C:\Program Files\dotnet\sdk\6.0.302\Extensions\DumpMinitool.x86.exe
C:\Program Files\dotnet\sdk\6.0.302\Extensions\Microsoft.Diagnostics.NETCore.Client.dll
C:\Program Files\dotnet\sdk\6.0.302\Extensions\Microsoft.TestPlatform.Extensions.BlameDataCollector.dll
C:\Program Files\dotnet\sdk\6.0.302\Extensions\Microsoft.TestPlatform.Extensions.EventLogCollector.dll
C:\Program Files\dotnet\sdk\6.0.302\Extensions\Microsoft.TestPlatform.TestHostRuntimeProvider.dll
C:\Program Files\dotnet\sdk\6.0.302\Extensions\Microsoft.VisualStudio.TestPlatform.Extensions.Html.TestLogger.dll
C:\Program Files\dotnet\sdk\6.0.302\Extensions\Microsoft.VisualStudio.TestPlatform.Extensions.Trx.TestLogger.dll
TpTrace Information: 0 : 21392, 1, 2022/10/28, 23:21:09.122, 1921455178765, vstest.console.dll, AssemblyResolver.AddSearchDirectories: Adding more searchDirectories C:\Program Files\dotnet\sdk\6.0.302\Extensions,C:\Program Files\dotnet\sdk\6.0.302
TpTrace Information: 0 : 21392, 1, 2022/10/28, 23:21:09.123, 1921455179578, vstest.console.dll, AssemblyResolver.AddSearchDirectories: Adding more searchDirectories C:\Program Files\dotnet\sdk\6.0.302\Extensions,C:\Program Files\dotnet\sdk\6.0.302
TpTrace Information: 0 : 21392, 1, 2022/10/28, 23:21:09.123, 1921455180317, vstest.console.dll, AssemblyResolver.AddSearchDirectories: Adding more searchDirectories C:\Program Files\dotnet\sdk\6.0.302\Extensions,C:\Program Files\dotnet\sdk\6.0.302
TpTrace Information: 0 : 21392, 1, 2022/10/28, 23:21:09.123, 1921455181147, vstest.console.dll, AssemblyResolver.AddSearchDirectories: Adding more searchDirectories C:\Program Files\dotnet\sdk\6.0.302\Extensions,C:\Program Files\dotnet\sdk\6.0.302
TpTrace Information: 0 : 21392, 1, 2022/10/28, 23:21:09.123, 1921455181819, vstest.console.dll, AssemblyResolver.AddSearchDirectories: Adding more searchDirectories C:\Program Files\dotnet\sdk\6.0.302\Extensions,C:\Program Files\dotnet\sdk\6.0.302
TpTrace Information: 0 : 21392, 1, 2022/10/28, 23:21:09.123, 1921455182496, vstest.console.dll, AssemblyResolver.AddSearchDirectories: Adding more searchDirectories C:\Program Files\dotnet\sdk\6.0.302\Extensions,C:\Program Files\dotnet\sdk\6.0.302
TpTrace Information: 0 : 21392, 1, 2022/10/28, 23:21:09.123, 1921455183155, vstest.console.dll, AssemblyResolver.AddSearchDirectories: Adding more searchDirectories C:\Program Files\dotnet\sdk\6.0.302\Extensions,C:\Program Files\dotnet\sdk\6.0.302
TpTrace Information: 0 : 21392, 1, 2022/10/28, 23:21:09.123, 1921455183870, vstest.console.dll, AssemblyResolver.AddSearchDirectories: Adding more searchDirectories C:\Program Files\dotnet\sdk\6.0.302\Extensions,C:\Program Files\dotnet\sdk\6.0.302
TpTrace Verbose: 0 : 21392, 1, 2022/10/28, 23:21:09.123, 1921455186581, vstest.console.dll, MetadataReaderExtensionsHelper: Discovering extensions inside assembly 'DumpMinitool, Version=15.0.0.0, Culture=neutral, PublicKeyToken=b03f5f7f11d50a3a' file path 'C:\Program Files\dotnet\sdk\6.0.302\Extensions\DumpMinitool.exe'
TpTrace Verbose: 0 : 21392, 1, 2022/10/28, 23:21:09.124, 1921455195222, vstest.console.dll, MetadataReaderExtensionsHelper: Discovering extensions inside assembly 'DumpMinitool.x86, Version=15.0.0.0, Culture=neutral, PublicKeyToken=b03f5f7f11d50a3a' file path 'C:\Program Files\dotnet\sdk\6.0.302\Extensions\DumpMinitool.x86.exe'
TpTrace Verbose: 0 : 21392, 1, 2022/10/28, 23:21:09.125, 1921455203085, vstest.console.dll, MetadataReaderExtensionsHelper: Discovering extensions inside assembly 'Microsoft.Diagnostics.NETCore.Client, Version=0.2.5.801, Culture=neutral, PublicKeyToken=31bf3856ad364e35' file path 'C:\Program Files\dotnet\sdk\6.0.302\Extensions\Microsoft.Diagnostics.NETCore.Client.dll'
TpTrace Information: 0 : 21392, 1, 2022/10/28, 23:21:09.126, 1921455213477, vstest.console.dll, AssemblyResolver.OnResolve: Microsoft.Bcl.AsyncInterfaces: Resolving assembly.
TpTrace Information: 0 : 21392, 1, 2022/10/28, 23:21:09.126, 1921455214739, vstest.console.dll, AssemblyResolver.OnResolve: Microsoft.Bcl.AsyncInterfaces: Resolved from cache.
TpTrace Verbose: 0 : 21392, 1, 2022/10/28, 23:21:09.126, 1921455215906, vstest.console.dll, CurrentDomainAssemblyResolve: Resolving assembly 'Microsoft.Bcl.AsyncInterfaces'.
TpTrace Information: 0 : 21392, 1, 2022/10/28, 23:21:09.126, 1921455217023, vstest.console.dll, AssemblyResolver.OnResolve: Microsoft.Bcl.AsyncInterfaces: Resolving assembly.
TpTrace Information: 0 : 21392, 1, 2022/10/28, 23:21:09.126, 1921455217733, vstest.console.dll, AssemblyResolver.OnResolve: Microsoft.Bcl.AsyncInterfaces: Resolved from cache.
TpTrace Verbose: 0 : 21392, 1, 2022/10/28, 23:21:09.126, 1921455218434, vstest.console.dll, CurrentDomainAssemblyResolve: Resolving assembly 'Microsoft.Bcl.AsyncInterfaces'.
TpTrace Verbose: 0 : 21392, 1, 2022/10/28, 23:21:09.127, 1921455219060, vstest.console.dll, CurrentDomainAssemblyResolve: Failed to resolve assembly 'Microsoft.Bcl.AsyncInterfaces'.
TpTrace Verbose: 0 : 21392, 1, 2022/10/28, 23:21:09.127, 1921455221836, vstest.console.dll, CurrentDomainAssemblyResolve: Failed to resolve assembly 'Microsoft.Bcl.AsyncInterfaces'.
TpTrace Warning: 0 : 21392, 1, 2022/10/28, 23:21:09.127, 1921455228808, vstest.console.dll, TestPluginDiscoverer: Failed to get types from assembly 'Microsoft.Diagnostics.NETCore.Client, Version=0.2.5.801, Culture=neutral, PublicKeyToken=31bf3856ad364e35'. Error: System.Reflection.ReflectionTypeLoadException: Unable to load one or more of the requested types.
Could not load file or assembly 'Microsoft.Bcl.AsyncInterfaces, Version=1.0.0.0, Culture=neutral, PublicKeyToken=cc7b13ffcd2ddd51'. The system cannot find the file specified.
   at System.Reflection.RuntimeModule.GetTypes(RuntimeModule module)
   at System.Reflection.Assembly.GetTypes()
   at Microsoft.VisualStudio.TestPlatform.Common.ExtensionFramework.TestPluginDiscoverer.GetTestExtensionsFromAssembly[TPluginInfo,TExtension](Assembly assembly, Dictionary`2 pluginInfos, String filePath)
System.IO.FileNotFoundException: Could not load file or assembly 'Microsoft.Bcl.AsyncInterfaces, Version=1.0.0.0, Culture=neutral, PublicKeyToken=cc7b13ffcd2ddd51'. The system cannot find the file specified.
File name: 'Microsoft.Bcl.AsyncInterfaces, Version=1.0.0.0, Culture=neutral, PublicKeyToken=cc7b13ffcd2ddd51'
 ---> System.IO.FileNotFoundException: Could not load file or assembly 'Microsoft.Bcl.AsyncInterfaces, Culture=neutral, PublicKeyToken=null'. The system cannot find the file specified.
File name: 'Microsoft.Bcl.AsyncInterfaces, Culture=neutral, PublicKeyToken=null'
   at System.Reflection.RuntimeAssembly.InternalLoad(ObjectHandleOnStack assemblyName, ObjectHandleOnStack requestingAssembly, StackCrawlMarkHandle stackMark, Boolean throwOnFileNotFound, ObjectHandleOnStack assemblyLoadContext, ObjectHandleOnStack retAssembly)
   at System.Reflection.RuntimeAssembly.InternalLoad(AssemblyName assemblyName, RuntimeAssembly requestingAssembly, StackCrawlMark& stackMark, Boolean throwOnFileNotFound, AssemblyLoadContext assemblyLoadContext)
   at System.Reflection.Assembly.Load(AssemblyName assemblyRef)
   at Microsoft.VisualStudio.TestPlatform.Common.ExtensionFramework.TestPluginCache.CurrentDomainAssemblyResolve(Object sender, AssemblyResolveEventArgs args)
   at Microsoft.VisualStudio.TestPlatform.PlatformAbstractions.PlatformAssemblyResolver.AssemblyResolverEvent(Object sender, Object eventArgs)
   at System.Runtime.Loader.AssemblyLoadContext.GetFirstResolvedAssemblyFromResolvingEvent(AssemblyName assemblyName)
   at System.Runtime.Loader.AssemblyLoadContext.ResolveUsingEvent(AssemblyName assemblyName)
   at System.Runtime.Loader.AssemblyLoadContext.ResolveUsingResolvingEvent(IntPtr gchManagedAssemblyLoadContext, AssemblyName assemblyName)
TpTrace Warning: 0 : 21392, 1, 2022/10/28, 23:21:09.128, 1921455233718, vstest.console.dll, LoaderExceptions: System.IO.FileNotFoundException: Could not load file or assembly 'Microsoft.Bcl.AsyncInterfaces, Version=1.0.0.0, Culture=neutral, PublicKeyToken=cc7b13ffcd2ddd51'. The system cannot find the file specified.
File name: 'Microsoft.Bcl.AsyncInterfaces, Version=1.0.0.0, Culture=neutral, PublicKeyToken=cc7b13ffcd2ddd51'
 ---> System.IO.FileNotFoundException: Could not load file or assembly 'Microsoft.Bcl.AsyncInterfaces, Culture=neutral, PublicKeyToken=null'. The system cannot find the file specified.
File name: 'Microsoft.Bcl.AsyncInterfaces, Culture=neutral, PublicKeyToken=null'
   at System.Reflection.RuntimeAssembly.InternalLoad(ObjectHandleOnStack assemblyName, ObjectHandleOnStack requestingAssembly, StackCrawlMarkHandle stackMark, Boolean throwOnFileNotFound, ObjectHandleOnStack assemblyLoadContext, ObjectHandleOnStack retAssembly)
   at System.Reflection.RuntimeAssembly.InternalLoad(AssemblyName assemblyName, RuntimeAssembly requestingAssembly, StackCrawlMark& stackMark, Boolean throwOnFileNotFound, AssemblyLoadContext assemblyLoadContext)
   at System.Reflection.Assembly.Load(AssemblyName assemblyRef)
   at Microsoft.VisualStudio.TestPlatform.Common.ExtensionFramework.TestPluginCache.CurrentDomainAssemblyResolve(Object sender, AssemblyResolveEventArgs args)
   at Microsoft.VisualStudio.TestPlatform.PlatformAbstractions.PlatformAssemblyResolver.AssemblyResolverEvent(Object sender, Object eventArgs)
   at System.Runtime.Loader.AssemblyLoadContext.GetFirstResolvedAssemblyFromResolvingEvent(AssemblyName assemblyName)
   at System.Runtime.Loader.AssemblyLoadContext.ResolveUsingEvent(AssemblyName assemblyName)
   at System.Runtime.Loader.AssemblyLoadContext.ResolveUsingResolvingEvent(IntPtr gchManagedAssemblyLoadContext, AssemblyName assemblyName)
TpTrace Verbose: 0 : 21392, 1, 2022/10/28, 23:21:09.128, 1921455235578, vstest.console.dll, MetadataReaderExtensionsHelper: Discovering extensions inside assembly 'Microsoft.TestPlatform.Extensions.BlameDataCollector, Version=15.0.0.0, Culture=neutral, PublicKeyToken=b03f5f7f11d50a3a' file path 'C:\Program Files\dotnet\sdk\6.0.302\Extensions\Microsoft.TestPlatform.Extensions.BlameDataCollector.dll'
TpTrace Information: 0 : 21392, 1, 2022/10/28, 23:21:09.129, 1921455245747, vstest.console.dll, GetTestExtensionFromType: Register extension with identifier data 'logger://Microsoft/TestPlatform/Extensions/Blame/v1' and type 'Microsoft.TestPlatform.Extensions.BlameDataCollector.BlameLogger, Microsoft.TestPlatform.Extensions.BlameDataCollector, Version=15.0.0.0, Culture=neutral, PublicKeyToken=b03f5f7f11d50a3a' inside file 'C:\Program Files\dotnet\sdk\6.0.302\Extensions\Microsoft.TestPlatform.Extensions.BlameDataCollector.dll'
TpTrace Verbose: 0 : 21392, 1, 2022/10/28, 23:21:09.129, 1921455247382, vstest.console.dll, MetadataReaderExtensionsHelper: Discovering extensions inside assembly 'Microsoft.TestPlatform.Extensions.EventLogCollector, Version=15.0.0.0, Culture=neutral, PublicKeyToken=b03f5f7f11d50a3a' file path 'C:\Program Files\dotnet\sdk\6.0.302\Extensions\Microsoft.TestPlatform.Extensions.EventLogCollector.dll'
TpTrace Verbose: 0 : 21392, 1, 2022/10/28, 23:21:09.130, 1921455256190, vstest.console.dll, MetadataReaderExtensionsHelper: Discovering extensions inside assembly 'Microsoft.TestPlatform.TestHostRuntimeProvider, Version=15.0.0.0, Culture=neutral, PublicKeyToken=b03f5f7f11d50a3a' file path 'C:\Program Files\dotnet\sdk\6.0.302\Extensions\Microsoft.TestPlatform.TestHostRuntimeProvider.dll'
TpTrace Verbose: 0 : 21392, 1, 2022/10/28, 23:21:09.131, 1921455263646, vstest.console.dll, MetadataReaderExtensionsHelper: Discovering extensions inside assembly 'Microsoft.VisualStudio.TestPlatform.Extensions.Html.TestLogger, Version=15.0.0.0, Culture=neutral, PublicKeyToken=b03f5f7f11d50a3a' file path 'C:\Program Files\dotnet\sdk\6.0.302\Extensions\Microsoft.VisualStudio.TestPlatform.Extensions.Html.TestLogger.dll'
TpTrace Information: 0 : 21392, 1, 2022/10/28, 23:21:09.132, 1921455270542, vstest.console.dll, GetTestExtensionFromType: Register extension with identifier data 'logger://Microsoft/TestPlatform/HtmlLogger/v1' and type 'Microsoft.VisualStudio.TestPlatform.Extensions.HtmlLogger.HtmlLogger, Microsoft.VisualStudio.TestPlatform.Extensions.Html.TestLogger, Version=15.0.0.0, Culture=neutral, PublicKeyToken=b03f5f7f11d50a3a' inside file 'C:\Program Files\dotnet\sdk\6.0.302\Extensions\Microsoft.VisualStudio.TestPlatform.Extensions.Html.TestLogger.dll'
TpTrace Verbose: 0 : 21392, 1, 2022/10/28, 23:21:09.132, 1921455271690, vstest.console.dll, MetadataReaderExtensionsHelper: Discovering extensions inside assembly 'Microsoft.VisualStudio.TestPlatform.Extensions.Trx.TestLogger, Version=15.0.0.0, Culture=neutral, PublicKeyToken=b03f5f7f11d50a3a' file path 'C:\Program Files\dotnet\sdk\6.0.302\Extensions\Microsoft.VisualStudio.TestPlatform.Extensions.Trx.TestLogger.dll'
TpTrace Information: 0 : 21392, 1, 2022/10/28, 23:21:09.132, 1921455278344, vstest.console.dll, GetTestExtensionFromType: Register extension with identifier data 'logger://Microsoft/TestPlatform/TrxLogger/v1' and type 'Microsoft.VisualStudio.TestPlatform.Extensions.TrxLogger.TrxLogger, Microsoft.VisualStudio.TestPlatform.Extensions.Trx.TestLogger, Version=15.0.0.0, Culture=neutral, PublicKeyToken=b03f5f7f11d50a3a' inside file 'C:\Program Files\dotnet\sdk\6.0.302\Extensions\Microsoft.VisualStudio.TestPlatform.Extensions.Trx.TestLogger.dll'
TpTrace Verbose: 0 : 21392, 1, 2022/10/28, 23:21:09.133, 1921455279409, vstest.console.dll, TestPluginCache: Discovered the extensions using extension path ''.
TpTrace Verbose: 0 : 21392, 1, 2022/10/28, 23:21:09.133, 1921455279851, vstest.console.dll, TestPluginCache: Discoverers are ''.
TpTrace Verbose: 0 : 21392, 1, 2022/10/28, 23:21:09.133, 1921455280352, vstest.console.dll, TestPluginCache: Executors are ''.
TpTrace Verbose: 0 : 21392, 1, 2022/10/28, 23:21:09.133, 1921455280779, vstest.console.dll, TestPluginCache: Executors2 are ''.
TpTrace Verbose: 0 : 21392, 1, 2022/10/28, 23:21:09.133, 1921455281219, vstest.console.dll, TestPluginCache: Setting providers are ''.
TpTrace Verbose: 0 : 21392, 1, 2022/10/28, 23:21:09.133, 1921455282245, vstest.console.dll, TestPluginCache: Loggers are 'logger://Microsoft/TestPlatform/Extensions/Blame/v1,logger://Microsoft/TestPlatform/HtmlLogger/v1,logger://Microsoft/TestPlatform/TrxLogger/v1'.
TpTrace Verbose: 0 : 21392, 1, 2022/10/28, 23:21:09.133, 1921455282961, vstest.console.dll, TestPluginCache: TestHosts are 'HostProvider://DefaultTestHost,HostProvider://DotnetTestHost'.
TpTrace Verbose: 0 : 21392, 1, 2022/10/28, 23:21:09.133, 1921455283364, vstest.console.dll, TestPluginCache: DataCollectors are ''.
TpTrace Information: 0 : 21392, 1, 2022/10/28, 23:21:09.134, 1921455290797, vstest.console.dll, TestPluginManager.CreateTestExtension: Attempting to load test extension: Microsoft.TestPlatform.Extensions.BlameDataCollector.BlameLogger
TpTrace Information: 0 : 21392, 1, 2022/10/28, 23:21:09.139, 1921455345663, vstest.console.dll, TestPluginManager.CreateTestExtension: Attempting to load test extension: Microsoft.VisualStudio.TestPlatform.CrossPlatEngine.Hosting.DefaultTestHostManager
TpTrace Information: 0 : 21392, 1, 2022/10/28, 23:21:09.142, 1921455373598, vstest.console.dll, TestPluginManager.CreateTestExtension: Attempting to load test extension: Microsoft.VisualStudio.TestPlatform.CrossPlatEngine.Hosting.DotnetTestHostManager
TpTrace Verbose: 0 : 21392, 1, 2022/10/28, 23:21:09.143, 1921455383765, vstest.console.dll, TestEngine: Initializing Parallel Execution as MaxCpuCount is set to: 1
TpTrace Information: 0 : 21392, 1, 2022/10/28, 23:21:09.144, 1921455390218, vstest.console.dll, InferRunSettingsHelper.IsTestSettingsEnabled: Unable to navigate to RunSettings/MSTest. Current node: RunSettings
TpTrace Verbose: 0 : 21392, 1, 2022/10/28, 23:21:09.145, 1921455405495, vstest.console.dll, TestRequestSender is acting as server.
TpTrace Verbose: 0 : 21392, 1, 2022/10/28, 23:21:09.147, 1921455420129, vstest.console.dll, TestEngine.GetExecutionManager: Chosen execution manager 'Microsoft.VisualStudio.TestPlatform.CrossPlatEngine.Client.Parallel.ParallelProxyExecutionManager, Microsoft.TestPlatform.CrossPlatEngine, Version=15.0.0.0, Culture=neutral, PublicKeyToken=b03f5f7f11d50a3a' ParallelLevel '1' Shared host 'False'
TpTrace Verbose: 0 : 21392, 5, 2022/10/28, 23:21:09.150, 1921455456453, vstest.console.dll, DataCollectionRequestSender.InitializeCommunication : Initialize communication. 
TpTrace Information: 0 : 21392, 5, 2022/10/28, 23:21:09.158, 1921455533616, vstest.console.dll, Listening on Endpoint : 127.0.0.1:58385
TpTrace Verbose: 0 : 21392, 5, 2022/10/28, 23:21:09.166, 1921455614848, vstest.console.dll, DotnetDataCollectionLauncher: Full path of dotnet.exe is C:\Program Files\dotnet\dotnet.exe
TpTrace Verbose: 0 : 21392, 5, 2022/10/28, 23:21:09.166, 1921455617122, vstest.console.dll, DotnetDataCollectionLauncher: Adding  --runtimeconfig "C:\Program Files\dotnet\sdk\6.0.302\datacollector.runtimeconfig.json" in args
TpTrace Verbose: 0 : 21392, 5, 2022/10/28, 23:21:09.166, 1921455618165, vstest.console.dll, DotnetDataCollectionLauncher: Adding  --depsfile "C:\Program Files\dotnet\sdk\6.0.302\datacollector.deps.json" in args
TpTrace Information: 0 : 21392, 5, 2022/10/28, 23:21:09.178, 1921455738094, vstest.console.dll, ProxyDataCollectionManager.Initialize: Launched datacollector processId: 18120 port: 58385
TpTrace Information: 0 : 21392, 5, 2022/10/28, 23:21:09.179, 1921455740133, vstest.console.dll, ProxyDataCollectionManager.Initialize: waiting for connection with timeout: 90 seconds
TpTrace Verbose: 0 : 21392, 5, 2022/10/28, 23:21:09.179, 1921455741383, vstest.console.dll, DataCollectionRequestSender.WaitForRequestHandlerConnection : Waiting for connection with timeout: 90000
TpTrace Information: 0 : 21392, 8, 2022/10/28, 23:21:09.369, 1921457639392, vstest.console.dll, Using the buffer size of 16384 bytes
TpTrace Verbose: 0 : 21392, 5, 2022/10/28, 23:21:09.369, 1921457639643, vstest.console.dll, SocketCommunicationManager.WaitForClientConnection took: 189 ms, with 90000 ms timeout, and finished with True.
TpTrace Information: 0 : 21392, 8, 2022/10/28, 23:21:09.369, 1921457641235, vstest.console.dll, Accepted Client request and set the flag
TpTrace Verbose: 0 : 21392, 5, 2022/10/28, 23:21:09.369, 1921457642816, vstest.console.dll, ProxyDataCollectionManager.InvokeDataCollectionServiceAction: Starting.
TpTrace Information: 0 : 21392, 5, 2022/10/28, 23:21:09.369, 1921457644299, vstest.console.dll, ProxyDataCollectionManager.BeforeTestRunStart: Get environment variable and port for datacollector processId: 18120 port: 58385
TpTrace Verbose: 0 : 21392, 5, 2022/10/28, 23:21:09.369, 1921457645879, vstest.console.dll, DataCollectionRequestSender.SendBeforeTestRunStartAndGetResult: Send BeforeTestRunStart message with settingsXml <RunSettings><RunConfiguration><ResultsDirectory>C:\Users\Dell\OneDrive\Рабочий стол\Studying\.NET\Labs\Lab1\MyListTests\bin\Debug\net6.0\fine-code-coverage\coverage-tool-output</ResultsDirectory><TargetPlatform>X64</TargetPlatform><TargetFrameworkVersion>.NETCoreApp,Version=v6.0</TargetFrameworkVersion><DesignMode>False</DesignMode><CollectSourceInformation>False</CollectSourceInformation><TestAdaptersPaths>C:\Program Files\dotnet\sdk\6.0.302\Extensions</TestAdaptersPaths></RunConfiguration><LoggerRunSettings><Loggers><Logger friendlyName="blame" enabled="True" /><Logger friendlyName="Console" uri="logger://microsoft/TestPlatform/ConsoleLogger/v1" assemblyQualifiedName="Microsoft.VisualStudio.TestPlatform.CommandLine.Internal.ConsoleLogger, vstest.console, Version=15.0.0.0, Culture=neutral, PublicKeyToken=b03f5f7f11d50a3a" codeBase="C:\Program Files\dotnet\sdk\6.0.302\vstest.console.dll" enabled="True" /></Loggers></LoggerRunSettings><DataCollectionRunSettings><DataCollectors><DataCollector friendlyName="blame" enabled="True"><Configuration><ResultsDirectory>C:\Users\Dell\OneDrive\Рабочий стол\Studying\.NET\Labs\Lab1\MyListTests\bin\Debug\net6.0\fine-code-coverage\coverage-tool-output</ResultsDirectory></Configuration></DataCollector></DataCollectors></DataCollectionRunSettings></RunSettings> and sources System.Linq.Enumerable+Concat2Iterator`1[System.String]: 
TpTrace Verbose: 0 : 21392, 5, 2022/10/28, 23:21:09.512, 1921459077860, vstest.console.dll, DataCollectionRequestSender.SendBeforeTestRunStartAndGetResult: Received message: (DataCollection.SendMessage) -> {
  "FriendlyName": null,
  "Uri": null,
  "TestCaseId": "00000000-0000-0000-0000-000000000000",
  "Message": "Logging DataCollector Diagnostics in file: C:\\Users\\Dell\\OneDrive\\Рабочий стол\\Studying\\.NET\\Labs\\Lab1\\MyListTests\\bin\\Debug\\net6.0\\fine-code-coverage\\coverage-tool-output\\diagnostics.datacollector.22-10-28_23-21-09_16612_5.log",
  "Level": 0
}
TpTrace Verbose: 0 : 21392, 5, 2022/10/28, 23:21:09.643, 1921460382711, vstest.console.dll, DataCollectionRequestSender.SendBeforeTestRunStartAndGetResult: Received message: (DataCollection.BeforeTestRunStartResult) -> {
  "EnvironmentVariables": {},
  "DataCollectionEventsPort": 58388
}
TpTrace Information: 0 : 21392, 5, 2022/10/28, 23:21:09.653, 1921460482855, vstest.console.dll, ProxyDataCollectionManager.BeforeTestRunStart: SendBeforeTestRunStartAndGetResult successful, env variable from datacollector:   and testhost port: 58388
TpTrace Information: 0 : 21392, 5, 2022/10/28, 23:21:09.653, 1921460484108, vstest.console.dll, ProxyDataCollectionManager.InvokeDataCollectionServiceAction: Completed.
TpTrace Verbose: 0 : 21392, 1, 2022/10/28, 23:21:09.653, 1921460486050, vstest.console.dll, TestRunRequest.ExecuteAsync: Creating test run request.
TpTrace Verbose: 0 : 21392, 1, 2022/10/28, 23:21:09.654, 1921460489307, vstest.console.dll, TestRunRequest.ExecuteAsync: Starting.
TpTrace Information: 0 : 21392, 1, 2022/10/28, 23:21:09.654, 1921460493686, vstest.console.dll, TestRunRequest.ExecuteAsync: Starting run with settings:TestRunCriteria:
   KeepAlive=False,FrequencyOfRunStatsChangeEvent=10,RunStatsChangeEventTimeout=00:00:01.5000000,TestCaseFilter=,TestExecutorLauncher=
   Settingsxml=<RunSettings>
  <RunConfiguration>
    <ResultsDirectory>C:\Users\Dell\OneDrive\Рабочий стол\Studying\.NET\Labs\Lab1\MyListTests\bin\Debug\net6.0\fine-code-coverage\coverage-tool-output</ResultsDirectory>
    <TargetPlatform>X64</TargetPlatform>
    <TargetFrameworkVersion>.NETCoreApp,Version=v6.0</TargetFrameworkVersion>
    <DesignMode>False</DesignMode>
    <CollectSourceInformation>False</CollectSourceInformation>
  </RunConfiguration>
  <LoggerRunSettings>
    <Loggers>
      <Logger friendlyName="blame" enabled="True" />
      <Logger friendlyName="Console" uri="logger://microsoft/TestPlatform/ConsoleLogger/v1" assemblyQualifiedName="Microsoft.VisualStudio.TestPlatform.CommandLine.Internal.ConsoleLogger, vstest.console, Version=15.0.0.0, Culture=neutral, PublicKeyToken=b03f5f7f11d50a3a" codeBase="C:\Program Files\dotnet\sdk\6.0.302\vstest.console.dll" enabled="True" />
    </Loggers>
  </LoggerRunSettings>
  <DataCollectionRunSettings>
    <DataCollectors>
      <DataCollector friendlyName="blame" enabled="True">
        <Configuration>
          <ResultsDirectory>C:\Users\Dell\OneDrive\Рабочий стол\Studying\.NET\Labs\Lab1\MyListTests\bin\Debug\net6.0\fine-code-coverage\coverage-tool-output</ResultsDirectory>
        </Configuration>
      </DataCollector>
    </DataCollectors>
  </DataCollectionRunSettings>
</RunSettings>

TpTrace Verbose: 0 : 21392, 1, 2022/10/28, 23:21:09.654, 1921460494502, vstest.console.dll, TestRunRequest.ExecuteAsync: Wait for the first run request is over.
TpTrace Verbose: 0 : 21392, 1, 2022/10/28, 23:21:09.654, 1921460498683, vstest.console.dll, MulticastDelegateUtilities.SafeInvoke: TestRun.TestRunStart: Invoking callbacks was skipped because there are no subscribers.
TpTrace Verbose: 0 : 21392, 1, 2022/10/28, 23:21:09.655, 1921460501803, vstest.console.dll, ParallelProxyExecutionManager: Start execution. Total sources: 1
TpTrace Verbose: 0 : 21392, 4, 2022/10/28, 23:21:09.655, 1921460501706, vstest.console.dll, MulticastDelegateUtilities.SafeInvoke: InternalTestLoggerEvents.SendTestRunStart: Invoking callback 1/1 for Microsoft.VisualStudio.TestPlatform.CommandLine.Internal.ConsoleLogger.TestRunStartHandler, took 0 ms.
TpTrace Information: 0 : 21392, 1, 2022/10/28, 23:21:09.656, 1921460513616, vstest.console.dll, ProxyParallelExecutionManager: Triggering test run for next source: C:\Users\Dell\OneDrive\Рабочий стол\Studying\.NET\Labs\Lab1\MyListTests\bin\Debug\net6.0\fine-code-coverage\build-output\MyListTests.dll
TpTrace Verbose: 0 : 21392, 5, 2022/10/28, 23:21:09.656, 1921460516995, vstest.console.dll, ParallelProxyExecutionManager: Execution started. Started clients: 1
TpTrace Verbose: 0 : 21392, 1, 2022/10/28, 23:21:09.656, 1921460517579, vstest.console.dll, ProxyParallelExecutionManager: No sources available for execution.
TpTrace Information: 0 : 21392, 1, 2022/10/28, 23:21:09.657, 1921460519096, vstest.console.dll, TestRunRequest.ExecuteAsync: Started.
TpTrace Verbose: 0 : 21392, 1, 2022/10/28, 23:21:09.657, 1921460520459, vstest.console.dll, TestRunRequest.WaitForCompletion: Waiting with timeout -1.
TpTrace Verbose: 0 : 21392, 5, 2022/10/28, 23:21:09.657, 1921460522608, vstest.console.dll, TestRunRequest:SendTestRunMessage: Starting.
TpTrace Verbose: 0 : 21392, 5, 2022/10/28, 23:21:09.657, 1921460524618, vstest.console.dll, MulticastDelegateUtilities.SafeInvoke: TestRun.LogMessages: Invoking callback 1/1 for Microsoft.VisualStudio.TestPlatform.CommandLine.TestRunResultAggregator.TestRunMessageHandler, took 0 ms.
TpTrace Verbose: 0 : 21392, 4, 2022/10/28, 23:21:09.657, 1921460524618, vstest.console.dll, MulticastDelegateUtilities.SafeInvoke: InternalTestLoggerEvents.SendTestRunMessage: Invoking callback 1/1 for Microsoft.VisualStudio.TestPlatform.CommandLine.Internal.ConsoleLogger.TestMessageHandler, took 0 ms.
TpTrace Information: 0 : 21392, 5, 2022/10/28, 23:21:09.657, 1921460526409, vstest.console.dll, TestRunRequest:SendTestRunMessage: Completed.
TpTrace Verbose: 0 : 21392, 5, 2022/10/28, 23:21:09.658, 1921460530280, vstest.console.dll, ProxyExecutionManager: Test host is always Lazy initialize.
TpTrace Verbose: 0 : 21392, 5, 2022/10/28, 23:21:09.658, 1921460533072, vstest.console.dll, TestRequestSender.InitializeCommunication: initialize communication. 
TpTrace Information: 0 : 21392, 5, 2022/10/28, 23:21:09.659, 1921460539720, vstest.console.dll, SocketServer.Start: Listening on endpoint : 127.0.0.1:58389
TpTrace Verbose: 0 : 21392, 5, 2022/10/28, 23:21:09.660, 1921460549742, vstest.console.dll, DotnetTestHostmanager.GetTestHostProcessStartInfo: Platform environment 'X64' target architecture 'X64' framework '.NETCoreApp,Version=v6.0' OS 'Windows'
TpTrace Verbose: 0 : 21392, 5, 2022/10/28, 23:21:09.660, 1921460552701, vstest.console.dll, DotnetTestHostmanager: Adding  --runtimeconfig "C:\Users\Dell\OneDrive\Рабочий стол\Studying\.NET\Labs\Lab1\MyListTests\bin\Debug\net6.0\fine-code-coverage\build-output\MyListTests.runtimeconfig.json" in args
TpTrace Verbose: 0 : 21392, 5, 2022/10/28, 23:21:09.660, 1921460554102, vstest.console.dll, DotnetTestHostmanager: Adding  --depsfile "C:\Users\Dell\OneDrive\Рабочий стол\Studying\.NET\Labs\Lab1\MyListTests\bin\Debug\net6.0\fine-code-coverage\build-output\MyListTests.deps.json" in args
TpTrace Verbose: 0 : 21392, 5, 2022/10/28, 23:21:09.660, 1921460556501, vstest.console.dll, DotnetTestHostmanager.IsWinOnArm: Current PROCESSOR_ARCHITECTURE from environment variable 'AMD64'
TpTrace Verbose: 0 : 21392, 5, 2022/10/28, 23:21:09.660, 1921460557302, vstest.console.dll, DotnetTestHostmanager.IsWinOnArm: Is Windows on ARM 'False'
TpTrace Verbose: 0 : 21392, 5, 2022/10/28, 23:21:09.660, 1921460558545, vstest.console.dll, DotnetTestHostManager: testhost.exe found at path: C:\Users\Dell\OneDrive\Рабочий стол\Studying\.NET\Labs\Lab1\MyListTests\bin\Debug\net6.0\fine-code-coverage\build-output\testhost.exe
TpTrace Verbose: 0 : 21392, 5, 2022/10/28, 23:21:09.661, 1921460559868, vstest.console.dll, DotnetTestHostmanager: Full path of host exe is C:\Users\Dell\OneDrive\Рабочий стол\Studying\.NET\Labs\Lab1\MyListTests\bin\Debug\net6.0\fine-code-coverage\build-output\testhost.exe
TpTrace Verbose: 0 : 21392, 5, 2022/10/28, 23:21:09.661, 1921460561969, vstest.console.dll, DotnetTestHostmanager.LaunchTestHostAsync: Found 'VSTEST_WINAPPHOST_DOTNET_ROOT' in env variables, value 'C:\Program Files\dotnet', forwarding to 'DOTNET_ROOT'
TpTrace Verbose: 0 : 21392, 11, 2022/10/28, 23:21:09.662, 1921460572848, vstest.console.dll, DotnetTestHostManager: Starting process 'C:\Users\Dell\OneDrive\Рабочий стол\Studying\.NET\Labs\Lab1\MyListTests\bin\Debug\net6.0\fine-code-coverage\build-output\testhost.exe' with command line ' --runtimeconfig "C:\Users\Dell\OneDrive\Рабочий стол\Studying\.NET\Labs\Lab1\MyListTests\bin\Debug\net6.0\fine-code-coverage\build-output\MyListTests.runtimeconfig.json" --depsfile "C:\Users\Dell\OneDrive\Рабочий стол\Studying\.NET\Labs\Lab1\MyListTests\bin\Debug\net6.0\fine-code-coverage\build-output\MyListTests.deps.json" --port 58389 --endpoint 127.0.0.1:058389 --role client --parentprocessid 21392 --diag "C:\Users\Dell\OneDrive\Рабочий стол\Studying\.NET\Labs\Lab1\MyListTests\bin\Debug\net6.0\fine-code-coverage\coverage-tool-output\diagnostics.host.22-10-28_23-21-09_65970_5.log" --tracelevel 4 --datacollectionport 58388 --telemetryoptedin false'
TpTrace Verbose: 0 : 21392, 11, 2022/10/28, 23:21:09.674, 1921460692987, vstest.console.dll, MulticastDelegateUtilities.SafeInvoke: HostProviderEvents.OnHostLaunched: Invoking callback 1/2 for Microsoft.VisualStudio.TestPlatform.CrossPlatEngine.Client.ProxyExecutionManagerWithDataCollection.TestHostLaunchedHandler, took 1 ms.
TpTrace Verbose: 0 : 21392, 11, 2022/10/28, 23:21:09.674, 1921460694834, vstest.console.dll, Test Runtime launched
TpTrace Verbose: 0 : 21392, 11, 2022/10/28, 23:21:09.674, 1921460695777, vstest.console.dll, MulticastDelegateUtilities.SafeInvoke: HostProviderEvents.OnHostLaunched: Invoking callback 2/2 for Microsoft.VisualStudio.TestPlatform.CrossPlatEngine.Client.ProxyOperationManager.TestHostManagerHostLaunched, took 0 ms.
TpTrace Verbose: 0 : 21392, 5, 2022/10/28, 23:21:09.675, 1921460703523, vstest.console.dll, TestRequestSender.WaitForRequestHandlerConnection: waiting for connection with timeout: 90000.
TpTrace Verbose: 0 : 21392, 5, 2022/10/28, 23:21:09.872, 1921462672616, vstest.console.dll, TestRequestSender.WaitForRequestHandlerConnection: waiting took 196 ms, with timeout 90000 ms, and result 0, which is success.
TpTrace Verbose: 0 : 21392, 10, 2022/10/28, 23:21:09.873, 1921462679579, vstest.console.dll, MulticastDelegateUtilities.SafeInvoke: SocketServer: ClientConnected: Invoking callback 1/1 for Microsoft.VisualStudio.TestPlatform.CommunicationUtilities.TestRequestSender.<InitializeCommunication>b__23_0, took 0 ms.
TpTrace Verbose: 0 : 21392, 10, 2022/10/28, 23:21:09.873, 1921462681267, vstest.console.dll, SocketServer.OnClientConnected: Client connected for endPoint: 127.0.0.1:58389, starting MessageLoopAsync:
TpTrace Verbose: 0 : 21392, 10, 2022/10/28, 23:21:09.873, 1921462683781, vstest.console.dll, TcpClientExtensions.MessageLoopAsync: Polling on remoteEndPoint: 127.0.0.1:58390 localEndPoint: 127.0.0.1:58389
TpTrace Verbose: 0 : 21392, 5, 2022/10/28, 23:21:09.873, 1921462687326, vstest.console.dll, TestRequestSender.CheckVersionWithTestHost: Sending check version message: {"MessageType":"ProtocolVersion","Payload":6}
TpTrace Verbose: 0 : 21392, 10, 2022/10/28, 23:21:10.048, 1921464431201, vstest.console.dll, TcpClientExtensions.MessageLoopAsync: NotifyDataAvailable remoteEndPoint: 127.0.0.1:58390 localEndPoint: 127.0.0.1:58389
TpTrace Verbose: 0 : 21392, 10, 2022/10/28, 23:21:10.048, 1921464434222, vstest.console.dll, TestRequestSender.CheckVersionWithTestHost: onMessageReceived received message: (ProtocolVersion) -> 5
TpTrace Verbose: 0 : 21392, 10, 2022/10/28, 23:21:10.049, 1921464439961, vstest.console.dll, MulticastDelegateUtilities.SafeInvoke: LengthPrefixCommunicationChannel: MessageReceived: Invoking callback 1/1 for Microsoft.VisualStudio.TestPlatform.CommunicationUtilities.TestRequestSender+<>c__DisplayClass25_0.<CheckVersionWithTestHost>b__0, took 0 ms.
TpTrace Verbose: 0 : 21392, 10, 2022/10/28, 23:21:10.049, 1921464440944, vstest.console.dll, TcpClientExtensions.MessageLoopAsync: Polling on remoteEndPoint: 127.0.0.1:58390 localEndPoint: 127.0.0.1:58389
TpTrace Verbose: 0 : 21392, 5, 2022/10/28, 23:21:10.049, 1921464447361, vstest.console.dll, TestPluginCache.GetExtensionPaths: Filtered extension paths: 
TpTrace Verbose: 0 : 21392, 5, 2022/10/28, 23:21:10.049, 1921464448633, vstest.console.dll, TestPluginCache.GetExtensionPaths: Added default extension paths: C:\Program Files\dotnet\sdk\6.0.302\Extensions\DumpMinitool.exe
C:\Program Files\dotnet\sdk\6.0.302\Extensions\DumpMinitool.x86.exe
C:\Program Files\dotnet\sdk\6.0.302\Extensions\Microsoft.Diagnostics.NETCore.Client.dll
C:\Program Files\dotnet\sdk\6.0.302\Extensions\Microsoft.TestPlatform.Extensions.BlameDataCollector.dll
C:\Program Files\dotnet\sdk\6.0.302\Extensions\Microsoft.TestPlatform.Extensions.EventLogCollector.dll
C:\Program Files\dotnet\sdk\6.0.302\Extensions\Microsoft.TestPlatform.TestHostRuntimeProvider.dll
C:\Program Files\dotnet\sdk\6.0.302\Extensions\Microsoft.VisualStudio.TestPlatform.Extensions.Html.TestLogger.dll
C:\Program Files\dotnet\sdk\6.0.302\Extensions\Microsoft.VisualStudio.TestPlatform.Extensions.Trx.TestLogger.dll
TpTrace Verbose: 0 : 21392, 5, 2022/10/28, 23:21:10.050, 1921464449399, vstest.console.dll, TestPluginCache.GetExtensionPaths: Added unfilterableExtensionPaths: 
TpTrace Verbose: 0 : 21392, 5, 2022/10/28, 23:21:10.055, 1921464504663, vstest.console.dll, TestRequestSender.InitializeExecution: Sending initialize execution with message: {"Version":5,"MessageType":"TestExecution.Initialize","Payload":["C:\\Users\\Dell\\OneDrive\\Рабочий стол\\Studying\\.NET\\Labs\\Lab1\\MyListTests\\bin\\Debug\\net6.0\\fine-code-coverage\\build-output\\Microsoft.VisualStudio.TestPlatform.MSTest.TestAdapter.dll"]}
TpTrace Warning: 0 : 21392, 5, 2022/10/28, 23:21:10.056, 1921464510295, vstest.console.dll, InferRunSettingsHelper.MakeRunsettingsCompatible: Removing the following settings: TargetPlatform from RunSettings file. To use those settings please move to latest version of Microsoft.NET.Test.Sdk
TpTrace Verbose: 0 : 21392, 10, 2022/10/28, 23:21:10.065, 1921464607186, vstest.console.dll, TcpClientExtensions.MessageLoopAsync: NotifyDataAvailable remoteEndPoint: 127.0.0.1:58390 localEndPoint: 127.0.0.1:58389
TpTrace Verbose: 0 : 21392, 10, 2022/10/28, 23:21:10.066, 1921464609016, vstest.console.dll, TestRequestSender.OnExecutionMessageReceived: Received message: {"Version":5,"MessageType":"TestSession.Message","Payload":{"MessageLevel":0,"Message":"Logging TestHost Diagnostics in file: C:\\Users\\Dell\\OneDrive\\Рабочий стол\\Studying\\.NET\\Labs\\Lab1\\MyListTests\\bin\\Debug\\net6.0\\fine-code-coverage\\coverage-tool-output\\diagnostics.host.22-10-28_23-21-09_65970_5.log"}}
TpTrace Verbose: 0 : 21392, 10, 2022/10/28, 23:21:10.068, 1921464638775, vstest.console.dll, TestRunRequest:SendTestRunMessage: Starting.
TpTrace Verbose: 0 : 21392, 10, 2022/10/28, 23:21:10.069, 1921464640618, vstest.console.dll, MulticastDelegateUtilities.SafeInvoke: TestRun.LogMessages: Invoking callback 1/1 for Microsoft.VisualStudio.TestPlatform.CommandLine.TestRunResultAggregator.TestRunMessageHandler, took 0 ms.
TpTrace Information: 0 : 21392, 10, 2022/10/28, 23:21:10.069, 1921464641524, vstest.console.dll, TestRunRequest:SendTestRunMessage: Completed.
TpTrace Verbose: 0 : 21392, 5, 2022/10/28, 23:21:10.069, 1921464641079, vstest.console.dll, TestRequestSender.StartTestRun: Sending test run with message: {"Version":5,"MessageType":"TestExecution.StartWithSources","Payload":{"AdapterSourceMap":{"_none_":["C:\\Users\\Dell\\OneDrive\\Рабочий стол\\Studying\\.NET\\Labs\\Lab1\\MyListTests\\bin\\Debug\\net6.0\\fine-code-coverage\\build-output\\MyListTests.dll"]},"RunSettings":"<RunSettings>\r\n  <RunConfiguration>\r\n    <ResultsDirectory>C:\\Users\\Dell\\OneDrive\\Рабочий стол\\Studying\\.NET\\Labs\\Lab1\\MyListTests\\bin\\Debug\\net6.0\\fine-code-coverage\\coverage-tool-output</ResultsDirectory>\r\n    <TargetFrameworkVersion>.NETCoreApp,Version=v6.0</TargetFrameworkVersion>\r\n    <DesignMode>False</DesignMode>\r\n    <CollectSourceInformation>False</CollectSourceInformation>\r\n  </RunConfiguration>\r\n  <LoggerRunSettings>\r\n    <Loggers>\r\n      <Logger friendlyName=\"blame\" enabled=\"True\" />\r\n      <Logger friendlyName=\"Console\" uri=\"logger://microsoft/TestPlatform/ConsoleLogger/v1\" assemblyQualifiedName=\"Microsoft.VisualStudio.TestPlatform.CommandLine.Internal.ConsoleLogger, vstest.console, Version=15.0.0.0, Culture=neutral, PublicKeyToken=b03f5f7f11d50a3a\" codeBase=\"C:\\Program Files\\dotnet\\sdk\\6.0.302\\vstest.console.dll\" enabled=\"True\" />\r\n    </Loggers>\r\n  </LoggerRunSettings>\r\n  <DataCollectionRunSettings>\r\n    <DataCollectors>\r\n      <DataCollector friendlyName=\"blame\" enabled=\"True\">\r\n        <Configuration>\r\n          <ResultsDirectory>C:\\Users\\Dell\\OneDrive\\Рабочий стол\\Studying\\.NET\\Labs\\Lab1\\MyListTests\\bin\\Debug\\net6.0\\fine-code-coverage\\coverage-tool-output</ResultsDirectory>\r\n        </Configuration>\r\n      </DataCollector>\r\n    </DataCollectors>\r\n  </DataCollectionRunSettings>\r\n</RunSettings>","TestExecutionContext":{"FrequencyOfRunStatsChangeEvent":10,"RunStatsChangeEventTimeout":"00:00:01.5000000","InIsolation":false,"KeepAlive":false,"AreTestCaseLevelEventsRequired":false,"IsDebug":false,"TestCaseFilter":null,"FilterOptions":null},"Package":null}}
TpTrace Verbose: 0 : 21392, 10, 2022/10/28, 23:21:10.069, 1921464642608, vstest.console.dll, MulticastDelegateUtilities.SafeInvoke: LengthPrefixCommunicationChannel: MessageReceived: Invoking callback 1/1 for Microsoft.VisualStudio.TestPlatform.CommunicationUtilities.TestRequestSender+<>c__DisplayClass30_0.<StartTestRun>b__1, took 3 ms.
TpTrace Verbose: 0 : 21392, 10, 2022/10/28, 23:21:10.069, 1921464644682, vstest.console.dll, TcpClientExtensions.MessageLoopAsync: Polling on remoteEndPoint: 127.0.0.1:58390 localEndPoint: 127.0.0.1:58389
TpTrace Verbose: 0 : 21392, 4, 2022/10/28, 23:21:10.069, 1921464640860, vstest.console.dll, MulticastDelegateUtilities.SafeInvoke: InternalTestLoggerEvents.SendTestRunMessage: Invoking callback 1/1 for Microsoft.VisualStudio.TestPlatform.CommandLine.Internal.ConsoleLogger.TestMessageHandler, took 0 ms.
TpTrace Verbose: 0 : 21392, 10, 2022/10/28, 23:21:10.818, 1921472135173, vstest.console.dll, TcpClientExtensions.MessageLoopAsync: NotifyDataAvailable remoteEndPoint: 127.0.0.1:58390 localEndPoint: 127.0.0.1:58389
TpTrace Verbose: 0 : 21392, 10, 2022/10/28, 23:21:10.819, 1921472141973, vstest.console.dll, TestRequestSender.OnExecutionMessageReceived: Received message: {"Version":5,"MessageType":"TestExecution.Completed","Payload":{"TestRunCompleteArgs":{"TestRunStatistics":{"ExecutedTests":9,"Stats":{"Passed":9}},"IsCanceled":false,"IsAborted":false,"Error":null,"AttachmentSets":[],"ElapsedTimeInRunningTests":"00:00:00.4505980","Metrics":{}},"LastRunTests":{"NewTestResults":[{"TestCase":{"Id":"3da590a6-21ec-5e81-cb01-9e1c4bc977ca","FullyQualifiedName":"MyList.Tests.MyListTests.MyListTest","DisplayName":"MyListTest","ExecutorUri":"executor://MSTestAdapter/v2","Source":"C:\\Users\\Dell\\OneDrive\\Рабочий стол\\Studying\\.NET\\Labs\\Lab1\\MyListTests\\bin\\Debug\\net6.0\\fine-code-coverage\\build-output\\MyListTests.dll","CodeFilePath":null,"LineNumber":-1,"Properties":[{"Key":{"Id":"TestCase.ManagedType","Label":"ManagedType","Category":"","Description":"","Attributes":1,"ValueType":"System.String"},"Value":"MyList.Tests.MyListTests"},{"Key":{"Id":"TestCase.ManagedMethod","Label":"ManagedMethod","Category":"","Description":"","Attributes":1,"ValueType":"System.String"},"Value":"MyListTest"},{"Key":{"Id":"MSTestDiscoverer.TestClassName","Label":"ClassName","Category":"","Description":"","Attributes":1,"ValueType":"System.String"},"Value":"MyList.Tests.MyListTests"},{"Key":{"Id":"TestCase.Hierarchy","Label":"Hierarchy","Category":"","Description":"","Attributes":2,"ValueType":"System.String[]"},"Value":["MyList.Tests","MyListTests"]},{"Key":{"Id":"TestObject.Traits","Label":"Traits","Category":"","Description":"","Attributes":5,"ValueType":"System.Collections.Generic.KeyValuePair`2[[System.String],[System.String]][]"},"Value":[]}]},"Attachments":[],"Outcome":1,"ErrorMessage":null,"ErrorStackTrace":null,"DisplayName":"MyListTest","Messages":[],"ComputerName":null,"Duration":"00:00:00.0301866","StartTime":"2022-10-28T23:21:10.580621+03:00","EndTime":"2022-10-28T23:21:10.6360187+03:00","Properties":[{"Key":{"Id":"ExecutionId","Label":"ExecutionId","Category":"","Description":"","Attributes":1,"ValueType":"System.Guid"},"Value":"00000000-0000-0000-0000-000000000000"},{"Key":{"Id":"ParentExecId","Label":"ParentExecId","Category":"","Description":"","Attributes":1,"ValueType":"System.Guid"},"Value":"00000000-0000-0000-0000-000000000000"},{"Key":{"Id":"InnerResultsCount","Label":"InnerResultsCount","Category":"","Description":"","Attributes":1,"ValueType":"System.Int32"},"Value":0}]},{"TestCase":{"Id":"bf3084fc-66b1-5f3d-27cd-faa173223a7f","FullyQualifiedName":"MyList.Tests.MyListTests.MyListTest1","DisplayName":"MyListTest1","ExecutorUri":"executor://MSTestAdapter/v2","Source":"C:\\Users\\Dell\\OneDrive\\Рабочий стол\\Studying\\.NET\\Labs\\Lab1\\MyListTests\\bin\\Debug\\net6.0\\fine-code-coverage\\build-output\\MyListTests.dll","CodeFilePath":null,"LineNumber":-1,"Properties":[{"Key":{"Id":"TestCase.ManagedType","Label":"ManagedType","Category":"","Description":"","Attributes":1,"ValueType":"System.String"},"Value":"MyList.Tests.MyListTests"},{"Key":{"Id":"TestCase.ManagedMethod","Label":"ManagedMethod","Category":"","Description":"","Attributes":1,"ValueType":"System.String"},"Value":"MyListTest1"},{"Key":{"Id":"MSTestDiscoverer.TestClassName","Label":"ClassName","Category":"","Description":"","Attributes":1,"ValueType":"System.String"},"Value":"MyList.Tests.MyListTests"},{"Key":{"Id":"TestCase.Hierarchy","Label":"Hierarchy","Category":"","Description":"","Attributes":2,"ValueType":"System.String[]"},"Value":["MyList.Tests","MyListTests"]},{"Key":{"Id":"TestObject.Traits","Label":"Traits","Category":"","Description":"","Attributes":5,"ValueType":"System.Collections.Generic.KeyValuePair`2[[System.String],[System.String]][]"},"Value":[]}]},"Attachments":[],"Outcome":1,"ErrorMessage":null,"ErrorStackTrace":null,"DisplayName":"MyListTest1","Messages":[],"ComputerName":null,"Duration":"00:00:00.0278840","StartTime":"2022-10-28T23:21:10.6792603+03:00","EndTime":"2022-10-28T23:21:10.7076718+03:00","Properties":[{"Key":{"Id":"ExecutionId","Label":"ExecutionId","Category":"","Description":"","Attributes":1,"ValueType":"System.Guid"},"Value":"00000000-0000-0000-0000-000000000000"},{"Key":{"Id":"ParentExecId","Label":"ParentExecId","Category":"","Description":"","Attributes":1,"ValueType":"System.Guid"},"Value":"00000000-0000-0000-0000-000000000000"},{"Key":{"Id":"InnerResultsCount","Label":"InnerResultsCount","Category":"","Description":"","Attributes":1,"ValueType":"System.Int32"},"Value":0}]},{"TestCase":{"Id":"1560ee63-5a57-34b0-5cb8-b5defd434eda","FullyQualifiedName":"MyList.Tests.MyListTests.AddTest","DisplayName":"AddTest","ExecutorUri":"executor://MSTestAdapter/v2","Source":"C:\\Users\\Dell\\OneDrive\\Рабочий стол\\Studying\\.NET\\Labs\\Lab1\\MyListTests\\bin\\Debug\\net6.0\\fine-code-coverage\\build-output\\MyListTests.dll","CodeFilePath":null,"LineNumber":-1,"Properties":[{"Key":{"Id":"TestCase.ManagedType","Label":"ManagedType","Category":"","Description":"","Attributes":1,"ValueType":"System.String"},"Value":"MyList.Tests.MyListTests"},{"Key":{"Id":"TestCase.ManagedMethod","Label":"ManagedMethod","Category":"","Description":"","Attributes":1,"ValueType":"System.String"},"Value":"AddTest"},{"Key":{"Id":"MSTestDiscoverer.TestClassName","Label":"ClassName","Category":"","Description":"","Attributes":1,"ValueType":"System.String"},"Value":"MyList.Tests.MyListTests"},{"Key":{"Id":"TestCase.Hierarchy","Label":"Hierarchy","Category":"","Description":"","Attributes":2,"ValueType":"System.String[]"},"Value":["MyList.Tests","MyListTests"]},{"Key":{"Id":"TestObject.Traits","Label":"Traits","Category":"","Description":"","Attributes":5,"ValueType":"System.Collections.Generic.KeyValuePair`2[[System.String],[System.String]][]"},"Value":[]}]},"Attachments":[],"Outcome":1,"ErrorMessage":null,"ErrorStackTrace":null,"DisplayName":"AddTest","Messages":[],"ComputerName":null,"Duration":"00:00:00.0003212","StartTime":"2022-10-28T23:21:10.7126058+03:00","EndTime":"2022-10-28T23:21:10.71329+03:00","Properties":[{"Key":{"Id":"ExecutionId","Label":"ExecutionId","Category":"","Description":"","Attributes":1,"ValueType":"System.Guid"},"Value":"00000000-0000-0000-0000-000000000000"},{"Key":{"Id":"ParentExecId","Label":"ParentExecId","Category":"","Description":"","Attributes":1,"ValueType":"System.Guid"},"Value":"00000000-0000-0000-0000-000000000000"},{"Key":{"Id":"InnerResultsCount","Label":"InnerResultsCount","Category":"","Description":"","Attributes":1,"ValueType":"System.Int32"},"Value":0}]},{"TestCase":{"Id":"f83e5d44-c4ae-e143-c3d8-9ca26a517b0b","FullyQualifiedName":"MyList.Tests.MyListTests.AddRangeTest","DisplayName":"AddRangeTest","ExecutorUri":"executor://MSTestAdapter/v2","Source":"C:\\Users\\Dell\\OneDrive\\Рабочий стол\\Studying\\.NET\\Labs\\Lab1\\MyListTests\\bin\\Debug\\net6.0\\fine-code-coverage\\build-output\\MyListTests.dll","CodeFilePath":null,"LineNumber":-1,"Properties":[{"Key":{"Id":"TestCase.ManagedType","Label":"ManagedType","Category":"","Description":"","Attributes":1,"ValueType":"System.String"},"Value":"MyList.Tests.MyListTests"},{"Key":{"Id":"TestCase.ManagedMethod","Label":"ManagedMethod","Category":"","Description":"","Attributes":1,"ValueType":"System.String"},"Value":"AddRangeTest"},{"Key":{"Id":"MSTestDiscoverer.TestClassName","Label":"ClassName","Category":"","Description":"","Attributes":1,"ValueType":"System.String"},"Value":"MyList.Tests.MyListTests"},{"Key":{"Id":"TestCase.Hierarchy","Label":"Hierarchy","Category":"","Description":"","Attributes":2,"ValueType":"System.String[]"},"Value":["MyList.Tests","MyListTests"]},{"Key":{"Id":"TestObject.Traits","Label":"Traits","Category":"","Description":"","Attributes":5,"ValueType":"System.Collections.Generic.KeyValuePair`2[[System.String],[System.String]][]"},"Value":[]}]},"Attachments":[],"Outcome":1,"ErrorMessage":null,"ErrorStackTrace":null,"DisplayName":"AddRangeTest","Messages":[],"ComputerName":null,"Duration":"00:00:00.0005888","StartTime":"2022-10-28T23:21:10.7165487+03:00","EndTime":"2022-10-28T23:21:10.7174645+03:00","Properties":[{"Key":{"Id":"ExecutionId","Label":"ExecutionId","Category":"","Description":"","Attributes":1,"ValueType":"System.Guid"},"Value":"00000000-0000-0000-0000-000000000000"},{"Key":{"Id":"ParentExecId","Label":"ParentExecId","Category":"","Description":"","Attributes":1,"ValueType":"System.Guid"},"Value":"00000000-0000-0000-0000-000000000000"},{"Key":{"Id":"InnerResultsCount","Label":"InnerResultsCount","Category":"","Description":"","Attributes":1,"ValueType":"System.Int32"},"Value":0}]},{"TestCase":{"Id":"023c577d-8a36-f2ca-a3a1-40f74cdaf148","FullyQualifiedName":"MyList.Tests.MyListTests.ClearTest","DisplayName":"ClearTest","ExecutorUri":"executor://MSTestAdapter/v2","Source":"C:\\Users\\Dell\\OneDrive\\Рабочий стол\\Studying\\.NET\\Labs\\Lab1\\MyListTests\\bin\\Debug\\net6.0\\fine-code-coverage\\build-output\\MyListTests.dll","CodeFilePath":null,"LineNumber":-1,"Properties":[{"Key":{"Id":"TestCase.ManagedType","Label":"ManagedType","Category":"","Description":"","Attributes":1,"ValueType":"System.String"},"Value":"MyList.Tests.MyListTests"},{"Key":{"Id":"TestCase.ManagedMethod","Label":"ManagedMethod","Category":"","Description":"","Attributes":1,"ValueType":"System.String"},"Value":"ClearTest"},{"Key":{"Id":"MSTestDiscoverer.TestClassName","Label":"ClassName","Category":"","Description":"","Attributes":1,"ValueType":"System.String"},"Value":"MyList.Tests.MyListTests"},{"Key":{"Id":"TestCase.Hierarchy","Label":"Hierarchy","Category":"","Description":"","Attributes":2,"ValueType":"System.String[]"},"Value":["MyList.Tests","MyListTests"]},{"Key":{"Id":"TestObject.Traits","Label":"Traits","Category":"","Description":"","Attributes":5,"ValueType":"System.Collections.Generic.KeyValuePair`2[[System.String],[System.String]][]"},"Value":[]}]},"Attachments":[],"Outcome":1,"ErrorMessage":null,"ErrorStackTrace":null,"DisplayName":"ClearTest","Messages":[],"ComputerName":null,"Duration":"00:00:00.0010742","StartTime":"2022-10-28T23:21:10.7208424+03:00","EndTime":"2022-10-28T23:21:10.7222888+03:00","Properties":[{"Key":{"Id":"ExecutionId","Label":"ExecutionId","Category":"","Description":"","Attributes":1,"ValueType":"System.Guid"},"Value":"00000000-0000-0000-0000-000000000000"},{"Key":{"Id":"ParentExecId","Label":"ParentExecId","Category":"","Description":"","Attributes":1,"ValueType":"System.Guid"},"Value":"00000000-0000-0000-0000-000000000000"},{"Key":{"Id":"InnerResultsCount","Label":"InnerResultsCount","Category":"","Description":"","Attributes":1,"ValueType":"System.Int32"},"Value":0}]},{"TestCase":{"Id":"8cb4be5f-4a77-57fe-dd92-db1438d9b61c","FullyQualifiedName":"MyList.Tests.MyListTests.ContainsTest","DisplayName":"ContainsTest","ExecutorUri":"executor://MSTestAdapter/v2","Source":"C:\\Users\\Dell\\OneDrive\\Рабочий стол\\Studying\\.NET\\Labs\\Lab1\\MyListTests\\bin\\Debug\\net6.0\\fine-code-coverage\\build-output\\MyListTests.dll","CodeFilePath":null,"LineNumber":-1,"Properties":[{"Key":{"Id":"TestCase.ManagedType","Label":"ManagedType","Category":"","Description":"","Attributes":1,"ValueType":"System.String"},"Value":"MyList.Tests.MyListTests"},{"Key":{"Id":"TestCase.ManagedMethod","Label":"ManagedMethod","Category":"","Description":"","Attributes":1,"ValueType":"System.String"},"Value":"ContainsTest"},{"Key":{"Id":"MSTestDiscoverer.TestClassName","Label":"ClassName","Category":"","Description":"","Attributes":1,"ValueType":"System.String"},"Value":"MyList.Tests.MyListTests"},{"Key":{"Id":"TestCase.Hierarchy","Label":"Hierarchy","Category":"","Description":"","Attributes":2,"ValueType":"System.String[]"},"Value":["MyList.Tests","MyListTests"]},{"Key":{"Id":"TestObject.Traits","Label":"Traits","Category":"","Description":"","Attributes":5,"ValueType":"System.Collections.Generic.KeyValuePair`2[[System.String],[System.String]][]"},"Value":[]}]},"Attachments":[],"Outcome":1,"ErrorMessage":null,"ErrorStackTrace":null,"DisplayName":"ContainsTest","Messages":[],"ComputerName":null,"Duration":"00:00:00.0021258","StartTime":"2022-10-28T23:21:10.7265458+03:00","EndTime":"2022-10-28T23:21:10.7291303+03:00","Properties":[{"Key":{"Id":"ExecutionId","Label":"ExecutionId","Category":"","Description":"","Attributes":1,"ValueType":"System.Guid"},"Value":"00000000-0000-0000-0000-000000000000"},{"Key":{"Id":"ParentExecId","Label":"ParentExecId","Category":"","Description":"","Attributes":1,"ValueType":"System.Guid"},"Value":"00000000-0000-0000-0000-000000000000"},{"Key":{"Id":"InnerResultsCount","Label":"InnerResultsCount","Category":"","Description":"","Attributes":1,"ValueType":"System.Int32"},"Value":0}]},{"TestCase":{"Id":"536efaf4-6c46-2481-f9d0-7f4997864343","FullyQualifiedName":"MyList.Tests.MyListTests.IndexOfTest","DisplayName":"IndexOfTest","ExecutorUri":"executor://MSTestAdapter/v2","Source":"C:\\Users\\Dell\\OneDrive\\Рабочий стол\\Studying\\.NET\\Labs\\Lab1\\MyListTests\\bin\\Debug\\net6.0\\fine-code-coverage\\build-output\\MyListTests.dll","CodeFilePath":null,"LineNumber":-1,"Properties":[{"Key":{"Id":"TestCase.ManagedType","Label":"ManagedType","Category":"","Description":"","Attributes":1,"ValueType":"System.String"},"Value":"MyList.Tests.MyListTests"},{"Key":{"Id":"TestCase.ManagedMethod","Label":"ManagedMethod","Category":"","Description":"","Attributes":1,"ValueType":"System.String"},"Value":"IndexOfTest"},{"Key":{"Id":"MSTestDiscoverer.TestClassName","Label":"ClassName","Category":"","Description":"","Attributes":1,"ValueType":"System.String"},"Value":"MyList.Tests.MyListTests"},{"Key":{"Id":"TestCase.Hierarchy","Label":"Hierarchy","Category":"","Description":"","Attributes":2,"ValueType":"System.String[]"},"Value":["MyList.Tests","MyListTests"]},{"Key":{"Id":"TestObject.Traits","Label":"Traits","Category":"","Description":"","Attributes":5,"ValueType":"System.Collections.Generic.KeyValuePair`2[[System.String],[System.String]][]"},"Value":[]}]},"Attachments":[],"Outcome":1,"ErrorMessage":null,"ErrorStackTrace":null,"DisplayName":"IndexOfTest","Messages":[],"ComputerName":null,"Duration":"00:00:00.0006436","StartTime":"2022-10-28T23:21:10.7324673+03:00","EndTime":"2022-10-28T23:21:10.7334916+03:00","Properties":[{"Key":{"Id":"ExecutionId","Label":"ExecutionId","Category":"","Description":"","Attributes":1,"ValueType":"System.Guid"},"Value":"00000000-0000-0000-0000-000000000000"},{"Key":{"Id":"ParentExecId","Label":"ParentExecId","Category":"","Description":"","Attributes":1,"ValueType":"System.Guid"},"Value":"00000000-0000-0000-0000-000000000000"},{"Key":{"Id":"InnerResultsCount","Label":"InnerResultsCount","Category":"","Description":"","Attributes":1,"ValueType":"System.Int32"},"Value":0}]},{"TestCase":{"Id":"bb3e27e7-e521-fa57-85f7-6ccf68f94a9f","FullyQualifiedName":"MyList.Tests.MyListTests.InsertTest","DisplayName":"InsertTest","ExecutorUri":"executor://MSTestAdapter/v2","Source":"C:\\Users\\Dell\\OneDrive\\Рабочий стол\\Studying\\.NET\\Labs\\Lab1\\MyListTests\\bin\\Debug\\net6.0\\fine-code-coverage\\build-output\\MyListTests.dll","CodeFilePath":null,"LineNumber":-1,"Properties":[{"Key":{"Id":"TestCase.ManagedType","Label":"ManagedType","Category":"","Description":"","Attributes":1,"ValueType":"System.String"},"Value":"MyList.Tests.MyListTests"},{"Key":{"Id":"TestCase.ManagedMethod","Label":"ManagedMethod","Category":"","Description":"","Attributes":1,"ValueType":"System.String"},"Value":"InsertTest"},{"Key":{"Id":"MSTestDiscoverer.TestClassName","Label":"ClassName","Category":"","Description":"","Attributes":1,"ValueType":"System.String"},"Value":"MyList.Tests.MyListTests"},{"Key":{"Id":"TestCase.Hierarchy","Label":"Hierarchy","Category":"","Description":"","Attributes":2,"ValueType":"System.String[]"},"Value":["MyList.Tests","MyListTests"]},{"Key":{"Id":"TestObject.Traits","Label":"Traits","Category":"","Description":"","Attributes":5,"ValueType":"System.Collections.Generic.KeyValuePair`2[[System.String],[System.String]][]"},"Value":[]}]},"Attachments":[],"Outcome":1,"ErrorMessage":null,"ErrorStackTrace":null,"DisplayName":"InsertTest","Messages":[],"ComputerName":null,"Duration":"00:00:00.0012301","StartTime":"2022-10-28T23:21:10.7367959+03:00","EndTime":"2022-10-28T23:21:10.7384048+03:00","Properties":[{"Key":{"Id":"ExecutionId","Label":"ExecutionId","Category":"","Description":"","Attributes":1,"ValueType":"System.Guid"},"Value":"00000000-0000-0000-0000-000000000000"},{"Key":{"Id":"ParentExecId","Label":"ParentExecId","Category":"","Description":"","Attributes":1,"ValueType":"System.Guid"},"Value":"00000000-0000-0000-0000-000000000000"},{"Key":{"Id":"InnerResultsCount","Label":"InnerResultsCount","Category":"","Description":"","Attributes":1,"ValueType":"System.Int32"},"Value":0}]},{"TestCase":{"Id":"b44a6482-7e47-a61d-455f-1a8f84114e18","FullyQualifiedName":"MyList.Tests.MyListTests.RemoveTest","DisplayName":"RemoveTest","ExecutorUri":"executor://MSTestAdapter/v2","Source":"C:\\Users\\Dell\\OneDrive\\Рабочий стол\\Studying\\.NET\\Labs\\Lab1\\MyListTests\\bin\\Debug\\net6.0\\fine-code-coverage\\build-output\\MyListTests.dll","CodeFilePath":null,"LineNumber":-1,"Properties":[{"Key":{"Id":"TestCase.ManagedType","Label":"ManagedType","Category":"","Description":"","Attributes":1,"ValueType":"System.String"},"Value":"MyList.Tests.MyListTests"},{"Key":{"Id":"TestCase.ManagedMethod","Label":"ManagedMethod","Category":"","Description":"","Attributes":1,"ValueType":"System.String"},"Value":"RemoveTest"},{"Key":{"Id":"MSTestDiscoverer.TestClassName","Label":"ClassName","Category":"","Description":"","Attributes":1,"ValueType":"System.String"},"Value":"MyList.Tests.MyListTests"},{"Key":{"Id":"TestCase.Hierarchy","Label":"Hierarchy","Category":"","Description":"","Attributes":2,"ValueType":"System.String[]"},"Value":["MyList.Tests","MyListTests"]},{"Key":{"Id":"TestObject.Traits","Label":"Traits","Category":"","Description":"","Attributes":5,"ValueType":"System.Collections.Generic.KeyValuePair`2[[System.String],[System.String]][]"},"Value":[]}]},"Attachments":[],"Outcome":1,"ErrorMessage":null,"ErrorStackTrace":null,"DisplayName":"RemoveTest","Messages":[],"ComputerName":null,"Duration":"00:00:00.0016994","StartTime":"2022-10-28T23:21:10.7422798+03:00","EndTime":"2022-10-28T23:21:10.7446995+03:00","Properties":[{"Key":{"Id":"ExecutionId","Label":"ExecutionId","Category":"","Description":"","Attributes":1,"ValueType":"System.Guid"},"Value":"00000000-0000-0000-0000-000000000000"},{"Key":{"Id":"ParentExecId","Label":"ParentExecId","Category":"","Description":"","Attributes":1,"ValueType":"System.Guid"},"Value":"00000000-0000-0000-0000-000000000000"},{"Key":{"Id":"InnerResultsCount","Label":"InnerResultsCount","Category":"","Description":"","Attributes":1,"ValueType":"System.Int32"},"Value":0}]}],"TestRunStatistics":{"ExecutedTests":9,"Stats":{"Passed":9}},"ActiveTests":[]},"RunAttachments":[],"ExecutorUris":["executor://mstestadapter/v2"]}}
TpTrace Verbose: 0 : 21392, 10, 2022/10/28, 23:21:10.821, 1921472160208, vstest.console.dll, TestRequestSender.EndSession: Sending end session.
TpTrace Verbose: 0 : 21392, 10, 2022/10/28, 23:21:10.821, 1921472162658, vstest.console.dll, ProxyOperationManager.Close: waiting for test host to exit for 100 ms
TpTrace Warning: 0 : 21392, 11, 2022/10/28, 23:21:10.838, 1921472338184, vstest.console.dll, TestHostManagerCallbacks.ErrorReceivedCallback Test host standard error line: 
TpTrace Verbose: 0 : 21392, 11, 2022/10/28, 23:21:10.850, 1921472454271, vstest.console.dll, TestHostProvider.ExitCallBack: Host exited starting callback.
TpTrace Information: 0 : 21392, 11, 2022/10/28, 23:21:10.851, 1921472462523, vstest.console.dll, TestHostManagerCallbacks.ExitCallBack: Testhost processId: 4900 exited with exitcode: 0 error: ''
TpTrace Verbose: 0 : 21392, 11, 2022/10/28, 23:21:10.851, 1921472463658, vstest.console.dll, DotnetTestHostManager.OnHostExited: invoking OnHostExited callback
TpTrace Verbose: 0 : 21392, 11, 2022/10/28, 23:21:10.851, 1921472464595, vstest.console.dll, CrossPlatEngine.TestHostManagerHostExited: calling on client process exit callback.
TpTrace Information: 0 : 21392, 11, 2022/10/28, 23:21:10.851, 1921472465688, vstest.console.dll, TestRequestSender.OnClientProcessExit: Test host process exited. Standard error: 
TpTrace Information: 0 : 21392, 10, 2022/10/28, 23:21:10.851, 1921472466128, vstest.console.dll, SocketServer.Stop: Stop server endPoint: 127.0.0.1:58389
TpTrace Information: 0 : 21392, 10, 2022/10/28, 23:21:10.851, 1921472467591, vstest.console.dll, SocketServer.Stop: Cancellation requested. Stopping message loop.
TpTrace Information: 0 : 21392, 11, 2022/10/28, 23:21:10.851, 1921472466786, vstest.console.dll, SocketServer.Stop: Stop server endPoint: 127.0.0.1:58389
TpTrace Information: 0 : 21392, 11, 2022/10/28, 23:21:10.852, 1921472468942, vstest.console.dll, SocketServer.Stop: Cancellation requested. Stopping message loop.
TpTrace Information: 0 : 21392, 10, 2022/10/28, 23:21:10.852, 1921472469835, vstest.console.dll, Closing the connection
TpTrace Verbose: 0 : 21392, 11, 2022/10/28, 23:21:10.852, 1921472469845, vstest.console.dll, MulticastDelegateUtilities.SafeInvoke: HostProviderEvents.OnHostExited: Invoking callback 1/1 for Microsoft.VisualStudio.TestPlatform.CrossPlatEngine.Client.ProxyOperationManager.TestHostManagerHostExited, took 0 ms.
TpTrace Verbose: 0 : 21392, 10, 2022/10/28, 23:21:10.854, 1921472496322, vstest.console.dll, ProxyDataCollectionManager.InvokeDataCollectionServiceAction: Starting.
TpTrace Information: 0 : 21392, 10, 2022/10/28, 23:21:10.854, 1921472497793, vstest.console.dll, ProxyDataCollectionManager.AfterTestRunEnd: Get attachment set and invoked data collectors processId: 18120 port: 58385
TpTrace Verbose: 0 : 21392, 10, 2022/10/28, 23:21:10.855, 1921472498820, vstest.console.dll, DataCollectionRequestSender.SendAfterTestRunStartAndGetResult: Send AfterTestRunEnd message with isCancelled: False
TpTrace Verbose: 0 : 21392, 10, 2022/10/28, 23:21:10.868, 1921472629238, vstest.console.dll, DataCollectionRequestSender.SendAfterTestRunStartAndGetResult: Received message: (DataCollection.AfterTestRunEndResult) -> {
  "AttachmentSets": [],
  "InvokedDataCollectors": [
    {
      "Uri": "datacollector://Microsoft/TestPlatform/Extensions/Blame/v1",
      "FriendlyName": "Blame",
      "AssemblyQualifiedName": "Microsoft.TestPlatform.Extensions.BlameDataCollector.BlameCollector, Microsoft.TestPlatform.Extensions.BlameDataCollector, Version=15.0.0.0, Culture=neutral, PublicKeyToken=b03f5f7f11d50a3a",
      "FilePath": "C:\\Program Files\\dotnet\\sdk\\6.0.302\\Extensions\\Microsoft.TestPlatform.Extensions.BlameDataCollector.dll",
      "HasAttachmentProcessor": false
    }
  ],
  "Metrics": {}
}
TpTrace Warning: 0 : 21392, 7, 2022/10/28, 23:21:10.874, 1921472697222, vstest.console.dll, DataCollectionLauncher.ErrorReceivedCallback datacollector standard error line: 
TpTrace Information: 0 : 21392, 10, 2022/10/28, 23:21:10.879, 1921472742819, vstest.console.dll, ProxyDataCollectionManager.InvokeDataCollectionServiceAction: Completed.
TpTrace Information: 0 : 21392, 7, 2022/10/28, 23:21:10.888, 1921472837993, vstest.console.dll, DataCollectionLauncher.ExitCallBack: Data collector exited with exitcode: 0 error: ''
TpTrace Verbose: 0 : 21392, 10, 2022/10/28, 23:21:11.006, 1921474009040, vstest.console.dll, TestRunRequest:SendTestRunStatsChange: Starting.
TpTrace Verbose: 0 : 21392, 10, 2022/10/28, 23:21:11.006, 1921474012174, vstest.console.dll, MulticastDelegateUtilities.SafeInvoke: TestRun.RunStatsChanged: Invoking callbacks was skipped because there are no subscribers.
TpTrace Information: 0 : 21392, 10, 2022/10/28, 23:21:11.006, 1921474012839, vstest.console.dll, TestRunRequest:SendTestRunStatsChange: Completed.
TpTrace Verbose: 0 : 21392, 10, 2022/10/28, 23:21:11.006, 1921474016108, vstest.console.dll, ParallelProxyExecutionManager: HandlePartialRunComplete: Total completed clients = 1, Run complete = True, Run canceled: False.
TpTrace Verbose: 0 : 21392, 4, 2022/10/28, 23:21:11.011, 1921474059036, vstest.console.dll, MulticastDelegateUtilities.SafeInvoke: InternalTestLoggerEvents.SendTestResult: Invoking callback 1/1 for Microsoft.VisualStudio.TestPlatform.CommandLine.Internal.ConsoleLogger.TestResultHandler, took 4 ms.
TpTrace Verbose: 0 : 21392, 4, 2022/10/28, 23:21:11.011, 1921474060891, vstest.console.dll, MulticastDelegateUtilities.SafeInvoke: InternalTestLoggerEvents.SendTestResult: Invoking callback 1/1 for Microsoft.VisualStudio.TestPlatform.CommandLine.Internal.ConsoleLogger.TestResultHandler, took 0 ms.
TpTrace Verbose: 0 : 21392, 4, 2022/10/28, 23:21:11.011, 1921474062015, vstest.console.dll, MulticastDelegateUtilities.SafeInvoke: InternalTestLoggerEvents.SendTestResult: Invoking callback 1/1 for Microsoft.VisualStudio.TestPlatform.CommandLine.Internal.ConsoleLogger.TestResultHandler, took 0 ms.
TpTrace Verbose: 0 : 21392, 4, 2022/10/28, 23:21:11.011, 1921474062951, vstest.console.dll, MulticastDelegateUtilities.SafeInvoke: InternalTestLoggerEvents.SendTestResult: Invoking callback 1/1 for Microsoft.VisualStudio.TestPlatform.CommandLine.Internal.ConsoleLogger.TestResultHandler, took 0 ms.
TpTrace Verbose: 0 : 21392, 4, 2022/10/28, 23:21:11.011, 1921474063953, vstest.console.dll, MulticastDelegateUtilities.SafeInvoke: InternalTestLoggerEvents.SendTestResult: Invoking callback 1/1 for Microsoft.VisualStudio.TestPlatform.CommandLine.Internal.ConsoleLogger.TestResultHandler, took 0 ms.
TpTrace Verbose: 0 : 21392, 4, 2022/10/28, 23:21:11.011, 1921474064905, vstest.console.dll, MulticastDelegateUtilities.SafeInvoke: InternalTestLoggerEvents.SendTestResult: Invoking callback 1/1 for Microsoft.VisualStudio.TestPlatform.CommandLine.Internal.ConsoleLogger.TestResultHandler, took 0 ms.
TpTrace Verbose: 0 : 21392, 4, 2022/10/28, 23:21:11.011, 1921474066181, vstest.console.dll, MulticastDelegateUtilities.SafeInvoke: InternalTestLoggerEvents.SendTestResult: Invoking callback 1/1 for Microsoft.VisualStudio.TestPlatform.CommandLine.Internal.ConsoleLogger.TestResultHandler, took 0 ms.
TpTrace Verbose: 0 : 21392, 4, 2022/10/28, 23:21:11.011, 1921474067324, vstest.console.dll, MulticastDelegateUtilities.SafeInvoke: InternalTestLoggerEvents.SendTestResult: Invoking callback 1/1 for Microsoft.VisualStudio.TestPlatform.CommandLine.Internal.ConsoleLogger.TestResultHandler, took 0 ms.
TpTrace Verbose: 0 : 21392, 4, 2022/10/28, 23:21:11.011, 1921474068348, vstest.console.dll, MulticastDelegateUtilities.SafeInvoke: InternalTestLoggerEvents.SendTestResult: Invoking callback 1/1 for Microsoft.VisualStudio.TestPlatform.CommandLine.Internal.ConsoleLogger.TestResultHandler, took 0 ms.
TpTrace Verbose: 0 : 21392, 4, 2022/10/28, 23:21:11.020, 1921474149861, vstest.console.dll, MulticastDelegateUtilities.SafeInvoke: InternalTestLoggerEvents.SendTestRunComplete: Invoking callback 1/2 for Microsoft.TestPlatform.Extensions.BlameDataCollector.BlameLogger.TestRunCompleteHandler, took 0 ms.
TpTrace Verbose: 0 : 21392, 4, 2022/10/28, 23:21:11.027, 1921474222932, vstest.console.dll, MulticastDelegateUtilities.SafeInvoke: InternalTestLoggerEvents.SendTestRunComplete: Invoking callback 2/2 for Microsoft.VisualStudio.TestPlatform.CommandLine.Internal.ConsoleLogger.TestRunCompleteHandler, took 7 ms.
TpTrace Verbose: 0 : 21392, 10, 2022/10/28, 23:21:11.027, 1921474227544, vstest.console.dll, TestRunRequest:TestRunComplete: Starting. IsAborted:False IsCanceled:False.
TpTrace Verbose: 0 : 21392, 10, 2022/10/28, 23:21:11.029, 1921474239110, vstest.console.dll, TestLoggerManager.HandleTestRunComplete: Ignoring as the object is disposed.
TpTrace Verbose: 0 : 21392, 10, 2022/10/28, 23:21:11.029, 1921474242263, vstest.console.dll, MulticastDelegateUtilities.SafeInvoke: TestRun.TestRunComplete: Invoking callback 1/2 for Microsoft.VisualStudio.TestPlatform.CommandLine.TestRunResultAggregator.TestRunCompletionHandler, took 0 ms.
TpTrace Verbose: 0 : 21392, 10, 2022/10/28, 23:21:11.029, 1921474243212, vstest.console.dll, MulticastDelegateUtilities.SafeInvoke: TestRun.TestRunComplete: Invoking callback 2/2 for Microsoft.VisualStudio.TestPlatform.CommandLine.Processors.RunTestsArgumentExecutor+TestRunRequestEventsRegistrar.TestRunRequest_OnRunCompletion, took 0 ms.
TpTrace Information: 0 : 21392, 10, 2022/10/28, 23:21:11.029, 1921474244440, vstest.console.dll, TestRunRequest:TestRunComplete: Completed.
TpTrace Verbose: 0 : 21392, 1, 2022/10/28, 23:21:11.029, 1921474244609, vstest.console.dll, TestRunRequest.Dispose: Starting.
TpTrace Verbose: 0 : 21392, 10, 2022/10/28, 23:21:11.029, 1921474245234, vstest.console.dll, TestRequestSender.SetOperationComplete: Setting operation complete.
TpTrace Information: 0 : 21392, 1, 2022/10/28, 23:21:11.029, 1921474246053, vstest.console.dll, TestRunRequest.Dispose: Completed.
TpTrace Information: 0 : 21392, 10, 2022/10/28, 23:21:11.029, 1921474246613, vstest.console.dll, SocketServer.Stop: Stop server endPoint: 127.0.0.1:58389
TpTrace Information: 0 : 21392, 1, 2022/10/28, 23:21:11.029, 1921474247488, vstest.console.dll, TestRequestManager.RunTests: run tests completed.
TpTrace Information: 0 : 21392, 10, 2022/10/28, 23:21:11.029, 1921474247963, vstest.console.dll, SocketServer.Stop: Cancellation requested. Stopping message loop.
TpTrace Information: 0 : 21392, 1, 2022/10/28, 23:21:11.030, 1921474249415, vstest.console.dll, RunTestsArgumentProcessor:Execute: Test run is completed.
TpTrace Verbose: 0 : 21392, 10, 2022/10/28, 23:21:11.030, 1921474249542, vstest.console.dll, MulticastDelegateUtilities.SafeInvoke: LengthPrefixCommunicationChannel: MessageReceived: Invoking callback 1/1 for Microsoft.VisualStudio.TestPlatform.CommunicationUtilities.TestRequestSender+<>c__DisplayClass30_0.<StartTestRun>b__1, took 210 ms.
TpTrace Information: 0 : 21392, 10, 2022/10/28, 23:21:11.030, 1921474250838, vstest.console.dll, SocketServer.PrivateStop: Stopping server endPoint: 127.0.0.1:58389 error: 
TpTrace Verbose: 0 : 21392, 1, 2022/10/28, 23:21:11.030, 1921474251283, vstest.console.dll, Executor.Execute: Exiting with exit code of 0
